#
# A fatal error has been detected by the Java Runtime Environment:
#
#  EXCEPTION_ACCESS_VIOLATION (0xc0000005) at pc=0x00007ffd25c52896, pid=18412, tid=2588
#
# JRE version: Java(TM) SE Runtime Environment (15.0.2+7) (build 15.0.2+7-27)
# Java VM: Java HotSpot(TM) 64-Bit Server VM (15.0.2+7-27, mixed mode, sharing, tiered, compressed oops, g1 gc, windows-amd64)
# Problematic frame:
# C  [awt.dll+0xd2896]
#
# No core dump will be written. Minidumps are not enabled by default on client versions of Windows
#
# If you would like to submit a bug report, please visit:
#   https://bugreport.java.com/bugreport/crash.jsp
# The crash happened outside the Java Virtual Machine in native code.
# See problematic frame for where to report the bug.
#

---------------  S U M M A R Y ------------

Command Line: -Dfile.encoding=Cp1252 -XX:+ShowCodeDetailsInExceptionMessages Petadigitalfix.PetaDigital

Host: Intel(R) Core(TM) i5-8250U CPU @ 1.60GHz, 8 cores, 7G,  Windows 10 , 64 bit Build 19041 (10.0.19041.804)
Time: Mon Apr  5 05:21:27 2021 SE Asia Standard Time elapsed time: 1316.656366 seconds (0d 0h 21m 56s)

---------------  T H R E A D  ---------------

Current thread (0x0000023abdd30770):  JavaThread "AWT-EventQueue-0" [_thread_in_native, id=2588, stack(0x000000ee50b00000,0x000000ee50c00000)]

Stack: [0x000000ee50b00000,0x000000ee50c00000],  sp=0x000000ee50bfecc0,  free space=1019k
Native frames: (J=compiled Java code, j=interpreted, Vv=VM code, C=native code)
C  [awt.dll+0xd2896]

Java frames: (J=compiled Java code, j=interpreted, Vv=VM code)
j  sun.awt.Win32GraphicsDevice.initNativeScale(I)V+0 java.desktop@15.0.2
j  sun.awt.Win32GraphicsDevice.initScaleFactors()V+60 java.desktop@15.0.2
j  sun.awt.Win32GraphicsDevice.displayChanged()V+16 java.desktop@15.0.2
j  sun.awt.Win32GraphicsEnvironment.displayChanged()V+271 java.desktop@15.0.2
j  sun.awt.windows.WToolkit.lambda$displayChanged$4()V+15 java.desktop@15.0.2
j  sun.awt.windows.WToolkit$$Lambda$125+0x0000000800c1ce58.run()V+0 java.desktop@15.0.2
J 868 c1 java.awt.event.InvocationEvent.dispatch()V java.desktop@15.0.2 (69 bytes) @ 0x0000023aa5da721c [0x0000023aa5da7000+0x000000000000021c]
J 855 c1 java.awt.EventQueue.dispatchEventImpl(Ljava/awt/AWTEvent;Ljava/lang/Object;)V java.desktop@15.0.2 (136 bytes) @ 0x0000023aa5d9cc74 [0x0000023aa5d9b140+0x0000000000001b34]
J 854 c1 java.awt.EventQueue$4.run()Ljava/lang/Void; java.desktop@15.0.2 (60 bytes) @ 0x0000023aa5d9aa2c [0x0000023aa5d9a900+0x000000000000012c]
J 826 c1 java.awt.EventQueue.dispatchEvent(Ljava/awt/AWTEvent;)V java.desktop@15.0.2 (80 bytes) @ 0x0000023aa5d89d94 [0x0000023aa5d897e0+0x00000000000005b4]
J 856 c1 java.awt.EventDispatchThread.pumpOneEventForFilters(I)V java.desktop@15.0.2 (113 bytes) @ 0x0000023aa5d9f01c [0x0000023aa5d9e980+0x000000000000069c]
j  java.awt.EventDispatchThread.pumpEventsForFilter(ILjava/awt/Conditional;Ljava/awt/EventFilter;)V+35 java.desktop@15.0.2
j  java.awt.EventDispatchThread.pumpEventsForHierarchy(ILjava/awt/Conditional;Ljava/awt/Component;)V+11 java.desktop@15.0.2
j  java.awt.EventDispatchThread.pumpEvents(ILjava/awt/Conditional;)V+4 java.desktop@15.0.2
j  java.awt.EventDispatchThread.pumpEvents(Ljava/awt/Conditional;)V+3 java.desktop@15.0.2
j  java.awt.EventDispatchThread.run()V+9 java.desktop@15.0.2
v  ~StubRoutines::call_stub

siginfo: EXCEPTION_ACCESS_VIOLATION (0xc0000005), reading address 0x00003e74696e6964


Register to memory mapping:

RIP=0x00007ffd25c52896 awt.dll
RAX=0x000000ee50bfece8 is pointing into the stack for thread: 0x0000023abdd30770
RBX=0x00003e74696e693c is an unknown value
RCX=0x00003e74696e693c is an unknown value
RDX=0x0 is NULL
RSP=0x000000ee50bfecc0 is pointing into the stack for thread: 0x0000023abdd30770
RBP=0x000000ee50bfeda0 is pointing into the stack for thread: 0x0000023abdd30770
RSI=0x0000000000000001 is an unknown value
RDI=0x0 is NULL
R8 =0x0000000000000001 is an unknown value
R9 =0x00000000000000dd is an unknown value
R10=0x0000023aa56bf148 is at code_begin+1000 in an Interpreter codelet
method entry point (kind = native)  [0x0000023aa56bed60, 0x0000023aa56bf7e0]  2688 bytes
R11=0x0000000000000100 is an unknown value
R12=0x0 is NULL
R13={method} {0x0000023abc2018c0} 'initNativeScale' '(I)V' in 'sun/awt/Win32GraphicsDevice'
R14=0x000000ee50bfedc8 is pointing into the stack for thread: 0x0000023abdd30770
R15=0x0000023abdd30770 is a thread


Registers:
RAX=0x000000ee50bfece8, RBX=0x00003e74696e693c, RCX=0x00003e74696e693c, RDX=0x0000000000000000
RSP=0x000000ee50bfecc0, RBP=0x000000ee50bfeda0, RSI=0x0000000000000001, RDI=0x0000000000000000
R8 =0x0000000000000001, R9 =0x00000000000000dd, R10=0x0000023aa56bf148, R11=0x0000000000000100
R12=0x0000000000000000, R13=0x0000023abc2018b8, R14=0x000000ee50bfedc8, R15=0x0000023abdd30770
RIP=0x00007ffd25c52896, EFLAGS=0x0000000000010206

Top of Stack: (sp=0x000000ee50bfecc0)
0x000000ee50bfecc0:   0000023abc931aa0 00000000000003d8
0x000000ee50bfecd0:   0000023abdfdc040 0000000000000001
0x000000ee50bfece0:   0000023abdfdc040 00007ffd25c53bbe
0x000000ee50bfecf0:   00007ffdbf800000 0000023abc2018b8
0x000000ee50bfed00:   000000ee50bfee88 0000023aa56b9f00
0x000000ee50bfed10:   0000023aa56b9f00 0000023aa56bf177
0x000000ee50bfed20:   0000023abc2018b8 0000023abdd30770
0x000000ee50bfed30:   000000ee50bfee78 00007ffd123b2c29
0x000000ee50bfed40:   000000ee50bfee88 00007ffd123b2bc4
0x000000ee50bfed50:   0000023abc630288 000000ee50bfed58
0x000000ee50bfed60:   0000000000000000 000000ee50bfedc8
0x000000ee50bfed70:   0000023abc204410 0000000000000000
0x000000ee50bfed80:   00000000893272d0 0000023abc2018b8
0x000000ee50bfed90:   0000000000000000 000000ee50bfedc0
0x000000ee50bfeda0:   000000ee50bfee18 0000023aa56ba1aa
0x000000ee50bfedb0:   0000000000000000 0000023aa56bc218 

Instructions: (pc=0x00007ffd25c52896)
0x00007ffd25c52796:   8b c8 e8 33 5b f5 ff 48 8b 48 08 33 ff 48 85 c9
0x00007ffd25c527a6:   74 07 48 8b b9 08 0c 00 00 48 8b cb e8 99 5c f5
0x00007ffd25c527b6:   ff 90 48 8b c7 48 8b 5c 24 30 48 83 c4 20 5f c3
0x00007ffd25c527c6:   cc cc f3 0f 10 41 48 c3 cc cc f3 0f 10 41 4c c3
0x00007ffd25c527d6:   cc cc 48 89 5c 24 08 48 89 74 24 18 57 48 83 ec
0x00007ffd25c527e6:   20 48 8b f1 ba 02 00 01 00 48 8b 0d 02 66 06 00
0x00007ffd25c527f6:   e8 58 ec 00 00 48 8b d8 e8 4d 5b f5 ff 48 85 c0
0x00007ffd25c52806:   75 08 48 8b cb e8 20 5d f5 ff e8 3b 5b f5 ff 48
0x00007ffd25c52816:   8b d8 48 89 44 24 38 33 ff 39 78 0c 7e 27 41 b8
0x00007ffd25c52826:   01 00 00 00 8b d7 48 8b cb e8 9c 5a f5 ff 48 8b
0x00007ffd25c52836:   50 28 48 8b ce e8 08 f7 ff ff 85 c0 75 0d ff c7
0x00007ffd25c52846:   3b 7b 0c 7c d9 8b 3d ff 6a 06 00 48 8b cb e8 f7
0x00007ffd25c52856:   5b f5 ff 90 8b c7 48 8b 5c 24 30 48 8b 74 24 40
0x00007ffd25c52866:   48 83 c4 20 5f c3 48 8b 41 08 48 8b 80 18 0c 00
0x00007ffd25c52876:   00 c3 48 8b 41 08 48 05 00 04 00 00 c3 cc 48 8b
0x00007ffd25c52886:   c4 53 48 83 ec 20 48 8b d9 c7 40 08 00 00 80 bf
0x00007ffd25c52896:   48 8b 49 28 4c 8d 40 10 48 8d 50 08 c7 40 10 00
0x00007ffd25c528a6:   00 80 bf e8 b6 cc 00 00 f3 0f 10 54 24 30 0f 57
0x00007ffd25c528b6:   c0 0f 2f d0 76 25 f3 0f 10 4c 24 38 0f 2f c8 76
0x00007ffd25c528c6:   1a f3 0f 5e 15 e5 83 02 00 f3 0f 5e 0d dd 83 02
0x00007ffd25c528d6:   00 f3 0f 11 53 48 f3 0f 11 4b 4c 48 83 c4 20 5b
0x00007ffd25c528e6:   c3 cc 48 89 5c 24 10 48 89 74 24 18 57 41 54 41
0x00007ffd25c528f6:   56 48 83 ec 40 48 8b d9 48 8b 41 18 33 ff 48 85
0x00007ffd25c52906:   c0 75 18 b9 28 04 00 00 e8 ed 87 00 00 48 89 43
0x00007ffd25c52916:   18 c7 00 28 00 00 00 48 8b 43 18 66 89 78 0e 48
0x00007ffd25c52926:   8b 4b 28 e8 2a 03 00 00 48 8b f0 41 bc 01 00 00
0x00007ffd25c52936:   00 45 8b c4 41 8b d4 48 8b c8 ff 15 9a 2b 06 00
0x00007ffd25c52946:   4c 8b f0 89 7c 24 30 48 8b 4b 18 48 89 4c 24 28
0x00007ffd25c52956:   48 89 7c 24 20 45 8b cc 45 33 c0 48 8b d0 48 8b
0x00007ffd25c52966:   ce ff 15 5b 2c 06 00 48 8b 0b 48 8b 53 30 45 8d
0x00007ffd25c52976:   44 24 07 44 39 41 04 0f 8e ca 01 00 00 44 84 62
0x00007ffd25c52986:   24 74 09 89 3d c5 69 06 00 48 8b 0b 48 8b 43 18 


Stack slot to memory mapping:
stack at sp + 0 slots: 0x0000023abc931aa0 points into unknown readable memory: 0x0000023abd898944 | 44 89 89 bd 3a 02 00 00
stack at sp + 1 slots: 0x00000000000003d8 is an unknown value
stack at sp + 2 slots: 0x0000023abdfdc040 points into unknown readable memory: 0x0000023abddc4b70 | 70 4b dc bd 3a 02 00 00
stack at sp + 3 slots: 0x0000000000000001 is an unknown value
stack at sp + 4 slots: 0x0000023abdfdc040 points into unknown readable memory: 0x0000023abddc4b70 | 70 4b dc bd 3a 02 00 00
stack at sp + 5 slots: 0x00007ffd25c53bbe awt.dll
stack at sp + 6 slots: 0x00007ffdbf800000 is an unknown value
stack at sp + 7 slots: {method} {0x0000023abc2018c0} 'initNativeScale' '(I)V' in 'sun/awt/Win32GraphicsDevice'


---------------  P R O C E S S  ---------------

Threads class SMR info:
_java_thread_list=0x0000023abdd11690, length=15, elements={
0x0000023abbf5e100, 0x0000023abbf5f380, 0x0000023abbf76ec0, 0x0000023abbf7bf40,
0x0000023abbf7cfa0, 0x0000023abbf84560, 0x0000023abbf856b0, 0x0000023abbf86790,
0x0000023abc9be170, 0x0000023abc9c1970, 0x0000023abcc01ad0, 0x0000023abcc04a60,
0x0000023abcbcd690, 0x0000023abdd30770, 0x0000023a9d46d970
}

Java Threads: ( => current thread )
  0x0000023abbf5e100 JavaThread "Reference Handler" daemon [_thread_blocked, id=11392, stack(0x000000ee4fa00000,0x000000ee4fb00000)]
  0x0000023abbf5f380 JavaThread "Finalizer" daemon [_thread_blocked, id=12944, stack(0x000000ee4fb00000,0x000000ee4fc00000)]
  0x0000023abbf76ec0 JavaThread "Signal Dispatcher" daemon [_thread_blocked, id=7316, stack(0x000000ee4fc00000,0x000000ee4fd00000)]
  0x0000023abbf7bf40 JavaThread "Attach Listener" daemon [_thread_blocked, id=13792, stack(0x000000ee4fd00000,0x000000ee4fe00000)]
  0x0000023abbf7cfa0 JavaThread "Service Thread" daemon [_thread_blocked, id=20280, stack(0x000000ee4fe00000,0x000000ee4ff00000)]
  0x0000023abbf84560 JavaThread "C2 CompilerThread0" daemon [_thread_blocked, id=8688, stack(0x000000ee4ff00000,0x000000ee50000000)]
  0x0000023abbf856b0 JavaThread "C1 CompilerThread0" daemon [_thread_blocked, id=5512, stack(0x000000ee50000000,0x000000ee50100000)]
  0x0000023abbf86790 JavaThread "Sweeper thread" daemon [_thread_blocked, id=10836, stack(0x000000ee50100000,0x000000ee50200000)]
  0x0000023abc9be170 JavaThread "Notification Thread" daemon [_thread_blocked, id=8168, stack(0x000000ee50200000,0x000000ee50300000)]
  0x0000023abc9c1970 JavaThread "Common-Cleaner" daemon [_thread_blocked, id=13816, stack(0x000000ee50400000,0x000000ee50500000)]
  0x0000023abcc01ad0 JavaThread "Java2D Disposer" daemon [_thread_blocked, id=2492, stack(0x000000ee50500000,0x000000ee50600000)]
  0x0000023abcc04a60 JavaThread "AWT-Shutdown" [_thread_blocked, id=13216, stack(0x000000ee50600000,0x000000ee50700000)]
  0x0000023abcbcd690 JavaThread "AWT-Windows" daemon [_thread_in_native, id=8620, stack(0x000000ee50700000,0x000000ee50800000)]
=>0x0000023abdd30770 JavaThread "AWT-EventQueue-0" [_thread_in_native, id=2588, stack(0x000000ee50b00000,0x000000ee50c00000)]
  0x0000023a9d46d970 JavaThread "DestroyJavaVM" [_thread_blocked, id=17920, stack(0x000000ee4f300000,0x000000ee4f400000)]

Other Threads:
  0x0000023abbf581a0 VMThread "VM Thread" [stack: 0x000000ee4f900000,0x000000ee4fa00000] [id=9820]
  0x0000023abc9c1660 WatcherThread [stack: 0x000000ee50300000,0x000000ee50400000] [id=8200]
  0x0000023a9d4afc40 GCTaskThread "GC Thread#0" [stack: 0x000000ee4f400000,0x000000ee4f500000] [id=3040]
  0x0000023a9d4c32a0 ConcurrentGCThread "G1 Main Marker" [stack: 0x000000ee4f500000,0x000000ee4f600000] [id=248]
  0x0000023a9d4c3da0 ConcurrentGCThread "G1 Conc#0" [stack: 0x000000ee4f600000,0x000000ee4f700000] [id=8692]
  0x0000023a9d54b070 ConcurrentGCThread "G1 Refine#0" [stack: 0x000000ee4f700000,0x000000ee4f800000] [id=2768]
  0x0000023a9d54ca30 ConcurrentGCThread "G1 Young RemSet Sampling" [stack: 0x000000ee4f800000,0x000000ee4f900000] [id=13160]

Threads with active compile tasks:

VM state: not at safepoint (normal execution)

VM Mutex/Monitor currently owned by a thread: None

Heap address: 0x0000000081600000, size: 2026 MB, Compressed Oops mode: 32-bit
CDS archive(s) mapped at: [0x0000000800000000-0x0000000800b50000-0x0000000800b50000), size 11862016, SharedBaseAddress: 0x0000000800000000, ArchiveRelocationMode: 0.
Compressed class space mapped at: 0x0000000800b50000-0x0000000840b50000, size: 1073741824
Narrow klass base: 0x0000000800000000, Narrow klass shift: 3, Narrow klass range: 0x100000000

GC Precious Log:
 CPUs: 8 total, 8 available
 Memory: 8102M
 Large Page Support: Disabled
 NUMA Support: Disabled
 Compressed Oops: Enabled (32-bit)
 Heap Region Size: 1M
 Heap Min Capacity: 8M
 Heap Initial Capacity: 128M
 Heap Max Capacity: 2026M
 Pre-touch: Disabled
 Parallel Workers: 8
 Concurrent Workers: 2
 Concurrent Refinement Workers: 8
 Periodic GC: Disabled

Heap:
 garbage-first heap   total 131072K, used 40960K [0x0000000081600000, 0x0000000100000000)
  region size 1024K, 18 young (18432K), 0 survivors (0K)
 Metaspace       used 7206K, capacity 7375K, committed 7552K, reserved 1056768K
  class space    used 757K, capacity 825K, committed 896K, reserved 1048576K

Heap Regions: E=young(eden), S=young(survivor), O=old, HS=humongous(starts), HC=humongous(continues), CS=collection set, F=free, OA=open archive, CA=closed archive, TAMS=top-at-mark-start (previous, next)
|   0|0x0000000081600000, 0x0000000081700000, 0x0000000081700000|100%|HS|  |TAMS 0x0000000081600000, 0x0000000081600000| Complete 
|   1|0x0000000081700000, 0x0000000081800000, 0x0000000081800000|100%|HC|  |TAMS 0x0000000081700000, 0x0000000081700000| Complete 
|   2|0x0000000081800000, 0x0000000081900000, 0x0000000081900000|100%|HS|  |TAMS 0x0000000081800000, 0x0000000081800000| Complete 
|   3|0x0000000081900000, 0x0000000081a00000, 0x0000000081a00000|100%|HC|  |TAMS 0x0000000081900000, 0x0000000081900000| Complete 
|   4|0x0000000081a00000, 0x0000000081b00000, 0x0000000081b00000|100%|HC|  |TAMS 0x0000000081a00000, 0x0000000081a00000| Complete 
|   5|0x0000000081b00000, 0x0000000081c00000, 0x0000000081c00000|100%|HS|  |TAMS 0x0000000081b00000, 0x0000000081b00000| Complete 
|   6|0x0000000081c00000, 0x0000000081d00000, 0x0000000081d00000|100%|HC|  |TAMS 0x0000000081c00000, 0x0000000081c00000| Complete 
|   7|0x0000000081d00000, 0x0000000081e00000, 0x0000000081e00000|100%|HC|  |TAMS 0x0000000081d00000, 0x0000000081d00000| Complete 
|   8|0x0000000081e00000, 0x0000000081f00000, 0x0000000081f00000|100%|HC|  |TAMS 0x0000000081e00000, 0x0000000081e00000| Complete 
|   9|0x0000000081f00000, 0x0000000082000000, 0x0000000082000000|100%|HS|  |TAMS 0x0000000081f00000, 0x0000000081f00000| Complete 
|  10|0x0000000082000000, 0x0000000082100000, 0x0000000082100000|100%|HC|  |TAMS 0x0000000082000000, 0x0000000082000000| Complete 
|  11|0x0000000082100000, 0x0000000082200000, 0x0000000082200000|100%|HC|  |TAMS 0x0000000082100000, 0x0000000082100000| Complete 
|  12|0x0000000082200000, 0x0000000082300000, 0x0000000082300000|100%|HS|  |TAMS 0x0000000082200000, 0x0000000082200000| Complete 
|  13|0x0000000082300000, 0x0000000082400000, 0x0000000082400000|100%|HC|  |TAMS 0x0000000082300000, 0x0000000082300000| Complete 
|  14|0x0000000082400000, 0x0000000082500000, 0x0000000082500000|100%|HC|  |TAMS 0x0000000082400000, 0x0000000082400000| Complete 
|  15|0x0000000082500000, 0x0000000082600000, 0x0000000082600000|100%|HS|  |TAMS 0x0000000082500000, 0x0000000082500000| Complete 
|  16|0x0000000082600000, 0x0000000082700000, 0x0000000082700000|100%|HC|  |TAMS 0x0000000082600000, 0x0000000082600000| Complete 
|  17|0x0000000082700000, 0x0000000082800000, 0x0000000082800000|100%|HC|  |TAMS 0x0000000082700000, 0x0000000082700000| Complete 
|  18|0x0000000082800000, 0x0000000082900000, 0x0000000082900000|100%|HC|  |TAMS 0x0000000082800000, 0x0000000082800000| Complete 
|  19|0x0000000082900000, 0x0000000082a00000, 0x0000000082a00000|100%|HC|  |TAMS 0x0000000082900000, 0x0000000082900000| Complete 
|  20|0x0000000082a00000, 0x0000000082b00000, 0x0000000082b00000|100%|HC|  |TAMS 0x0000000082a00000, 0x0000000082a00000| Complete 
|  21|0x0000000082b00000, 0x0000000082c00000, 0x0000000082c00000|100%|HC|  |TAMS 0x0000000082b00000, 0x0000000082b00000| Complete 
|  22|0x0000000082c00000, 0x0000000082d00000, 0x0000000082d00000|100%|HC|  |TAMS 0x0000000082c00000, 0x0000000082c00000| Complete 
|  23|0x0000000082d00000, 0x0000000082d00000, 0x0000000082e00000|  0%| F|  |TAMS 0x0000000082d00000, 0x0000000082d00000| Untracked 
|  24|0x0000000082e00000, 0x0000000082e00000, 0x0000000082f00000|  0%| F|  |TAMS 0x0000000082e00000, 0x0000000082e00000| Untracked 
|  25|0x0000000082f00000, 0x0000000082f00000, 0x0000000083000000|  0%| F|  |TAMS 0x0000000082f00000, 0x0000000082f00000| Untracked 
|  26|0x0000000083000000, 0x0000000083000000, 0x0000000083100000|  0%| F|  |TAMS 0x0000000083000000, 0x0000000083000000| Untracked 
|  27|0x0000000083100000, 0x0000000083100000, 0x0000000083200000|  0%| F|  |TAMS 0x0000000083100000, 0x0000000083100000| Untracked 
|  28|0x0000000083200000, 0x0000000083200000, 0x0000000083300000|  0%| F|  |TAMS 0x0000000083200000, 0x0000000083200000| Untracked 
|  29|0x0000000083300000, 0x0000000083300000, 0x0000000083400000|  0%| F|  |TAMS 0x0000000083300000, 0x0000000083300000| Untracked 
|  30|0x0000000083400000, 0x0000000083400000, 0x0000000083500000|  0%| F|  |TAMS 0x0000000083400000, 0x0000000083400000| Untracked 
|  31|0x0000000083500000, 0x0000000083500000, 0x0000000083600000|  0%| F|  |TAMS 0x0000000083500000, 0x0000000083500000| Untracked 
|  32|0x0000000083600000, 0x0000000083600000, 0x0000000083700000|  0%| F|  |TAMS 0x0000000083600000, 0x0000000083600000| Untracked 
|  33|0x0000000083700000, 0x0000000083700000, 0x0000000083800000|  0%| F|  |TAMS 0x0000000083700000, 0x0000000083700000| Untracked 
|  34|0x0000000083800000, 0x0000000083800000, 0x0000000083900000|  0%| F|  |TAMS 0x0000000083800000, 0x0000000083800000| Untracked 
|  35|0x0000000083900000, 0x0000000083900000, 0x0000000083a00000|  0%| F|  |TAMS 0x0000000083900000, 0x0000000083900000| Untracked 
|  36|0x0000000083a00000, 0x0000000083a00000, 0x0000000083b00000|  0%| F|  |TAMS 0x0000000083a00000, 0x0000000083a00000| Untracked 
|  37|0x0000000083b00000, 0x0000000083b00000, 0x0000000083c00000|  0%| F|  |TAMS 0x0000000083b00000, 0x0000000083b00000| Untracked 
|  38|0x0000000083c00000, 0x0000000083c00000, 0x0000000083d00000|  0%| F|  |TAMS 0x0000000083c00000, 0x0000000083c00000| Untracked 
|  39|0x0000000083d00000, 0x0000000083d00000, 0x0000000083e00000|  0%| F|  |TAMS 0x0000000083d00000, 0x0000000083d00000| Untracked 
|  40|0x0000000083e00000, 0x0000000083e00000, 0x0000000083f00000|  0%| F|  |TAMS 0x0000000083e00000, 0x0000000083e00000| Untracked 
|  41|0x0000000083f00000, 0x0000000083f00000, 0x0000000084000000|  0%| F|  |TAMS 0x0000000083f00000, 0x0000000083f00000| Untracked 
|  42|0x0000000084000000, 0x0000000084000000, 0x0000000084100000|  0%| F|  |TAMS 0x0000000084000000, 0x0000000084000000| Untracked 
|  43|0x0000000084100000, 0x0000000084100000, 0x0000000084200000|  0%| F|  |TAMS 0x0000000084100000, 0x0000000084100000| Untracked 
|  44|0x0000000084200000, 0x0000000084200000, 0x0000000084300000|  0%| F|  |TAMS 0x0000000084200000, 0x0000000084200000| Untracked 
|  45|0x0000000084300000, 0x0000000084300000, 0x0000000084400000|  0%| F|  |TAMS 0x0000000084300000, 0x0000000084300000| Untracked 
|  46|0x0000000084400000, 0x0000000084400000, 0x0000000084500000|  0%| F|  |TAMS 0x0000000084400000, 0x0000000084400000| Untracked 
|  47|0x0000000084500000, 0x0000000084500000, 0x0000000084600000|  0%| F|  |TAMS 0x0000000084500000, 0x0000000084500000| Untracked 
|  48|0x0000000084600000, 0x0000000084600000, 0x0000000084700000|  0%| F|  |TAMS 0x0000000084600000, 0x0000000084600000| Untracked 
|  49|0x0000000084700000, 0x0000000084700000, 0x0000000084800000|  0%| F|  |TAMS 0x0000000084700000, 0x0000000084700000| Untracked 
|  50|0x0000000084800000, 0x0000000084800000, 0x0000000084900000|  0%| F|  |TAMS 0x0000000084800000, 0x0000000084800000| Untracked 
|  51|0x0000000084900000, 0x0000000084900000, 0x0000000084a00000|  0%| F|  |TAMS 0x0000000084900000, 0x0000000084900000| Untracked 
|  52|0x0000000084a00000, 0x0000000084a00000, 0x0000000084b00000|  0%| F|  |TAMS 0x0000000084a00000, 0x0000000084a00000| Untracked 
|  53|0x0000000084b00000, 0x0000000084b00000, 0x0000000084c00000|  0%| F|  |TAMS 0x0000000084b00000, 0x0000000084b00000| Untracked 
|  54|0x0000000084c00000, 0x0000000084c00000, 0x0000000084d00000|  0%| F|  |TAMS 0x0000000084c00000, 0x0000000084c00000| Untracked 
|  55|0x0000000084d00000, 0x0000000084d00000, 0x0000000084e00000|  0%| F|  |TAMS 0x0000000084d00000, 0x0000000084d00000| Untracked 
|  56|0x0000000084e00000, 0x0000000084e00000, 0x0000000084f00000|  0%| F|  |TAMS 0x0000000084e00000, 0x0000000084e00000| Untracked 
|  57|0x0000000084f00000, 0x0000000084f00000, 0x0000000085000000|  0%| F|  |TAMS 0x0000000084f00000, 0x0000000084f00000| Untracked 
|  58|0x0000000085000000, 0x0000000085000000, 0x0000000085100000|  0%| F|  |TAMS 0x0000000085000000, 0x0000000085000000| Untracked 
|  59|0x0000000085100000, 0x0000000085100000, 0x0000000085200000|  0%| F|  |TAMS 0x0000000085100000, 0x0000000085100000| Untracked 
|  60|0x0000000085200000, 0x0000000085200000, 0x0000000085300000|  0%| F|  |TAMS 0x0000000085200000, 0x0000000085200000| Untracked 
|  61|0x0000000085300000, 0x0000000085300000, 0x0000000085400000|  0%| F|  |TAMS 0x0000000085300000, 0x0000000085300000| Untracked 
|  62|0x0000000085400000, 0x0000000085400000, 0x0000000085500000|  0%| F|  |TAMS 0x0000000085400000, 0x0000000085400000| Untracked 
|  63|0x0000000085500000, 0x0000000085500000, 0x0000000085600000|  0%| F|  |TAMS 0x0000000085500000, 0x0000000085500000| Untracked 
|  64|0x0000000085600000, 0x0000000085600000, 0x0000000085700000|  0%| F|  |TAMS 0x0000000085600000, 0x0000000085600000| Untracked 
|  65|0x0000000085700000, 0x0000000085700000, 0x0000000085800000|  0%| F|  |TAMS 0x0000000085700000, 0x0000000085700000| Untracked 
|  66|0x0000000085800000, 0x0000000085800000, 0x0000000085900000|  0%| F|  |TAMS 0x0000000085800000, 0x0000000085800000| Untracked 
|  67|0x0000000085900000, 0x0000000085900000, 0x0000000085a00000|  0%| F|  |TAMS 0x0000000085900000, 0x0000000085900000| Untracked 
|  68|0x0000000085a00000, 0x0000000085a00000, 0x0000000085b00000|  0%| F|  |TAMS 0x0000000085a00000, 0x0000000085a00000| Untracked 
|  69|0x0000000085b00000, 0x0000000085b00000, 0x0000000085c00000|  0%| F|  |TAMS 0x0000000085b00000, 0x0000000085b00000| Untracked 
|  70|0x0000000085c00000, 0x0000000085c00000, 0x0000000085d00000|  0%| F|  |TAMS 0x0000000085c00000, 0x0000000085c00000| Untracked 
|  71|0x0000000085d00000, 0x0000000085d00000, 0x0000000085e00000|  0%| F|  |TAMS 0x0000000085d00000, 0x0000000085d00000| Untracked 
|  72|0x0000000085e00000, 0x0000000085e00000, 0x0000000085f00000|  0%| F|  |TAMS 0x0000000085e00000, 0x0000000085e00000| Untracked 
|  73|0x0000000085f00000, 0x0000000085f00000, 0x0000000086000000|  0%| F|  |TAMS 0x0000000085f00000, 0x0000000085f00000| Untracked 
|  74|0x0000000086000000, 0x0000000086000000, 0x0000000086100000|  0%| F|  |TAMS 0x0000000086000000, 0x0000000086000000| Untracked 
|  75|0x0000000086100000, 0x0000000086100000, 0x0000000086200000|  0%| F|  |TAMS 0x0000000086100000, 0x0000000086100000| Untracked 
|  76|0x0000000086200000, 0x0000000086200000, 0x0000000086300000|  0%| F|  |TAMS 0x0000000086200000, 0x0000000086200000| Untracked 
|  77|0x0000000086300000, 0x0000000086300000, 0x0000000086400000|  0%| F|  |TAMS 0x0000000086300000, 0x0000000086300000| Untracked 
|  78|0x0000000086400000, 0x0000000086400000, 0x0000000086500000|  0%| F|  |TAMS 0x0000000086400000, 0x0000000086400000| Untracked 
|  79|0x0000000086500000, 0x0000000086500000, 0x0000000086600000|  0%| F|  |TAMS 0x0000000086500000, 0x0000000086500000| Untracked 
|  80|0x0000000086600000, 0x0000000086600000, 0x0000000086700000|  0%| F|  |TAMS 0x0000000086600000, 0x0000000086600000| Untracked 
|  81|0x0000000086700000, 0x0000000086700000, 0x0000000086800000|  0%| F|  |TAMS 0x0000000086700000, 0x0000000086700000| Untracked 
|  82|0x0000000086800000, 0x0000000086800000, 0x0000000086900000|  0%| F|  |TAMS 0x0000000086800000, 0x0000000086800000| Untracked 
|  83|0x0000000086900000, 0x0000000086900000, 0x0000000086a00000|  0%| F|  |TAMS 0x0000000086900000, 0x0000000086900000| Untracked 
|  84|0x0000000086a00000, 0x0000000086a00000, 0x0000000086b00000|  0%| F|  |TAMS 0x0000000086a00000, 0x0000000086a00000| Untracked 
|  85|0x0000000086b00000, 0x0000000086b00000, 0x0000000086c00000|  0%| F|  |TAMS 0x0000000086b00000, 0x0000000086b00000| Untracked 
|  86|0x0000000086c00000, 0x0000000086c00000, 0x0000000086d00000|  0%| F|  |TAMS 0x0000000086c00000, 0x0000000086c00000| Untracked 
|  87|0x0000000086d00000, 0x0000000086d00000, 0x0000000086e00000|  0%| F|  |TAMS 0x0000000086d00000, 0x0000000086d00000| Untracked 
|  88|0x0000000086e00000, 0x0000000086e00000, 0x0000000086f00000|  0%| F|  |TAMS 0x0000000086e00000, 0x0000000086e00000| Untracked 
|  89|0x0000000086f00000, 0x0000000086f00000, 0x0000000087000000|  0%| F|  |TAMS 0x0000000086f00000, 0x0000000086f00000| Untracked 
|  90|0x0000000087000000, 0x0000000087000000, 0x0000000087100000|  0%| F|  |TAMS 0x0000000087000000, 0x0000000087000000| Untracked 
|  91|0x0000000087100000, 0x0000000087100000, 0x0000000087200000|  0%| F|  |TAMS 0x0000000087100000, 0x0000000087100000| Untracked 
|  92|0x0000000087200000, 0x0000000087200000, 0x0000000087300000|  0%| F|  |TAMS 0x0000000087200000, 0x0000000087200000| Untracked 
|  93|0x0000000087300000, 0x0000000087300000, 0x0000000087400000|  0%| F|  |TAMS 0x0000000087300000, 0x0000000087300000| Untracked 
|  94|0x0000000087400000, 0x0000000087400000, 0x0000000087500000|  0%| F|  |TAMS 0x0000000087400000, 0x0000000087400000| Untracked 
|  95|0x0000000087500000, 0x0000000087500000, 0x0000000087600000|  0%| F|  |TAMS 0x0000000087500000, 0x0000000087500000| Untracked 
|  96|0x0000000087600000, 0x0000000087600000, 0x0000000087700000|  0%| F|  |TAMS 0x0000000087600000, 0x0000000087600000| Untracked 
|  97|0x0000000087700000, 0x0000000087700000, 0x0000000087800000|  0%| F|  |TAMS 0x0000000087700000, 0x0000000087700000| Untracked 
|  98|0x0000000087800000, 0x0000000087800000, 0x0000000087900000|  0%| F|  |TAMS 0x0000000087800000, 0x0000000087800000| Untracked 
|  99|0x0000000087900000, 0x0000000087900000, 0x0000000087a00000|  0%| F|  |TAMS 0x0000000087900000, 0x0000000087900000| Untracked 
| 100|0x0000000087a00000, 0x0000000087a00000, 0x0000000087b00000|  0%| F|  |TAMS 0x0000000087a00000, 0x0000000087a00000| Untracked 
| 101|0x0000000087b00000, 0x0000000087b00000, 0x0000000087c00000|  0%| F|  |TAMS 0x0000000087b00000, 0x0000000087b00000| Untracked 
| 102|0x0000000087c00000, 0x0000000087c00000, 0x0000000087d00000|  0%| F|  |TAMS 0x0000000087c00000, 0x0000000087c00000| Untracked 
| 103|0x0000000087d00000, 0x0000000087d00000, 0x0000000087e00000|  0%| F|  |TAMS 0x0000000087d00000, 0x0000000087d00000| Untracked 
| 104|0x0000000087e00000, 0x0000000087e00000, 0x0000000087f00000|  0%| F|  |TAMS 0x0000000087e00000, 0x0000000087e00000| Untracked 
| 105|0x0000000087f00000, 0x0000000087f00000, 0x0000000088000000|  0%| F|  |TAMS 0x0000000087f00000, 0x0000000087f00000| Untracked 
| 106|0x0000000088000000, 0x0000000088000000, 0x0000000088100000|  0%| F|  |TAMS 0x0000000088000000, 0x0000000088000000| Untracked 
| 107|0x0000000088100000, 0x0000000088100000, 0x0000000088200000|  0%| F|  |TAMS 0x0000000088100000, 0x0000000088100000| Untracked 
| 108|0x0000000088200000, 0x0000000088200000, 0x0000000088300000|  0%| F|  |TAMS 0x0000000088200000, 0x0000000088200000| Untracked 
| 109|0x0000000088300000, 0x0000000088300000, 0x0000000088400000|  0%| F|  |TAMS 0x0000000088300000, 0x0000000088300000| Untracked 
| 110|0x0000000088400000, 0x0000000088476450, 0x0000000088500000| 46%| E|  |TAMS 0x0000000088400000, 0x0000000088400000| Complete 
| 111|0x0000000088500000, 0x0000000088600000, 0x0000000088600000|100%| E|CS|TAMS 0x0000000088500000, 0x0000000088500000| Complete 
| 112|0x0000000088600000, 0x0000000088700000, 0x0000000088700000|100%| E|CS|TAMS 0x0000000088600000, 0x0000000088600000| Complete 
| 113|0x0000000088700000, 0x0000000088800000, 0x0000000088800000|100%| E|CS|TAMS 0x0000000088700000, 0x0000000088700000| Complete 
| 114|0x0000000088800000, 0x0000000088900000, 0x0000000088900000|100%| E|CS|TAMS 0x0000000088800000, 0x0000000088800000| Complete 
| 115|0x0000000088900000, 0x0000000088a00000, 0x0000000088a00000|100%| E|CS|TAMS 0x0000000088900000, 0x0000000088900000| Complete 
| 116|0x0000000088a00000, 0x0000000088b00000, 0x0000000088b00000|100%| E|CS|TAMS 0x0000000088a00000, 0x0000000088a00000| Complete 
| 117|0x0000000088b00000, 0x0000000088c00000, 0x0000000088c00000|100%| E|CS|TAMS 0x0000000088b00000, 0x0000000088b00000| Complete 
| 118|0x0000000088c00000, 0x0000000088d00000, 0x0000000088d00000|100%| E|CS|TAMS 0x0000000088c00000, 0x0000000088c00000| Complete 
| 119|0x0000000088d00000, 0x0000000088e00000, 0x0000000088e00000|100%| E|CS|TAMS 0x0000000088d00000, 0x0000000088d00000| Complete 
| 120|0x0000000088e00000, 0x0000000088f00000, 0x0000000088f00000|100%| E|CS|TAMS 0x0000000088e00000, 0x0000000088e00000| Complete 
| 121|0x0000000088f00000, 0x0000000089000000, 0x0000000089000000|100%| E|CS|TAMS 0x0000000088f00000, 0x0000000088f00000| Complete 
| 122|0x0000000089000000, 0x0000000089100000, 0x0000000089100000|100%| E|CS|TAMS 0x0000000089000000, 0x0000000089000000| Complete 
| 123|0x0000000089100000, 0x0000000089200000, 0x0000000089200000|100%| E|CS|TAMS 0x0000000089100000, 0x0000000089100000| Complete 
| 124|0x0000000089200000, 0x0000000089300000, 0x0000000089300000|100%| E|CS|TAMS 0x0000000089200000, 0x0000000089200000| Complete 
| 125|0x0000000089300000, 0x0000000089400000, 0x0000000089400000|100%| E|CS|TAMS 0x0000000089300000, 0x0000000089300000| Complete 
| 126|0x0000000089400000, 0x0000000089500000, 0x0000000089500000|100%| E|CS|TAMS 0x0000000089400000, 0x0000000089400000| Complete 
| 127|0x0000000089500000, 0x0000000089600000, 0x0000000089600000|100%| E|CS|TAMS 0x0000000089500000, 0x0000000089500000| Complete 

Card table byte_map: [0x0000023ab4de0000,0x0000023ab51e0000] _byte_map_base: 0x0000023ab49d5000

Marking Bits (Prev, Next): (CMBitMap*) 0x0000023a9d4b13d0, (CMBitMap*) 0x0000023a9d4b1410
 Prev Bits: [0x0000023ab55e0000, 0x0000023ab7588000)
 Next Bits: [0x0000023ab7590000, 0x0000023ab9538000)

Polling page: 0x0000023a9b610000

Metaspace:

Usage:
  Non-class:      6.40 MB capacity,     6.30 MB ( 98%) used,    90.27 KB (  1%) free+waste,    10.38 KB ( <1%) overhead. 
      Class:    825.00 KB capacity,   757.63 KB ( 92%) used,    63.05 KB (  8%) free+waste,     4.31 KB ( <1%) overhead. 
       Both:      7.20 MB capacity,     7.04 MB ( 98%) used,   153.33 KB (  2%) free+waste,    14.69 KB ( <1%) overhead. 

Virtual space:
  Non-class space:        8.00 MB reserved,       6.50 MB ( 81%) committed 
      Class space:        1.00 GB reserved,     896.00 KB ( <1%) committed 
             Both:        1.01 GB reserved,       7.38 MB ( <1%) committed 

Chunk freelists:
   Non-Class:  42.00 KB
       Class:  7.00 KB
        Both:  49.00 KB

MaxMetaspaceSize: 17179869184.00 GB
CompressedClassSpaceSize: 1.00 GB

CodeHeap 'non-profiled nmethods': size=120000Kb used=366Kb max_used=366Kb free=119633Kb
 bounds [0x0000023aad180000, 0x0000023aad3f0000, 0x0000023ab46b0000]
CodeHeap 'profiled nmethods': size=120000Kb used=1642Kb max_used=1642Kb free=118358Kb
 bounds [0x0000023aa5c50000, 0x0000023aa5ec0000, 0x0000023aad180000]
CodeHeap 'non-nmethods': size=5760Kb used=1251Kb max_used=1271Kb free=4508Kb
 bounds [0x0000023aa56b0000, 0x0000023aa5920000, 0x0000023aa5c50000]
 total_blobs=1464 nmethods=928 adapters=449
 compilation: enabled
              stopped_count=0, restarted_count=0
 full_count=0

Compilation events (20 events):
Event: 5.100 Thread 0x0000023abbf856b0  919       3       java.awt.Component::areInputMethodsEnabled (39 bytes)
Event: 5.100 Thread 0x0000023abbf856b0 nmethod 919 0x0000023aa5de5790 code [0x0000023aa5de5920, 0x0000023aa5de5b38]
Event: 5.100 Thread 0x0000023abbf856b0  920       3       java.awt.Window::eventEnabled (138 bytes)
Event: 5.100 Thread 0x0000023abbf856b0 nmethod 920 0x0000023aa5de5c10 code [0x0000023aa5de5dc0, 0x0000023aa5de6288]
Event: 5.100 Thread 0x0000023abbf856b0  921       3       sun.awt.windows.WComponentPeer::handleEvent (173 bytes)
Event: 5.101 Thread 0x0000023abbf856b0 nmethod 921 0x0000023aa5de6390 code [0x0000023aa5de6600, 0x0000023aa5de79c8]
Event: 942.979 Thread 0x0000023abbf856b0  923       3       java.util.HashMap$EntryIterator::next (5 bytes)
Event: 942.979 Thread 0x0000023abbf84560  925       4       java.util.HashMap::putVal (300 bytes)
Event: 942.979 Thread 0x0000023abbf856b0 nmethod 923 0x0000023aa5de7c90 code [0x0000023aa5de7e40, 0x0000023aa5de7fc8]
Event: 942.979 Thread 0x0000023abbf856b0  924       3       java.util.HashMap$EntryIterator::next (5 bytes)
Event: 942.979 Thread 0x0000023abbf856b0 nmethod 924 0x0000023aa5de8090 code [0x0000023aa5de8240, 0x0000023aa5de8368]
Event: 942.979 Thread 0x0000023abbf856b0  926       3       java.lang.StringLatin1::replace (198 bytes)
Event: 942.980 Thread 0x0000023abbf856b0 nmethod 926 0x0000023aa5de8410 code [0x0000023aa5de8680, 0x0000023aa5de93c8]
Event: 942.980 Thread 0x0000023abbf856b0  927       3       java.util.HashMap$KeyIterator::next (8 bytes)
Event: 942.981 Thread 0x0000023abbf856b0 nmethod 927 0x0000023aa5de9890 code [0x0000023aa5de9a40, 0x0000023aa5de9b68]
Event: 942.981 Thread 0x0000023abbf856b0  929       3       java.beans.PropertyChangeSupport::firePropertyChange (35 bytes)
Event: 942.981 Thread 0x0000023abbf856b0 nmethod 929 0x0000023aa5de9c10 code [0x0000023aa5de9e20, 0x0000023aa5dea5c8]
Event: 942.981 Thread 0x0000023abbf856b0  928       1       java.awt.Color::getRGB (5 bytes)
Event: 942.981 Thread 0x0000023abbf856b0 nmethod 928 0x0000023aad1da490 code [0x0000023aad1da620, 0x0000023aad1da6d8]
Event: 942.995 Thread 0x0000023abbf84560 nmethod 925 0x0000023aad1da790 code [0x0000023aad1da980, 0x0000023aad1db500]

GC Heap History (0 events):
No events

Deoptimization events (20 events):
Event: 0.954 Thread 0x0000023abccaac90 DEOPT PACKING pc=0x0000023aa5d2ae14 sp=0x000000ee509feb50
Event: 0.954 Thread 0x0000023abccaac90 DEOPT UNPACKING pc=0x0000023aa56fe23f sp=0x000000ee509fe040 mode 0
Event: 0.954 Thread 0x0000023abccaac90 DEOPT PACKING pc=0x0000023aa5d2ae14 sp=0x000000ee509feb50
Event: 0.954 Thread 0x0000023abccaac90 DEOPT UNPACKING pc=0x0000023aa56fe23f sp=0x000000ee509fe040 mode 0
Event: 0.954 Thread 0x0000023abccaac90 DEOPT PACKING pc=0x0000023aa5d2ae14 sp=0x000000ee509feb50
Event: 0.954 Thread 0x0000023abccaac90 DEOPT UNPACKING pc=0x0000023aa56fe23f sp=0x000000ee509fe040 mode 0
Event: 0.954 Thread 0x0000023abccaac90 DEOPT PACKING pc=0x0000023aa5d2ae14 sp=0x000000ee509feb50
Event: 0.954 Thread 0x0000023abccaac90 DEOPT UNPACKING pc=0x0000023aa56fe23f sp=0x000000ee509fe040 mode 0
Event: 1.038 Thread 0x0000023a9d46d970 Uncommon trap: trap_request=0xffffffe5 fr.pc=0x0000023aad19b0c0 relative=0x00000000000001a0
Event: 1.038 Thread 0x0000023a9d46d970 Uncommon trap: reason=range_check action=reinterpret pc=0x0000023aad19b0c0 method=java.lang.StringLatin1.indexOf([BII)I @ 13 c2
Event: 1.038 Thread 0x0000023a9d46d970 DEOPT PACKING pc=0x0000023aad19b0c0 sp=0x000000ee4f3fc870
Event: 1.038 Thread 0x0000023a9d46d970 DEOPT UNPACKING pc=0x0000023aa56fe42f sp=0x000000ee4f3fc7f0 mode 2
Event: 1.113 Thread 0x0000023a9d46d970 Uncommon trap: trap_request=0xffffff45 fr.pc=0x0000023aad1ca708 relative=0x00000000000004c8
Event: 1.113 Thread 0x0000023a9d46d970 Uncommon trap: reason=unstable_if action=reinterpret pc=0x0000023aad1ca708 method=java.lang.StringLatin1.replace([BCC)Ljava/lang/String; @ 19 c2
Event: 1.113 Thread 0x0000023a9d46d970 DEOPT PACKING pc=0x0000023aad1ca708 sp=0x000000ee4f3fe480
Event: 1.114 Thread 0x0000023a9d46d970 DEOPT UNPACKING pc=0x0000023aa56fe42f sp=0x000000ee4f3fe400 mode 2
Event: 5.032 Thread 0x0000023abdd30770 Uncommon trap: trap_request=0xffffff45 fr.pc=0x0000023aad1d476c relative=0x00000000000000cc
Event: 5.032 Thread 0x0000023abdd30770 Uncommon trap: reason=unstable_if action=reinterpret pc=0x0000023aad1d476c method=java.awt.Component.inside(II)Z @ 1 c2
Event: 5.032 Thread 0x0000023abdd30770 DEOPT PACKING pc=0x0000023aad1d476c sp=0x000000ee50bfe9c0
Event: 5.032 Thread 0x0000023abdd30770 DEOPT UNPACKING pc=0x0000023aa56fe42f sp=0x000000ee50bfe860 mode 2

Classes unloaded (0 events):
No events

Classes redefined (0 events):
No events

Internal exceptions (13 events):
Event: 0.110 Thread 0x0000023a9d46d970 Exception <a 'java/lang/NoSuchMethodError'{0x0000000089422718}: 'void java.lang.invoke.DirectMethodHandle$Holder.invokeSpecial(java.lang.Object, java.lang.Object, java.lang.Object)'> (0x0000000089422718) 
thrown [./open/src/hotspot/share/interpreter/linkResolver.cpp, line 782]
Event: 0.124 Thread 0x0000023a9d46d970 Exception <a 'java/lang/ClassNotFoundException'{0x0000000089442218}: sun/awt/resources/spi/awtProvider> (0x0000000089442218) 
thrown [./open/src/hotspot/share/classfile/systemDictionary.cpp, line 295]
Event: 0.157 Thread 0x0000023a9d46d970 Exception <a 'java/io/FileNotFoundException'{0x000000008949de78}> (0x000000008949de78) 
thrown [./open/src/hotspot/share/prims/jni.cpp, line 578]
Event: 0.166 Thread 0x0000023a9d46d970 Exception <a 'java/io/FileNotFoundException'{0x00000000894cc708}> (0x00000000894cc708) 
thrown [./open/src/hotspot/share/prims/jni.cpp, line 578]
Event: 0.167 Thread 0x0000023a9d46d970 Exception <a 'java/lang/NoSuchMethodError'{0x00000000894cd900}: 'java.lang.Object java.lang.invoke.DirectMethodHandle$Holder.invokeStatic(java.lang.Object)'> (0x00000000894cd900) 
thrown [./open/src/hotspot/share/interpreter/linkResolver.cpp, line 782]
Event: 0.219 Thread 0x0000023a9d46d970 Exception <a 'java/lang/NoSuchMethodError'{0x0000000089329a08}: 'java.lang.Object java.lang.invoke.DirectMethodHandle$Holder.invokeStaticInit(java.lang.Object)'> (0x0000000089329a08) 
thrown [./open/src/hotspot/share/interpreter/linkResolver.cpp, line 782]
Event: 0.274 Thread 0x0000023a9d46d970 Exception <a 'java/lang/NoSuchMethodError'{0x0000000089211da8}: 'java.lang.Object java.lang.invoke.DirectMethodHandle$Holder.newInvokeSpecial(java.lang.Object, java.lang.Object, java.lang.Object, java.lang.Object, java.lang.Object)'> (0x0000000089211da8) 
thrown [./open/src/hotspot/share/interpreter/linkResolver.cpp, line 782]
Event: 0.276 Thread 0x0000023a9d46d970 Exception <a 'java/lang/NoSuchMethodError'{0x000000008921d838}: 'java.lang.Object java.lang.invoke.DirectMethodHandle$Holder.invokeStatic(java.lang.Object, int, java.lang.Object, java.lang.Object, java.lang.Object, java.lang.Object)'> (0x000000008921d838) 
thrown [./open/src/hotspot/share/interpreter/linkResolver.cpp, line 782]
Event: 0.282 Thread 0x0000023a9d46d970 Exception <a 'java/lang/NoSuchMethodError'{0x0000000089243ae0}: 'java.lang.Object java.lang.invoke.DirectMethodHandle$Holder.invokeStatic(java.lang.Object, int, java.lang.Object)'> (0x0000000089243ae0) 
thrown [./open/src/hotspot/share/interpreter/linkResolver.cpp, line 782]
Event: 0.323 Thread 0x0000023a9d46d970 Exception <a 'java/lang/ClassNotFoundException'{0x00000000892fc130}: com/sun/swing/internal/plaf/metal/resources/spi/metalProvider> (0x00000000892fc130) 
thrown [./open/src/hotspot/share/classfile/systemDictionary.cpp, line 295]
Event: 0.325 Thread 0x0000023a9d46d970 Exception <a 'java/lang/ClassNotFoundException'{0x00000000891008d0}: com/sun/swing/internal/plaf/basic/resources/spi/basicProvider> (0x00000000891008d0) 
thrown [./open/src/hotspot/share/classfile/systemDictionary.cpp, line 295]
Event: 0.349 Thread 0x0000023abcc499d0 Exception <a 'java/lang/NoSuchMethodError'{0x0000000089182360}: 'java.lang.Object java.lang.invoke.DirectMethodHandle$Holder.newInvokeSpecial(java.lang.Object, java.lang.Object, java.lang.Object, int, int, int, int, int)'> (0x0000000089182360) 
thrown [./open/src/hotspot/share/interpreter/linkResolver.cpp, line 782]
Event: 1.002 Thread 0x0000023a9d46d970 Exception <a 'java/lang/NoSuchMethodError'{0x000000008914f3b0}: 'void java.lang.invoke.DirectMethodHandle$Holder.invokeStaticInit(java.lang.Object)'> (0x000000008914f3b0) 
thrown [./open/src/hotspot/share/interpreter/linkResolver.cpp, line 782]

Events (20 events):
Event: 1.214 loading class java/text/AttributedString$AttributedStringIterator done
Event: 1.220 loading class java/util/concurrent/locks/AbstractQueuedSynchronizer$ConditionNode
Event: 1.220 loading class java/util/concurrent/ForkJoinPool$ManagedBlocker
Event: 1.221 loading class java/util/concurrent/ForkJoinPool$ManagedBlocker done
Event: 1.221 loading class java/util/concurrent/locks/AbstractQueuedSynchronizer$ConditionNode done
Event: 2.002 Loaded shared library C:\Program Files\Java\jdk-15.0.2\bin\java.dll
Event: 2.127 Executing VM operation: HandshakeAllThreads
Event: 2.127 Executing VM operation: HandshakeAllThreads done
Event: 3.139 Executing VM operation: HandshakeAllThreads
Event: 3.139 Executing VM operation: HandshakeAllThreads done
Event: 5.147 Executing VM operation: HandshakeAllThreads
Event: 5.147 Executing VM operation: HandshakeAllThreads done
Event: 5.708 Thread 0x0000023abcc499d0 Thread exited: 0x0000023abcc499d0
Event: 5.960 Thread 0x0000023abccaac90 Thread exited: 0x0000023abccaac90
Event: 7.846 loading class java/awt/KeyboardFocusManager$2
Event: 7.846 loading class java/awt/KeyboardFocusManager$2 done
Event: 7.846 loading class sun/awt/SunToolkit$1
Event: 7.847 loading class sun/awt/SunToolkit$1 done
Event: 8.180 Executing VM operation: HandshakeAllThreads
Event: 8.180 Executing VM operation: HandshakeAllThreads done


Dynamic libraries:
0x00007ff7a4060000 - 0x00007ff7a406f000 	C:\Program Files\Java\jdk-15.0.2\bin\javaw.exe
0x00007ffd5a3f0000 - 0x00007ffd5a5e5000 	C:\WINDOWS\SYSTEM32\ntdll.dll
0x00007ffd59ad0000 - 0x00007ffd59b8d000 	C:\WINDOWS\System32\KERNEL32.DLL
0x00007ffd57b90000 - 0x00007ffd57e59000 	C:\WINDOWS\System32\KERNELBASE.dll
0x00007ffd582e0000 - 0x00007ffd583e0000 	C:\WINDOWS\System32\ucrtbase.dll
0x00007ffd43db0000 - 0x00007ffd43dc9000 	C:\Program Files\Java\jdk-15.0.2\bin\VCRUNTIME140.dll
0x00007ffd4c680000 - 0x00007ffd4c698000 	C:\Program Files\Java\jdk-15.0.2\bin\jli.dll
0x00007ffd59500000 - 0x00007ffd595ac000 	C:\WINDOWS\System32\ADVAPI32.dll
0x00007ffd59250000 - 0x00007ffd592ee000 	C:\WINDOWS\System32\msvcrt.dll
0x00007ffd59080000 - 0x00007ffd5911c000 	C:\WINDOWS\System32\sechost.dll
0x00007ffd58630000 - 0x00007ffd5875b000 	C:\WINDOWS\System32\RPCRT4.dll
0x00007ffd58da0000 - 0x00007ffd58f40000 	C:\WINDOWS\System32\USER32.dll
0x00007ffd583e0000 - 0x00007ffd58402000 	C:\WINDOWS\System32\win32u.dll
0x00007ffd440b0000 - 0x00007ffd4434a000 	C:\WINDOWS\WinSxS\amd64_microsoft.windows.common-controls_6595b64144ccf1df_6.0.19041.844_none_ca00b6081b84eb1d\COMCTL32.dll
0x00007ffd5a380000 - 0x00007ffd5a3aa000 	C:\WINDOWS\System32\GDI32.dll
0x00007ffd57e60000 - 0x00007ffd57f6b000 	C:\WINDOWS\System32\gdi32full.dll
0x00007ffd58410000 - 0x00007ffd584ad000 	C:\WINDOWS\System32\msvcp_win.dll
0x00007ffd4f110000 - 0x00007ffd4f11a000 	C:\WINDOWS\SYSTEM32\VERSION.dll
0x00007ffd59120000 - 0x00007ffd59150000 	C:\WINDOWS\System32\IMM32.DLL
0x00007ffd51b30000 - 0x00007ffd51b3c000 	C:\Program Files\Java\jdk-15.0.2\bin\vcruntime140_1.dll
0x00007ffd39800000 - 0x00007ffd39891000 	C:\Program Files\Java\jdk-15.0.2\bin\msvcp140.dll
0x00007ffd11dd0000 - 0x00007ffd1292e000 	C:\Program Files\Java\jdk-15.0.2\bin\server\jvm.dll
0x00007ffd59b90000 - 0x00007ffd59b98000 	C:\WINDOWS\System32\PSAPI.DLL
0x00007ffd4d3a0000 - 0x00007ffd4d3c7000 	C:\WINDOWS\SYSTEM32\WINMM.dll
0x00007ffd54530000 - 0x00007ffd54539000 	C:\WINDOWS\SYSTEM32\WSOCK32.dll
0x00007ffd59010000 - 0x00007ffd5907b000 	C:\WINDOWS\System32\WS2_32.dll
0x00007ffd56820000 - 0x00007ffd56832000 	C:\WINDOWS\SYSTEM32\kernel.appcore.dll
0x00007ffd47870000 - 0x00007ffd4787a000 	C:\Program Files\Java\jdk-15.0.2\bin\jimage.dll
0x00007ffd56180000 - 0x00007ffd56364000 	C:\WINDOWS\SYSTEM32\DBGHELP.DLL
0x00007ffd522e0000 - 0x00007ffd5230c000 	C:\WINDOWS\SYSTEM32\dbgcore.DLL
0x00007ffd58020000 - 0x00007ffd580a0000 	C:\WINDOWS\System32\bcryptPrimitives.dll
0x00007ffd29a50000 - 0x00007ffd29a75000 	C:\Program Files\Java\jdk-15.0.2\bin\java.dll
0x00007ffd59ba0000 - 0x00007ffd5a2e2000 	C:\WINDOWS\System32\SHELL32.dll
0x00007ffd55920000 - 0x00007ffd560b0000 	C:\WINDOWS\SYSTEM32\windows.storage.dll
0x00007ffd58760000 - 0x00007ffd58ab5000 	C:\WINDOWS\System32\combase.dll
0x00007ffd57530000 - 0x00007ffd5755c000 	C:\WINDOWS\SYSTEM32\Wldp.dll
0x00007ffd58f40000 - 0x00007ffd58fee000 	C:\WINDOWS\System32\SHCORE.dll
0x00007ffd594a0000 - 0x00007ffd594f5000 	C:\WINDOWS\System32\shlwapi.dll
0x00007ffd57ad0000 - 0x00007ffd57aef000 	C:\WINDOWS\SYSTEM32\profapi.dll
0x00007ffd25b80000 - 0x00007ffd25d00000 	C:\Program Files\Java\jdk-15.0.2\bin\awt.dll
0x00007ffd58ba0000 - 0x00007ffd58c6d000 	C:\WINDOWS\System32\OLEAUT32.dll
0x00007ffd54b40000 - 0x00007ffd54bd0000 	C:\WINDOWS\SYSTEM32\apphelp.dll
0x00007ffd55460000 - 0x00007ffd5548f000 	C:\WINDOWS\system32\DWMAPI.DLL
0x00007ffd54c10000 - 0x00007ffd54cae000 	C:\WINDOWS\system32\uxtheme.dll
0x00007ffd37e90000 - 0x00007ffd37fb6000 	C:\WINDOWS\system32\opengl32.dll
0x00007ffd4b920000 - 0x00007ffd4b94c000 	C:\WINDOWS\SYSTEM32\GLU32.dll
0x00007ffd584b0000 - 0x00007ffd585c5000 	C:\WINDOWS\System32\MSCTF.dll
0x00007ffd58c70000 - 0x00007ffd58d9a000 	C:\WINDOWS\System32\ole32.dll
0x00007ffd397d0000 - 0x00007ffd397fd000 	C:\Program Files\Java\jdk-15.0.2\bin\javajpeg.dll
0x00007ffd29aa0000 - 0x00007ffd29ab8000 	C:\Program Files\Java\jdk-15.0.2\bin\zip.dll
0x00007ffd29b10000 - 0x00007ffd29b95000 	C:\Program Files\Java\jdk-15.0.2\bin\freetype.dll
0x00007ffd27a60000 - 0x00007ffd27b09000 	C:\Program Files\Java\jdk-15.0.2\bin\fontmanager.dll
0x00007ffd4d280000 - 0x00007ffd4d37b000 	C:\WINDOWS\SYSTEM32\textinputframework.dll
0x00007ffd547b0000 - 0x00007ffd54b0e000 	C:\WINDOWS\System32\CoreUIComponents.dll
0x00007ffd545b0000 - 0x00007ffd546a2000 	C:\WINDOWS\System32\CoreMessaging.dll
0x00007ffd568b0000 - 0x00007ffd568e3000 	C:\WINDOWS\SYSTEM32\ntmarta.dll
0x00007ffd54370000 - 0x00007ffd544c4000 	C:\WINDOWS\SYSTEM32\wintypes.dll
0x00007ffd29ae0000 - 0x00007ffd29af9000 	C:\Program Files\Java\jdk-15.0.2\bin\net.dll
0x00007ffd4b390000 - 0x00007ffd4b49c000 	C:\WINDOWS\SYSTEM32\WINHTTP.dll
0x00007ffd572b0000 - 0x00007ffd5731a000 	C:\WINDOWS\system32\mswsock.dll
0x00007ffd29ac0000 - 0x00007ffd29ad2000 	C:\Program Files\Java\jdk-15.0.2\bin\nio.dll

dbghelp: loaded successfully - version: 4.0.5 - missing functions: none
symbol engine: initialized successfully - sym options: 0x614 - pdb path: .;C:\Program Files\Java\jdk-15.0.2\bin;C:\WINDOWS\SYSTEM32;C:\WINDOWS\WinSxS\amd64_microsoft.windows.common-controls_6595b64144ccf1df_6.0.19041.844_none_ca00b6081b84eb1d;C:\Program Files\Java\jdk-15.0.2\bin\server

VM Arguments:
jvm_args: -Dfile.encoding=Cp1252 -XX:+ShowCodeDetailsInExceptionMessages 
java_command: Petadigitalfix.PetaDigital
java_class_path (initial): D:\Eclipse Workspace\Petadigitalfix\bin
Launcher Type: SUN_STANDARD

[Global flags]
     intx CICompilerCount                          = 4                                         {product} {ergonomic}
     uint ConcGCThreads                            = 2                                         {product} {ergonomic}
     uint G1ConcRefinementThreads                  = 8                                         {product} {ergonomic}
   size_t G1HeapRegionSize                         = 1048576                                   {product} {ergonomic}
    uintx GCDrainStackTargetSize                   = 64                                        {product} {ergonomic}
   size_t InitialHeapSize                          = 134217728                                 {product} {ergonomic}
   size_t MarkStackSize                            = 4194304                                   {product} {ergonomic}
   size_t MaxHeapSize                              = 2124414976                                {product} {ergonomic}
   size_t MaxNewSize                               = 1274019840                                {product} {ergonomic}
   size_t MinHeapDeltaBytes                        = 1048576                                   {product} {ergonomic}
   size_t MinHeapSize                              = 8388608                                   {product} {ergonomic}
    uintx NonNMethodCodeHeapSize                   = 5839372                                {pd product} {ergonomic}
    uintx NonProfiledCodeHeapSize                  = 122909434                              {pd product} {ergonomic}
    uintx ProfiledCodeHeapSize                     = 122909434                              {pd product} {ergonomic}
    uintx ReservedCodeCacheSize                    = 251658240                              {pd product} {ergonomic}
     bool SegmentedCodeCache                       = true                                      {product} {ergonomic}
     bool ShowCodeDetailsInExceptionMessages       = true                                   {manageable} {command line}
   size_t SoftMaxHeapSize                          = 2124414976                             {manageable} {ergonomic}
     bool UseCompressedClassPointers               = true                                 {lp64_product} {ergonomic}
     bool UseCompressedOops                        = true                                 {lp64_product} {ergonomic}
     bool UseG1GC                                  = true                                      {product} {ergonomic}
     bool UseLargePagesIndividualAllocation        = false                                  {pd product} {ergonomic}

Logging:
Log output configuration:
 #0: stdout all=warning uptime,level,tags
 #1: stderr all=off uptime,level,tags

Environment Variables:
PATH=C:/Program Files/Java/jdk-15.0.2/bin/server;C:/Program Files/Java/jdk-15.0.2/bin;C:\Program Files\Common Files\Oracle\Java\javapath;C:\Windows\system32;C:\Windows;C:\Windows\System32\Wbem;C:\Windows\System32\WindowsPowerShell\v1.0\;C:\Program Files (x86)\NVIDIA Corporation\PhysX\Common;C:\Program Files\NVIDIA Corporation\NVIDIA NvDLISR;C:\WINDOWS\system32;C:\WINDOWS;C:\WINDOWS\System32\Wbem;C:\WINDOWS\System32\WindowsPowerShell\v1.0\;C:\WINDOWS\System32\OpenSSH\;C:\Program Files\Java\jdk-15.0.2\bin;C:\Users\Asus\AppData\Local\Microsoft\WindowsApps;;C:\Users\Asus\Desktop;
USERNAME=Asus
OS=Windows_NT
PROCESSOR_IDENTIFIER=Intel64 Family 6 Model 142 Stepping 10, GenuineIntel



---------------  S Y S T E M  ---------------

OS:
 Windows 10 , 64 bit Build 19041 (10.0.19041.804)
OS uptime: 3 days 18:44 hours

CPU: total 8 (initial active 8) (4 cores per cpu, 2 threads per core) family 6 model 142 stepping 10 microcode 0xe0, cmov, cx8, fxsr, mmx, sse, sse2, sse3, ssse3, sse4.1, sse4.2, popcnt, vzeroupper, avx, avx2, clmul, erms, 3dnowpref, lzcnt, ht, tsc, tscinvbit, bmi1, bmi2, adx, fma, clflush, clflushopt

Memory: 4k page, system-wide physical 8102M (344M free)
TotalPageFile size 20462M (AvailPageFile size 8M)
current process WorkingSet (physical memory assigned to process): 85M, peak: 98M
current process commit charge ("private bytes"): 228M, peak: 237M

vm_info: Java HotSpot(TM) 64-Bit Server VM (15.0.2+7-27) for windows-amd64 JRE (15.0.2+7-27), built on Dec  7 2020 20:07:01 by "mach5one" with unknown MS VC++:1925

END.
