#
# A fatal error has been detected by the Java Runtime Environment:
#
#  EXCEPTION_ACCESS_VIOLATION (0xc0000005) at pc=0x00007ff88278224e, pid=16040, tid=12952
#
# JRE version: Java(TM) SE Runtime Environment (15.0.2+7) (build 15.0.2+7-27)
# Java VM: Java HotSpot(TM) 64-Bit Server VM (15.0.2+7-27, mixed mode, sharing, tiered, compressed oops, g1 gc, windows-amd64)
# Problematic frame:
# C  [awt.dll+0xd224e]
#
# No core dump will be written. Minidumps are not enabled by default on client versions of Windows
#
# If you would like to submit a bug report, please visit:
#   https://bugreport.java.com/bugreport/crash.jsp
# The crash happened outside the Java Virtual Machine in native code.
# See problematic frame for where to report the bug.
#

---------------  S U M M A R Y ------------

Command Line: -Dfile.encoding=Cp1252 -XX:+ShowCodeDetailsInExceptionMessages Karangpawitan.MakamGodog

Host: Intel(R) Core(TM) i5-8250U CPU @ 1.60GHz, 8 cores, 7G,  Windows 10 , 64 bit Build 19041 (10.0.19041.928)
Time: Sun May  9 15:35:51 2021 SE Asia Standard Time elapsed time: 3163.859881 seconds (0d 0h 52m 43s)

---------------  T H R E A D  ---------------

Current thread (0x00000245f32c38b0):  JavaThread "AWT-EventQueue-0" [_thread_in_native, id=12952, stack(0x000000dad6500000,0x000000dad6600000)]

Stack: [0x000000dad6500000,0x000000dad6600000],  sp=0x000000dad65fe610,  free space=1017k
Native frames: (J=compiled Java code, j=interpreted, Vv=VM code, C=native code)
C  [awt.dll+0xd224e]

Java frames: (J=compiled Java code, j=interpreted, Vv=VM code)
j  sun.awt.Win32GraphicsDevice.makeColorModel(IZ)Ljava/awt/image/ColorModel;+0 java.desktop@15.0.2
j  sun.awt.Win32GraphicsDevice.getDynamicColorModel()Ljava/awt/image/ColorModel;+14 java.desktop@15.0.2
j  sun.awt.Win32GraphicsConfig.getDeviceColorModel()Ljava/awt/image/ColorModel;+4 java.desktop@15.0.2
j  sun.awt.windows.WComponentPeer.getDeviceColorModel()Ljava/awt/image/ColorModel;+13 java.desktop@15.0.2
j  sun.java2d.windows.GDIWindowSurfaceData.createData(Lsun/awt/windows/WComponentPeer;)Lsun/java2d/windows/GDIWindowSurfaceData;+1 java.desktop@15.0.2
j  sun.awt.Win32GraphicsConfig.createSurfaceData(Lsun/awt/windows/WComponentPeer;I)Lsun/java2d/SurfaceData;+1 java.desktop@15.0.2
j  sun.java2d.ScreenUpdateManager.createScreenSurface(Lsun/awt/Win32GraphicsConfig;Lsun/awt/windows/WComponentPeer;IZ)Lsun/java2d/SurfaceData;+3 java.desktop@15.0.2
j  sun.java2d.d3d.D3DScreenUpdateManager.createScreenSurface(Lsun/awt/Win32GraphicsConfig;Lsun/awt/windows/WComponentPeer;IZ)Lsun/java2d/SurfaceData;+20 java.desktop@15.0.2
j  sun.awt.windows.WComponentPeer.createScreenSurface(Z)V+21 java.desktop@15.0.2
j  sun.awt.windows.WComponentPeer.replaceSurfaceData(ILjava/awt/BufferCapabilities;)V+63 java.desktop@15.0.2
j  sun.awt.windows.WComponentPeer.replaceSurfaceData()V+9 java.desktop@15.0.2
j  sun.awt.windows.WComponentPeer$2.run()V+14 java.desktop@15.0.2
j  javax.swing.RepaintManager$2$1.run()Ljava/lang/Void;+7 java.desktop@15.0.2
j  javax.swing.RepaintManager$2$1.run()Ljava/lang/Object;+1 java.desktop@15.0.2
J 964 c1 java.security.ProtectionDomain$JavaSecurityAccessImpl.doIntersectionPrivilege(Ljava/security/PrivilegedAction;Ljava/security/AccessControlContext;Ljava/security/AccessControlContext;)Ljava/lang/Object; java.base@15.0.2 (22 bytes) @ 0x00000245daa05e34 [0x00000245daa05ba0+0x0000000000000294]
j  javax.swing.RepaintManager$2.run()V+30 java.desktop@15.0.2
j  javax.swing.RepaintManager.prePaintDirtyRegions()V+64 java.desktop@15.0.2
j  javax.swing.RepaintManager$ProcessingRunnable.run()V+37 java.desktop@15.0.2
J 1048 c1 java.awt.event.InvocationEvent.dispatch()V java.desktop@15.0.2 (69 bytes) @ 0x00000245daa34a9c [0x00000245daa34880+0x000000000000021c]
J 1018 c1 java.awt.EventQueue.dispatchEventImpl(Ljava/awt/AWTEvent;Ljava/lang/Object;)V java.desktop@15.0.2 (136 bytes) @ 0x00000245daa26274 [0x00000245daa24740+0x0000000000001b34]
J 1017 c1 java.awt.EventQueue$4.run()Ljava/lang/Void; java.desktop@15.0.2 (60 bytes) @ 0x00000245daa2402c [0x00000245daa23f00+0x000000000000012c]
J 988 c1 java.awt.EventQueue.dispatchEvent(Ljava/awt/AWTEvent;)V java.desktop@15.0.2 (80 bytes) @ 0x00000245daa13494 [0x00000245daa12ee0+0x00000000000005b4]
J 992 c1 java.awt.EventDispatchThread.pumpOneEventForFilters(I)V java.desktop@15.0.2 (113 bytes) @ 0x00000245daa1639c [0x00000245daa15d00+0x000000000000069c]
j  java.awt.EventDispatchThread.pumpEventsForFilter(ILjava/awt/Conditional;Ljava/awt/EventFilter;)V+35 java.desktop@15.0.2
j  java.awt.EventDispatchThread.pumpEventsForHierarchy(ILjava/awt/Conditional;Ljava/awt/Component;)V+11 java.desktop@15.0.2
j  java.awt.EventDispatchThread.pumpEvents(ILjava/awt/Conditional;)V+4 java.desktop@15.0.2
j  java.awt.EventDispatchThread.pumpEvents(Ljava/awt/Conditional;)V+3 java.desktop@15.0.2
j  java.awt.EventDispatchThread.run()V+9 java.desktop@15.0.2
v  ~StubRoutines::call_stub

siginfo: EXCEPTION_ACCESS_VIOLATION (0xc0000005), reading address 0x0000000000000000


Register to memory mapping:

RIP=0x00007ff88278224e awt.dll
RAX=0x00000f4205179b52 is an unknown value
RBX=0x00000245f2d77250 points into unknown readable memory: 0x00000245f2e0ec50 | 50 ec e0 f2 45 02 00 00
RCX=0x0 is NULL
RDX=0x00000245f32c3bd8 points into unknown readable memory: 0x00007ff86a95de40 | 40 de 95 6a f8 7f 00 00
RSP=0x000000dad65fe610 is pointing into the stack for thread: 0x00000245f32c38b0
RBP=0x000000dad65fe701 is pointing into the stack for thread: 0x00000245f32c38b0
RSI=0x00000245f32c3bd8 points into unknown readable memory: 0x00007ff86a95de40 | 40 de 95 6a f8 7f 00 00
RDI=0x00000245f32c3bd8 points into unknown readable memory: 0x00007ff86a95de40 | 40 de 95 6a f8 7f 00 00
R8 =0x0000000000000001 is an unknown value
R9 =0x0000000000000001 is an unknown value
R10=0x00000245da2ff148 is at code_begin+1000 in an Interpreter codelet
method entry point (kind = native)  [0x00000245da2fed60, 0x00000245da2ff7e0]  2688 bytes
R11=0x0000000000000102 is an unknown value
R12=0x0 is NULL
R13=0x00000245f160bd01 is pointing into metadata
R14=0x000000dad65fe7c8 is pointing into the stack for thread: 0x00000245f32c38b0
R15=0x0 is NULL


Registers:
RAX=0x00000f4205179b52, RBX=0x00000245f2d77250, RCX=0x0000000000000000, RDX=0x00000245f32c3bd8
RSP=0x000000dad65fe610, RBP=0x000000dad65fe701, RSI=0x00000245f32c3bd8, RDI=0x00000245f32c3bd8
R8 =0x0000000000000001, R9 =0x0000000000000001, R10=0x00000245da2ff148, R11=0x0000000000000102
R12=0x0000000000000000, R13=0x00000245f160bd01, R14=0x000000dad65fe7c8, R15=0x0000000000000000
RIP=0x00007ff88278224e, EFLAGS=0x0000000000010202

Top of Stack: (sp=0x000000dad65fe610)
0x000000dad65fe610:   0000000089413f18 00000245f141ce30
0x000000dad65fe620:   0000000000000000 000000dad65fe648
0x000000dad65fe630:   000000dad65fe698 00000245da2f9950
0x000000dad65fe640:   0000000088597df8 00000000885992f8
0x000000dad65fe650:   000000dad65fe650 00000245f141fa82
0x000000dad65fe660:   00000000885992f8 000000dad65fe668
0x000000dad65fe670:   00000245f141b1f8 00000245f32c3bd8
0x000000dad65fe680:   00000245f142fef0 0000000000000000
0x000000dad65fe690:   0000000089413f18 00000245f141b250
0x000000dad65fe6a0:   00007ff8827dc838 00000f4205179b52
0x000000dad65fe6b0:   00000245f32c38b0 000000dad65fe7c8
0x000000dad65fe6c0:   00000245f160bd50 0000000000000000
0x000000dad65fe6d0:   0000000000000000 00007ff882783cc7
0x000000dad65fe6e0:   00007ff8827dc838 00000245f160bd50
0x000000dad65fe6f0:   00000245f2d77250 00000245f32c3bd8
0x000000dad65fe700:   0000000000001322 00000245da2ff177 

Instructions: (pc=0x00007ff88278224e)
0x00007ff88278214e:   00 00 00 ff 15 b1 36 06 00 48 8b c8 48 83 c4 28
0x00007ff88278215e:   e9 75 06 00 00 cc 48 89 5c 24 08 48 89 6c 24 18
0x00007ff88278216e:   48 89 74 24 20 57 48 83 ec 20 48 8b fa 8b e9 33
0x00007ff88278217e:   f6 c7 02 48 03 00 00 4c 8b c2 33 d2 45 33 c9 33
0x00007ff88278218e:   c9 ff 15 f3 3a 06 00 85 c0 74 64 83 fe 14 73 5f
0x00007ff88278219e:   f6 87 44 01 00 00 01 74 3d e8 a4 61 f5 ff 48 8b
0x00007ff8827821ae:   d8 48 89 44 24 38 41 b8 01 00 00 00 8b d5 48 8b
0x00007ff8827821be:   c8 e8 0c 61 f5 ff 48 8b 48 30 48 8d 57 04 48 83
0x00007ff8827821ce:   c1 28 ff 15 8a 33 01 00 90 85 c0 74 12 48 8b cb
0x00007ff8827821de:   e8 6d 62 f5 ff 90 ff c6 4c 8b c7 8b d6 eb 9d 48
0x00007ff8827821ee:   8b cb e8 5b 62 f5 ff 90 b8 01 00 00 00 eb 02 33
0x00007ff8827821fe:   c0 48 8b 5c 24 30 48 8b 6c 24 40 48 8b 74 24 48
0x00007ff88278220e:   48 83 c4 20 5f c3 48 89 5c 24 18 48 89 74 24 20
0x00007ff88278221e:   57 41 54 41 55 41 56 41 57 48 81 ec a0 00 00 00
0x00007ff88278222e:   48 8b 05 83 25 06 00 48 33 c4 48 89 84 24 98 00
0x00007ff88278223e:   00 00 45 8a e8 48 8b fa 4c 8b f9 48 89 54 24 68
0x00007ff88278224e:   48 8b 09 83 79 04 18 75 1b 4c 8d 05 7a 48 02 00
0x00007ff88278225e:   48 8d 15 bb 35 03 00 48 8b cf e8 22 f2 00 00 e9
0x00007ff88278226e:   42 03 00 00 83 79 04 08 7e 50 49 8b 4f 18 33 db
0x00007ff88278227e:   8b 51 30 44 8b 41 2c 44 8b 49 28 41 8b c1 41 0b
0x00007ff88278228e:   c0 0b c2 74 09 8d 73 01 03 de d1 e8 75 fa 89 54
0x00007ff88278229e:   24 30 44 89 44 24 28 44 89 4c 24 20 44 8b cb 4c
0x00007ff8827822ae:   8d 05 6c 9d 02 00 48 8d 15 85 35 03 00 48 8b cf
0x00007ff8827822be:   e8 cc f1 00 00 e9 ec 02 00 00 48 8b 02 83 39 02
0x00007ff8827822ce:   48 8b cf 0f 85 17 01 00 00 48 8d 15 82 35 03 00
0x00007ff8827822de:   ff 50 30 48 8b f0 33 db 48 85 c0 0f 84 c3 02 00
0x00007ff8827822ee:   00 4c 8b 17 4c 8d 0d 87 35 03 00 4c 8d 05 30 b9
0x00007ff8827822fe:   02 00 48 8b d0 48 8b cf 41 ff 92 88 03 00 00 48
0x00007ff88278230e:   85 c0 0f 84 9c 02 00 00 41 b9 eb 03 00 00 4c 8b
0x00007ff88278231e:   c0 48 8b d6 48 8b cf e8 b6 50 f6 ff 4c 8b e0 48
0x00007ff88278232e:   85 c0 0f 84 7c 02 00 00 c7 44 24 50 08 00 00 00
0x00007ff88278233e:   4c 8b 07 8d 73 01 8b d6 48 8b cf 41 ff 90 98 05 


Stack slot to memory mapping:
stack at sp + 0 slots: 0x0000000089413f18 is an oop: java.lang.Class 
{0x0000000089413f18} - klass: 'java/lang/Class'
stack at sp + 1 slots: {method} {0x00000245f141ce38} 'isShowing' '()Z' in 'java/awt/Component'
stack at sp + 2 slots: 0x0 is NULL
stack at sp + 3 slots: 0x000000dad65fe648 is pointing into the stack for thread: 0x00000245f32c38b0
stack at sp + 4 slots: 0x000000dad65fe698 is pointing into the stack for thread: 0x00000245f32c38b0
stack at sp + 5 slots: 0x00000245da2f9950 is at code_begin+208 in an Interpreter codelet
invoke return entry points  [0x00000245da2f9880, 0x00000245da2fa280]  2560 bytes
stack at sp + 6 slots: 0x0000000088597df8 is an oop: javax.swing.JPanel 
{0x0000000088597df8} - klass: 'javax/swing/JPanel'
stack at sp + 7 slots: 0x00000000885992f8 is an oop: javax.swing.JLabel 
{0x00000000885992f8} - klass: 'javax/swing/JLabel'


---------------  P R O C E S S  ---------------

Threads class SMR info:
_java_thread_list=0x00000245f3388d70, length=15, elements={
0x00000245f134f230, 0x00000245f134fe00, 0x00000245f1369340, 0x00000245f136bd10,
0x00000245f136c7c0, 0x00000245f1371b60, 0x00000245f137ca20, 0x00000245f1385be0,
0x00000245f1d9a6a0, 0x00000245f1daf970, 0x00000245f1fe7f00, 0x00000245f1feb2a0,
0x00000245f1ff28a0, 0x00000245f32c38b0, 0x00000245d08ccb60
}

Java Threads: ( => current thread )
  0x00000245f134f230 JavaThread "Reference Handler" daemon [_thread_blocked, id=16780, stack(0x000000dad5300000,0x000000dad5400000)]
  0x00000245f134fe00 JavaThread "Finalizer" daemon [_thread_blocked, id=11780, stack(0x000000dad5400000,0x000000dad5500000)]
  0x00000245f1369340 JavaThread "Signal Dispatcher" daemon [_thread_blocked, id=7404, stack(0x000000dad5500000,0x000000dad5600000)]
  0x00000245f136bd10 JavaThread "Attach Listener" daemon [_thread_blocked, id=17076, stack(0x000000dad5600000,0x000000dad5700000)]
  0x00000245f136c7c0 JavaThread "Service Thread" daemon [_thread_blocked, id=9788, stack(0x000000dad5700000,0x000000dad5800000)]
  0x00000245f1371b60 JavaThread "C2 CompilerThread0" daemon [_thread_blocked, id=9828, stack(0x000000dad5800000,0x000000dad5900000)]
  0x00000245f137ca20 JavaThread "C1 CompilerThread0" daemon [_thread_blocked, id=9768, stack(0x000000dad5900000,0x000000dad5a00000)]
  0x00000245f1385be0 JavaThread "Sweeper thread" daemon [_thread_blocked, id=3400, stack(0x000000dad5a00000,0x000000dad5b00000)]
  0x00000245f1d9a6a0 JavaThread "Notification Thread" daemon [_thread_blocked, id=1460, stack(0x000000dad5b00000,0x000000dad5c00000)]
  0x00000245f1daf970 JavaThread "Common-Cleaner" daemon [_thread_blocked, id=7200, stack(0x000000dad5d00000,0x000000dad5e00000)]
  0x00000245f1fe7f00 JavaThread "Java2D Disposer" daemon [_thread_blocked, id=15796, stack(0x000000dad5e00000,0x000000dad5f00000)]
  0x00000245f1feb2a0 JavaThread "AWT-Shutdown" [_thread_blocked, id=17212, stack(0x000000dad5f00000,0x000000dad6000000)]
  0x00000245f1ff28a0 JavaThread "AWT-Windows" daemon [_thread_in_native, id=2552, stack(0x000000dad6000000,0x000000dad6100000)]
=>0x00000245f32c38b0 JavaThread "AWT-EventQueue-0" [_thread_in_native, id=12952, stack(0x000000dad6500000,0x000000dad6600000)]
  0x00000245d08ccb60 JavaThread "DestroyJavaVM" [_thread_blocked, id=1508, stack(0x000000dad4c00000,0x000000dad4d00000)]

Other Threads:
  0x00000245f134b9a0 VMThread "VM Thread" [stack: 0x000000dad5200000,0x000000dad5300000] [id=10220]
  0x00000245f1da3b70 WatcherThread [stack: 0x000000dad5c00000,0x000000dad5d00000] [id=15508]
  0x00000245d090dfb0 GCTaskThread "GC Thread#0" [stack: 0x000000dad4d00000,0x000000dad4e00000] [id=3176]
  0x00000245d09205f0 ConcurrentGCThread "G1 Main Marker" [stack: 0x000000dad4e00000,0x000000dad4f00000] [id=14128]
  0x00000245d09211e0 ConcurrentGCThread "G1 Conc#0" [stack: 0x000000dad4f00000,0x000000dad5000000] [id=2544]
  0x00000245d09aab80 ConcurrentGCThread "G1 Refine#0" [stack: 0x000000dad5000000,0x000000dad5100000] [id=13040]
  0x00000245d09ac630 ConcurrentGCThread "G1 Young RemSet Sampling" [stack: 0x000000dad5100000,0x000000dad5200000] [id=12508]

Threads with active compile tasks:

VM state: not at safepoint (normal execution)

VM Mutex/Monitor currently owned by a thread: None

Heap address: 0x0000000081600000, size: 2026 MB, Compressed Oops mode: 32-bit
CDS archive(s) mapped at: [0x0000000800000000-0x0000000800b50000-0x0000000800b50000), size 11862016, SharedBaseAddress: 0x0000000800000000, ArchiveRelocationMode: 0.
Compressed class space mapped at: 0x0000000800b50000-0x0000000840b50000, size: 1073741824
Narrow klass base: 0x0000000800000000, Narrow klass shift: 3, Narrow klass range: 0x100000000

GC Precious Log:
 CPUs: 8 total, 8 available
 Memory: 8102M
 Large Page Support: Disabled
 NUMA Support: Disabled
 Compressed Oops: Enabled (32-bit)
 Heap Region Size: 1M
 Heap Min Capacity: 8M
 Heap Initial Capacity: 128M
 Heap Max Capacity: 2026M
 Pre-touch: Disabled
 Parallel Workers: 8
 Concurrent Workers: 2
 Concurrent Refinement Workers: 8
 Periodic GC: Disabled

Heap:
 garbage-first heap   total 131072K, used 38912K [0x0000000081600000, 0x0000000100000000)
  region size 1024K, 19 young (19456K), 0 survivors (0K)
 Metaspace       used 8610K, capacity 8775K, committed 8960K, reserved 1056768K
  class space    used 924K, capacity 997K, committed 1024K, reserved 1048576K

Heap Regions: E=young(eden), S=young(survivor), O=old, HS=humongous(starts), HC=humongous(continues), CS=collection set, F=free, OA=open archive, CA=closed archive, TAMS=top-at-mark-start (previous, next)
|   0|0x0000000081600000, 0x0000000081700000, 0x0000000081700000|100%|HS|  |TAMS 0x0000000081600000, 0x0000000081600000| Complete 
|   1|0x0000000081700000, 0x0000000081800000, 0x0000000081800000|100%|HC|  |TAMS 0x0000000081700000, 0x0000000081700000| Complete 
|   2|0x0000000081800000, 0x0000000081900000, 0x0000000081900000|100%|HS|  |TAMS 0x0000000081800000, 0x0000000081800000| Complete 
|   3|0x0000000081900000, 0x0000000081a00000, 0x0000000081a00000|100%|HC|  |TAMS 0x0000000081900000, 0x0000000081900000| Complete 
|   4|0x0000000081a00000, 0x0000000081b00000, 0x0000000081b00000|100%|HC|  |TAMS 0x0000000081a00000, 0x0000000081a00000| Complete 
|   5|0x0000000081b00000, 0x0000000081c00000, 0x0000000081c00000|100%|HS|  |TAMS 0x0000000081b00000, 0x0000000081b00000| Complete 
|   6|0x0000000081c00000, 0x0000000081d00000, 0x0000000081d00000|100%|HS|  |TAMS 0x0000000081c00000, 0x0000000081c00000| Complete 
|   7|0x0000000081d00000, 0x0000000081e00000, 0x0000000081e00000|100%|HC|  |TAMS 0x0000000081d00000, 0x0000000081d00000| Complete 
|   8|0x0000000081e00000, 0x0000000081f00000, 0x0000000081f00000|100%|HC|  |TAMS 0x0000000081e00000, 0x0000000081e00000| Complete 
|   9|0x0000000081f00000, 0x0000000082000000, 0x0000000082000000|100%|HS|  |TAMS 0x0000000081f00000, 0x0000000081f00000| Complete 
|  10|0x0000000082000000, 0x0000000082100000, 0x0000000082100000|100%|HC|  |TAMS 0x0000000082000000, 0x0000000082000000| Complete 
|  11|0x0000000082100000, 0x0000000082200000, 0x0000000082200000|100%|HC|  |TAMS 0x0000000082100000, 0x0000000082100000| Complete 
|  12|0x0000000082200000, 0x0000000082300000, 0x0000000082300000|100%|HC|  |TAMS 0x0000000082200000, 0x0000000082200000| Complete 
|  13|0x0000000082300000, 0x0000000082400000, 0x0000000082400000|100%|HC|  |TAMS 0x0000000082300000, 0x0000000082300000| Complete 
|  14|0x0000000082400000, 0x0000000082500000, 0x0000000082500000|100%|HC|  |TAMS 0x0000000082400000, 0x0000000082400000| Complete 
|  15|0x0000000082500000, 0x0000000082600000, 0x0000000082600000|100%|HC|  |TAMS 0x0000000082500000, 0x0000000082500000| Complete 
|  16|0x0000000082600000, 0x0000000082700000, 0x0000000082700000|100%|HC|  |TAMS 0x0000000082600000, 0x0000000082600000| Complete 
|  17|0x0000000082700000, 0x0000000082800000, 0x0000000082800000|100%|HS|  |TAMS 0x0000000082700000, 0x0000000082700000| Complete 
|  18|0x0000000082800000, 0x0000000082900000, 0x0000000082900000|100%|HC|  |TAMS 0x0000000082800000, 0x0000000082800000| Complete 
|  19|0x0000000082900000, 0x0000000082a00000, 0x0000000082a00000|100%|HC|  |TAMS 0x0000000082900000, 0x0000000082900000| Complete 
|  20|0x0000000082a00000, 0x0000000082b00000, 0x0000000082b00000|100%|HC|  |TAMS 0x0000000082a00000, 0x0000000082a00000| Complete 
|  21|0x0000000082b00000, 0x0000000082b00000, 0x0000000082c00000|  0%| F|  |TAMS 0x0000000082b00000, 0x0000000082b00000| Untracked 
|  22|0x0000000082c00000, 0x0000000082c00000, 0x0000000082d00000|  0%| F|  |TAMS 0x0000000082c00000, 0x0000000082c00000| Untracked 
|  23|0x0000000082d00000, 0x0000000082d00000, 0x0000000082e00000|  0%| F|  |TAMS 0x0000000082d00000, 0x0000000082d00000| Untracked 
|  24|0x0000000082e00000, 0x0000000082e00000, 0x0000000082f00000|  0%| F|  |TAMS 0x0000000082e00000, 0x0000000082e00000| Untracked 
|  25|0x0000000082f00000, 0x0000000082f00000, 0x0000000083000000|  0%| F|  |TAMS 0x0000000082f00000, 0x0000000082f00000| Untracked 
|  26|0x0000000083000000, 0x0000000083000000, 0x0000000083100000|  0%| F|  |TAMS 0x0000000083000000, 0x0000000083000000| Untracked 
|  27|0x0000000083100000, 0x0000000083100000, 0x0000000083200000|  0%| F|  |TAMS 0x0000000083100000, 0x0000000083100000| Untracked 
|  28|0x0000000083200000, 0x0000000083200000, 0x0000000083300000|  0%| F|  |TAMS 0x0000000083200000, 0x0000000083200000| Untracked 
|  29|0x0000000083300000, 0x0000000083300000, 0x0000000083400000|  0%| F|  |TAMS 0x0000000083300000, 0x0000000083300000| Untracked 
|  30|0x0000000083400000, 0x0000000083400000, 0x0000000083500000|  0%| F|  |TAMS 0x0000000083400000, 0x0000000083400000| Untracked 
|  31|0x0000000083500000, 0x0000000083500000, 0x0000000083600000|  0%| F|  |TAMS 0x0000000083500000, 0x0000000083500000| Untracked 
|  32|0x0000000083600000, 0x0000000083600000, 0x0000000083700000|  0%| F|  |TAMS 0x0000000083600000, 0x0000000083600000| Untracked 
|  33|0x0000000083700000, 0x0000000083700000, 0x0000000083800000|  0%| F|  |TAMS 0x0000000083700000, 0x0000000083700000| Untracked 
|  34|0x0000000083800000, 0x0000000083800000, 0x0000000083900000|  0%| F|  |TAMS 0x0000000083800000, 0x0000000083800000| Untracked 
|  35|0x0000000083900000, 0x0000000083900000, 0x0000000083a00000|  0%| F|  |TAMS 0x0000000083900000, 0x0000000083900000| Untracked 
|  36|0x0000000083a00000, 0x0000000083a00000, 0x0000000083b00000|  0%| F|  |TAMS 0x0000000083a00000, 0x0000000083a00000| Untracked 
|  37|0x0000000083b00000, 0x0000000083b00000, 0x0000000083c00000|  0%| F|  |TAMS 0x0000000083b00000, 0x0000000083b00000| Untracked 
|  38|0x0000000083c00000, 0x0000000083c00000, 0x0000000083d00000|  0%| F|  |TAMS 0x0000000083c00000, 0x0000000083c00000| Untracked 
|  39|0x0000000083d00000, 0x0000000083d00000, 0x0000000083e00000|  0%| F|  |TAMS 0x0000000083d00000, 0x0000000083d00000| Untracked 
|  40|0x0000000083e00000, 0x0000000083e00000, 0x0000000083f00000|  0%| F|  |TAMS 0x0000000083e00000, 0x0000000083e00000| Untracked 
|  41|0x0000000083f00000, 0x0000000083f00000, 0x0000000084000000|  0%| F|  |TAMS 0x0000000083f00000, 0x0000000083f00000| Untracked 
|  42|0x0000000084000000, 0x0000000084000000, 0x0000000084100000|  0%| F|  |TAMS 0x0000000084000000, 0x0000000084000000| Untracked 
|  43|0x0000000084100000, 0x0000000084100000, 0x0000000084200000|  0%| F|  |TAMS 0x0000000084100000, 0x0000000084100000| Untracked 
|  44|0x0000000084200000, 0x0000000084200000, 0x0000000084300000|  0%| F|  |TAMS 0x0000000084200000, 0x0000000084200000| Untracked 
|  45|0x0000000084300000, 0x0000000084300000, 0x0000000084400000|  0%| F|  |TAMS 0x0000000084300000, 0x0000000084300000| Untracked 
|  46|0x0000000084400000, 0x0000000084400000, 0x0000000084500000|  0%| F|  |TAMS 0x0000000084400000, 0x0000000084400000| Untracked 
|  47|0x0000000084500000, 0x0000000084500000, 0x0000000084600000|  0%| F|  |TAMS 0x0000000084500000, 0x0000000084500000| Untracked 
|  48|0x0000000084600000, 0x0000000084600000, 0x0000000084700000|  0%| F|  |TAMS 0x0000000084600000, 0x0000000084600000| Untracked 
|  49|0x0000000084700000, 0x0000000084700000, 0x0000000084800000|  0%| F|  |TAMS 0x0000000084700000, 0x0000000084700000| Untracked 
|  50|0x0000000084800000, 0x0000000084800000, 0x0000000084900000|  0%| F|  |TAMS 0x0000000084800000, 0x0000000084800000| Untracked 
|  51|0x0000000084900000, 0x0000000084900000, 0x0000000084a00000|  0%| F|  |TAMS 0x0000000084900000, 0x0000000084900000| Untracked 
|  52|0x0000000084a00000, 0x0000000084a00000, 0x0000000084b00000|  0%| F|  |TAMS 0x0000000084a00000, 0x0000000084a00000| Untracked 
|  53|0x0000000084b00000, 0x0000000084b00000, 0x0000000084c00000|  0%| F|  |TAMS 0x0000000084b00000, 0x0000000084b00000| Untracked 
|  54|0x0000000084c00000, 0x0000000084c00000, 0x0000000084d00000|  0%| F|  |TAMS 0x0000000084c00000, 0x0000000084c00000| Untracked 
|  55|0x0000000084d00000, 0x0000000084d00000, 0x0000000084e00000|  0%| F|  |TAMS 0x0000000084d00000, 0x0000000084d00000| Untracked 
|  56|0x0000000084e00000, 0x0000000084e00000, 0x0000000084f00000|  0%| F|  |TAMS 0x0000000084e00000, 0x0000000084e00000| Untracked 
|  57|0x0000000084f00000, 0x0000000084f00000, 0x0000000085000000|  0%| F|  |TAMS 0x0000000084f00000, 0x0000000084f00000| Untracked 
|  58|0x0000000085000000, 0x0000000085000000, 0x0000000085100000|  0%| F|  |TAMS 0x0000000085000000, 0x0000000085000000| Untracked 
|  59|0x0000000085100000, 0x0000000085100000, 0x0000000085200000|  0%| F|  |TAMS 0x0000000085100000, 0x0000000085100000| Untracked 
|  60|0x0000000085200000, 0x0000000085200000, 0x0000000085300000|  0%| F|  |TAMS 0x0000000085200000, 0x0000000085200000| Untracked 
|  61|0x0000000085300000, 0x0000000085300000, 0x0000000085400000|  0%| F|  |TAMS 0x0000000085300000, 0x0000000085300000| Untracked 
|  62|0x0000000085400000, 0x0000000085400000, 0x0000000085500000|  0%| F|  |TAMS 0x0000000085400000, 0x0000000085400000| Untracked 
|  63|0x0000000085500000, 0x0000000085500000, 0x0000000085600000|  0%| F|  |TAMS 0x0000000085500000, 0x0000000085500000| Untracked 
|  64|0x0000000085600000, 0x0000000085600000, 0x0000000085700000|  0%| F|  |TAMS 0x0000000085600000, 0x0000000085600000| Untracked 
|  65|0x0000000085700000, 0x0000000085700000, 0x0000000085800000|  0%| F|  |TAMS 0x0000000085700000, 0x0000000085700000| Untracked 
|  66|0x0000000085800000, 0x0000000085800000, 0x0000000085900000|  0%| F|  |TAMS 0x0000000085800000, 0x0000000085800000| Untracked 
|  67|0x0000000085900000, 0x0000000085900000, 0x0000000085a00000|  0%| F|  |TAMS 0x0000000085900000, 0x0000000085900000| Untracked 
|  68|0x0000000085a00000, 0x0000000085a00000, 0x0000000085b00000|  0%| F|  |TAMS 0x0000000085a00000, 0x0000000085a00000| Untracked 
|  69|0x0000000085b00000, 0x0000000085b00000, 0x0000000085c00000|  0%| F|  |TAMS 0x0000000085b00000, 0x0000000085b00000| Untracked 
|  70|0x0000000085c00000, 0x0000000085c00000, 0x0000000085d00000|  0%| F|  |TAMS 0x0000000085c00000, 0x0000000085c00000| Untracked 
|  71|0x0000000085d00000, 0x0000000085d00000, 0x0000000085e00000|  0%| F|  |TAMS 0x0000000085d00000, 0x0000000085d00000| Untracked 
|  72|0x0000000085e00000, 0x0000000085e00000, 0x0000000085f00000|  0%| F|  |TAMS 0x0000000085e00000, 0x0000000085e00000| Untracked 
|  73|0x0000000085f00000, 0x0000000085f00000, 0x0000000086000000|  0%| F|  |TAMS 0x0000000085f00000, 0x0000000085f00000| Untracked 
|  74|0x0000000086000000, 0x0000000086000000, 0x0000000086100000|  0%| F|  |TAMS 0x0000000086000000, 0x0000000086000000| Untracked 
|  75|0x0000000086100000, 0x0000000086100000, 0x0000000086200000|  0%| F|  |TAMS 0x0000000086100000, 0x0000000086100000| Untracked 
|  76|0x0000000086200000, 0x0000000086200000, 0x0000000086300000|  0%| F|  |TAMS 0x0000000086200000, 0x0000000086200000| Untracked 
|  77|0x0000000086300000, 0x0000000086300000, 0x0000000086400000|  0%| F|  |TAMS 0x0000000086300000, 0x0000000086300000| Untracked 
|  78|0x0000000086400000, 0x0000000086400000, 0x0000000086500000|  0%| F|  |TAMS 0x0000000086400000, 0x0000000086400000| Untracked 
|  79|0x0000000086500000, 0x0000000086500000, 0x0000000086600000|  0%| F|  |TAMS 0x0000000086500000, 0x0000000086500000| Untracked 
|  80|0x0000000086600000, 0x0000000086600000, 0x0000000086700000|  0%| F|  |TAMS 0x0000000086600000, 0x0000000086600000| Untracked 
|  81|0x0000000086700000, 0x0000000086700000, 0x0000000086800000|  0%| F|  |TAMS 0x0000000086700000, 0x0000000086700000| Untracked 
|  82|0x0000000086800000, 0x0000000086800000, 0x0000000086900000|  0%| F|  |TAMS 0x0000000086800000, 0x0000000086800000| Untracked 
|  83|0x0000000086900000, 0x0000000086900000, 0x0000000086a00000|  0%| F|  |TAMS 0x0000000086900000, 0x0000000086900000| Untracked 
|  84|0x0000000086a00000, 0x0000000086a00000, 0x0000000086b00000|  0%| F|  |TAMS 0x0000000086a00000, 0x0000000086a00000| Untracked 
|  85|0x0000000086b00000, 0x0000000086b00000, 0x0000000086c00000|  0%| F|  |TAMS 0x0000000086b00000, 0x0000000086b00000| Untracked 
|  86|0x0000000086c00000, 0x0000000086c00000, 0x0000000086d00000|  0%| F|  |TAMS 0x0000000086c00000, 0x0000000086c00000| Untracked 
|  87|0x0000000086d00000, 0x0000000086d00000, 0x0000000086e00000|  0%| F|  |TAMS 0x0000000086d00000, 0x0000000086d00000| Untracked 
|  88|0x0000000086e00000, 0x0000000086e00000, 0x0000000086f00000|  0%| F|  |TAMS 0x0000000086e00000, 0x0000000086e00000| Untracked 
|  89|0x0000000086f00000, 0x0000000086f00000, 0x0000000087000000|  0%| F|  |TAMS 0x0000000086f00000, 0x0000000086f00000| Untracked 
|  90|0x0000000087000000, 0x0000000087000000, 0x0000000087100000|  0%| F|  |TAMS 0x0000000087000000, 0x0000000087000000| Untracked 
|  91|0x0000000087100000, 0x0000000087100000, 0x0000000087200000|  0%| F|  |TAMS 0x0000000087100000, 0x0000000087100000| Untracked 
|  92|0x0000000087200000, 0x0000000087200000, 0x0000000087300000|  0%| F|  |TAMS 0x0000000087200000, 0x0000000087200000| Untracked 
|  93|0x0000000087300000, 0x0000000087300000, 0x0000000087400000|  0%| F|  |TAMS 0x0000000087300000, 0x0000000087300000| Untracked 
|  94|0x0000000087400000, 0x0000000087400000, 0x0000000087500000|  0%| F|  |TAMS 0x0000000087400000, 0x0000000087400000| Untracked 
|  95|0x0000000087500000, 0x0000000087500000, 0x0000000087600000|  0%| F|  |TAMS 0x0000000087500000, 0x0000000087500000| Untracked 
|  96|0x0000000087600000, 0x0000000087600000, 0x0000000087700000|  0%| F|  |TAMS 0x0000000087600000, 0x0000000087600000| Untracked 
|  97|0x0000000087700000, 0x0000000087700000, 0x0000000087800000|  0%| F|  |TAMS 0x0000000087700000, 0x0000000087700000| Untracked 
|  98|0x0000000087800000, 0x0000000087800000, 0x0000000087900000|  0%| F|  |TAMS 0x0000000087800000, 0x0000000087800000| Untracked 
|  99|0x0000000087900000, 0x0000000087900000, 0x0000000087a00000|  0%| F|  |TAMS 0x0000000087900000, 0x0000000087900000| Untracked 
| 100|0x0000000087a00000, 0x0000000087a00000, 0x0000000087b00000|  0%| F|  |TAMS 0x0000000087a00000, 0x0000000087a00000| Untracked 
| 101|0x0000000087b00000, 0x0000000087b00000, 0x0000000087c00000|  0%| F|  |TAMS 0x0000000087b00000, 0x0000000087b00000| Untracked 
| 102|0x0000000087c00000, 0x0000000087c00000, 0x0000000087d00000|  0%| F|  |TAMS 0x0000000087c00000, 0x0000000087c00000| Untracked 
| 103|0x0000000087d00000, 0x0000000087d00000, 0x0000000087e00000|  0%| F|  |TAMS 0x0000000087d00000, 0x0000000087d00000| Untracked 
| 104|0x0000000087e00000, 0x0000000087e00000, 0x0000000087f00000|  0%| F|  |TAMS 0x0000000087e00000, 0x0000000087e00000| Untracked 
| 105|0x0000000087f00000, 0x0000000087f00000, 0x0000000088000000|  0%| F|  |TAMS 0x0000000087f00000, 0x0000000087f00000| Untracked 
| 106|0x0000000088000000, 0x0000000088000000, 0x0000000088100000|  0%| F|  |TAMS 0x0000000088000000, 0x0000000088000000| Untracked 
| 107|0x0000000088100000, 0x0000000088100000, 0x0000000088200000|  0%| F|  |TAMS 0x0000000088100000, 0x0000000088100000| Untracked 
| 108|0x0000000088200000, 0x0000000088200000, 0x0000000088300000|  0%| F|  |TAMS 0x0000000088200000, 0x0000000088200000| Untracked 
| 109|0x0000000088300000, 0x00000000883ec088, 0x0000000088400000| 92%| E|  |TAMS 0x0000000088300000, 0x0000000088300000| Complete 
| 110|0x0000000088400000, 0x0000000088500000, 0x0000000088500000|100%| E|CS|TAMS 0x0000000088400000, 0x0000000088400000| Complete 
| 111|0x0000000088500000, 0x0000000088600000, 0x0000000088600000|100%| E|CS|TAMS 0x0000000088500000, 0x0000000088500000| Complete 
| 112|0x0000000088600000, 0x0000000088700000, 0x0000000088700000|100%| E|CS|TAMS 0x0000000088600000, 0x0000000088600000| Complete 
| 113|0x0000000088700000, 0x0000000088800000, 0x0000000088800000|100%| E|  |TAMS 0x0000000088700000, 0x0000000088700000| Complete 
| 114|0x0000000088800000, 0x0000000088900000, 0x0000000088900000|100%| E|CS|TAMS 0x0000000088800000, 0x0000000088800000| Complete 
| 115|0x0000000088900000, 0x0000000088a00000, 0x0000000088a00000|100%| E|CS|TAMS 0x0000000088900000, 0x0000000088900000| Complete 
| 116|0x0000000088a00000, 0x0000000088b00000, 0x0000000088b00000|100%| E|CS|TAMS 0x0000000088a00000, 0x0000000088a00000| Complete 
| 117|0x0000000088b00000, 0x0000000088c00000, 0x0000000088c00000|100%| E|CS|TAMS 0x0000000088b00000, 0x0000000088b00000| Complete 
| 118|0x0000000088c00000, 0x0000000088d00000, 0x0000000088d00000|100%| E|CS|TAMS 0x0000000088c00000, 0x0000000088c00000| Complete 
| 119|0x0000000088d00000, 0x0000000088e00000, 0x0000000088e00000|100%| E|CS|TAMS 0x0000000088d00000, 0x0000000088d00000| Complete 
| 120|0x0000000088e00000, 0x0000000088f00000, 0x0000000088f00000|100%| E|CS|TAMS 0x0000000088e00000, 0x0000000088e00000| Complete 
| 121|0x0000000088f00000, 0x0000000089000000, 0x0000000089000000|100%| E|CS|TAMS 0x0000000088f00000, 0x0000000088f00000| Complete 
| 122|0x0000000089000000, 0x0000000089100000, 0x0000000089100000|100%| E|CS|TAMS 0x0000000089000000, 0x0000000089000000| Complete 
| 123|0x0000000089100000, 0x0000000089200000, 0x0000000089200000|100%| E|CS|TAMS 0x0000000089100000, 0x0000000089100000| Complete 
| 124|0x0000000089200000, 0x0000000089300000, 0x0000000089300000|100%| E|CS|TAMS 0x0000000089200000, 0x0000000089200000| Complete 
| 125|0x0000000089300000, 0x0000000089400000, 0x0000000089400000|100%| E|CS|TAMS 0x0000000089300000, 0x0000000089300000| Complete 
| 126|0x0000000089400000, 0x0000000089500000, 0x0000000089500000|100%| E|CS|TAMS 0x0000000089400000, 0x0000000089400000| Complete 
| 127|0x0000000089500000, 0x0000000089600000, 0x0000000089600000|100%| E|CS|TAMS 0x0000000089500000, 0x0000000089500000| Complete 

Card table byte_map: [0x00000245ea150000,0x00000245ea550000] _byte_map_base: 0x00000245e9d45000

Marking Bits (Prev, Next): (CMBitMap*) 0x00000245d090f7b0, (CMBitMap*) 0x00000245d090f7f0
 Prev Bits: [0x00000245ea950000, 0x00000245ec8f8000)
 Next Bits: [0x00000245ec900000, 0x00000245ee8a8000)

Polling page: 0x00000245d07a0000

Metaspace:

Usage:
  Non-class:      7.60 MB capacity,     7.51 MB ( 99%) used,    80.02 KB (  1%) free+waste,    11.94 KB ( <1%) overhead. 
      Class:    997.00 KB capacity,   924.57 KB ( 93%) used,    67.37 KB (  7%) free+waste,     5.06 KB ( <1%) overhead. 
       Both:      8.57 MB capacity,     8.41 MB ( 98%) used,   147.39 KB (  2%) free+waste,    17.00 KB ( <1%) overhead. 

Virtual space:
  Non-class space:        8.00 MB reserved,       7.75 MB ( 97%) committed 
      Class space:        1.00 GB reserved,       1.00 MB ( <1%) committed 
             Both:        1.01 GB reserved,       8.75 MB ( <1%) committed 

Chunk freelists:
   Non-Class:  30.00 KB
       Class:  27.00 KB
        Both:  57.00 KB

MaxMetaspaceSize: 17179869184.00 GB
CompressedClassSpaceSize: 1.00 GB

CodeHeap 'non-profiled nmethods': size=120000Kb used=455Kb max_used=455Kb free=119545Kb
 bounds [0x00000245e1dc0000, 0x00000245e2030000, 0x00000245e92f0000]
CodeHeap 'profiled nmethods': size=120000Kb used=1989Kb max_used=1989Kb free=118010Kb
 bounds [0x00000245da890000, 0x00000245dab00000, 0x00000245e1dc0000]
CodeHeap 'non-nmethods': size=5760Kb used=1279Kb max_used=1299Kb free=4480Kb
 bounds [0x00000245da2f0000, 0x00000245da560000, 0x00000245da890000]
 total_blobs=1683 nmethods=1111 adapters=485
 compilation: enabled
              stopped_count=0, restarted_count=0
 full_count=0

Compilation events (20 events):
Event: 3155.037 Thread 0x00000245f137ca20 nmethod 1101 0x00000245daa7af90 code [0x00000245daa7b1a0, 0x00000245daa7b938]
Event: 3155.115 Thread 0x00000245f1371b60 1106       4       java.lang.Math::min (11 bytes)
Event: 3155.116 Thread 0x00000245f1371b60 nmethod 1106 0x00000245e1e31310 code [0x00000245e1e31480, 0x00000245e1e314d8]
Event: 3155.118 Thread 0x00000245f137ca20 1107       3       java.lang.invoke.MethodHandles$Lookup::checkSecurityManager (104 bytes)
Event: 3155.121 Thread 0x00000245f137ca20 nmethod 1107 0x00000245daa7bb90 code [0x00000245daa7bea0, 0x00000245daa7d048]
Event: 3155.149 Thread 0x00000245f137ca20 1108       3       java.lang.Module::isNamed (13 bytes)
Event: 3155.149 Thread 0x00000245f137ca20 nmethod 1108 0x00000245daa7d590 code [0x00000245daa7d720, 0x00000245daa7d878]
Event: 3155.149 Thread 0x00000245f137ca20 1109       3       sun.nio.cs.SingleByte$Encoder::encode (32 bytes)
Event: 3155.149 Thread 0x00000245f137ca20 nmethod 1109 0x00000245daa7d910 code [0x00000245daa7dac0, 0x00000245daa7dc78]
Event: 3161.783 Thread 0x00000245f137ca20 1110       3       java.awt.Window::eventEnabled (138 bytes)
Event: 3161.785 Thread 0x00000245f137ca20 nmethod 1110 0x00000245daa7dd90 code [0x00000245daa7df40, 0x00000245daa7e408]
Event: 3161.785 Thread 0x00000245f137ca20 1111       3       sun.awt.windows.WComponentPeer::handleEvent (173 bytes)
Event: 3161.790 Thread 0x00000245f137ca20 nmethod 1111 0x00000245daa7e510 code [0x00000245daa7e780, 0x00000245daa7fb48]
Event: 3161.803 Thread 0x00000245f137ca20 1112       3       java.util.concurrent.locks.AbstractQueuedSynchronizer$ConditionObject::doSignal (54 bytes)
Event: 3161.803 Thread 0x00000245f137ca20 nmethod 1112 0x00000245daa7fe10 code [0x00000245daa7ffe0, 0x00000245daa80398]
Event: 3161.902 Thread 0x00000245f137ca20 1113       1       java.awt.Component::isMinimumSizeSet (5 bytes)
Event: 3161.902 Thread 0x00000245f137ca20 nmethod 1113 0x00000245e1e31610 code [0x00000245e1e317a0, 0x00000245e1e31858]
Event: 3161.902 Thread 0x00000245f137ca20 1114       1       java.awt.Component::isMaximumSizeSet (5 bytes)
Event: 3161.902 Thread 0x00000245f137ca20 nmethod 1114 0x00000245e1e31910 code [0x00000245e1e31aa0, 0x00000245e1e31b58]
Event: 3161.913 Thread 0x00000245f137ca20 1115       3       java.awt.Component::eventTypeEnabled (487 bytes)

GC Heap History (0 events):
No events

Deoptimization events (20 events):
Event: 3.100 Thread 0x00000245f32c38b0 Uncommon trap: trap_request=0xffffff45 fr.pc=0x00000245e1e26804 relative=0x0000000000000084
Event: 3.100 Thread 0x00000245f32c38b0 Uncommon trap: reason=unstable_if action=reinterpret pc=0x00000245e1e26804 method=java.awt.Component.inside(II)Z @ 21 c2
Event: 3.100 Thread 0x00000245f32c38b0 DEOPT PACKING pc=0x00000245e1e26804 sp=0x000000dad65fe6f0
Event: 3.100 Thread 0x00000245f32c38b0 DEOPT UNPACKING pc=0x00000245da33e42f sp=0x000000dad65fe588 mode 2
Event: 3161.908 Thread 0x00000245f32c38b0 Uncommon trap: trap_request=0xffffffc6 fr.pc=0x00000245e1e2b4b8 relative=0x00000000000002f8
Event: 3161.908 Thread 0x00000245f32c38b0 Uncommon trap: reason=bimorphic_or_optimized_type_check action=maybe_recompile pc=0x00000245e1e2b4b8 method=java.util.HashMap.getNode(Ljava/lang/Object;)Ljava/util/HashMap$Node; @ 128 c2
Event: 3161.908 Thread 0x00000245f32c38b0 DEOPT PACKING pc=0x00000245e1e2b4b8 sp=0x000000dad65fe6d0
Event: 3161.909 Thread 0x00000245f32c38b0 DEOPT UNPACKING pc=0x00000245da33e42f sp=0x000000dad65fe648 mode 2
Event: 3161.909 Thread 0x00000245f32c38b0 Uncommon trap: trap_request=0xffffffc6 fr.pc=0x00000245e1e237fc relative=0x000000000000061c
Event: 3161.909 Thread 0x00000245f32c38b0 Uncommon trap: reason=bimorphic_or_optimized_type_check action=maybe_recompile pc=0x00000245e1e237fc method=java.util.concurrent.ConcurrentHashMap.get(Ljava/lang/Object;)Ljava/lang/Object; @ 149 c2
Event: 3161.909 Thread 0x00000245f32c38b0 DEOPT PACKING pc=0x00000245e1e237fc sp=0x000000dad65fe6b0
Event: 3161.909 Thread 0x00000245f32c38b0 DEOPT UNPACKING pc=0x00000245da33e42f sp=0x000000dad65fe640 mode 2
Event: 3161.909 Thread 0x00000245f32c38b0 Uncommon trap: trap_request=0xffffffc6 fr.pc=0x00000245e1e2b4b8 relative=0x00000000000002f8
Event: 3161.909 Thread 0x00000245f32c38b0 Uncommon trap: reason=bimorphic_or_optimized_type_check action=maybe_recompile pc=0x00000245e1e2b4b8 method=java.util.HashMap.getNode(Ljava/lang/Object;)Ljava/util/HashMap$Node; @ 128 c2
Event: 3161.909 Thread 0x00000245f32c38b0 DEOPT PACKING pc=0x00000245e1e2b4b8 sp=0x000000dad65fe6d0
Event: 3161.909 Thread 0x00000245f32c38b0 DEOPT UNPACKING pc=0x00000245da33e42f sp=0x000000dad65fe648 mode 2
Event: 3161.910 Thread 0x00000245f32c38b0 Uncommon trap: trap_request=0xffffffc6 fr.pc=0x00000245e1e237fc relative=0x000000000000061c
Event: 3161.910 Thread 0x00000245f32c38b0 Uncommon trap: reason=bimorphic_or_optimized_type_check action=maybe_recompile pc=0x00000245e1e237fc method=java.util.concurrent.ConcurrentHashMap.get(Ljava/lang/Object;)Ljava/lang/Object; @ 149 c2
Event: 3161.910 Thread 0x00000245f32c38b0 DEOPT PACKING pc=0x00000245e1e237fc sp=0x000000dad65fe6b0
Event: 3161.910 Thread 0x00000245f32c38b0 DEOPT UNPACKING pc=0x00000245da33e42f sp=0x000000dad65fe640 mode 2

Classes unloaded (0 events):
No events

Classes redefined (0 events):
No events

Internal exceptions (15 events):
Event: 0.112 Thread 0x00000245d08ccb60 Exception <a 'java/lang/NoSuchMethodError'{0x0000000089423918}: 'void java.lang.invoke.DirectMethodHandle$Holder.invokeSpecial(java.lang.Object, java.lang.Object, java.lang.Object)'> (0x0000000089423918) 
thrown [./open/src/hotspot/share/interpreter/linkResolver.cpp, line 782]
Event: 0.134 Thread 0x00000245d08ccb60 Exception <a 'java/lang/ClassNotFoundException'{0x0000000089443418}: sun/awt/resources/spi/awtProvider> (0x0000000089443418) 
thrown [./open/src/hotspot/share/classfile/systemDictionary.cpp, line 295]
Event: 0.178 Thread 0x00000245d08ccb60 Exception <a 'java/io/FileNotFoundException'{0x000000008949f110}> (0x000000008949f110) 
thrown [./open/src/hotspot/share/prims/jni.cpp, line 578]
Event: 0.193 Thread 0x00000245d08ccb60 Exception <a 'java/io/FileNotFoundException'{0x00000000894cd9a0}> (0x00000000894cd9a0) 
thrown [./open/src/hotspot/share/prims/jni.cpp, line 578]
Event: 0.193 Thread 0x00000245d08ccb60 Exception <a 'java/lang/NoSuchMethodError'{0x00000000894ceb98}: 'java.lang.Object java.lang.invoke.DirectMethodHandle$Holder.invokeStatic(java.lang.Object)'> (0x00000000894ceb98) 
thrown [./open/src/hotspot/share/interpreter/linkResolver.cpp, line 782]
Event: 0.247 Thread 0x00000245d08ccb60 Exception <a 'java/lang/NoSuchMethodError'{0x000000008932ae00}: 'java.lang.Object java.lang.invoke.DirectMethodHandle$Holder.invokeStaticInit(java.lang.Object)'> (0x000000008932ae00) 
thrown [./open/src/hotspot/share/interpreter/linkResolver.cpp, line 782]
Event: 0.314 Thread 0x00000245d08ccb60 Exception <a 'java/lang/NoSuchMethodError'{0x00000000892133b0}: 'java.lang.Object java.lang.invoke.DirectMethodHandle$Holder.newInvokeSpecial(java.lang.Object, java.lang.Object, java.lang.Object, java.lang.Object, java.lang.Object)'> (0x00000000892133b0) 
thrown [./open/src/hotspot/share/interpreter/linkResolver.cpp, line 782]
Event: 0.317 Thread 0x00000245d08ccb60 Exception <a 'java/lang/NoSuchMethodError'{0x000000008921ee40}: 'java.lang.Object java.lang.invoke.DirectMethodHandle$Holder.invokeStatic(java.lang.Object, int, java.lang.Object, java.lang.Object, java.lang.Object, java.lang.Object)'> (0x000000008921ee40) 
thrown [./open/src/hotspot/share/interpreter/linkResolver.cpp, line 782]
Event: 0.324 Thread 0x00000245d08ccb60 Exception <a 'java/lang/NoSuchMethodError'{0x00000000892450e8}: 'java.lang.Object java.lang.invoke.DirectMethodHandle$Holder.invokeStatic(java.lang.Object, int, java.lang.Object)'> (0x00000000892450e8) 
thrown [./open/src/hotspot/share/interpreter/linkResolver.cpp, line 782]
Event: 0.359 Thread 0x00000245d08ccb60 Exception <a 'java/lang/ClassNotFoundException'{0x00000000892fd7d8}: com/sun/swing/internal/plaf/metal/resources/spi/metalProvider> (0x00000000892fd7d8) 
thrown [./open/src/hotspot/share/classfile/systemDictionary.cpp, line 295]
Event: 0.360 Thread 0x00000245d08ccb60 Exception <a 'java/lang/ClassNotFoundException'{0x0000000089102030}: com/sun/swing/internal/plaf/basic/resources/spi/basicProvider> (0x0000000089102030) 
thrown [./open/src/hotspot/share/classfile/systemDictionary.cpp, line 295]
Event: 0.388 Thread 0x00000245f2055bb0 Exception <a 'java/lang/NoSuchMethodError'{0x00000000891982e0}: 'java.lang.Object java.lang.invoke.DirectMethodHandle$Holder.newInvokeSpecial(java.lang.Object, java.lang.Object, java.lang.Object, int, int, int, int, int)'> (0x00000000891982e0) 
thrown [./open/src/hotspot/share/interpreter/linkResolver.cpp, line 782]
Event: 0.870 Thread 0x00000245f2c277f0 Implicit null exception at 0x00000245e1dfc286 to 0x00000245e1dfc3e8
Event: 1.042 Thread 0x00000245d08ccb60 Exception <a 'java/lang/NoSuchMethodError'{0x00000000885c02e8}: 'void java.lang.invoke.DirectMethodHandle$Holder.invokeStaticInit(java.lang.Object)'> (0x00000000885c02e8) 
thrown [./open/src/hotspot/share/interpreter/linkResolver.cpp, line 782]
Event: 3155.115 Thread 0x00000245f32c38b0 Exception <a 'java/lang/NoSuchMethodError'{0x00000000883ade00}: 'void java.lang.invoke.DirectMethodHandle$Holder.invokeVirtual(java.lang.Object, java.lang.Object)'> (0x00000000883ade00) 
thrown [./open/src/hotspot/share/interpreter/linkResolver.cpp, line 782]

Events (20 events):
Event: 4.701 loading class sun/awt/SunToolkit$1
Event: 4.701 loading class sun/awt/SunToolkit$1 done
Event: 5.871 Thread 0x00000245f2055bb0 Thread exited: 0x00000245f2055bb0
Event: 5.947 Thread 0x00000245f2c277f0 Thread exited: 0x00000245f2c277f0
Event: 3155.107 loading class java/util/WeakHashMap$KeyIterator
Event: 3155.109 loading class java/util/WeakHashMap$HashIterator
Event: 3155.110 loading class java/util/WeakHashMap$HashIterator done
Event: 3155.110 loading class java/util/WeakHashMap$KeyIterator done
Event: 3155.141 loading class javax/swing/RepaintManager$DisplayChangedRunnable
Event: 3155.141 loading class javax/swing/RepaintManager$DisplayChangedRunnable done
Event: 3155.142 loading class java/awt/AWTError
Event: 3155.143 loading class java/awt/AWTError done
Event: 3155.143 loading class java/lang/InterruptedException
Event: 3155.143 loading class java/lang/InterruptedException done
Event: 3155.145 loading class java/lang/Throwable$WrappedPrintStream
Event: 3155.146 loading class java/lang/Throwable$PrintStreamOrWriter
Event: 3155.146 loading class java/lang/Throwable$PrintStreamOrWriter done
Event: 3155.146 loading class java/lang/Throwable$WrappedPrintStream done
Event: 3155.148 loading class java/lang/StackTraceElement$HashedModules
Event: 3155.148 loading class java/lang/StackTraceElement$HashedModules done


Dynamic libraries:
0x00007ff7ccfd0000 - 0x00007ff7ccfdf000 	C:\Program Files\Java\jdk-15.0.2\bin\javaw.exe
0x00007ff8b9f10000 - 0x00007ff8ba105000 	C:\WINDOWS\SYSTEM32\ntdll.dll
0x00007ff8b9ce0000 - 0x00007ff8b9d9d000 	C:\WINDOWS\System32\KERNEL32.DLL
0x00007ff8b7c20000 - 0x00007ff8b7ee8000 	C:\WINDOWS\System32\KERNELBASE.dll
0x00007ff8b7960000 - 0x00007ff8b7a60000 	C:\WINDOWS\System32\ucrtbase.dll
0x00007ff899920000 - 0x00007ff899938000 	C:\Program Files\Java\jdk-15.0.2\bin\jli.dll
0x00007ff899940000 - 0x00007ff899959000 	C:\Program Files\Java\jdk-15.0.2\bin\VCRUNTIME140.dll
0x00007ff8b8dc0000 - 0x00007ff8b8e6c000 	C:\WINDOWS\System32\ADVAPI32.dll
0x00007ff8b9da0000 - 0x00007ff8b9e3e000 	C:\WINDOWS\System32\msvcrt.dll
0x00007ff8b93f0000 - 0x00007ff8b948b000 	C:\WINDOWS\System32\sechost.dll
0x00007ff8b91b0000 - 0x00007ff8b92db000 	C:\WINDOWS\System32\RPCRT4.dll
0x00007ff8b87a0000 - 0x00007ff8b8940000 	C:\WINDOWS\System32\USER32.dll
0x00007ff8b7930000 - 0x00007ff8b7952000 	C:\WINDOWS\System32\win32u.dll
0x00007ff89f610000 - 0x00007ff89f8aa000 	C:\WINDOWS\WinSxS\amd64_microsoft.windows.common-controls_6595b64144ccf1df_6.0.19041.844_none_ca00b6081b84eb1d\COMCTL32.dll
0x00007ff8b8770000 - 0x00007ff8b879a000 	C:\WINDOWS\System32\GDI32.dll
0x00007ff8b76a0000 - 0x00007ff8b77ab000 	C:\WINDOWS\System32\gdi32full.dll
0x00007ff8b7860000 - 0x00007ff8b78fd000 	C:\WINDOWS\System32\msvcp_win.dll
0x00007ff8af540000 - 0x00007ff8af54a000 	C:\WINDOWS\SYSTEM32\VERSION.dll
0x00007ff8b9cb0000 - 0x00007ff8b9ce0000 	C:\WINDOWS\System32\IMM32.DLL
0x00007ff8a8660000 - 0x00007ff8a866c000 	C:\Program Files\Java\jdk-15.0.2\bin\vcruntime140_1.dll
0x00007ff888e80000 - 0x00007ff888f11000 	C:\Program Files\Java\jdk-15.0.2\bin\msvcp140.dll
0x00007ff869f60000 - 0x00007ff86aabe000 	C:\Program Files\Java\jdk-15.0.2\bin\server\jvm.dll
0x00007ff8b8db0000 - 0x00007ff8b8db8000 	C:\WINDOWS\System32\PSAPI.DLL
0x00007ff8acb00000 - 0x00007ff8acb27000 	C:\WINDOWS\SYSTEM32\WINMM.dll
0x00007ff8b18b0000 - 0x00007ff8b18b9000 	C:\WINDOWS\SYSTEM32\WSOCK32.dll
0x00007ff8b9000000 - 0x00007ff8b906b000 	C:\WINDOWS\System32\WS2_32.dll
0x00007ff8b5620000 - 0x00007ff8b5632000 	C:\WINDOWS\SYSTEM32\kernel.appcore.dll
0x00007ff8b30c0000 - 0x00007ff8b30ca000 	C:\Program Files\Java\jdk-15.0.2\bin\jimage.dll
0x00007ff8b5330000 - 0x00007ff8b5514000 	C:\WINDOWS\SYSTEM32\DBGHELP.DLL
0x00007ff8b0520000 - 0x00007ff8b054c000 	C:\WINDOWS\SYSTEM32\dbgcore.DLL
0x00007ff8b7ef0000 - 0x00007ff8b7f70000 	C:\WINDOWS\System32\bcryptPrimitives.dll
0x00007ff8998e0000 - 0x00007ff899905000 	C:\Program Files\Java\jdk-15.0.2\bin\java.dll
0x00007ff8b9490000 - 0x00007ff8b9bd2000 	C:\WINDOWS\System32\SHELL32.dll
0x00007ff8b5790000 - 0x00007ff8b5f21000 	C:\WINDOWS\SYSTEM32\windows.storage.dll
0x00007ff8b8410000 - 0x00007ff8b8765000 	C:\WINDOWS\System32\combase.dll
0x00007ff8b7070000 - 0x00007ff8b709c000 	C:\WINDOWS\SYSTEM32\Wldp.dll
0x00007ff8b8130000 - 0x00007ff8b81de000 	C:\WINDOWS\System32\SHCORE.dll
0x00007ff8b81e0000 - 0x00007ff8b8235000 	C:\WINDOWS\System32\shlwapi.dll
0x00007ff8b7590000 - 0x00007ff8b75af000 	C:\WINDOWS\SYSTEM32\profapi.dll
0x00007ff8826b0000 - 0x00007ff882830000 	C:\Program Files\Java\jdk-15.0.2\bin\awt.dll
0x00007ff8b9be0000 - 0x00007ff8b9cad000 	C:\WINDOWS\System32\OLEAUT32.dll
0x00007ff8b49f0000 - 0x00007ff8b4a80000 	C:\WINDOWS\SYSTEM32\apphelp.dll
0x00007ff8b5120000 - 0x00007ff8b514f000 	C:\WINDOWS\system32\DWMAPI.DLL
0x00007ff8b4ef0000 - 0x00007ff8b4f8e000 	C:\WINDOWS\system32\uxtheme.dll
0x00007ff89a440000 - 0x00007ff89a566000 	C:\WINDOWS\system32\opengl32.dll
0x00007ff8a7640000 - 0x00007ff8a766c000 	C:\WINDOWS\SYSTEM32\GLU32.dll
0x00007ff8b9070000 - 0x00007ff8b9185000 	C:\WINDOWS\System32\MSCTF.dll
0x00007ff8b8ed0000 - 0x00007ff8b8ffa000 	C:\WINDOWS\System32\ole32.dll
0x00007ff8a9060000 - 0x00007ff8a9078000 	C:\Program Files\Java\jdk-15.0.2\bin\zip.dll
0x00007ff891c30000 - 0x00007ff891c5d000 	C:\Program Files\Java\jdk-15.0.2\bin\javajpeg.dll
0x00007ff888a20000 - 0x00007ff888aa5000 	C:\Program Files\Java\jdk-15.0.2\bin\freetype.dll
0x00007ff887430000 - 0x00007ff8874d9000 	C:\Program Files\Java\jdk-15.0.2\bin\fontmanager.dll
0x00007ff8aeb50000 - 0x00007ff8aeb69000 	C:\Program Files\Java\jdk-15.0.2\bin\net.dll
0x00007ff8b07b0000 - 0x00007ff8b08bb000 	C:\WINDOWS\SYSTEM32\WINHTTP.dll
0x00007ff8b6dc0000 - 0x00007ff8b6e2a000 	C:\WINDOWS\system32\mswsock.dll
0x00007ff8ab1a0000 - 0x00007ff8ab1b2000 	C:\Program Files\Java\jdk-15.0.2\bin\nio.dll
0x00007ff8ac490000 - 0x00007ff8ac589000 	C:\WINDOWS\SYSTEM32\textinputframework.dll
0x00007ff8b4230000 - 0x00007ff8b458e000 	C:\WINDOWS\System32\CoreUIComponents.dll
0x00007ff8b47c0000 - 0x00007ff8b48b2000 	C:\WINDOWS\System32\CoreMessaging.dll
0x00007ff8b63d0000 - 0x00007ff8b6403000 	C:\WINDOWS\SYSTEM32\ntmarta.dll
0x00007ff8b40d0000 - 0x00007ff8b4224000 	C:\WINDOWS\SYSTEM32\wintypes.dll
0x00007ff8b9340000 - 0x00007ff8b93e9000 	C:\WINDOWS\System32\clbcatq.dll
0x00007ff8ab730000 - 0x00007ff8ab8e4000 	C:\WINDOWS\SYSTEM32\WindowsCodecs.dll
0x00007ff8b7900000 - 0x00007ff8b7927000 	C:\WINDOWS\System32\bcrypt.dll
0x00007ff89f8b0000 - 0x00007ff89f8ee000 	C:\WINDOWS\system32\dataexchange.dll
0x00007ff8b1f90000 - 0x00007ff8b21f4000 	C:\WINDOWS\system32\d3d11.dll
0x00007ff8b45d0000 - 0x00007ff8b47b5000 	C:\WINDOWS\system32\dcomp.dll
0x00007ff8b60b0000 - 0x00007ff8b61a3000 	C:\WINDOWS\system32\dxgi.dll
0x00007ff8adf70000 - 0x00007ff8ae171000 	C:\WINDOWS\system32\twinapi.appcore.dll

dbghelp: loaded successfully - version: 4.0.5 - missing functions: none
symbol engine: initialized successfully - sym options: 0x614 - pdb path: .;C:\Program Files\Java\jdk-15.0.2\bin;C:\WINDOWS\SYSTEM32;C:\WINDOWS\WinSxS\amd64_microsoft.windows.common-controls_6595b64144ccf1df_6.0.19041.844_none_ca00b6081b84eb1d;C:\Program Files\Java\jdk-15.0.2\bin\server

VM Arguments:
jvm_args: -Dfile.encoding=Cp1252 -XX:+ShowCodeDetailsInExceptionMessages 
java_command: Karangpawitan.MakamGodog
java_class_path (initial): D:\Eclipse Workspace\Petadigitalfix\bin
Launcher Type: SUN_STANDARD

[Global flags]
     intx CICompilerCount                          = 4                                         {product} {ergonomic}
     uint ConcGCThreads                            = 2                                         {product} {ergonomic}
     uint G1ConcRefinementThreads                  = 8                                         {product} {ergonomic}
   size_t G1HeapRegionSize                         = 1048576                                   {product} {ergonomic}
    uintx GCDrainStackTargetSize                   = 64                                        {product} {ergonomic}
   size_t InitialHeapSize                          = 134217728                                 {product} {ergonomic}
   size_t MarkStackSize                            = 4194304                                   {product} {ergonomic}
   size_t MaxHeapSize                              = 2124414976                                {product} {ergonomic}
   size_t MaxNewSize                               = 1274019840                                {product} {ergonomic}
   size_t MinHeapDeltaBytes                        = 1048576                                   {product} {ergonomic}
   size_t MinHeapSize                              = 8388608                                   {product} {ergonomic}
    uintx NonNMethodCodeHeapSize                   = 5839372                                {pd product} {ergonomic}
    uintx NonProfiledCodeHeapSize                  = 122909434                              {pd product} {ergonomic}
    uintx ProfiledCodeHeapSize                     = 122909434                              {pd product} {ergonomic}
    uintx ReservedCodeCacheSize                    = 251658240                              {pd product} {ergonomic}
     bool SegmentedCodeCache                       = true                                      {product} {ergonomic}
     bool ShowCodeDetailsInExceptionMessages       = true                                   {manageable} {command line}
   size_t SoftMaxHeapSize                          = 2124414976                             {manageable} {ergonomic}
     bool UseCompressedClassPointers               = true                                 {lp64_product} {ergonomic}
     bool UseCompressedOops                        = true                                 {lp64_product} {ergonomic}
     bool UseG1GC                                  = true                                      {product} {ergonomic}
     bool UseLargePagesIndividualAllocation        = false                                  {pd product} {ergonomic}

Logging:
Log output configuration:
 #0: stdout all=warning uptime,level,tags
 #1: stderr all=off uptime,level,tags

Environment Variables:
PATH=C:/Program Files/Java/jdk-15.0.2/bin/server;C:/Program Files/Java/jdk-15.0.2/bin;C:\Program Files\Common Files\Oracle\Java\javapath;C:\Windows\system32;C:\Windows;C:\Windows\System32\Wbem;C:\Windows\System32\WindowsPowerShell\v1.0\;C:\Program Files (x86)\NVIDIA Corporation\PhysX\Common;C:\Program Files\NVIDIA Corporation\NVIDIA NvDLISR;C:\WINDOWS\system32;C:\WINDOWS;C:\WINDOWS\System32\Wbem;C:\WINDOWS\System32\WindowsPowerShell\v1.0\;C:\WINDOWS\System32\OpenSSH\;C:\Program Files\Java\jdk-15.0.2\bin;C:\Users\Asus\AppData\Local\Microsoft\WindowsApps;;C:\Users\Asus\Desktop;
USERNAME=Asus
OS=Windows_NT
PROCESSOR_IDENTIFIER=Intel64 Family 6 Model 142 Stepping 10, GenuineIntel



---------------  S Y S T E M  ---------------

OS:
 Windows 10 , 64 bit Build 19041 (10.0.19041.928)
OS uptime: 2 days 21:10 hours

CPU: total 8 (initial active 8) (4 cores per cpu, 2 threads per core) family 6 model 142 stepping 10 microcode 0xe0, cmov, cx8, fxsr, mmx, sse, sse2, sse3, ssse3, sse4.1, sse4.2, popcnt, vzeroupper, avx, avx2, clmul, erms, 3dnowpref, lzcnt, ht, tsc, tscinvbit, bmi1, bmi2, adx, fma, clflush, clflushopt

Memory: 4k page, system-wide physical 8102M (819M free)
TotalPageFile size 20462M (AvailPageFile size 7M)
current process WorkingSet (physical memory assigned to process): 42M, peak: 101M
current process commit charge ("private bytes"): 234M, peak: 240M

vm_info: Java HotSpot(TM) 64-Bit Server VM (15.0.2+7-27) for windows-amd64 JRE (15.0.2+7-27), built on Dec  7 2020 20:07:01 by "mach5one" with unknown MS VC++:1925

END.
