#
# There is insufficient memory for the Java Runtime Environment to continue.
# Native memory allocation (malloc) failed to allocate 32744 bytes for ChunkPool::allocate
# Possible reasons:
#   The system is out of physical RAM or swap space
#   The process is running with CompressedOops enabled, and the Java Heap may be blocking the growth of the native heap
# Possible solutions:
#   Reduce memory load on the system
#   Increase physical memory or swap space
#   Check if swap backing store is full
#   Decrease Java heap size (-Xmx/-Xms)
#   Decrease number of Java threads
#   Decrease Java thread stack sizes (-Xss)
#   Set larger code cache with -XX:ReservedCodeCacheSize=
#   JVM is running with Unscaled Compressed Oops mode in which the Java heap is
#     placed in the first 4GB address space. The Java Heap base address is the
#     maximum limit for the native heap growth. Please use -XX:HeapBaseMinAddress
#     to set the Java Heap base and to place the Java Heap above 4GB virtual address.
# This output file may be truncated or incomplete.
#
#  Out of Memory Error (./open/src/hotspot/share/memory/arena.cpp:79), pid=14012, tid=14388
#
# JRE version: Java(TM) SE Runtime Environment (15.0.2+7) (build 15.0.2+7-27)
# Java VM: Java HotSpot(TM) 64-Bit Server VM (15.0.2+7-27, mixed mode, sharing, tiered, compressed oops, g1 gc, windows-amd64)
# No core dump will be written. Minidumps are not enabled by default on client versions of Windows
#

---------------  S U M M A R Y ------------

Command Line: -Dfile.encoding=Cp1252 -XX:+ShowCodeDetailsInExceptionMessages Petadigitalfix.PetaDigital

Host: Intel(R) Core(TM) i5-8250U CPU @ 1.60GHz, 8 cores, 7G,  Windows 10 , 64 bit Build 19041 (10.0.19041.804)
Time: Mon Apr  5 05:21:27 2021 SE Asia Standard Time elapsed time: 42.086427 seconds (0d 0h 0m 42s)

---------------  T H R E A D  ---------------

Current thread (0x000002a7605f4000):  JavaThread "C2 CompilerThread0" daemon [_thread_in_native, id=14388, stack(0x000000e647f00000,0x000000e648000000)]


Current CompileTask:
C2:  42086  977       4       java.util.Arrays::binarySearch0 (95 bytes)

Stack: [0x000000e647f00000,0x000000e648000000]
Native frames: (J=compiled Java code, j=interpreted, Vv=VM code, C=native code)
V  [jvm.dll+0x62ae9a]
V  [jvm.dll+0x7817a9]
V  [jvm.dll+0x782f03]
V  [jvm.dll+0x783563]
V  [jvm.dll+0x216325]
V  [jvm.dll+0x982cf]
V  [jvm.dll+0x9861c]
V  [jvm.dll+0x279f9f]
V  [jvm.dll+0x540794]
V  [jvm.dll+0x1f2cd4]
V  [jvm.dll+0x1ec477]
V  [jvm.dll+0x1e9867]
V  [jvm.dll+0x178567]
V  [jvm.dll+0x1f9225]
V  [jvm.dll+0x1f72cc]
V  [jvm.dll+0x74495d]
V  [jvm.dll+0x73d75a]
V  [jvm.dll+0x629c56]
C  [ucrtbase.dll+0x21bb2]
C  [KERNEL32.DLL+0x17034]
C  [ntdll.dll+0x52651]


---------------  P R O C E S S  ---------------

Threads class SMR info:
_java_thread_list=0x000002a761eeb310, length=15, elements={
0x000002a7605d11d0, 0x000002a7605d23c0, 0x000002a7605ece60, 0x000002a7605f1b40,
0x000002a7605f2400, 0x000002a7605f4000, 0x000002a760600620, 0x000002a7606316f0,
0x000002a761047270, 0x000002a76104de30, 0x000002a761242fa0, 0x000002a76128daf0,
0x000002a761294cc0, 0x000002a76132a7d0, 0x000002a741af01d0
}

Java Threads: ( => current thread )
  0x000002a7605d11d0 JavaThread "Reference Handler" daemon [_thread_blocked, id=12932, stack(0x000000e647a00000,0x000000e647b00000)]
  0x000002a7605d23c0 JavaThread "Finalizer" daemon [_thread_blocked, id=12048, stack(0x000000e647b00000,0x000000e647c00000)]
  0x000002a7605ece60 JavaThread "Signal Dispatcher" daemon [_thread_blocked, id=15944, stack(0x000000e647c00000,0x000000e647d00000)]
  0x000002a7605f1b40 JavaThread "Attach Listener" daemon [_thread_blocked, id=16508, stack(0x000000e647d00000,0x000000e647e00000)]
  0x000002a7605f2400 JavaThread "Service Thread" daemon [_thread_blocked, id=2932, stack(0x000000e647e00000,0x000000e647f00000)]
=>0x000002a7605f4000 JavaThread "C2 CompilerThread0" daemon [_thread_in_native, id=14388, stack(0x000000e647f00000,0x000000e648000000)]
  0x000002a760600620 JavaThread "C1 CompilerThread0" daemon [_thread_blocked, id=1740, stack(0x000000e648000000,0x000000e648100000)]
  0x000002a7606316f0 JavaThread "Sweeper thread" daemon [_thread_blocked, id=16396, stack(0x000000e648100000,0x000000e648200000)]
  0x000002a761047270 JavaThread "Notification Thread" daemon [_thread_blocked, id=16212, stack(0x000000e648200000,0x000000e648300000)]
  0x000002a76104de30 JavaThread "Common-Cleaner" daemon [_thread_blocked, id=5532, stack(0x000000e648400000,0x000000e648500000)]
  0x000002a761242fa0 JavaThread "Java2D Disposer" daemon [_thread_blocked, id=7968, stack(0x000000e648500000,0x000000e648600000)]
  0x000002a76128daf0 JavaThread "AWT-Shutdown" [_thread_blocked, id=6820, stack(0x000000e648600000,0x000000e648700000)]
  0x000002a761294cc0 JavaThread "AWT-Windows" daemon [_thread_in_native, id=6260, stack(0x000000e648700000,0x000000e648800000)]
  0x000002a76132a7d0 JavaThread "AWT-EventQueue-0" [_thread_blocked, id=11288, stack(0x000000e648b00000,0x000000e648c00000)]
  0x000002a741af01d0 JavaThread "DestroyJavaVM" [_thread_blocked, id=7288, stack(0x000000e647300000,0x000000e647400000)]

Other Threads:
  0x000002a7605cdb30 VMThread "VM Thread" [stack: 0x000000e647900000,0x000000e647a00000] [id=16984]
  0x000002a76104d980 WatcherThread [stack: 0x000000e648300000,0x000000e648400000] [id=18256]
  0x000002a741b30f50 GCTaskThread "GC Thread#0" [stack: 0x000000e647400000,0x000000e647500000] [id=14964]
  0x000002a741b41d70 ConcurrentGCThread "G1 Main Marker" [stack: 0x000000e647500000,0x000000e647600000] [id=12156]
  0x000002a741b43f20 ConcurrentGCThread "G1 Conc#0" [stack: 0x000000e647600000,0x000000e647700000] [id=12160]
  0x000002a741bc0ae0 ConcurrentGCThread "G1 Refine#0" [stack: 0x000000e647700000,0x000000e647800000] [id=8376]
  0x000002a741bc1390 ConcurrentGCThread "G1 Young RemSet Sampling" [stack: 0x000000e647800000,0x000000e647900000] [id=9648]

Threads with active compile tasks:
C2 CompilerThread0    43169  977       4       java.util.Arrays::binarySearch0 (95 bytes)

VM state: not at safepoint (normal execution)

VM Mutex/Monitor currently owned by a thread: None

Heap address: 0x0000000081600000, size: 2026 MB, Compressed Oops mode: 32-bit
CDS archive(s) mapped at: [0x0000000800000000-0x0000000800b50000-0x0000000800b50000), size 11862016, SharedBaseAddress: 0x0000000800000000, ArchiveRelocationMode: 0.
Compressed class space mapped at: 0x0000000800b50000-0x0000000840b50000, size: 1073741824
Narrow klass base: 0x0000000800000000, Narrow klass shift: 3, Narrow klass range: 0x100000000

GC Precious Log:
 CPUs: 8 total, 8 available
 Memory: 8102M
 Large Page Support: Disabled
 NUMA Support: Disabled
 Compressed Oops: Enabled (32-bit)
 Heap Region Size: 1M
 Heap Min Capacity: 8M
 Heap Initial Capacity: 128M
 Heap Max Capacity: 2026M
 Pre-touch: Disabled
 Parallel Workers: 8
 Concurrent Workers: 2
 Concurrent Refinement Workers: 8
 Periodic GC: Disabled

Heap:
 garbage-first heap   total 131072K, used 40960K [0x0000000081600000, 0x0000000100000000)
  region size 1024K, 18 young (18432K), 0 survivors (0K)
 Metaspace       used 7306K, capacity 7450K, committed 7552K, reserved 1056768K
  class space    used 766K, capacity 834K, committed 896K, reserved 1048576K

Heap Regions: E=young(eden), S=young(survivor), O=old, HS=humongous(starts), HC=humongous(continues), CS=collection set, F=free, OA=open archive, CA=closed archive, TAMS=top-at-mark-start (previous, next)
|   0|0x0000000081600000, 0x0000000081700000, 0x0000000081700000|100%|HS|  |TAMS 0x0000000081600000, 0x0000000081600000| Complete 
|   1|0x0000000081700000, 0x0000000081800000, 0x0000000081800000|100%|HC|  |TAMS 0x0000000081700000, 0x0000000081700000| Complete 
|   2|0x0000000081800000, 0x0000000081900000, 0x0000000081900000|100%|HS|  |TAMS 0x0000000081800000, 0x0000000081800000| Complete 
|   3|0x0000000081900000, 0x0000000081a00000, 0x0000000081a00000|100%|HC|  |TAMS 0x0000000081900000, 0x0000000081900000| Complete 
|   4|0x0000000081a00000, 0x0000000081b00000, 0x0000000081b00000|100%|HC|  |TAMS 0x0000000081a00000, 0x0000000081a00000| Complete 
|   5|0x0000000081b00000, 0x0000000081c00000, 0x0000000081c00000|100%|HS|  |TAMS 0x0000000081b00000, 0x0000000081b00000| Complete 
|   6|0x0000000081c00000, 0x0000000081d00000, 0x0000000081d00000|100%|HC|  |TAMS 0x0000000081c00000, 0x0000000081c00000| Complete 
|   7|0x0000000081d00000, 0x0000000081e00000, 0x0000000081e00000|100%|HC|  |TAMS 0x0000000081d00000, 0x0000000081d00000| Complete 
|   8|0x0000000081e00000, 0x0000000081f00000, 0x0000000081f00000|100%|HC|  |TAMS 0x0000000081e00000, 0x0000000081e00000| Complete 
|   9|0x0000000081f00000, 0x0000000082000000, 0x0000000082000000|100%|HS|  |TAMS 0x0000000081f00000, 0x0000000081f00000| Complete 
|  10|0x0000000082000000, 0x0000000082100000, 0x0000000082100000|100%|HC|  |TAMS 0x0000000082000000, 0x0000000082000000| Complete 
|  11|0x0000000082100000, 0x0000000082200000, 0x0000000082200000|100%|HC|  |TAMS 0x0000000082100000, 0x0000000082100000| Complete 
|  12|0x0000000082200000, 0x0000000082300000, 0x0000000082300000|100%|HS|  |TAMS 0x0000000082200000, 0x0000000082200000| Complete 
|  13|0x0000000082300000, 0x0000000082400000, 0x0000000082400000|100%|HC|  |TAMS 0x0000000082300000, 0x0000000082300000| Complete 
|  14|0x0000000082400000, 0x0000000082500000, 0x0000000082500000|100%|HC|  |TAMS 0x0000000082400000, 0x0000000082400000| Complete 
|  15|0x0000000082500000, 0x0000000082600000, 0x0000000082600000|100%|HS|  |TAMS 0x0000000082500000, 0x0000000082500000| Complete 
|  16|0x0000000082600000, 0x0000000082700000, 0x0000000082700000|100%|HC|  |TAMS 0x0000000082600000, 0x0000000082600000| Complete 
|  17|0x0000000082700000, 0x0000000082800000, 0x0000000082800000|100%|HC|  |TAMS 0x0000000082700000, 0x0000000082700000| Complete 
|  18|0x0000000082800000, 0x0000000082900000, 0x0000000082900000|100%|HC|  |TAMS 0x0000000082800000, 0x0000000082800000| Complete 
|  19|0x0000000082900000, 0x0000000082a00000, 0x0000000082a00000|100%|HC|  |TAMS 0x0000000082900000, 0x0000000082900000| Complete 
|  20|0x0000000082a00000, 0x0000000082b00000, 0x0000000082b00000|100%|HC|  |TAMS 0x0000000082a00000, 0x0000000082a00000| Complete 
|  21|0x0000000082b00000, 0x0000000082c00000, 0x0000000082c00000|100%|HC|  |TAMS 0x0000000082b00000, 0x0000000082b00000| Complete 
|  22|0x0000000082c00000, 0x0000000082d00000, 0x0000000082d00000|100%|HC|  |TAMS 0x0000000082c00000, 0x0000000082c00000| Complete 
|  23|0x0000000082d00000, 0x0000000082d00000, 0x0000000082e00000|  0%| F|  |TAMS 0x0000000082d00000, 0x0000000082d00000| Untracked 
|  24|0x0000000082e00000, 0x0000000082e00000, 0x0000000082f00000|  0%| F|  |TAMS 0x0000000082e00000, 0x0000000082e00000| Untracked 
|  25|0x0000000082f00000, 0x0000000082f00000, 0x0000000083000000|  0%| F|  |TAMS 0x0000000082f00000, 0x0000000082f00000| Untracked 
|  26|0x0000000083000000, 0x0000000083000000, 0x0000000083100000|  0%| F|  |TAMS 0x0000000083000000, 0x0000000083000000| Untracked 
|  27|0x0000000083100000, 0x0000000083100000, 0x0000000083200000|  0%| F|  |TAMS 0x0000000083100000, 0x0000000083100000| Untracked 
|  28|0x0000000083200000, 0x0000000083200000, 0x0000000083300000|  0%| F|  |TAMS 0x0000000083200000, 0x0000000083200000| Untracked 
|  29|0x0000000083300000, 0x0000000083300000, 0x0000000083400000|  0%| F|  |TAMS 0x0000000083300000, 0x0000000083300000| Untracked 
|  30|0x0000000083400000, 0x0000000083400000, 0x0000000083500000|  0%| F|  |TAMS 0x0000000083400000, 0x0000000083400000| Untracked 
|  31|0x0000000083500000, 0x0000000083500000, 0x0000000083600000|  0%| F|  |TAMS 0x0000000083500000, 0x0000000083500000| Untracked 
|  32|0x0000000083600000, 0x0000000083600000, 0x0000000083700000|  0%| F|  |TAMS 0x0000000083600000, 0x0000000083600000| Untracked 
|  33|0x0000000083700000, 0x0000000083700000, 0x0000000083800000|  0%| F|  |TAMS 0x0000000083700000, 0x0000000083700000| Untracked 
|  34|0x0000000083800000, 0x0000000083800000, 0x0000000083900000|  0%| F|  |TAMS 0x0000000083800000, 0x0000000083800000| Untracked 
|  35|0x0000000083900000, 0x0000000083900000, 0x0000000083a00000|  0%| F|  |TAMS 0x0000000083900000, 0x0000000083900000| Untracked 
|  36|0x0000000083a00000, 0x0000000083a00000, 0x0000000083b00000|  0%| F|  |TAMS 0x0000000083a00000, 0x0000000083a00000| Untracked 
|  37|0x0000000083b00000, 0x0000000083b00000, 0x0000000083c00000|  0%| F|  |TAMS 0x0000000083b00000, 0x0000000083b00000| Untracked 
|  38|0x0000000083c00000, 0x0000000083c00000, 0x0000000083d00000|  0%| F|  |TAMS 0x0000000083c00000, 0x0000000083c00000| Untracked 
|  39|0x0000000083d00000, 0x0000000083d00000, 0x0000000083e00000|  0%| F|  |TAMS 0x0000000083d00000, 0x0000000083d00000| Untracked 
|  40|0x0000000083e00000, 0x0000000083e00000, 0x0000000083f00000|  0%| F|  |TAMS 0x0000000083e00000, 0x0000000083e00000| Untracked 
|  41|0x0000000083f00000, 0x0000000083f00000, 0x0000000084000000|  0%| F|  |TAMS 0x0000000083f00000, 0x0000000083f00000| Untracked 
|  42|0x0000000084000000, 0x0000000084000000, 0x0000000084100000|  0%| F|  |TAMS 0x0000000084000000, 0x0000000084000000| Untracked 
|  43|0x0000000084100000, 0x0000000084100000, 0x0000000084200000|  0%| F|  |TAMS 0x0000000084100000, 0x0000000084100000| Untracked 
|  44|0x0000000084200000, 0x0000000084200000, 0x0000000084300000|  0%| F|  |TAMS 0x0000000084200000, 0x0000000084200000| Untracked 
|  45|0x0000000084300000, 0x0000000084300000, 0x0000000084400000|  0%| F|  |TAMS 0x0000000084300000, 0x0000000084300000| Untracked 
|  46|0x0000000084400000, 0x0000000084400000, 0x0000000084500000|  0%| F|  |TAMS 0x0000000084400000, 0x0000000084400000| Untracked 
|  47|0x0000000084500000, 0x0000000084500000, 0x0000000084600000|  0%| F|  |TAMS 0x0000000084500000, 0x0000000084500000| Untracked 
|  48|0x0000000084600000, 0x0000000084600000, 0x0000000084700000|  0%| F|  |TAMS 0x0000000084600000, 0x0000000084600000| Untracked 
|  49|0x0000000084700000, 0x0000000084700000, 0x0000000084800000|  0%| F|  |TAMS 0x0000000084700000, 0x0000000084700000| Untracked 
|  50|0x0000000084800000, 0x0000000084800000, 0x0000000084900000|  0%| F|  |TAMS 0x0000000084800000, 0x0000000084800000| Untracked 
|  51|0x0000000084900000, 0x0000000084900000, 0x0000000084a00000|  0%| F|  |TAMS 0x0000000084900000, 0x0000000084900000| Untracked 
|  52|0x0000000084a00000, 0x0000000084a00000, 0x0000000084b00000|  0%| F|  |TAMS 0x0000000084a00000, 0x0000000084a00000| Untracked 
|  53|0x0000000084b00000, 0x0000000084b00000, 0x0000000084c00000|  0%| F|  |TAMS 0x0000000084b00000, 0x0000000084b00000| Untracked 
|  54|0x0000000084c00000, 0x0000000084c00000, 0x0000000084d00000|  0%| F|  |TAMS 0x0000000084c00000, 0x0000000084c00000| Untracked 
|  55|0x0000000084d00000, 0x0000000084d00000, 0x0000000084e00000|  0%| F|  |TAMS 0x0000000084d00000, 0x0000000084d00000| Untracked 
|  56|0x0000000084e00000, 0x0000000084e00000, 0x0000000084f00000|  0%| F|  |TAMS 0x0000000084e00000, 0x0000000084e00000| Untracked 
|  57|0x0000000084f00000, 0x0000000084f00000, 0x0000000085000000|  0%| F|  |TAMS 0x0000000084f00000, 0x0000000084f00000| Untracked 
|  58|0x0000000085000000, 0x0000000085000000, 0x0000000085100000|  0%| F|  |TAMS 0x0000000085000000, 0x0000000085000000| Untracked 
|  59|0x0000000085100000, 0x0000000085100000, 0x0000000085200000|  0%| F|  |TAMS 0x0000000085100000, 0x0000000085100000| Untracked 
|  60|0x0000000085200000, 0x0000000085200000, 0x0000000085300000|  0%| F|  |TAMS 0x0000000085200000, 0x0000000085200000| Untracked 
|  61|0x0000000085300000, 0x0000000085300000, 0x0000000085400000|  0%| F|  |TAMS 0x0000000085300000, 0x0000000085300000| Untracked 
|  62|0x0000000085400000, 0x0000000085400000, 0x0000000085500000|  0%| F|  |TAMS 0x0000000085400000, 0x0000000085400000| Untracked 
|  63|0x0000000085500000, 0x0000000085500000, 0x0000000085600000|  0%| F|  |TAMS 0x0000000085500000, 0x0000000085500000| Untracked 
|  64|0x0000000085600000, 0x0000000085600000, 0x0000000085700000|  0%| F|  |TAMS 0x0000000085600000, 0x0000000085600000| Untracked 
|  65|0x0000000085700000, 0x0000000085700000, 0x0000000085800000|  0%| F|  |TAMS 0x0000000085700000, 0x0000000085700000| Untracked 
|  66|0x0000000085800000, 0x0000000085800000, 0x0000000085900000|  0%| F|  |TAMS 0x0000000085800000, 0x0000000085800000| Untracked 
|  67|0x0000000085900000, 0x0000000085900000, 0x0000000085a00000|  0%| F|  |TAMS 0x0000000085900000, 0x0000000085900000| Untracked 
|  68|0x0000000085a00000, 0x0000000085a00000, 0x0000000085b00000|  0%| F|  |TAMS 0x0000000085a00000, 0x0000000085a00000| Untracked 
|  69|0x0000000085b00000, 0x0000000085b00000, 0x0000000085c00000|  0%| F|  |TAMS 0x0000000085b00000, 0x0000000085b00000| Untracked 
|  70|0x0000000085c00000, 0x0000000085c00000, 0x0000000085d00000|  0%| F|  |TAMS 0x0000000085c00000, 0x0000000085c00000| Untracked 
|  71|0x0000000085d00000, 0x0000000085d00000, 0x0000000085e00000|  0%| F|  |TAMS 0x0000000085d00000, 0x0000000085d00000| Untracked 
|  72|0x0000000085e00000, 0x0000000085e00000, 0x0000000085f00000|  0%| F|  |TAMS 0x0000000085e00000, 0x0000000085e00000| Untracked 
|  73|0x0000000085f00000, 0x0000000085f00000, 0x0000000086000000|  0%| F|  |TAMS 0x0000000085f00000, 0x0000000085f00000| Untracked 
|  74|0x0000000086000000, 0x0000000086000000, 0x0000000086100000|  0%| F|  |TAMS 0x0000000086000000, 0x0000000086000000| Untracked 
|  75|0x0000000086100000, 0x0000000086100000, 0x0000000086200000|  0%| F|  |TAMS 0x0000000086100000, 0x0000000086100000| Untracked 
|  76|0x0000000086200000, 0x0000000086200000, 0x0000000086300000|  0%| F|  |TAMS 0x0000000086200000, 0x0000000086200000| Untracked 
|  77|0x0000000086300000, 0x0000000086300000, 0x0000000086400000|  0%| F|  |TAMS 0x0000000086300000, 0x0000000086300000| Untracked 
|  78|0x0000000086400000, 0x0000000086400000, 0x0000000086500000|  0%| F|  |TAMS 0x0000000086400000, 0x0000000086400000| Untracked 
|  79|0x0000000086500000, 0x0000000086500000, 0x0000000086600000|  0%| F|  |TAMS 0x0000000086500000, 0x0000000086500000| Untracked 
|  80|0x0000000086600000, 0x0000000086600000, 0x0000000086700000|  0%| F|  |TAMS 0x0000000086600000, 0x0000000086600000| Untracked 
|  81|0x0000000086700000, 0x0000000086700000, 0x0000000086800000|  0%| F|  |TAMS 0x0000000086700000, 0x0000000086700000| Untracked 
|  82|0x0000000086800000, 0x0000000086800000, 0x0000000086900000|  0%| F|  |TAMS 0x0000000086800000, 0x0000000086800000| Untracked 
|  83|0x0000000086900000, 0x0000000086900000, 0x0000000086a00000|  0%| F|  |TAMS 0x0000000086900000, 0x0000000086900000| Untracked 
|  84|0x0000000086a00000, 0x0000000086a00000, 0x0000000086b00000|  0%| F|  |TAMS 0x0000000086a00000, 0x0000000086a00000| Untracked 
|  85|0x0000000086b00000, 0x0000000086b00000, 0x0000000086c00000|  0%| F|  |TAMS 0x0000000086b00000, 0x0000000086b00000| Untracked 
|  86|0x0000000086c00000, 0x0000000086c00000, 0x0000000086d00000|  0%| F|  |TAMS 0x0000000086c00000, 0x0000000086c00000| Untracked 
|  87|0x0000000086d00000, 0x0000000086d00000, 0x0000000086e00000|  0%| F|  |TAMS 0x0000000086d00000, 0x0000000086d00000| Untracked 
|  88|0x0000000086e00000, 0x0000000086e00000, 0x0000000086f00000|  0%| F|  |TAMS 0x0000000086e00000, 0x0000000086e00000| Untracked 
|  89|0x0000000086f00000, 0x0000000086f00000, 0x0000000087000000|  0%| F|  |TAMS 0x0000000086f00000, 0x0000000086f00000| Untracked 
|  90|0x0000000087000000, 0x0000000087000000, 0x0000000087100000|  0%| F|  |TAMS 0x0000000087000000, 0x0000000087000000| Untracked 
|  91|0x0000000087100000, 0x0000000087100000, 0x0000000087200000|  0%| F|  |TAMS 0x0000000087100000, 0x0000000087100000| Untracked 
|  92|0x0000000087200000, 0x0000000087200000, 0x0000000087300000|  0%| F|  |TAMS 0x0000000087200000, 0x0000000087200000| Untracked 
|  93|0x0000000087300000, 0x0000000087300000, 0x0000000087400000|  0%| F|  |TAMS 0x0000000087300000, 0x0000000087300000| Untracked 
|  94|0x0000000087400000, 0x0000000087400000, 0x0000000087500000|  0%| F|  |TAMS 0x0000000087400000, 0x0000000087400000| Untracked 
|  95|0x0000000087500000, 0x0000000087500000, 0x0000000087600000|  0%| F|  |TAMS 0x0000000087500000, 0x0000000087500000| Untracked 
|  96|0x0000000087600000, 0x0000000087600000, 0x0000000087700000|  0%| F|  |TAMS 0x0000000087600000, 0x0000000087600000| Untracked 
|  97|0x0000000087700000, 0x0000000087700000, 0x0000000087800000|  0%| F|  |TAMS 0x0000000087700000, 0x0000000087700000| Untracked 
|  98|0x0000000087800000, 0x0000000087800000, 0x0000000087900000|  0%| F|  |TAMS 0x0000000087800000, 0x0000000087800000| Untracked 
|  99|0x0000000087900000, 0x0000000087900000, 0x0000000087a00000|  0%| F|  |TAMS 0x0000000087900000, 0x0000000087900000| Untracked 
| 100|0x0000000087a00000, 0x0000000087a00000, 0x0000000087b00000|  0%| F|  |TAMS 0x0000000087a00000, 0x0000000087a00000| Untracked 
| 101|0x0000000087b00000, 0x0000000087b00000, 0x0000000087c00000|  0%| F|  |TAMS 0x0000000087b00000, 0x0000000087b00000| Untracked 
| 102|0x0000000087c00000, 0x0000000087c00000, 0x0000000087d00000|  0%| F|  |TAMS 0x0000000087c00000, 0x0000000087c00000| Untracked 
| 103|0x0000000087d00000, 0x0000000087d00000, 0x0000000087e00000|  0%| F|  |TAMS 0x0000000087d00000, 0x0000000087d00000| Untracked 
| 104|0x0000000087e00000, 0x0000000087e00000, 0x0000000087f00000|  0%| F|  |TAMS 0x0000000087e00000, 0x0000000087e00000| Untracked 
| 105|0x0000000087f00000, 0x0000000087f00000, 0x0000000088000000|  0%| F|  |TAMS 0x0000000087f00000, 0x0000000087f00000| Untracked 
| 106|0x0000000088000000, 0x0000000088000000, 0x0000000088100000|  0%| F|  |TAMS 0x0000000088000000, 0x0000000088000000| Untracked 
| 107|0x0000000088100000, 0x0000000088100000, 0x0000000088200000|  0%| F|  |TAMS 0x0000000088100000, 0x0000000088100000| Untracked 
| 108|0x0000000088200000, 0x0000000088200000, 0x0000000088300000|  0%| F|  |TAMS 0x0000000088200000, 0x0000000088200000| Untracked 
| 109|0x0000000088300000, 0x0000000088300000, 0x0000000088400000|  0%| F|  |TAMS 0x0000000088300000, 0x0000000088300000| Untracked 
| 110|0x0000000088400000, 0x0000000088476448, 0x0000000088500000| 46%| E|  |TAMS 0x0000000088400000, 0x0000000088400000| Complete 
| 111|0x0000000088500000, 0x0000000088600000, 0x0000000088600000|100%| E|CS|TAMS 0x0000000088500000, 0x0000000088500000| Complete 
| 112|0x0000000088600000, 0x0000000088700000, 0x0000000088700000|100%| E|CS|TAMS 0x0000000088600000, 0x0000000088600000| Complete 
| 113|0x0000000088700000, 0x0000000088800000, 0x0000000088800000|100%| E|CS|TAMS 0x0000000088700000, 0x0000000088700000| Complete 
| 114|0x0000000088800000, 0x0000000088900000, 0x0000000088900000|100%| E|CS|TAMS 0x0000000088800000, 0x0000000088800000| Complete 
| 115|0x0000000088900000, 0x0000000088a00000, 0x0000000088a00000|100%| E|CS|TAMS 0x0000000088900000, 0x0000000088900000| Complete 
| 116|0x0000000088a00000, 0x0000000088b00000, 0x0000000088b00000|100%| E|CS|TAMS 0x0000000088a00000, 0x0000000088a00000| Complete 
| 117|0x0000000088b00000, 0x0000000088c00000, 0x0000000088c00000|100%| E|CS|TAMS 0x0000000088b00000, 0x0000000088b00000| Complete 
| 118|0x0000000088c00000, 0x0000000088d00000, 0x0000000088d00000|100%| E|CS|TAMS 0x0000000088c00000, 0x0000000088c00000| Complete 
| 119|0x0000000088d00000, 0x0000000088e00000, 0x0000000088e00000|100%| E|CS|TAMS 0x0000000088d00000, 0x0000000088d00000| Complete 
| 120|0x0000000088e00000, 0x0000000088f00000, 0x0000000088f00000|100%| E|CS|TAMS 0x0000000088e00000, 0x0000000088e00000| Complete 
| 121|0x0000000088f00000, 0x0000000089000000, 0x0000000089000000|100%| E|CS|TAMS 0x0000000088f00000, 0x0000000088f00000| Complete 
| 122|0x0000000089000000, 0x0000000089100000, 0x0000000089100000|100%| E|CS|TAMS 0x0000000089000000, 0x0000000089000000| Complete 
| 123|0x0000000089100000, 0x0000000089200000, 0x0000000089200000|100%| E|CS|TAMS 0x0000000089100000, 0x0000000089100000| Complete 
| 124|0x0000000089200000, 0x0000000089300000, 0x0000000089300000|100%| E|CS|TAMS 0x0000000089200000, 0x0000000089200000| Complete 
| 125|0x0000000089300000, 0x0000000089400000, 0x0000000089400000|100%| E|CS|TAMS 0x0000000089300000, 0x0000000089300000| Complete 
| 126|0x0000000089400000, 0x0000000089500000, 0x0000000089500000|100%| E|CS|TAMS 0x0000000089400000, 0x0000000089400000| Complete 
| 127|0x0000000089500000, 0x0000000089600000, 0x0000000089600000|100%| E|CS|TAMS 0x0000000089500000, 0x0000000089500000| Complete 

Card table byte_map: [0x000002a759460000,0x000002a759860000] _byte_map_base: 0x000002a759055000

Marking Bits (Prev, Next): (CMBitMap*) 0x000002a741b315d0, (CMBitMap*) 0x000002a741b31610
 Prev Bits: [0x000002a759c60000, 0x000002a75bc08000)
 Next Bits: [0x000002a75bc10000, 0x000002a75dbb8000)

Polling page: 0x000002a73fa70000

Metaspace:

Usage:
  Non-class:      6.46 MB capacity,     6.39 MB ( 99%) used,    65.42 KB ( <1%) free+waste,    10.56 KB ( <1%) overhead. 
      Class:    834.00 KB capacity,   766.26 KB ( 92%) used,    63.12 KB (  8%) free+waste,     4.62 KB ( <1%) overhead. 
       Both:      7.28 MB capacity,     7.14 MB ( 98%) used,   128.54 KB (  2%) free+waste,    15.19 KB ( <1%) overhead. 

Virtual space:
  Non-class space:        8.00 MB reserved,       6.50 MB ( 81%) committed 
      Class space:        1.00 GB reserved,     896.00 KB ( <1%) committed 
             Both:        1.01 GB reserved,       7.38 MB ( <1%) committed 

Chunk freelists:
   Non-Class:  40.00 KB
       Class:  30.00 KB
        Both:  70.00 KB

MaxMetaspaceSize: 17179869184.00 GB
CompressedClassSpaceSize: 1.00 GB

CodeHeap 'non-profiled nmethods': size=120000Kb used=367Kb max_used=367Kb free=119632Kb
 bounds [0x000002a751800000, 0x000002a751a70000, 0x000002a758d30000]
CodeHeap 'profiled nmethods': size=120000Kb used=1801Kb max_used=1801Kb free=118198Kb
 bounds [0x000002a74a2d0000, 0x000002a74a540000, 0x000002a751800000]
CodeHeap 'non-nmethods': size=5760Kb used=1252Kb max_used=1272Kb free=4507Kb
 bounds [0x000002a749d30000, 0x000002a749fa0000, 0x000002a74a2d0000]
 total_blobs=1516 nmethods=980 adapters=449
 compilation: enabled
              stopped_count=0, restarted_count=0
 full_count=0

Compilation events (20 events):
Event: 1.834 Thread 0x000002a760600620  966       3       sun.awt.windows.WInputMethod::dispatchEvent (66 bytes)
Event: 1.835 Thread 0x000002a760600620 nmethod 966 0x000002a74a48aa10 code [0x000002a74a48ac00, 0x000002a74a48b498]
Event: 1.835 Thread 0x000002a760600620  968       3       java.awt.LightweightDispatcher::trackMouseEnterExit (111 bytes)
Event: 1.835 Thread 0x000002a7605f4000 nmethod 969 0x000002a75185a190 code [0x000002a75185a320, 0x000002a75185a3e8]
Event: 1.835 Thread 0x000002a760600620 nmethod 968 0x000002a74a48b610 code [0x000002a74a48b920, 0x000002a74a48cc88]
Event: 1.835 Thread 0x000002a760600620  970       3       sun.awt.windows.WComponentPeer::handleJavaMouseEvent (75 bytes)
Event: 1.836 Thread 0x000002a760600620 nmethod 970 0x000002a74a48d290 code [0x000002a74a48d540, 0x000002a74a48e518]
Event: 1.895 Thread 0x000002a7605f4000  971   !   4       sun.awt.AWTAutoShutdown::setToolkitBusy (124 bytes)
Event: 1.897 Thread 0x000002a7605f4000 nmethod 971 0x000002a75185a510 code [0x000002a75185a6a0, 0x000002a75185abb8]
Event: 1.908 Thread 0x000002a7605f4000  972       4       java.util.concurrent.locks.AbstractQueuedSynchronizer::signalNext (34 bytes)
Event: 1.910 Thread 0x000002a7605f4000 nmethod 972 0x000002a75185af10 code [0x000002a75185b0a0, 0x000002a75185b188]
Event: 1.910 Thread 0x000002a7605f4000  973       4       java.util.concurrent.locks.ReentrantLock$Sync::tryRelease (51 bytes)
Event: 1.910 Thread 0x000002a7605f4000 nmethod 973 0x000002a75185b290 code [0x000002a75185b400, 0x000002a75185b518]
Event: 41.245 Thread 0x000002a760600620  976       3       java.lang.StringLatin1::replace (198 bytes)
Event: 41.246 Thread 0x000002a760600620 nmethod 976 0x000002a74a48ea10 code [0x000002a74a48ec80, 0x000002a74a48f9c8]
Event: 41.246 Thread 0x000002a760600620  975       3       java.lang.invoke.InvokerBytecodeGenerator::emitReferenceCast (188 bytes)
Event: 41.247 Thread 0x000002a760600620 nmethod 975 0x000002a74a48fe90 code [0x000002a74a4901a0, 0x000002a74a491148]
Event: 41.261 Thread 0x000002a7605f4000  977       4       java.util.Arrays::binarySearch0 (95 bytes)
Event: 41.261 Thread 0x000002a760600620  978       3       java.awt.Component::checkTreeLock (21 bytes)
Event: 41.262 Thread 0x000002a760600620 nmethod 978 0x000002a74a491610 code [0x000002a74a4917e0, 0x000002a74a491a78]

GC Heap History (0 events):
No events

Deoptimization events (20 events):
Event: 0.496 Thread 0x000002a76130a3a0 DEOPT PACKING pc=0x000002a74a3b0514 sp=0x000000e6488fec50
Event: 0.496 Thread 0x000002a76130a3a0 DEOPT UNPACKING pc=0x000002a749d7e23f sp=0x000000e6488fe140 mode 0
Event: 0.496 Thread 0x000002a76130a3a0 DEOPT PACKING pc=0x000002a74a3b0514 sp=0x000000e6488fec50
Event: 0.496 Thread 0x000002a76130a3a0 DEOPT UNPACKING pc=0x000002a749d7e23f sp=0x000000e6488fe140 mode 0
Event: 0.496 Thread 0x000002a76130a3a0 DEOPT PACKING pc=0x000002a74a3b0514 sp=0x000000e6488fec50
Event: 0.496 Thread 0x000002a76130a3a0 DEOPT UNPACKING pc=0x000002a749d7e23f sp=0x000000e6488fe140 mode 0
Event: 0.496 Thread 0x000002a76130a3a0 DEOPT PACKING pc=0x000002a74a3b0514 sp=0x000000e6488fec50
Event: 0.496 Thread 0x000002a76130a3a0 DEOPT UNPACKING pc=0x000002a749d7e23f sp=0x000000e6488fe140 mode 0
Event: 0.535 Thread 0x000002a741af01d0 Uncommon trap: trap_request=0xffffffe5 fr.pc=0x000002a75181a9c0 relative=0x00000000000001a0
Event: 0.535 Thread 0x000002a741af01d0 Uncommon trap: reason=range_check action=reinterpret pc=0x000002a75181a9c0 method=java.lang.StringLatin1.indexOf([BII)I @ 13 c2
Event: 0.535 Thread 0x000002a741af01d0 DEOPT PACKING pc=0x000002a75181a9c0 sp=0x000000e6473fc7c0
Event: 0.535 Thread 0x000002a741af01d0 DEOPT UNPACKING pc=0x000002a749d7e42f sp=0x000000e6473fc740 mode 2
Event: 0.567 Thread 0x000002a741af01d0 Uncommon trap: trap_request=0xffffff45 fr.pc=0x000002a751847e08 relative=0x00000000000004c8
Event: 0.567 Thread 0x000002a741af01d0 Uncommon trap: reason=unstable_if action=reinterpret pc=0x000002a751847e08 method=java.lang.StringLatin1.replace([BCC)Ljava/lang/String; @ 19 c2
Event: 0.567 Thread 0x000002a741af01d0 DEOPT PACKING pc=0x000002a751847e08 sp=0x000000e6473fe3d0
Event: 0.567 Thread 0x000002a741af01d0 DEOPT UNPACKING pc=0x000002a749d7e42f sp=0x000000e6473fe350 mode 2
Event: 1.644 Thread 0x000002a76132a7d0 Uncommon trap: trap_request=0xffffff45 fr.pc=0x000002a751850f04 relative=0x0000000000000084
Event: 1.644 Thread 0x000002a76132a7d0 Uncommon trap: reason=unstable_if action=reinterpret pc=0x000002a751850f04 method=java.awt.Component.inside(II)Z @ 21 c2
Event: 1.644 Thread 0x000002a76132a7d0 DEOPT PACKING pc=0x000002a751850f04 sp=0x000000e648bfe470
Event: 1.644 Thread 0x000002a76132a7d0 DEOPT UNPACKING pc=0x000002a749d7e42f sp=0x000000e648bfe308 mode 2

Classes unloaded (0 events):
No events

Classes redefined (0 events):
No events

Internal exceptions (15 events):
Event: 0.055 Thread 0x000002a741af01d0 Exception <a 'java/lang/NoSuchMethodError'{0x0000000089422e68}: 'void java.lang.invoke.DirectMethodHandle$Holder.invokeSpecial(java.lang.Object, java.lang.Object, java.lang.Object)'> (0x0000000089422e68) 
thrown [./open/src/hotspot/share/interpreter/linkResolver.cpp, line 782]
Event: 0.065 Thread 0x000002a741af01d0 Exception <a 'java/lang/ClassNotFoundException'{0x0000000089442968}: sun/awt/resources/spi/awtProvider> (0x0000000089442968) 
thrown [./open/src/hotspot/share/classfile/systemDictionary.cpp, line 295]
Event: 0.086 Thread 0x000002a741af01d0 Exception <a 'java/io/FileNotFoundException'{0x000000008949e5a8}> (0x000000008949e5a8) 
thrown [./open/src/hotspot/share/prims/jni.cpp, line 578]
Event: 0.093 Thread 0x000002a741af01d0 Exception <a 'java/io/FileNotFoundException'{0x00000000894cce38}> (0x00000000894cce38) 
thrown [./open/src/hotspot/share/prims/jni.cpp, line 578]
Event: 0.093 Thread 0x000002a741af01d0 Exception <a 'java/lang/NoSuchMethodError'{0x00000000894ce030}: 'java.lang.Object java.lang.invoke.DirectMethodHandle$Holder.invokeStatic(java.lang.Object)'> (0x00000000894ce030) 
thrown [./open/src/hotspot/share/interpreter/linkResolver.cpp, line 782]
Event: 0.125 Thread 0x000002a741af01d0 Exception <a 'java/lang/NoSuchMethodError'{0x000000008932a028}: 'java.lang.Object java.lang.invoke.DirectMethodHandle$Holder.invokeStaticInit(java.lang.Object)'> (0x000000008932a028) 
thrown [./open/src/hotspot/share/interpreter/linkResolver.cpp, line 782]
Event: 0.161 Thread 0x000002a741af01d0 Exception <a 'java/lang/NoSuchMethodError'{0x00000000892121f0}: 'java.lang.Object java.lang.invoke.DirectMethodHandle$Holder.newInvokeSpecial(java.lang.Object, java.lang.Object, java.lang.Object, java.lang.Object, java.lang.Object)'> (0x00000000892121f0) 
thrown [./open/src/hotspot/share/interpreter/linkResolver.cpp, line 782]
Event: 0.162 Thread 0x000002a741af01d0 Exception <a 'java/lang/NoSuchMethodError'{0x000000008921dc80}: 'java.lang.Object java.lang.invoke.DirectMethodHandle$Holder.invokeStatic(java.lang.Object, int, java.lang.Object, java.lang.Object, java.lang.Object, java.lang.Object)'> (0x000000008921dc80) 
thrown [./open/src/hotspot/share/interpreter/linkResolver.cpp, line 782]
Event: 0.166 Thread 0x000002a741af01d0 Exception <a 'java/lang/NoSuchMethodError'{0x0000000089243f28}: 'java.lang.Object java.lang.invoke.DirectMethodHandle$Holder.invokeStatic(java.lang.Object, int, java.lang.Object)'> (0x0000000089243f28) 
thrown [./open/src/hotspot/share/interpreter/linkResolver.cpp, line 782]
Event: 0.191 Thread 0x000002a741af01d0 Exception <a 'java/lang/ClassNotFoundException'{0x00000000892fd620}: com/sun/swing/internal/plaf/metal/resources/spi/metalProvider> (0x00000000892fd620) 
thrown [./open/src/hotspot/share/classfile/systemDictionary.cpp, line 295]
Event: 0.192 Thread 0x000002a741af01d0 Exception <a 'java/lang/ClassNotFoundException'{0x0000000089101e68}: com/sun/swing/internal/plaf/basic/resources/spi/basicProvider> (0x0000000089101e68) 
thrown [./open/src/hotspot/share/classfile/systemDictionary.cpp, line 295]
Event: 0.205 Thread 0x000002a76130a3a0 Exception <a 'java/lang/NoSuchMethodError'{0x0000000089182328}: 'java.lang.Object java.lang.invoke.DirectMethodHandle$Holder.newInvokeSpecial(java.lang.Object, java.lang.Object, java.lang.Object, int, int, int, int, int)'> (0x0000000089182328) 
thrown [./open/src/hotspot/share/interpreter/linkResolver.cpp, line 782]
Event: 0.519 Thread 0x000002a741af01d0 Exception <a 'java/lang/NoSuchMethodError'{0x0000000089150370}: 'void java.lang.invoke.DirectMethodHandle$Holder.invokeStaticInit(java.lang.Object)'> (0x0000000089150370) 
thrown [./open/src/hotspot/share/interpreter/linkResolver.cpp, line 782]
Event: 41.216 Thread 0x000002a761294cc0 Exception <a 'java/lang/InternalError'{0x00000000893b9318}: Could not update the devices array.> (0x00000000893b9318) 
thrown [./open/src/hotspot/share/prims/jni.cpp, line 599]
Event: 41.243 Thread 0x000002a76132a7d0 Exception <a 'java/lang/NoSuchMethodError'{0x000000008844d180}: 'void java.lang.invoke.DirectMethodHandle$Holder.invokeVirtual(java.lang.Object, java.lang.Object)'> (0x000000008844d180) 
thrown [./open/src/hotspot/share/interpreter/linkResolver.cpp, line 782]

Events (20 events):
Event: 1.535 Executing VM operation: HandshakeAllThreads
Event: 1.535 Executing VM operation: HandshakeAllThreads done
Event: 2.257 loading class java/awt/LightweightDispatcher$2
Event: 2.257 loading class java/awt/LightweightDispatcher$2 done
Event: 2.536 Executing VM operation: HandshakeAllThreads
Event: 2.536 Executing VM operation: HandshakeAllThreads done
Event: 2.580 loading class java/awt/KeyboardFocusManager$2
Event: 2.580 loading class java/awt/KeyboardFocusManager$2 done
Event: 2.580 loading class sun/awt/SunToolkit$1
Event: 2.580 loading class sun/awt/SunToolkit$1 done
Event: 5.388 Thread 0x000002a761339630 Thread exited: 0x000002a761339630
Event: 5.496 Thread 0x000002a76130a3a0 Thread exited: 0x000002a76130a3a0
Event: 40.786 loading class java/lang/InternalError
Event: 41.216 loading class java/lang/InternalError done
Event: 41.242 loading class java/util/WeakHashMap$KeyIterator
Event: 41.242 loading class java/util/WeakHashMap$HashIterator
Event: 41.242 loading class java/util/WeakHashMap$HashIterator done
Event: 41.242 loading class java/util/WeakHashMap$KeyIterator done
Event: 41.244 loading class javax/swing/RepaintManager$DisplayChangedRunnable
Event: 41.244 loading class javax/swing/RepaintManager$DisplayChangedRunnable done


Dynamic libraries:
0x00007ff7a4060000 - 0x00007ff7a406f000 	C:\Program Files\Java\jdk-15.0.2\bin\javaw.exe
0x00007ffd5a3f0000 - 0x00007ffd5a5e5000 	C:\WINDOWS\SYSTEM32\ntdll.dll
0x00007ffd59ad0000 - 0x00007ffd59b8d000 	C:\WINDOWS\System32\KERNEL32.DLL
0x00007ffd57b90000 - 0x00007ffd57e59000 	C:\WINDOWS\System32\KERNELBASE.dll
0x00007ffd582e0000 - 0x00007ffd583e0000 	C:\WINDOWS\System32\ucrtbase.dll
0x00007ffd43db0000 - 0x00007ffd43dc9000 	C:\Program Files\Java\jdk-15.0.2\bin\VCRUNTIME140.dll
0x00007ffd4c680000 - 0x00007ffd4c698000 	C:\Program Files\Java\jdk-15.0.2\bin\jli.dll
0x00007ffd59500000 - 0x00007ffd595ac000 	C:\WINDOWS\System32\ADVAPI32.dll
0x00007ffd59250000 - 0x00007ffd592ee000 	C:\WINDOWS\System32\msvcrt.dll
0x00007ffd59080000 - 0x00007ffd5911c000 	C:\WINDOWS\System32\sechost.dll
0x00007ffd58630000 - 0x00007ffd5875b000 	C:\WINDOWS\System32\RPCRT4.dll
0x00007ffd58da0000 - 0x00007ffd58f40000 	C:\WINDOWS\System32\USER32.dll
0x00007ffd583e0000 - 0x00007ffd58402000 	C:\WINDOWS\System32\win32u.dll
0x00007ffd440b0000 - 0x00007ffd4434a000 	C:\WINDOWS\WinSxS\amd64_microsoft.windows.common-controls_6595b64144ccf1df_6.0.19041.844_none_ca00b6081b84eb1d\COMCTL32.dll
0x00007ffd5a380000 - 0x00007ffd5a3aa000 	C:\WINDOWS\System32\GDI32.dll
0x00007ffd57e60000 - 0x00007ffd57f6b000 	C:\WINDOWS\System32\gdi32full.dll
0x00007ffd58410000 - 0x00007ffd584ad000 	C:\WINDOWS\System32\msvcp_win.dll
0x00007ffd4f110000 - 0x00007ffd4f11a000 	C:\WINDOWS\SYSTEM32\VERSION.dll
0x00007ffd59120000 - 0x00007ffd59150000 	C:\WINDOWS\System32\IMM32.DLL
0x00007ffd51b30000 - 0x00007ffd51b3c000 	C:\Program Files\Java\jdk-15.0.2\bin\vcruntime140_1.dll
0x00007ffd39800000 - 0x00007ffd39891000 	C:\Program Files\Java\jdk-15.0.2\bin\msvcp140.dll
0x00007ffd11dd0000 - 0x00007ffd1292e000 	C:\Program Files\Java\jdk-15.0.2\bin\server\jvm.dll
0x00007ffd59b90000 - 0x00007ffd59b98000 	C:\WINDOWS\System32\PSAPI.DLL
0x00007ffd54530000 - 0x00007ffd54539000 	C:\WINDOWS\SYSTEM32\WSOCK32.dll
0x00007ffd4d3a0000 - 0x00007ffd4d3c7000 	C:\WINDOWS\SYSTEM32\WINMM.dll
0x00007ffd59010000 - 0x00007ffd5907b000 	C:\WINDOWS\System32\WS2_32.dll
0x00007ffd56820000 - 0x00007ffd56832000 	C:\WINDOWS\SYSTEM32\kernel.appcore.dll
0x00007ffd47870000 - 0x00007ffd4787a000 	C:\Program Files\Java\jdk-15.0.2\bin\jimage.dll
0x00007ffd56180000 - 0x00007ffd56364000 	C:\WINDOWS\SYSTEM32\DBGHELP.DLL
0x00007ffd522e0000 - 0x00007ffd5230c000 	C:\WINDOWS\SYSTEM32\dbgcore.DLL
0x00007ffd58020000 - 0x00007ffd580a0000 	C:\WINDOWS\System32\bcryptPrimitives.dll
0x00007ffd29a50000 - 0x00007ffd29a75000 	C:\Program Files\Java\jdk-15.0.2\bin\java.dll
0x00007ffd59ba0000 - 0x00007ffd5a2e2000 	C:\WINDOWS\System32\SHELL32.dll
0x00007ffd55920000 - 0x00007ffd560b0000 	C:\WINDOWS\SYSTEM32\windows.storage.dll
0x00007ffd58760000 - 0x00007ffd58ab5000 	C:\WINDOWS\System32\combase.dll
0x00007ffd57530000 - 0x00007ffd5755c000 	C:\WINDOWS\SYSTEM32\Wldp.dll
0x00007ffd58f40000 - 0x00007ffd58fee000 	C:\WINDOWS\System32\SHCORE.dll
0x00007ffd594a0000 - 0x00007ffd594f5000 	C:\WINDOWS\System32\shlwapi.dll
0x00007ffd57ad0000 - 0x00007ffd57aef000 	C:\WINDOWS\SYSTEM32\profapi.dll
0x00007ffd25b80000 - 0x00007ffd25d00000 	C:\Program Files\Java\jdk-15.0.2\bin\awt.dll
0x00007ffd58ba0000 - 0x00007ffd58c6d000 	C:\WINDOWS\System32\OLEAUT32.dll
0x00007ffd54b40000 - 0x00007ffd54bd0000 	C:\WINDOWS\SYSTEM32\apphelp.dll
0x00007ffd55460000 - 0x00007ffd5548f000 	C:\WINDOWS\system32\DWMAPI.DLL
0x00007ffd54c10000 - 0x00007ffd54cae000 	C:\WINDOWS\system32\uxtheme.dll
0x00007ffd37e90000 - 0x00007ffd37fb6000 	C:\WINDOWS\system32\opengl32.dll
0x00007ffd4b920000 - 0x00007ffd4b94c000 	C:\WINDOWS\SYSTEM32\GLU32.dll
0x00007ffd584b0000 - 0x00007ffd585c5000 	C:\WINDOWS\System32\MSCTF.dll
0x00007ffd58c70000 - 0x00007ffd58d9a000 	C:\WINDOWS\System32\ole32.dll
0x00007ffd397d0000 - 0x00007ffd397fd000 	C:\Program Files\Java\jdk-15.0.2\bin\javajpeg.dll
0x00007ffd29aa0000 - 0x00007ffd29ab8000 	C:\Program Files\Java\jdk-15.0.2\bin\zip.dll
0x00007ffd29b10000 - 0x00007ffd29b95000 	C:\Program Files\Java\jdk-15.0.2\bin\freetype.dll
0x00007ffd27a60000 - 0x00007ffd27b09000 	C:\Program Files\Java\jdk-15.0.2\bin\fontmanager.dll
0x00007ffd4d280000 - 0x00007ffd4d37b000 	C:\WINDOWS\SYSTEM32\textinputframework.dll
0x00007ffd547b0000 - 0x00007ffd54b0e000 	C:\WINDOWS\System32\CoreUIComponents.dll
0x00007ffd545b0000 - 0x00007ffd546a2000 	C:\WINDOWS\System32\CoreMessaging.dll
0x00007ffd568b0000 - 0x00007ffd568e3000 	C:\WINDOWS\SYSTEM32\ntmarta.dll
0x00007ffd54370000 - 0x00007ffd544c4000 	C:\WINDOWS\SYSTEM32\wintypes.dll
0x00007ffd29ae0000 - 0x00007ffd29af9000 	C:\Program Files\Java\jdk-15.0.2\bin\net.dll
0x00007ffd4b390000 - 0x00007ffd4b49c000 	C:\WINDOWS\SYSTEM32\WINHTTP.dll
0x00007ffd572b0000 - 0x00007ffd5731a000 	C:\WINDOWS\system32\mswsock.dll
0x00007ffd29ac0000 - 0x00007ffd29ad2000 	C:\Program Files\Java\jdk-15.0.2\bin\nio.dll

dbghelp: loaded successfully - version: 4.0.5 - missing functions: none
symbol engine: initialized successfully - sym options: 0x614 - pdb path: .;C:\Program Files\Java\jdk-15.0.2\bin;C:\WINDOWS\SYSTEM32;C:\WINDOWS\WinSxS\amd64_microsoft.windows.common-controls_6595b64144ccf1df_6.0.19041.844_none_ca00b6081b84eb1d;C:\Program Files\Java\jdk-15.0.2\bin\server

VM Arguments:
jvm_args: -Dfile.encoding=Cp1252 -XX:+ShowCodeDetailsInExceptionMessages 
java_command: Petadigitalfix.PetaDigital
java_class_path (initial): D:\Eclipse Workspace\Petadigitalfix\bin
Launcher Type: SUN_STANDARD

[Global flags]
     intx CICompilerCount                          = 4                                         {product} {ergonomic}
     uint ConcGCThreads                            = 2                                         {product} {ergonomic}
     uint G1ConcRefinementThreads                  = 8                                         {product} {ergonomic}
   size_t G1HeapRegionSize                         = 1048576                                   {product} {ergonomic}
    uintx GCDrainStackTargetSize                   = 64                                        {product} {ergonomic}
   size_t InitialHeapSize                          = 134217728                                 {product} {ergonomic}
   size_t MarkStackSize                            = 4194304                                   {product} {ergonomic}
   size_t MaxHeapSize                              = 2124414976                                {product} {ergonomic}
   size_t MaxNewSize                               = 1274019840                                {product} {ergonomic}
   size_t MinHeapDeltaBytes                        = 1048576                                   {product} {ergonomic}
   size_t MinHeapSize                              = 8388608                                   {product} {ergonomic}
    uintx NonNMethodCodeHeapSize                   = 5839372                                {pd product} {ergonomic}
    uintx NonProfiledCodeHeapSize                  = 122909434                              {pd product} {ergonomic}
    uintx ProfiledCodeHeapSize                     = 122909434                              {pd product} {ergonomic}
    uintx ReservedCodeCacheSize                    = 251658240                              {pd product} {ergonomic}
     bool SegmentedCodeCache                       = true                                      {product} {ergonomic}
     bool ShowCodeDetailsInExceptionMessages       = true                                   {manageable} {command line}
   size_t SoftMaxHeapSize                          = 2124414976                             {manageable} {ergonomic}
     bool UseCompressedClassPointers               = true                                 {lp64_product} {ergonomic}
     bool UseCompressedOops                        = true                                 {lp64_product} {ergonomic}
     bool UseG1GC                                  = true                                      {product} {ergonomic}
     bool UseLargePagesIndividualAllocation        = false                                  {pd product} {ergonomic}

Logging:
Log output configuration:
 #0: stdout all=warning uptime,level,tags
 #1: stderr all=off uptime,level,tags

Environment Variables:
PATH=C:/Program Files/Java/jdk-15.0.2/bin/server;C:/Program Files/Java/jdk-15.0.2/bin;C:\Program Files\Common Files\Oracle\Java\javapath;C:\Windows\system32;C:\Windows;C:\Windows\System32\Wbem;C:\Windows\System32\WindowsPowerShell\v1.0\;C:\Program Files (x86)\NVIDIA Corporation\PhysX\Common;C:\Program Files\NVIDIA Corporation\NVIDIA NvDLISR;C:\WINDOWS\system32;C:\WINDOWS;C:\WINDOWS\System32\Wbem;C:\WINDOWS\System32\WindowsPowerShell\v1.0\;C:\WINDOWS\System32\OpenSSH\;C:\Program Files\Java\jdk-15.0.2\bin;C:\Users\Asus\AppData\Local\Microsoft\WindowsApps;;C:\Users\Asus\Desktop;
USERNAME=Asus
OS=Windows_NT
PROCESSOR_IDENTIFIER=Intel64 Family 6 Model 142 Stepping 10, GenuineIntel



---------------  S Y S T E M  ---------------

OS:
 Windows 10 , 64 bit Build 19041 (10.0.19041.804)
OS uptime: 3 days 18:44 hours

CPU: total 8 (initial active 8) (4 cores per cpu, 2 threads per core) family 6 model 142 stepping 10 microcode 0xe0, cmov, cx8, fxsr, mmx, sse, sse2, sse3, ssse3, sse4.1, sse4.2, popcnt, vzeroupper, avx, avx2, clmul, erms, 3dnowpref, lzcnt, ht, tsc, tscinvbit, bmi1, bmi2, adx, fma, clflush, clflushopt

Memory: 4k page, system-wide physical 8102M (344M free)
TotalPageFile size 20462M (AvailPageFile size 10M)
current process WorkingSet (physical memory assigned to process): 90M, peak: 97M
current process commit charge ("private bytes"): 228M, peak: 235M

vm_info: Java HotSpot(TM) 64-Bit Server VM (15.0.2+7-27) for windows-amd64 JRE (15.0.2+7-27), built on Dec  7 2020 20:07:01 by "mach5one" with unknown MS VC++:1925

END.
