#
# A fatal error has been detected by the Java Runtime Environment:
#
#  EXCEPTION_ACCESS_VIOLATION (0xc0000005) at pc=0x00007ff88278224e, pid=4664, tid=12744
#
# JRE version: Java(TM) SE Runtime Environment (15.0.2+7) (build 15.0.2+7-27)
# Java VM: Java HotSpot(TM) 64-Bit Server VM (15.0.2+7-27, mixed mode, sharing, tiered, compressed oops, g1 gc, windows-amd64)
# Problematic frame:
# C  [awt.dll+0xd224e]
#
# No core dump will be written. Minidumps are not enabled by default on client versions of Windows
#
# If you would like to submit a bug report, please visit:
#   https://bugreport.java.com/bugreport/crash.jsp
# The crash happened outside the Java Virtual Machine in native code.
# See problematic frame for where to report the bug.
#

---------------  S U M M A R Y ------------

Command Line: -Dfile.encoding=Cp1252 -XX:+ShowCodeDetailsInExceptionMessages Karangpawitan.MakamGodog

Host: Intel(R) Core(TM) i5-8250U CPU @ 1.60GHz, 8 cores, 7G,  Windows 10 , 64 bit Build 19041 (10.0.19041.928)
Time: Sun May  9 15:35:51 2021 SE Asia Standard Time elapsed time: 3110.063466 seconds (0d 0h 51m 50s)

---------------  T H R E A D  ---------------

Current thread (0x00000191d60003a0):  JavaThread "AWT-EventQueue-0" [_thread_in_native, id=12744, stack(0x0000003ba9600000,0x0000003ba9700000)]

Stack: [0x0000003ba9600000,0x0000003ba9700000],  sp=0x0000003ba96fe490,  free space=1017k
Native frames: (J=compiled Java code, j=interpreted, Vv=VM code, C=native code)
C  [awt.dll+0xd224e]

Java frames: (J=compiled Java code, j=interpreted, Vv=VM code)
j  sun.awt.Win32GraphicsDevice.makeColorModel(IZ)Ljava/awt/image/ColorModel;+0 java.desktop@15.0.2
j  sun.awt.Win32GraphicsDevice.getDynamicColorModel()Ljava/awt/image/ColorModel;+14 java.desktop@15.0.2
j  sun.awt.Win32GraphicsConfig.getDeviceColorModel()Ljava/awt/image/ColorModel;+4 java.desktop@15.0.2
j  sun.awt.windows.WComponentPeer.getDeviceColorModel()Ljava/awt/image/ColorModel;+13 java.desktop@15.0.2
j  sun.java2d.windows.GDIWindowSurfaceData.createData(Lsun/awt/windows/WComponentPeer;)Lsun/java2d/windows/GDIWindowSurfaceData;+1 java.desktop@15.0.2
j  sun.awt.Win32GraphicsConfig.createSurfaceData(Lsun/awt/windows/WComponentPeer;I)Lsun/java2d/SurfaceData;+1 java.desktop@15.0.2
j  sun.java2d.ScreenUpdateManager.createScreenSurface(Lsun/awt/Win32GraphicsConfig;Lsun/awt/windows/WComponentPeer;IZ)Lsun/java2d/SurfaceData;+3 java.desktop@15.0.2
j  sun.java2d.d3d.D3DScreenUpdateManager.createScreenSurface(Lsun/awt/Win32GraphicsConfig;Lsun/awt/windows/WComponentPeer;IZ)Lsun/java2d/SurfaceData;+20 java.desktop@15.0.2
j  sun.awt.windows.WComponentPeer.createScreenSurface(Z)V+21 java.desktop@15.0.2
j  sun.awt.windows.WComponentPeer.replaceSurfaceData(ILjava/awt/BufferCapabilities;)V+63 java.desktop@15.0.2
j  sun.awt.windows.WComponentPeer.replaceSurfaceData()V+9 java.desktop@15.0.2
j  sun.awt.windows.WComponentPeer$2.run()V+14 java.desktop@15.0.2
j  javax.swing.RepaintManager$2$1.run()Ljava/lang/Void;+7 java.desktop@15.0.2
j  javax.swing.RepaintManager$2$1.run()Ljava/lang/Object;+1 java.desktop@15.0.2
J 964 c1 java.security.ProtectionDomain$JavaSecurityAccessImpl.doIntersectionPrivilege(Ljava/security/PrivilegedAction;Ljava/security/AccessControlContext;Ljava/security/AccessControlContext;)Ljava/lang/Object; java.base@15.0.2 (22 bytes) @ 0x00000191bd89d1b4 [0x00000191bd89cf20+0x0000000000000294]
j  javax.swing.RepaintManager$2.run()V+30 java.desktop@15.0.2
j  javax.swing.RepaintManager.prePaintDirtyRegions()V+64 java.desktop@15.0.2
j  javax.swing.RepaintManager$ProcessingRunnable.run()V+37 java.desktop@15.0.2
J 1046 c1 java.awt.event.InvocationEvent.dispatch()V java.desktop@15.0.2 (69 bytes) @ 0x00000191bd8cc81c [0x00000191bd8cc600+0x000000000000021c]
J 1019 c1 java.awt.EventQueue.dispatchEventImpl(Ljava/awt/AWTEvent;Ljava/lang/Object;)V java.desktop@15.0.2 (136 bytes) @ 0x00000191bd8be974 [0x00000191bd8bce40+0x0000000000001b34]
J 1018 c1 java.awt.EventQueue$4.run()Ljava/lang/Void; java.desktop@15.0.2 (60 bytes) @ 0x00000191bd8bc72c [0x00000191bd8bc600+0x000000000000012c]
J 992 c1 java.awt.EventQueue.dispatchEvent(Ljava/awt/AWTEvent;)V java.desktop@15.0.2 (80 bytes) @ 0x00000191bd8aca94 [0x00000191bd8ac4e0+0x00000000000005b4]
J 994 c1 java.awt.EventDispatchThread.pumpOneEventForFilters(I)V java.desktop@15.0.2 (113 bytes) @ 0x00000191bd8aeb1c [0x00000191bd8ae480+0x000000000000069c]
j  java.awt.EventDispatchThread.pumpEventsForFilter(ILjava/awt/Conditional;Ljava/awt/EventFilter;)V+35 java.desktop@15.0.2
j  java.awt.EventDispatchThread.pumpEventsForHierarchy(ILjava/awt/Conditional;Ljava/awt/Component;)V+11 java.desktop@15.0.2
j  java.awt.EventDispatchThread.pumpEvents(ILjava/awt/Conditional;)V+4 java.desktop@15.0.2
j  java.awt.EventDispatchThread.pumpEvents(Ljava/awt/Conditional;)V+3 java.desktop@15.0.2
j  java.awt.EventDispatchThread.run()V+9 java.desktop@15.0.2
v  ~StubRoutines::call_stub

siginfo: EXCEPTION_ACCESS_VIOLATION (0xc0000005), reading address 0x0000000000000000


Register to memory mapping:

RIP=0x00007ff88278224e awt.dll
RAX=0x00004f5d51baa57b is an unknown value
RBX=0x00000191d5d6dad0 points into unknown readable memory: 0x00000191d5e5e140 | 40 e1 e5 d5 91 01 00 00
RCX=0x0 is NULL
RDX=0x00000191d60006c8 points into unknown readable memory: 0x00007ff86a95de40 | 40 de 95 6a f8 7f 00 00
RSP=0x0000003ba96fe490 is pointing into the stack for thread: 0x00000191d60003a0
RBP=0x0000003ba96fe601 is pointing into the stack for thread: 0x00000191d60003a0
RSI=0x00000191d60006c8 points into unknown readable memory: 0x00007ff86a95de40 | 40 de 95 6a f8 7f 00 00
RDI=0x00000191d60006c8 points into unknown readable memory: 0x00007ff86a95de40 | 40 de 95 6a f8 7f 00 00
R8 =0x0000000000000001 is an unknown value
R9 =0x0000000000000001 is an unknown value
R10=0x00000191bd19f148 is at code_begin+1000 in an Interpreter codelet
method entry point (kind = native)  [0x00000191bd19ed60, 0x00000191bd19f7e0]  2688 bytes
R11=0x0000000000000102 is an unknown value
R12=0x0 is NULL
R13=0x00000191d44caf01 is pointing into metadata
R14=0x0000003ba96fe648 is pointing into the stack for thread: 0x00000191d60003a0
R15=0x0 is NULL


Registers:
RAX=0x00004f5d51baa57b, RBX=0x00000191d5d6dad0, RCX=0x0000000000000000, RDX=0x00000191d60006c8
RSP=0x0000003ba96fe490, RBP=0x0000003ba96fe601, RSI=0x00000191d60006c8, RDI=0x00000191d60006c8
R8 =0x0000000000000001, R9 =0x0000000000000001, R10=0x00000191bd19f148, R11=0x0000000000000102
R12=0x0000000000000000, R13=0x00000191d44caf01, R14=0x0000003ba96fe648, R15=0x0000000000000000
RIP=0x00007ff88278224e, EFLAGS=0x0000000000010206

Top of Stack: (sp=0x0000003ba96fe490)
0x0000003ba96fe490:   00000191d42f5320 0000000000000000
0x0000003ba96fe4a0:   0000000087ed1dc0 00000191d42c8130
0x0000003ba96fe4b0:   0000003ba96fe518 00000191bd199950
0x0000003ba96fe4c0:   00000191bd199950 0000000089389818
0x0000003ba96fe4d0:   0000003ba96fe4d0 00000191d42df492
0x0000003ba96fe4e0:   0000000089389818 0000003ba96fe4e8
0x0000003ba96fe4f0:   00000191d42dac08 00000191d60006c8
0x0000003ba96fe500:   00000191d42ef900 0000000000000000
0x0000003ba96fe510:   0000000087e080c8 00000191d42dac60
0x0000003ba96fe520:   00007ff8827dc838 00004f5d51baa57b
0x0000003ba96fe530:   00000191d60003a0 0000003ba96fe648
0x0000003ba96fe540:   00000191d44cafa8 0000000000000000
0x0000003ba96fe550:   0000000000000000 00007ff882783cc7
0x0000003ba96fe560:   00007ff8827dc838 00000191d44cafa8
0x0000003ba96fe570:   00000191d5d6dad0 00000191d60006c8
0x0000003ba96fe580:   00000000000021e0 00000191bd19f177 

Instructions: (pc=0x00007ff88278224e)
0x00007ff88278214e:   00 00 00 ff 15 b1 36 06 00 48 8b c8 48 83 c4 28
0x00007ff88278215e:   e9 75 06 00 00 cc 48 89 5c 24 08 48 89 6c 24 18
0x00007ff88278216e:   48 89 74 24 20 57 48 83 ec 20 48 8b fa 8b e9 33
0x00007ff88278217e:   f6 c7 02 48 03 00 00 4c 8b c2 33 d2 45 33 c9 33
0x00007ff88278218e:   c9 ff 15 f3 3a 06 00 85 c0 74 64 83 fe 14 73 5f
0x00007ff88278219e:   f6 87 44 01 00 00 01 74 3d e8 a4 61 f5 ff 48 8b
0x00007ff8827821ae:   d8 48 89 44 24 38 41 b8 01 00 00 00 8b d5 48 8b
0x00007ff8827821be:   c8 e8 0c 61 f5 ff 48 8b 48 30 48 8d 57 04 48 83
0x00007ff8827821ce:   c1 28 ff 15 8a 33 01 00 90 85 c0 74 12 48 8b cb
0x00007ff8827821de:   e8 6d 62 f5 ff 90 ff c6 4c 8b c7 8b d6 eb 9d 48
0x00007ff8827821ee:   8b cb e8 5b 62 f5 ff 90 b8 01 00 00 00 eb 02 33
0x00007ff8827821fe:   c0 48 8b 5c 24 30 48 8b 6c 24 40 48 8b 74 24 48
0x00007ff88278220e:   48 83 c4 20 5f c3 48 89 5c 24 18 48 89 74 24 20
0x00007ff88278221e:   57 41 54 41 55 41 56 41 57 48 81 ec a0 00 00 00
0x00007ff88278222e:   48 8b 05 83 25 06 00 48 33 c4 48 89 84 24 98 00
0x00007ff88278223e:   00 00 45 8a e8 48 8b fa 4c 8b f9 48 89 54 24 68
0x00007ff88278224e:   48 8b 09 83 79 04 18 75 1b 4c 8d 05 7a 48 02 00
0x00007ff88278225e:   48 8d 15 bb 35 03 00 48 8b cf e8 22 f2 00 00 e9
0x00007ff88278226e:   42 03 00 00 83 79 04 08 7e 50 49 8b 4f 18 33 db
0x00007ff88278227e:   8b 51 30 44 8b 41 2c 44 8b 49 28 41 8b c1 41 0b
0x00007ff88278228e:   c0 0b c2 74 09 8d 73 01 03 de d1 e8 75 fa 89 54
0x00007ff88278229e:   24 30 44 89 44 24 28 44 89 4c 24 20 44 8b cb 4c
0x00007ff8827822ae:   8d 05 6c 9d 02 00 48 8d 15 85 35 03 00 48 8b cf
0x00007ff8827822be:   e8 cc f1 00 00 e9 ec 02 00 00 48 8b 02 83 39 02
0x00007ff8827822ce:   48 8b cf 0f 85 17 01 00 00 48 8d 15 82 35 03 00
0x00007ff8827822de:   ff 50 30 48 8b f0 33 db 48 85 c0 0f 84 c3 02 00
0x00007ff8827822ee:   00 4c 8b 17 4c 8d 0d 87 35 03 00 4c 8d 05 30 b9
0x00007ff8827822fe:   02 00 48 8b d0 48 8b cf 41 ff 92 88 03 00 00 48
0x00007ff88278230e:   85 c0 0f 84 9c 02 00 00 41 b9 eb 03 00 00 4c 8b
0x00007ff88278231e:   c0 48 8b d6 48 8b cf e8 b6 50 f6 ff 4c 8b e0 48
0x00007ff88278232e:   85 c0 0f 84 7c 02 00 00 c7 44 24 50 08 00 00 00
0x00007ff88278233e:   4c 8b 07 8d 73 01 8b d6 48 8b cf 41 ff 90 98 05 


Stack slot to memory mapping:
stack at sp + 0 slots: 0x00000191d42f5320 is pointing into metadata
stack at sp + 1 slots: 0x0 is NULL
stack at sp + 2 slots: 0x0000000087ed1dc0 is an oop: java.lang.Class 
{0x0000000087ed1dc0} - klass: 'java/lang/Class'
stack at sp + 3 slots: {method} {0x00000191d42c8138} 'countComponents' '()I' in 'java/awt/Container'
stack at sp + 4 slots: 0x0000003ba96fe518 is pointing into the stack for thread: 0x00000191d60003a0
stack at sp + 5 slots: 0x00000191bd199950 is at code_begin+208 in an Interpreter codelet
invoke return entry points  [0x00000191bd199880, 0x00000191bd19a280]  2560 bytes
stack at sp + 6 slots: 0x00000191bd199950 is at code_begin+208 in an Interpreter codelet
invoke return entry points  [0x00000191bd199880, 0x00000191bd19a280]  2560 bytes
stack at sp + 7 slots: 0x0000000089389818 is an oop: javax.swing.JLabel 
{0x0000000089389818} - klass: 'javax/swing/JLabel'


---------------  P R O C E S S  ---------------

Threads class SMR info:
_java_thread_list=0x00000191d60054a0, length=15, elements={
0x00000191d4210160, 0x00000191d4210d30, 0x00000191d422a1d0, 0x00000191d422cba0,
0x00000191d422d650, 0x00000191d42329f0, 0x00000191d423e810, 0x00000191d42481e0,
0x00000191d4c71100, 0x00000191d4c7a170, 0x00000191d4ebae80, 0x00000191d4ec0440,
0x00000191d4eca260, 0x00000191d60003a0, 0x00000191b377d700
}

Java Threads: ( => current thread )
  0x00000191d4210160 JavaThread "Reference Handler" daemon [_thread_blocked, id=1252, stack(0x0000003ba8500000,0x0000003ba8600000)]
  0x00000191d4210d30 JavaThread "Finalizer" daemon [_thread_blocked, id=2136, stack(0x0000003ba8600000,0x0000003ba8700000)]
  0x00000191d422a1d0 JavaThread "Signal Dispatcher" daemon [_thread_blocked, id=6096, stack(0x0000003ba8700000,0x0000003ba8800000)]
  0x00000191d422cba0 JavaThread "Attach Listener" daemon [_thread_blocked, id=16140, stack(0x0000003ba8800000,0x0000003ba8900000)]
  0x00000191d422d650 JavaThread "Service Thread" daemon [_thread_blocked, id=9488, stack(0x0000003ba8900000,0x0000003ba8a00000)]
  0x00000191d42329f0 JavaThread "C2 CompilerThread0" daemon [_thread_blocked, id=15020, stack(0x0000003ba8a00000,0x0000003ba8b00000)]
  0x00000191d423e810 JavaThread "C1 CompilerThread0" daemon [_thread_blocked, id=11408, stack(0x0000003ba8b00000,0x0000003ba8c00000)]
  0x00000191d42481e0 JavaThread "Sweeper thread" daemon [_thread_blocked, id=11692, stack(0x0000003ba8c00000,0x0000003ba8d00000)]
  0x00000191d4c71100 JavaThread "Notification Thread" daemon [_thread_blocked, id=10304, stack(0x0000003ba8d00000,0x0000003ba8e00000)]
  0x00000191d4c7a170 JavaThread "Common-Cleaner" daemon [_thread_blocked, id=10812, stack(0x0000003ba8f00000,0x0000003ba9000000)]
  0x00000191d4ebae80 JavaThread "Java2D Disposer" daemon [_thread_blocked, id=2768, stack(0x0000003ba9000000,0x0000003ba9100000)]
  0x00000191d4ec0440 JavaThread "AWT-Shutdown" [_thread_blocked, id=1484, stack(0x0000003ba9100000,0x0000003ba9200000)]
  0x00000191d4eca260 JavaThread "AWT-Windows" daemon [_thread_in_native, id=14156, stack(0x0000003ba9200000,0x0000003ba9300000)]
=>0x00000191d60003a0 JavaThread "AWT-EventQueue-0" [_thread_in_native, id=12744, stack(0x0000003ba9600000,0x0000003ba9700000)]
  0x00000191b377d700 JavaThread "DestroyJavaVM" [_thread_blocked, id=15816, stack(0x0000003ba7e00000,0x0000003ba7f00000)]

Other Threads:
  0x00000191d420c8d0 VMThread "VM Thread" [stack: 0x0000003ba8400000,0x0000003ba8500000] [id=9916]
  0x00000191d4c77a00 WatcherThread [stack: 0x0000003ba8e00000,0x0000003ba8f00000] [id=7224]
  0x00000191b37be950 GCTaskThread "GC Thread#0" [stack: 0x0000003ba7f00000,0x0000003ba8000000] [id=1008]
  0x00000191d5e4c3e0 GCTaskThread "GC Thread#1" [stack: 0x0000003ba9400000,0x0000003ba9500000] [id=11660]
  0x00000191d5e4cd70 GCTaskThread "GC Thread#2" [stack: 0x0000003ba9500000,0x0000003ba9600000] [id=7924]
  0x00000191d5e4aa60 GCTaskThread "GC Thread#3" [stack: 0x0000003ba9a00000,0x0000003ba9b00000] [id=9500]
  0x00000191d5e4b720 GCTaskThread "GC Thread#4" [stack: 0x0000003ba9b00000,0x0000003ba9c00000] [id=11928]
  0x00000191d5e4c710 GCTaskThread "GC Thread#5" [stack: 0x0000003ba9c00000,0x0000003ba9d00000] [id=9228]
  0x00000191b37cff80 ConcurrentGCThread "G1 Main Marker" [stack: 0x0000003ba8000000,0x0000003ba8100000] [id=13184]
  0x00000191b37d0b70 ConcurrentGCThread "G1 Conc#0" [stack: 0x0000003ba8100000,0x0000003ba8200000] [id=4860]
  0x00000191b385a280 ConcurrentGCThread "G1 Refine#0" [stack: 0x0000003ba8200000,0x0000003ba8300000] [id=456]
  0x00000191b385bd30 ConcurrentGCThread "G1 Young RemSet Sampling" [stack: 0x0000003ba8300000,0x0000003ba8400000] [id=4740]

Threads with active compile tasks:

VM state: not at safepoint (normal execution)

VM Mutex/Monitor currently owned by a thread: None

Heap address: 0x0000000081600000, size: 2026 MB, Compressed Oops mode: 32-bit
CDS archive(s) mapped at: [0x0000000800000000-0x0000000800b50000-0x0000000800b50000), size 11862016, SharedBaseAddress: 0x0000000800000000, ArchiveRelocationMode: 0.
Compressed class space mapped at: 0x0000000800b50000-0x0000000840b50000, size: 1073741824
Narrow klass base: 0x0000000800000000, Narrow klass shift: 3, Narrow klass range: 0x100000000

GC Precious Log:
 CPUs: 8 total, 8 available
 Memory: 8102M
 Large Page Support: Disabled
 NUMA Support: Disabled
 Compressed Oops: Enabled (32-bit)
 Heap Region Size: 1M
 Heap Min Capacity: 8M
 Heap Initial Capacity: 128M
 Heap Max Capacity: 2026M
 Pre-touch: Disabled
 Parallel Workers: 8
 Concurrent Workers: 2
 Concurrent Refinement Workers: 8
 Periodic GC: Disabled

Heap:
 garbage-first heap   total 131072K, used 41176K [0x0000000081600000, 0x0000000100000000)
  region size 1024K, 7 young (7168K), 3 survivors (3072K)
 Metaspace       used 8839K, capacity 9025K, committed 9216K, reserved 1056768K
  class space    used 940K, capacity 999K, committed 1024K, reserved 1048576K

Heap Regions: E=young(eden), S=young(survivor), O=old, HS=humongous(starts), HC=humongous(continues), CS=collection set, F=free, OA=open archive, CA=closed archive, TAMS=top-at-mark-start (previous, next)
|   0|0x0000000081600000, 0x0000000081700000, 0x0000000081700000|100%|HS|  |TAMS 0x0000000081600000, 0x0000000081600000| Complete 
|   1|0x0000000081700000, 0x0000000081800000, 0x0000000081800000|100%|HC|  |TAMS 0x0000000081700000, 0x0000000081700000| Complete 
|   2|0x0000000081800000, 0x0000000081900000, 0x0000000081900000|100%|HS|  |TAMS 0x0000000081800000, 0x0000000081800000| Complete 
|   3|0x0000000081900000, 0x0000000081a00000, 0x0000000081a00000|100%|HC|  |TAMS 0x0000000081900000, 0x0000000081900000| Complete 
|   4|0x0000000081a00000, 0x0000000081b00000, 0x0000000081b00000|100%|HC|  |TAMS 0x0000000081a00000, 0x0000000081a00000| Complete 
|   5|0x0000000081b00000, 0x0000000081c00000, 0x0000000081c00000|100%|HS|  |TAMS 0x0000000081b00000, 0x0000000081b00000| Complete 
|   6|0x0000000081c00000, 0x0000000081d00000, 0x0000000081d00000|100%|HS|  |TAMS 0x0000000081c00000, 0x0000000081c00000| Complete 
|   7|0x0000000081d00000, 0x0000000081e00000, 0x0000000081e00000|100%|HC|  |TAMS 0x0000000081d00000, 0x0000000081d00000| Complete 
|   8|0x0000000081e00000, 0x0000000081f00000, 0x0000000081f00000|100%|HC|  |TAMS 0x0000000081e00000, 0x0000000081e00000| Complete 
|   9|0x0000000081f00000, 0x0000000082000000, 0x0000000082000000|100%|HS|  |TAMS 0x0000000081f00000, 0x0000000081f00000| Complete 
|  10|0x0000000082000000, 0x0000000082100000, 0x0000000082100000|100%|HC|  |TAMS 0x0000000082000000, 0x0000000082000000| Complete 
|  11|0x0000000082100000, 0x0000000082200000, 0x0000000082200000|100%|HC|  |TAMS 0x0000000082100000, 0x0000000082100000| Complete 
|  12|0x0000000082200000, 0x0000000082300000, 0x0000000082300000|100%|HC|  |TAMS 0x0000000082200000, 0x0000000082200000| Complete 
|  13|0x0000000082300000, 0x0000000082400000, 0x0000000082400000|100%|HC|  |TAMS 0x0000000082300000, 0x0000000082300000| Complete 
|  14|0x0000000082400000, 0x0000000082500000, 0x0000000082500000|100%|HC|  |TAMS 0x0000000082400000, 0x0000000082400000| Complete 
|  15|0x0000000082500000, 0x0000000082600000, 0x0000000082600000|100%|HC|  |TAMS 0x0000000082500000, 0x0000000082500000| Complete 
|  16|0x0000000082600000, 0x0000000082700000, 0x0000000082700000|100%|HC|  |TAMS 0x0000000082600000, 0x0000000082600000| Complete 
|  17|0x0000000082700000, 0x0000000082800000, 0x0000000082800000|100%|HS|  |TAMS 0x0000000082700000, 0x0000000082700000| Complete 
|  18|0x0000000082800000, 0x0000000082900000, 0x0000000082900000|100%|HC|  |TAMS 0x0000000082800000, 0x0000000082800000| Complete 
|  19|0x0000000082900000, 0x0000000082a00000, 0x0000000082a00000|100%|HC|  |TAMS 0x0000000082900000, 0x0000000082900000| Complete 
|  20|0x0000000082a00000, 0x0000000082b00000, 0x0000000082b00000|100%|HC|  |TAMS 0x0000000082a00000, 0x0000000082a00000| Complete 
|  21|0x0000000082b00000, 0x0000000082c00000, 0x0000000082c00000|100%|HC|  |TAMS 0x0000000082b00000, 0x0000000082b00000| Complete 
|  22|0x0000000082c00000, 0x0000000082d00000, 0x0000000082d00000|100%|HC|  |TAMS 0x0000000082c00000, 0x0000000082c00000| Complete 
|  23|0x0000000082d00000, 0x0000000082e00000, 0x0000000082e00000|100%|HC|  |TAMS 0x0000000082d00000, 0x0000000082d00000| Complete 
|  24|0x0000000082e00000, 0x0000000082f00000, 0x0000000082f00000|100%|HC|  |TAMS 0x0000000082e00000, 0x0000000082e00000| Complete 
|  25|0x0000000082f00000, 0x0000000083000000, 0x0000000083000000|100%|HS|  |TAMS 0x0000000082f00000, 0x0000000082f00000| Complete 
|  26|0x0000000083000000, 0x0000000083100000, 0x0000000083100000|100%|HC|  |TAMS 0x0000000083000000, 0x0000000083000000| Complete 
|  27|0x0000000083100000, 0x0000000083200000, 0x0000000083200000|100%|HC|  |TAMS 0x0000000083100000, 0x0000000083100000| Complete 
|  28|0x0000000083200000, 0x0000000083236200, 0x0000000083300000| 21%| O|  |TAMS 0x0000000083200000, 0x0000000083200000| Untracked 
|  29|0x0000000083300000, 0x0000000083400000, 0x0000000083400000|100%|HS|  |TAMS 0x0000000083300000, 0x0000000083300000| Complete 
|  30|0x0000000083400000, 0x0000000083500000, 0x0000000083500000|100%|HC|  |TAMS 0x0000000083400000, 0x0000000083400000| Complete 
|  31|0x0000000083500000, 0x0000000083600000, 0x0000000083600000|100%|HS|  |TAMS 0x0000000083500000, 0x0000000083500000| Complete 
|  32|0x0000000083600000, 0x0000000083700000, 0x0000000083700000|100%|HC|  |TAMS 0x0000000083600000, 0x0000000083600000| Complete 
|  33|0x0000000083700000, 0x0000000083800000, 0x0000000083800000|100%|HC|  |TAMS 0x0000000083700000, 0x0000000083700000| Complete 
|  34|0x0000000083800000, 0x0000000083900000, 0x0000000083900000|100%|HC|  |TAMS 0x0000000083800000, 0x0000000083800000| Complete 
|  35|0x0000000083900000, 0x0000000083900000, 0x0000000083a00000|  0%| F|  |TAMS 0x0000000083900000, 0x0000000083900000| Untracked 
|  36|0x0000000083a00000, 0x0000000083a00000, 0x0000000083b00000|  0%| F|  |TAMS 0x0000000083a00000, 0x0000000083a00000| Untracked 
|  37|0x0000000083b00000, 0x0000000083b00000, 0x0000000083c00000|  0%| F|  |TAMS 0x0000000083b00000, 0x0000000083b00000| Untracked 
|  38|0x0000000083c00000, 0x0000000083c00000, 0x0000000083d00000|  0%| F|  |TAMS 0x0000000083c00000, 0x0000000083c00000| Untracked 
|  39|0x0000000083d00000, 0x0000000083d00000, 0x0000000083e00000|  0%| F|  |TAMS 0x0000000083d00000, 0x0000000083d00000| Untracked 
|  40|0x0000000083e00000, 0x0000000083e00000, 0x0000000083f00000|  0%| F|  |TAMS 0x0000000083e00000, 0x0000000083e00000| Untracked 
|  41|0x0000000083f00000, 0x0000000083f00000, 0x0000000084000000|  0%| F|  |TAMS 0x0000000083f00000, 0x0000000083f00000| Untracked 
|  42|0x0000000084000000, 0x0000000084000000, 0x0000000084100000|  0%| F|  |TAMS 0x0000000084000000, 0x0000000084000000| Untracked 
|  43|0x0000000084100000, 0x0000000084100000, 0x0000000084200000|  0%| F|  |TAMS 0x0000000084100000, 0x0000000084100000| Untracked 
|  44|0x0000000084200000, 0x0000000084200000, 0x0000000084300000|  0%| F|  |TAMS 0x0000000084200000, 0x0000000084200000| Untracked 
|  45|0x0000000084300000, 0x0000000084300000, 0x0000000084400000|  0%| F|  |TAMS 0x0000000084300000, 0x0000000084300000| Untracked 
|  46|0x0000000084400000, 0x0000000084400000, 0x0000000084500000|  0%| F|  |TAMS 0x0000000084400000, 0x0000000084400000| Untracked 
|  47|0x0000000084500000, 0x0000000084500000, 0x0000000084600000|  0%| F|  |TAMS 0x0000000084500000, 0x0000000084500000| Untracked 
|  48|0x0000000084600000, 0x0000000084600000, 0x0000000084700000|  0%| F|  |TAMS 0x0000000084600000, 0x0000000084600000| Untracked 
|  49|0x0000000084700000, 0x0000000084700000, 0x0000000084800000|  0%| F|  |TAMS 0x0000000084700000, 0x0000000084700000| Untracked 
|  50|0x0000000084800000, 0x0000000084800000, 0x0000000084900000|  0%| F|  |TAMS 0x0000000084800000, 0x0000000084800000| Untracked 
|  51|0x0000000084900000, 0x0000000084900000, 0x0000000084a00000|  0%| F|  |TAMS 0x0000000084900000, 0x0000000084900000| Untracked 
|  52|0x0000000084a00000, 0x0000000084a00000, 0x0000000084b00000|  0%| F|  |TAMS 0x0000000084a00000, 0x0000000084a00000| Untracked 
|  53|0x0000000084b00000, 0x0000000084b00000, 0x0000000084c00000|  0%| F|  |TAMS 0x0000000084b00000, 0x0000000084b00000| Untracked 
|  54|0x0000000084c00000, 0x0000000084c00000, 0x0000000084d00000|  0%| F|  |TAMS 0x0000000084c00000, 0x0000000084c00000| Untracked 
|  55|0x0000000084d00000, 0x0000000084d00000, 0x0000000084e00000|  0%| F|  |TAMS 0x0000000084d00000, 0x0000000084d00000| Untracked 
|  56|0x0000000084e00000, 0x0000000084e00000, 0x0000000084f00000|  0%| F|  |TAMS 0x0000000084e00000, 0x0000000084e00000| Untracked 
|  57|0x0000000084f00000, 0x0000000084f00000, 0x0000000085000000|  0%| F|  |TAMS 0x0000000084f00000, 0x0000000084f00000| Untracked 
|  58|0x0000000085000000, 0x0000000085000000, 0x0000000085100000|  0%| F|  |TAMS 0x0000000085000000, 0x0000000085000000| Untracked 
|  59|0x0000000085100000, 0x0000000085100000, 0x0000000085200000|  0%| F|  |TAMS 0x0000000085100000, 0x0000000085100000| Untracked 
|  60|0x0000000085200000, 0x0000000085200000, 0x0000000085300000|  0%| F|  |TAMS 0x0000000085200000, 0x0000000085200000| Untracked 
|  61|0x0000000085300000, 0x0000000085300000, 0x0000000085400000|  0%| F|  |TAMS 0x0000000085300000, 0x0000000085300000| Untracked 
|  62|0x0000000085400000, 0x0000000085400000, 0x0000000085500000|  0%| F|  |TAMS 0x0000000085400000, 0x0000000085400000| Untracked 
|  63|0x0000000085500000, 0x0000000085500000, 0x0000000085600000|  0%| F|  |TAMS 0x0000000085500000, 0x0000000085500000| Untracked 
|  64|0x0000000085600000, 0x0000000085600000, 0x0000000085700000|  0%| F|  |TAMS 0x0000000085600000, 0x0000000085600000| Untracked 
|  65|0x0000000085700000, 0x0000000085700000, 0x0000000085800000|  0%| F|  |TAMS 0x0000000085700000, 0x0000000085700000| Untracked 
|  66|0x0000000085800000, 0x0000000085800000, 0x0000000085900000|  0%| F|  |TAMS 0x0000000085800000, 0x0000000085800000| Untracked 
|  67|0x0000000085900000, 0x0000000085900000, 0x0000000085a00000|  0%| F|  |TAMS 0x0000000085900000, 0x0000000085900000| Untracked 
|  68|0x0000000085a00000, 0x0000000085a00000, 0x0000000085b00000|  0%| F|  |TAMS 0x0000000085a00000, 0x0000000085a00000| Untracked 
|  69|0x0000000085b00000, 0x0000000085b00000, 0x0000000085c00000|  0%| F|  |TAMS 0x0000000085b00000, 0x0000000085b00000| Untracked 
|  70|0x0000000085c00000, 0x0000000085c00000, 0x0000000085d00000|  0%| F|  |TAMS 0x0000000085c00000, 0x0000000085c00000| Untracked 
|  71|0x0000000085d00000, 0x0000000085d00000, 0x0000000085e00000|  0%| F|  |TAMS 0x0000000085d00000, 0x0000000085d00000| Untracked 
|  72|0x0000000085e00000, 0x0000000085e00000, 0x0000000085f00000|  0%| F|  |TAMS 0x0000000085e00000, 0x0000000085e00000| Untracked 
|  73|0x0000000085f00000, 0x0000000085f00000, 0x0000000086000000|  0%| F|  |TAMS 0x0000000085f00000, 0x0000000085f00000| Untracked 
|  74|0x0000000086000000, 0x0000000086000000, 0x0000000086100000|  0%| F|  |TAMS 0x0000000086000000, 0x0000000086000000| Untracked 
|  75|0x0000000086100000, 0x0000000086100000, 0x0000000086200000|  0%| F|  |TAMS 0x0000000086100000, 0x0000000086100000| Untracked 
|  76|0x0000000086200000, 0x0000000086200000, 0x0000000086300000|  0%| F|  |TAMS 0x0000000086200000, 0x0000000086200000| Untracked 
|  77|0x0000000086300000, 0x0000000086300000, 0x0000000086400000|  0%| F|  |TAMS 0x0000000086300000, 0x0000000086300000| Untracked 
|  78|0x0000000086400000, 0x0000000086400000, 0x0000000086500000|  0%| F|  |TAMS 0x0000000086400000, 0x0000000086400000| Untracked 
|  79|0x0000000086500000, 0x0000000086500000, 0x0000000086600000|  0%| F|  |TAMS 0x0000000086500000, 0x0000000086500000| Untracked 
|  80|0x0000000086600000, 0x0000000086600000, 0x0000000086700000|  0%| F|  |TAMS 0x0000000086600000, 0x0000000086600000| Untracked 
|  81|0x0000000086700000, 0x0000000086700000, 0x0000000086800000|  0%| F|  |TAMS 0x0000000086700000, 0x0000000086700000| Untracked 
|  82|0x0000000086800000, 0x0000000086800000, 0x0000000086900000|  0%| F|  |TAMS 0x0000000086800000, 0x0000000086800000| Untracked 
|  83|0x0000000086900000, 0x0000000086900000, 0x0000000086a00000|  0%| F|  |TAMS 0x0000000086900000, 0x0000000086900000| Untracked 
|  84|0x0000000086a00000, 0x0000000086a00000, 0x0000000086b00000|  0%| F|  |TAMS 0x0000000086a00000, 0x0000000086a00000| Untracked 
|  85|0x0000000086b00000, 0x0000000086b00000, 0x0000000086c00000|  0%| F|  |TAMS 0x0000000086b00000, 0x0000000086b00000| Untracked 
|  86|0x0000000086c00000, 0x0000000086c00000, 0x0000000086d00000|  0%| F|  |TAMS 0x0000000086c00000, 0x0000000086c00000| Untracked 
|  87|0x0000000086d00000, 0x0000000086d00000, 0x0000000086e00000|  0%| F|  |TAMS 0x0000000086d00000, 0x0000000086d00000| Untracked 
|  88|0x0000000086e00000, 0x0000000086e00000, 0x0000000086f00000|  0%| F|  |TAMS 0x0000000086e00000, 0x0000000086e00000| Untracked 
|  89|0x0000000086f00000, 0x0000000086f00000, 0x0000000087000000|  0%| F|  |TAMS 0x0000000086f00000, 0x0000000086f00000| Untracked 
|  90|0x0000000087000000, 0x0000000087000000, 0x0000000087100000|  0%| F|  |TAMS 0x0000000087000000, 0x0000000087000000| Untracked 
|  91|0x0000000087100000, 0x0000000087100000, 0x0000000087200000|  0%| F|  |TAMS 0x0000000087100000, 0x0000000087100000| Untracked 
|  92|0x0000000087200000, 0x0000000087200000, 0x0000000087300000|  0%| F|  |TAMS 0x0000000087200000, 0x0000000087200000| Untracked 
|  93|0x0000000087300000, 0x0000000087300000, 0x0000000087400000|  0%| F|  |TAMS 0x0000000087300000, 0x0000000087300000| Untracked 
|  94|0x0000000087400000, 0x0000000087400000, 0x0000000087500000|  0%| F|  |TAMS 0x0000000087400000, 0x0000000087400000| Untracked 
|  95|0x0000000087500000, 0x0000000087500000, 0x0000000087600000|  0%| F|  |TAMS 0x0000000087500000, 0x0000000087500000| Untracked 
|  96|0x0000000087600000, 0x0000000087600000, 0x0000000087700000|  0%| F|  |TAMS 0x0000000087600000, 0x0000000087600000| Untracked 
|  97|0x0000000087700000, 0x0000000087700000, 0x0000000087800000|  0%| F|  |TAMS 0x0000000087700000, 0x0000000087700000| Untracked 
|  98|0x0000000087800000, 0x0000000087800000, 0x0000000087900000|  0%| F|  |TAMS 0x0000000087800000, 0x0000000087800000| Untracked 
|  99|0x0000000087900000, 0x0000000087900000, 0x0000000087a00000|  0%| F|  |TAMS 0x0000000087900000, 0x0000000087900000| Untracked 
| 100|0x0000000087a00000, 0x0000000087a00000, 0x0000000087b00000|  0%| F|  |TAMS 0x0000000087a00000, 0x0000000087a00000| Untracked 
| 101|0x0000000087b00000, 0x0000000087b00000, 0x0000000087c00000|  0%| F|  |TAMS 0x0000000087b00000, 0x0000000087b00000| Untracked 
| 102|0x0000000087c00000, 0x0000000087d00000, 0x0000000087d00000|100%| S|CS|TAMS 0x0000000087c00000, 0x0000000087c00000| Complete 
| 103|0x0000000087d00000, 0x0000000087e00000, 0x0000000087e00000|100%| S|CS|TAMS 0x0000000087d00000, 0x0000000087d00000| Complete 
| 104|0x0000000087e00000, 0x0000000087f00000, 0x0000000087f00000|100%| S|CS|TAMS 0x0000000087e00000, 0x0000000087e00000| Complete 
| 105|0x0000000087f00000, 0x0000000087f00000, 0x0000000088000000|  0%| F|  |TAMS 0x0000000087f00000, 0x0000000087f00000| Untracked 
| 106|0x0000000088000000, 0x0000000088000000, 0x0000000088100000|  0%| F|  |TAMS 0x0000000088000000, 0x0000000088000000| Untracked 
| 107|0x0000000088100000, 0x0000000088100000, 0x0000000088200000|  0%| F|  |TAMS 0x0000000088100000, 0x0000000088100000| Untracked 
| 108|0x0000000088200000, 0x0000000088200000, 0x0000000088300000|  0%| F|  |TAMS 0x0000000088200000, 0x0000000088200000| Untracked 
| 109|0x0000000088300000, 0x0000000088300000, 0x0000000088400000|  0%| F|  |TAMS 0x0000000088300000, 0x0000000088300000| Untracked 
| 110|0x0000000088400000, 0x0000000088400000, 0x0000000088500000|  0%| F|  |TAMS 0x0000000088400000, 0x0000000088400000| Untracked 
| 111|0x0000000088500000, 0x0000000088500000, 0x0000000088600000|  0%| F|  |TAMS 0x0000000088500000, 0x0000000088500000| Untracked 
| 112|0x0000000088600000, 0x0000000088600000, 0x0000000088700000|  0%| F|  |TAMS 0x0000000088600000, 0x0000000088600000| Untracked 
| 113|0x0000000088700000, 0x0000000088700000, 0x0000000088800000|  0%| F|  |TAMS 0x0000000088700000, 0x0000000088700000| Untracked 
| 114|0x0000000088800000, 0x0000000088800000, 0x0000000088900000|  0%| F|  |TAMS 0x0000000088800000, 0x0000000088800000| Untracked 
| 115|0x0000000088900000, 0x0000000088900000, 0x0000000088a00000|  0%| F|  |TAMS 0x0000000088900000, 0x0000000088900000| Untracked 
| 116|0x0000000088a00000, 0x0000000088a00000, 0x0000000088b00000|  0%| F|  |TAMS 0x0000000088a00000, 0x0000000088a00000| Untracked 
| 117|0x0000000088b00000, 0x0000000088b00000, 0x0000000088c00000|  0%| F|  |TAMS 0x0000000088b00000, 0x0000000088b00000| Untracked 
| 118|0x0000000088c00000, 0x0000000088c00000, 0x0000000088d00000|  0%| F|  |TAMS 0x0000000088c00000, 0x0000000088c00000| Untracked 
| 119|0x0000000088d00000, 0x0000000088d00000, 0x0000000088e00000|  0%| F|  |TAMS 0x0000000088d00000, 0x0000000088d00000| Untracked 
| 120|0x0000000088e00000, 0x0000000088e00000, 0x0000000088f00000|  0%| F|  |TAMS 0x0000000088e00000, 0x0000000088e00000| Untracked 
| 121|0x0000000088f00000, 0x0000000088f00000, 0x0000000089000000|  0%| F|  |TAMS 0x0000000088f00000, 0x0000000088f00000| Untracked 
| 122|0x0000000089000000, 0x0000000089000000, 0x0000000089100000|  0%| F|  |TAMS 0x0000000089000000, 0x0000000089000000| Untracked 
| 123|0x0000000089100000, 0x0000000089100000, 0x0000000089200000|  0%| F|  |TAMS 0x0000000089100000, 0x0000000089100000| Untracked 
| 124|0x0000000089200000, 0x0000000089280800, 0x0000000089300000| 50%| E|  |TAMS 0x0000000089200000, 0x0000000089200000| Complete 
| 125|0x0000000089300000, 0x0000000089400000, 0x0000000089400000|100%| E|CS|TAMS 0x0000000089300000, 0x0000000089300000| Complete 
| 126|0x0000000089400000, 0x0000000089500000, 0x0000000089500000|100%| E|CS|TAMS 0x0000000089400000, 0x0000000089400000| Complete 
| 127|0x0000000089500000, 0x0000000089600000, 0x0000000089600000|100%| E|CS|TAMS 0x0000000089500000, 0x0000000089500000| Complete 

Card table byte_map: [0x00000191cd010000,0x00000191cd410000] _byte_map_base: 0x00000191ccc05000

Marking Bits (Prev, Next): (CMBitMap*) 0x00000191b37bf140, (CMBitMap*) 0x00000191b37bf180
 Prev Bits: [0x00000191cd810000, 0x00000191cf7b8000)
 Next Bits: [0x00000191cf7c0000, 0x00000191d1768000)

Polling page: 0x00000191b5010000

Metaspace:

Usage:
  Non-class:      7.84 MB capacity,     7.71 MB ( 98%) used,   114.62 KB (  1%) free+waste,    12.25 KB ( <1%) overhead. 
      Class:    999.00 KB capacity,   940.11 KB ( 94%) used,    53.70 KB (  5%) free+waste,     5.19 KB ( <1%) overhead. 
       Both:      8.81 MB capacity,     8.63 MB ( 98%) used,   168.32 KB (  2%) free+waste,    17.44 KB ( <1%) overhead. 

Virtual space:
  Non-class space:        8.00 MB reserved,       8.00 MB (100%) committed 
      Class space:        1.00 GB reserved,       1.00 MB ( <1%) committed 
             Both:        1.01 GB reserved,       9.00 MB ( <1%) committed 

Chunk freelists:
   Non-Class:  38.00 KB
       Class:  25.00 KB
        Both:  63.00 KB

MaxMetaspaceSize: 17179869184.00 GB
CompressedClassSpaceSize: 1.00 GB

CodeHeap 'non-profiled nmethods': size=120000Kb used=585Kb max_used=585Kb free=119414Kb
 bounds [0x00000191c4c60000, 0x00000191c4ed0000, 0x00000191cc190000]
CodeHeap 'profiled nmethods': size=120000Kb used=2200Kb max_used=2200Kb free=117799Kb
 bounds [0x00000191bd730000, 0x00000191bd9a0000, 0x00000191c4c60000]
CodeHeap 'non-nmethods': size=5760Kb used=1280Kb max_used=1339Kb free=4479Kb
 bounds [0x00000191bd190000, 0x00000191bd400000, 0x00000191bd730000]
 total_blobs=1822 nmethods=1248 adapters=487
 compilation: enabled
              stopped_count=0, restarted_count=0
 full_count=0

Compilation events (20 events):
Event: 3101.090 Thread 0x00000191d423e810 1239       3       java.lang.invoke.LambdaProxyClassArchive::isDumpArchive (4 bytes)
Event: 3101.090 Thread 0x00000191d423e810 nmethod 1239 0x00000191bd950b90 code [0x00000191bd950d20, 0x00000191bd950df8]
Event: 3101.090 Thread 0x00000191d423e810 1240       3       java.lang.invoke.MethodHandles$Lookup::hasFullPrivilegeAccess (18 bytes)
Event: 3101.090 Thread 0x00000191d423e810 nmethod 1240 0x00000191bd950e90 code [0x00000191bd951020, 0x00000191bd951178]
Event: 3101.090 Thread 0x00000191d423e810 1242       3       jdk.internal.org.objectweb.asm.ClassReader::<init> (371 bytes)
Event: 3101.094 Thread 0x00000191d423e810 nmethod 1242 0x00000191bd951210 code [0x00000191bd951500, 0x00000191bd9528d8]
Event: 3101.094 Thread 0x00000191d423e810 1241       3       java.lang.invoke.MethodHandles$Lookup$ClassFile::readUnsignedShort (39 bytes)
Event: 3101.095 Thread 0x00000191d423e810 nmethod 1241 0x00000191bd952e90 code [0x00000191bd953040, 0x00000191bd953248]
Event: 3101.095 Thread 0x00000191d423e810 1243       1       jdk.internal.org.objectweb.asm.ClassReader::getMaxStringLength (5 bytes)
Event: 3101.095 Thread 0x00000191d423e810 nmethod 1243 0x00000191c4cf2010 code [0x00000191c4cf21a0, 0x00000191c4cf2258]
Event: 3101.178 Thread 0x00000191d423e810 1245       3       java.lang.invoke.MethodHandles$Lookup::checkSecurityManager (104 bytes)
Event: 3101.182 Thread 0x00000191d423e810 nmethod 1245 0x00000191bd953390 code [0x00000191bd9536a0, 0x00000191bd954848]
Event: 3101.193 Thread 0x00000191d423e810 1246       3       sun.nio.cs.SingleByte$Encoder::encode (32 bytes)
Event: 3101.194 Thread 0x00000191d423e810 nmethod 1246 0x00000191bd954d90 code [0x00000191bd954f40, 0x00000191bd9550f8]
Event: 3108.001 Thread 0x00000191d423e810 1247       3       java.awt.EventQueue::postEvent (13 bytes)
Event: 3108.002 Thread 0x00000191d423e810 nmethod 1247 0x00000191bd955210 code [0x00000191bd9553e0, 0x00000191bd955728]
Event: 3108.094 Thread 0x00000191d423e810 1248       3       java.awt.geom.AffineTransform::<init> (15 bytes)
Event: 3108.094 Thread 0x00000191d423e810 nmethod 1248 0x00000191bd955890 code [0x00000191bd955a20, 0x00000191bd955b98]
Event: 3108.096 Thread 0x00000191d423e810 1249  s    3       sun.font.TrueTypeFont::getScaler (32 bytes)
Event: 3108.098 Thread 0x00000191d423e810 nmethod 1249 0x00000191bd955c90 code [0x00000191bd955e40, 0x00000191bd9560e8]

GC Heap History (2 events):
Event: 4.131 GC heap before
{Heap before GC invocations=0 (full 0):
 garbage-first heap   total 131072K, used 51200K [0x0000000081600000, 0x0000000100000000)
  region size 1024K, 23 young (23552K), 0 survivors (0K)
 Metaspace       used 8635K, capacity 8821K, committed 8960K, reserved 1056768K
  class space    used 921K, capacity 995K, committed 1024K, reserved 1048576K
}
Event: 4.136 GC heap after
{Heap after GC invocations=1 (full 0):
 garbage-first heap   total 131072K, used 31960K [0x0000000081600000, 0x0000000100000000)
  region size 1024K, 3 young (3072K), 3 survivors (3072K)
 Metaspace       used 8635K, capacity 8821K, committed 8960K, reserved 1056768K
  class space    used 921K, capacity 995K, committed 1024K, reserved 1048576K
}

Deoptimization events (20 events):
Event: 5.978 Thread 0x00000191d60003a0 Uncommon trap: trap_request=0xffffff45 fr.pc=0x00000191c4ce8b7c relative=0x000000000000005c
Event: 5.978 Thread 0x00000191d60003a0 Uncommon trap: reason=unstable_if action=reinterpret pc=0x00000191c4ce8b7c method=java.awt.EventQueue.eventToCacheIndex(Ljava/awt/AWTEvent;)I @ 71 c2
Event: 5.978 Thread 0x00000191d60003a0 DEOPT PACKING pc=0x00000191c4ce8b7c sp=0x0000003ba96fee60
Event: 5.978 Thread 0x00000191d60003a0 DEOPT UNPACKING pc=0x00000191bd1de42f sp=0x0000003ba96fedf8 mode 2
Event: 3108.097 Thread 0x00000191d60003a0 Uncommon trap: trap_request=0xffffffc6 fr.pc=0x00000191c4cd30c0 relative=0x0000000000000300
Event: 3108.097 Thread 0x00000191d60003a0 Uncommon trap: reason=bimorphic_or_optimized_type_check action=maybe_recompile pc=0x00000191c4cd30c0 method=java.util.HashMap.getNode(Ljava/lang/Object;)Ljava/util/HashMap$Node; @ 128 c2
Event: 3108.097 Thread 0x00000191d60003a0 DEOPT PACKING pc=0x00000191c4cd30c0 sp=0x0000003ba96fe5a0
Event: 3108.097 Thread 0x00000191d60003a0 DEOPT UNPACKING pc=0x00000191bd1de42f sp=0x0000003ba96fe4a8 mode 2
Event: 3108.097 Thread 0x00000191d60003a0 Uncommon trap: trap_request=0xffffffc6 fr.pc=0x00000191c4cbe7fc relative=0x000000000000061c
Event: 3108.097 Thread 0x00000191d60003a0 Uncommon trap: reason=bimorphic_or_optimized_type_check action=maybe_recompile pc=0x00000191c4cbe7fc method=java.util.concurrent.ConcurrentHashMap.get(Ljava/lang/Object;)Ljava/lang/Object; @ 149 c2
Event: 3108.097 Thread 0x00000191d60003a0 DEOPT PACKING pc=0x00000191c4cbe7fc sp=0x0000003ba96fe530
Event: 3108.098 Thread 0x00000191d60003a0 DEOPT UNPACKING pc=0x00000191bd1de42f sp=0x0000003ba96fe4c0 mode 2
Event: 3108.098 Thread 0x00000191d60003a0 Uncommon trap: trap_request=0xffffffc6 fr.pc=0x00000191c4cd30c0 relative=0x0000000000000300
Event: 3108.098 Thread 0x00000191d60003a0 Uncommon trap: reason=bimorphic_or_optimized_type_check action=maybe_recompile pc=0x00000191c4cd30c0 method=java.util.HashMap.getNode(Ljava/lang/Object;)Ljava/util/HashMap$Node; @ 128 c2
Event: 3108.098 Thread 0x00000191d60003a0 DEOPT PACKING pc=0x00000191c4cd30c0 sp=0x0000003ba96fe5a0
Event: 3108.098 Thread 0x00000191d60003a0 DEOPT UNPACKING pc=0x00000191bd1de42f sp=0x0000003ba96fe4a8 mode 2
Event: 3108.098 Thread 0x00000191d60003a0 Uncommon trap: trap_request=0xffffffc6 fr.pc=0x00000191c4cbe7fc relative=0x000000000000061c
Event: 3108.098 Thread 0x00000191d60003a0 Uncommon trap: reason=bimorphic_or_optimized_type_check action=maybe_recompile pc=0x00000191c4cbe7fc method=java.util.concurrent.ConcurrentHashMap.get(Ljava/lang/Object;)Ljava/lang/Object; @ 149 c2
Event: 3108.098 Thread 0x00000191d60003a0 DEOPT PACKING pc=0x00000191c4cbe7fc sp=0x0000003ba96fe530
Event: 3108.098 Thread 0x00000191d60003a0 DEOPT UNPACKING pc=0x00000191bd1de42f sp=0x0000003ba96fe4c0 mode 2

Classes unloaded (0 events):
No events

Classes redefined (0 events):
No events

Internal exceptions (16 events):
Event: 0.080 Thread 0x00000191b377d700 Exception <a 'java/lang/NoSuchMethodError'{0x00000000894238f8}: 'void java.lang.invoke.DirectMethodHandle$Holder.invokeSpecial(java.lang.Object, java.lang.Object, java.lang.Object)'> (0x00000000894238f8) 
thrown [./open/src/hotspot/share/interpreter/linkResolver.cpp, line 782]
Event: 0.095 Thread 0x00000191b377d700 Exception <a 'java/lang/ClassNotFoundException'{0x00000000894433f8}: sun/awt/resources/spi/awtProvider> (0x00000000894433f8) 
thrown [./open/src/hotspot/share/classfile/systemDictionary.cpp, line 295]
Event: 0.139 Thread 0x00000191b377d700 Exception <a 'java/io/FileNotFoundException'{0x000000008949f038}> (0x000000008949f038) 
thrown [./open/src/hotspot/share/prims/jni.cpp, line 578]
Event: 0.153 Thread 0x00000191b377d700 Exception <a 'java/io/FileNotFoundException'{0x00000000894cd8c8}> (0x00000000894cd8c8) 
thrown [./open/src/hotspot/share/prims/jni.cpp, line 578]
Event: 0.154 Thread 0x00000191b377d700 Exception <a 'java/lang/NoSuchMethodError'{0x00000000894ceac0}: 'java.lang.Object java.lang.invoke.DirectMethodHandle$Holder.invokeStatic(java.lang.Object)'> (0x00000000894ceac0) 
thrown [./open/src/hotspot/share/interpreter/linkResolver.cpp, line 782]
Event: 0.201 Thread 0x00000191b377d700 Exception <a 'java/lang/NoSuchMethodError'{0x000000008932ad10}: 'java.lang.Object java.lang.invoke.DirectMethodHandle$Holder.invokeStaticInit(java.lang.Object)'> (0x000000008932ad10) 
thrown [./open/src/hotspot/share/interpreter/linkResolver.cpp, line 782]
Event: 0.262 Thread 0x00000191b377d700 Exception <a 'java/lang/NoSuchMethodError'{0x0000000089212fb0}: 'java.lang.Object java.lang.invoke.DirectMethodHandle$Holder.newInvokeSpecial(java.lang.Object, java.lang.Object, java.lang.Object, java.lang.Object, java.lang.Object)'> (0x0000000089212fb0) 
thrown [./open/src/hotspot/share/interpreter/linkResolver.cpp, line 782]
Event: 0.265 Thread 0x00000191b377d700 Exception <a 'java/lang/NoSuchMethodError'{0x000000008921ea40}: 'java.lang.Object java.lang.invoke.DirectMethodHandle$Holder.invokeStatic(java.lang.Object, int, java.lang.Object, java.lang.Object, java.lang.Object, java.lang.Object)'> (0x000000008921ea40) 
thrown [./open/src/hotspot/share/interpreter/linkResolver.cpp, line 782]
Event: 0.272 Thread 0x00000191b377d700 Exception <a 'java/lang/NoSuchMethodError'{0x0000000089244ce8}: 'java.lang.Object java.lang.invoke.DirectMethodHandle$Holder.invokeStatic(java.lang.Object, int, java.lang.Object)'> (0x0000000089244ce8) 
thrown [./open/src/hotspot/share/interpreter/linkResolver.cpp, line 782]
Event: 0.305 Thread 0x00000191b377d700 Exception <a 'java/lang/ClassNotFoundException'{0x00000000892fd260}: com/sun/swing/internal/plaf/metal/resources/spi/metalProvider> (0x00000000892fd260) 
thrown [./open/src/hotspot/share/classfile/systemDictionary.cpp, line 295]
Event: 0.306 Thread 0x00000191b377d700 Exception <a 'java/lang/ClassNotFoundException'{0x0000000089101ac8}: com/sun/swing/internal/plaf/basic/resources/spi/basicProvider> (0x0000000089101ac8) 
thrown [./open/src/hotspot/share/classfile/systemDictionary.cpp, line 295]
Event: 0.328 Thread 0x00000191d4f43420 Exception <a 'java/lang/NoSuchMethodError'{0x00000000891982d0}: 'java.lang.Object java.lang.invoke.DirectMethodHandle$Holder.newInvokeSpecial(java.lang.Object, java.lang.Object, java.lang.Object, int, int, int, int, int)'> (0x00000000891982d0) 
thrown [./open/src/hotspot/share/interpreter/linkResolver.cpp, line 782]
Event: 0.793 Thread 0x00000191d4f43420 Implicit null exception at 0x00000191c4c96786 to 0x00000191c4c968e8
Event: 1.053 Thread 0x00000191b377d700 Exception <a 'java/lang/NoSuchMethodError'{0x00000000885bfb80}: 'void java.lang.invoke.DirectMethodHandle$Holder.invokeStaticInit(java.lang.Object)'> (0x00000000885bfb80) 
thrown [./open/src/hotspot/share/interpreter/linkResolver.cpp, line 782]
Event: 5.959 Thread 0x00000191d60003a0 Implicit null exception at 0x00000191c4ce74e0 to 0x00000191c4ce772f
Event: 3101.177 Thread 0x00000191d60003a0 Exception <a 'java/lang/NoSuchMethodError'{0x00000000893f8460}: 'void java.lang.invoke.DirectMethodHandle$Holder.invokeVirtual(java.lang.Object, java.lang.Object)'> (0x00000000893f8460) 
thrown [./open/src/hotspot/share/interpreter/linkResolver.cpp, line 782]

Events (20 events):
Event: 5.137 Executing VM operation: HandshakeAllThreads done
Event: 5.960 loading class sun/awt/SunToolkit$1
Event: 5.960 loading class sun/awt/SunToolkit$1 done
Event: 9.186 Thread 0x00000191d4f43420 Thread exited: 0x00000191d4f43420
Event: 3101.173 loading class java/util/WeakHashMap$KeyIterator
Event: 3101.174 loading class java/util/WeakHashMap$HashIterator
Event: 3101.175 loading class java/util/WeakHashMap$HashIterator done
Event: 3101.175 loading class java/util/WeakHashMap$KeyIterator done
Event: 3101.188 loading class javax/swing/RepaintManager$DisplayChangedRunnable
Event: 3101.188 loading class javax/swing/RepaintManager$DisplayChangedRunnable done
Event: 3101.188 loading class java/awt/AWTError
Event: 3101.189 loading class java/awt/AWTError done
Event: 3101.189 loading class java/lang/InterruptedException
Event: 3101.189 loading class java/lang/InterruptedException done
Event: 3101.191 loading class java/lang/Throwable$WrappedPrintStream
Event: 3101.191 loading class java/lang/Throwable$PrintStreamOrWriter
Event: 3101.191 loading class java/lang/Throwable$PrintStreamOrWriter done
Event: 3101.191 loading class java/lang/Throwable$WrappedPrintStream done
Event: 3101.192 loading class java/lang/StackTraceElement$HashedModules
Event: 3101.192 loading class java/lang/StackTraceElement$HashedModules done


Dynamic libraries:
0x00007ff7ccfd0000 - 0x00007ff7ccfdf000 	C:\Program Files\Java\jdk-15.0.2\bin\javaw.exe
0x00007ff8b9f10000 - 0x00007ff8ba105000 	C:\WINDOWS\SYSTEM32\ntdll.dll
0x00007ff8b9ce0000 - 0x00007ff8b9d9d000 	C:\WINDOWS\System32\KERNEL32.DLL
0x00007ff8b7c20000 - 0x00007ff8b7ee8000 	C:\WINDOWS\System32\KERNELBASE.dll
0x00007ff8b7960000 - 0x00007ff8b7a60000 	C:\WINDOWS\System32\ucrtbase.dll
0x00007ff899920000 - 0x00007ff899938000 	C:\Program Files\Java\jdk-15.0.2\bin\jli.dll
0x00007ff899940000 - 0x00007ff899959000 	C:\Program Files\Java\jdk-15.0.2\bin\VCRUNTIME140.dll
0x00007ff8b8dc0000 - 0x00007ff8b8e6c000 	C:\WINDOWS\System32\ADVAPI32.dll
0x00007ff8b9da0000 - 0x00007ff8b9e3e000 	C:\WINDOWS\System32\msvcrt.dll
0x00007ff8b93f0000 - 0x00007ff8b948b000 	C:\WINDOWS\System32\sechost.dll
0x00007ff8b91b0000 - 0x00007ff8b92db000 	C:\WINDOWS\System32\RPCRT4.dll
0x00007ff8b87a0000 - 0x00007ff8b8940000 	C:\WINDOWS\System32\USER32.dll
0x00007ff8b7930000 - 0x00007ff8b7952000 	C:\WINDOWS\System32\win32u.dll
0x00007ff89f610000 - 0x00007ff89f8aa000 	C:\WINDOWS\WinSxS\amd64_microsoft.windows.common-controls_6595b64144ccf1df_6.0.19041.844_none_ca00b6081b84eb1d\COMCTL32.dll
0x00007ff8b8770000 - 0x00007ff8b879a000 	C:\WINDOWS\System32\GDI32.dll
0x00007ff8b76a0000 - 0x00007ff8b77ab000 	C:\WINDOWS\System32\gdi32full.dll
0x00007ff8b7860000 - 0x00007ff8b78fd000 	C:\WINDOWS\System32\msvcp_win.dll
0x00007ff8af540000 - 0x00007ff8af54a000 	C:\WINDOWS\SYSTEM32\VERSION.dll
0x00007ff8b9cb0000 - 0x00007ff8b9ce0000 	C:\WINDOWS\System32\IMM32.DLL
0x00007ff8a8660000 - 0x00007ff8a866c000 	C:\Program Files\Java\jdk-15.0.2\bin\vcruntime140_1.dll
0x00007ff888e80000 - 0x00007ff888f11000 	C:\Program Files\Java\jdk-15.0.2\bin\msvcp140.dll
0x00007ff869f60000 - 0x00007ff86aabe000 	C:\Program Files\Java\jdk-15.0.2\bin\server\jvm.dll
0x00007ff8b8db0000 - 0x00007ff8b8db8000 	C:\WINDOWS\System32\PSAPI.DLL
0x00007ff8b18b0000 - 0x00007ff8b18b9000 	C:\WINDOWS\SYSTEM32\WSOCK32.dll
0x00007ff8acb00000 - 0x00007ff8acb27000 	C:\WINDOWS\SYSTEM32\WINMM.dll
0x00007ff8b9000000 - 0x00007ff8b906b000 	C:\WINDOWS\System32\WS2_32.dll
0x00007ff8b5620000 - 0x00007ff8b5632000 	C:\WINDOWS\SYSTEM32\kernel.appcore.dll
0x00007ff8b30c0000 - 0x00007ff8b30ca000 	C:\Program Files\Java\jdk-15.0.2\bin\jimage.dll
0x00007ff8b5330000 - 0x00007ff8b5514000 	C:\WINDOWS\SYSTEM32\DBGHELP.DLL
0x00007ff8b0520000 - 0x00007ff8b054c000 	C:\WINDOWS\SYSTEM32\dbgcore.DLL
0x00007ff8b7ef0000 - 0x00007ff8b7f70000 	C:\WINDOWS\System32\bcryptPrimitives.dll
0x00007ff8998e0000 - 0x00007ff899905000 	C:\Program Files\Java\jdk-15.0.2\bin\java.dll
0x00007ff8b9490000 - 0x00007ff8b9bd2000 	C:\WINDOWS\System32\SHELL32.dll
0x00007ff8b5790000 - 0x00007ff8b5f21000 	C:\WINDOWS\SYSTEM32\windows.storage.dll
0x00007ff8b8410000 - 0x00007ff8b8765000 	C:\WINDOWS\System32\combase.dll
0x00007ff8b7070000 - 0x00007ff8b709c000 	C:\WINDOWS\SYSTEM32\Wldp.dll
0x00007ff8b8130000 - 0x00007ff8b81de000 	C:\WINDOWS\System32\SHCORE.dll
0x00007ff8b81e0000 - 0x00007ff8b8235000 	C:\WINDOWS\System32\shlwapi.dll
0x00007ff8b7590000 - 0x00007ff8b75af000 	C:\WINDOWS\SYSTEM32\profapi.dll
0x00007ff8826b0000 - 0x00007ff882830000 	C:\Program Files\Java\jdk-15.0.2\bin\awt.dll
0x00007ff8b9be0000 - 0x00007ff8b9cad000 	C:\WINDOWS\System32\OLEAUT32.dll
0x00007ff8b49f0000 - 0x00007ff8b4a80000 	C:\WINDOWS\SYSTEM32\apphelp.dll
0x00007ff8b5120000 - 0x00007ff8b514f000 	C:\WINDOWS\system32\DWMAPI.DLL
0x00007ff8b4ef0000 - 0x00007ff8b4f8e000 	C:\WINDOWS\system32\uxtheme.dll
0x00007ff89a440000 - 0x00007ff89a566000 	C:\WINDOWS\system32\opengl32.dll
0x00007ff8a7640000 - 0x00007ff8a766c000 	C:\WINDOWS\SYSTEM32\GLU32.dll
0x00007ff8b9070000 - 0x00007ff8b9185000 	C:\WINDOWS\System32\MSCTF.dll
0x00007ff8b8ed0000 - 0x00007ff8b8ffa000 	C:\WINDOWS\System32\ole32.dll
0x00007ff8a9060000 - 0x00007ff8a9078000 	C:\Program Files\Java\jdk-15.0.2\bin\zip.dll
0x00007ff891c30000 - 0x00007ff891c5d000 	C:\Program Files\Java\jdk-15.0.2\bin\javajpeg.dll
0x00007ff888a20000 - 0x00007ff888aa5000 	C:\Program Files\Java\jdk-15.0.2\bin\freetype.dll
0x00007ff887430000 - 0x00007ff8874d9000 	C:\Program Files\Java\jdk-15.0.2\bin\fontmanager.dll
0x00007ff8aeb50000 - 0x00007ff8aeb69000 	C:\Program Files\Java\jdk-15.0.2\bin\net.dll
0x00007ff8b07b0000 - 0x00007ff8b08bb000 	C:\WINDOWS\SYSTEM32\WINHTTP.dll
0x00007ff8b6dc0000 - 0x00007ff8b6e2a000 	C:\WINDOWS\system32\mswsock.dll
0x00007ff8ab1a0000 - 0x00007ff8ab1b2000 	C:\Program Files\Java\jdk-15.0.2\bin\nio.dll
0x00007ff8ac490000 - 0x00007ff8ac589000 	C:\WINDOWS\SYSTEM32\textinputframework.dll
0x00007ff8b47c0000 - 0x00007ff8b48b2000 	C:\WINDOWS\System32\CoreMessaging.dll
0x00007ff8b4230000 - 0x00007ff8b458e000 	C:\WINDOWS\System32\CoreUIComponents.dll
0x00007ff8b63d0000 - 0x00007ff8b6403000 	C:\WINDOWS\SYSTEM32\ntmarta.dll
0x00007ff8b40d0000 - 0x00007ff8b4224000 	C:\WINDOWS\SYSTEM32\wintypes.dll
0x00007ff8b9340000 - 0x00007ff8b93e9000 	C:\WINDOWS\System32\clbcatq.dll
0x00007ff8ab730000 - 0x00007ff8ab8e4000 	C:\WINDOWS\SYSTEM32\WindowsCodecs.dll
0x00007ff8b7900000 - 0x00007ff8b7927000 	C:\WINDOWS\System32\bcrypt.dll
0x00007ff89f8b0000 - 0x00007ff89f8ee000 	C:\WINDOWS\system32\dataexchange.dll
0x00007ff8b1f90000 - 0x00007ff8b21f4000 	C:\WINDOWS\system32\d3d11.dll
0x00007ff8b45d0000 - 0x00007ff8b47b5000 	C:\WINDOWS\system32\dcomp.dll
0x00007ff8b60b0000 - 0x00007ff8b61a3000 	C:\WINDOWS\system32\dxgi.dll
0x00007ff8adf70000 - 0x00007ff8ae171000 	C:\WINDOWS\system32\twinapi.appcore.dll

dbghelp: loaded successfully - version: 4.0.5 - missing functions: none
symbol engine: initialized successfully - sym options: 0x614 - pdb path: .;C:\Program Files\Java\jdk-15.0.2\bin;C:\WINDOWS\SYSTEM32;C:\WINDOWS\WinSxS\amd64_microsoft.windows.common-controls_6595b64144ccf1df_6.0.19041.844_none_ca00b6081b84eb1d;C:\Program Files\Java\jdk-15.0.2\bin\server

VM Arguments:
jvm_args: -Dfile.encoding=Cp1252 -XX:+ShowCodeDetailsInExceptionMessages 
java_command: Karangpawitan.MakamGodog
java_class_path (initial): D:\Eclipse Workspace\Petadigitalfix\bin
Launcher Type: SUN_STANDARD

[Global flags]
     intx CICompilerCount                          = 4                                         {product} {ergonomic}
     uint ConcGCThreads                            = 2                                         {product} {ergonomic}
     uint G1ConcRefinementThreads                  = 8                                         {product} {ergonomic}
   size_t G1HeapRegionSize                         = 1048576                                   {product} {ergonomic}
    uintx GCDrainStackTargetSize                   = 64                                        {product} {ergonomic}
   size_t InitialHeapSize                          = 134217728                                 {product} {ergonomic}
   size_t MarkStackSize                            = 4194304                                   {product} {ergonomic}
   size_t MaxHeapSize                              = 2124414976                                {product} {ergonomic}
   size_t MaxNewSize                               = 1274019840                                {product} {ergonomic}
   size_t MinHeapDeltaBytes                        = 1048576                                   {product} {ergonomic}
   size_t MinHeapSize                              = 8388608                                   {product} {ergonomic}
    uintx NonNMethodCodeHeapSize                   = 5839372                                {pd product} {ergonomic}
    uintx NonProfiledCodeHeapSize                  = 122909434                              {pd product} {ergonomic}
    uintx ProfiledCodeHeapSize                     = 122909434                              {pd product} {ergonomic}
    uintx ReservedCodeCacheSize                    = 251658240                              {pd product} {ergonomic}
     bool SegmentedCodeCache                       = true                                      {product} {ergonomic}
     bool ShowCodeDetailsInExceptionMessages       = true                                   {manageable} {command line}
   size_t SoftMaxHeapSize                          = 2124414976                             {manageable} {ergonomic}
     bool UseCompressedClassPointers               = true                                 {lp64_product} {ergonomic}
     bool UseCompressedOops                        = true                                 {lp64_product} {ergonomic}
     bool UseG1GC                                  = true                                      {product} {ergonomic}
     bool UseLargePagesIndividualAllocation        = false                                  {pd product} {ergonomic}

Logging:
Log output configuration:
 #0: stdout all=warning uptime,level,tags
 #1: stderr all=off uptime,level,tags

Environment Variables:
PATH=C:/Program Files/Java/jdk-15.0.2/bin/server;C:/Program Files/Java/jdk-15.0.2/bin;C:\Program Files\Common Files\Oracle\Java\javapath;C:\Windows\system32;C:\Windows;C:\Windows\System32\Wbem;C:\Windows\System32\WindowsPowerShell\v1.0\;C:\Program Files (x86)\NVIDIA Corporation\PhysX\Common;C:\Program Files\NVIDIA Corporation\NVIDIA NvDLISR;C:\WINDOWS\system32;C:\WINDOWS;C:\WINDOWS\System32\Wbem;C:\WINDOWS\System32\WindowsPowerShell\v1.0\;C:\WINDOWS\System32\OpenSSH\;C:\Program Files\Java\jdk-15.0.2\bin;C:\Users\Asus\AppData\Local\Microsoft\WindowsApps;;C:\Users\Asus\Desktop;
USERNAME=Asus
OS=Windows_NT
PROCESSOR_IDENTIFIER=Intel64 Family 6 Model 142 Stepping 10, GenuineIntel



---------------  S Y S T E M  ---------------

OS:
 Windows 10 , 64 bit Build 19041 (10.0.19041.928)
OS uptime: 2 days 21:10 hours

CPU: total 8 (initial active 8) (4 cores per cpu, 2 threads per core) family 6 model 142 stepping 10 microcode 0xe0, cmov, cx8, fxsr, mmx, sse, sse2, sse3, ssse3, sse4.1, sse4.2, popcnt, vzeroupper, avx, avx2, clmul, erms, 3dnowpref, lzcnt, ht, tsc, tscinvbit, bmi1, bmi2, adx, fma, clflush, clflushopt

Memory: 4k page, system-wide physical 8102M (819M free)
TotalPageFile size 20462M (AvailPageFile size 7M)
current process WorkingSet (physical memory assigned to process): 51M, peak: 133M
current process commit charge ("private bytes"): 240M, peak: 253M

vm_info: Java HotSpot(TM) 64-Bit Server VM (15.0.2+7-27) for windows-amd64 JRE (15.0.2+7-27), built on Dec  7 2020 20:07:01 by "mach5one" with unknown MS VC++:1925

END.
