#
# There is insufficient memory for the Java Runtime Environment to continue.
# Native memory allocation (malloc) failed to allocate 166496 bytes for Chunk::new
# Possible reasons:
#   The system is out of physical RAM or swap space
#   The process is running with CompressedOops enabled, and the Java Heap may be blocking the growth of the native heap
# Possible solutions:
#   Reduce memory load on the system
#   Increase physical memory or swap space
#   Check if swap backing store is full
#   Decrease Java heap size (-Xmx/-Xms)
#   Decrease number of Java threads
#   Decrease Java thread stack sizes (-Xss)
#   Set larger code cache with -XX:ReservedCodeCacheSize=
#   JVM is running with Unscaled Compressed Oops mode in which the Java heap is
#     placed in the first 4GB address space. The Java Heap base address is the
#     maximum limit for the native heap growth. Please use -XX:HeapBaseMinAddress
#     to set the Java Heap base and to place the Java Heap above 4GB virtual address.
# This output file may be truncated or incomplete.
#
#  Out of Memory Error (./open/src/hotspot/share/memory/arena.cpp:195), pid=9240, tid=14100
#
# JRE version: Java(TM) SE Runtime Environment (15.0.2+7) (build 15.0.2+7-27)
# Java VM: Java HotSpot(TM) 64-Bit Server VM (15.0.2+7-27, mixed mode, sharing, tiered, compressed oops, g1 gc, windows-amd64)
# No core dump will be written. Minidumps are not enabled by default on client versions of Windows
#

---------------  S U M M A R Y ------------

Command Line: -Dfile.encoding=Cp1252 -XX:+ShowCodeDetailsInExceptionMessages Petadigitalfix.SaungBudayaCiburial

Host: Intel(R) Core(TM) i5-8250U CPU @ 1.60GHz, 8 cores, 7G,  Windows 10 , 64 bit Build 19041 (10.0.19041.804)
Time: Thu Apr  1 01:59:41 2021 SE Asia Standard Time elapsed time: 0.254326 seconds (0d 0h 0m 0s)

---------------  T H R E A D  ---------------

Current thread (0x000001f733492c80):  JavaThread "C2 CompilerThread0" daemon [_thread_in_native, id=14100, stack(0x000000640f200000,0x000000640f300000)]


Current CompileTask:
C2:    254  465 %     4       sun.awt.image.PNGImageDecoder::filterRow @ 79 (460 bytes)

Stack: [0x000000640f200000,0x000000640f300000]
Native frames: (J=compiled Java code, j=interpreted, Vv=VM code, C=native code)
V  [jvm.dll+0x62ae9a]
V  [jvm.dll+0x7817a9]
V  [jvm.dll+0x782f03]
V  [jvm.dll+0x783563]
V  [jvm.dll+0x216325]
V  [jvm.dll+0x97f3a]
V  [jvm.dll+0x9861c]
V  [jvm.dll+0x279f9f]
V  [jvm.dll+0x540794]
V  [jvm.dll+0x1f3124]
V  [jvm.dll+0x1ecaf1]
V  [jvm.dll+0x1e9867]
V  [jvm.dll+0x178567]
V  [jvm.dll+0x1f9225]
V  [jvm.dll+0x1f72cc]
V  [jvm.dll+0x74495d]
V  [jvm.dll+0x73d75a]
V  [jvm.dll+0x629c56]
C  [ucrtbase.dll+0x21bb2]
C  [KERNEL32.DLL+0x17034]
C  [ntdll.dll+0x52651]


---------------  P R O C E S S  ---------------

Threads class SMR info:
_java_thread_list=0x000001f733eb96b0, length=16, elements={
0x000001f71498e210, 0x000001f73346c7d0, 0x000001f73346da50, 0x000001f7334864f0,
0x000001f733488dc0, 0x000001f733489e20, 0x000001f733492c80, 0x000001f73349eb30,
0x000001f7334b17d0, 0x000001f733ec27c0, 0x000001f733ecb3b0, 0x000001f73410edf0,
0x000001f734111d80, 0x000001f734106f10, 0x000001f73419c020, 0x000001f73415d4a0
}

Java Threads: ( => current thread )
  0x000001f71498e210 JavaThread "main" [_thread_blocked, id=7592, stack(0x000000640e600000,0x000000640e700000)]
  0x000001f73346c7d0 JavaThread "Reference Handler" daemon [_thread_blocked, id=15856, stack(0x000000640ed00000,0x000000640ee00000)]
  0x000001f73346da50 JavaThread "Finalizer" daemon [_thread_blocked, id=11880, stack(0x000000640ee00000,0x000000640ef00000)]
  0x000001f7334864f0 JavaThread "Signal Dispatcher" daemon [_thread_blocked, id=9604, stack(0x000000640ef00000,0x000000640f000000)]
  0x000001f733488dc0 JavaThread "Attach Listener" daemon [_thread_blocked, id=15596, stack(0x000000640f000000,0x000000640f100000)]
  0x000001f733489e20 JavaThread "Service Thread" daemon [_thread_blocked, id=13144, stack(0x000000640f100000,0x000000640f200000)]
=>0x000001f733492c80 JavaThread "C2 CompilerThread0"