#
# A fatal error has been detected by the Java Runtime Environment:
#
#  EXCEPTION_ACCESS_VIOLATION (0xc0000005) at pc=0x00007ff882782896, pid=8948, tid=7072
#
# JRE version: Java(TM) SE Runtime Environment (15.0.2+7) (build 15.0.2+7-27)
# Java VM: Java HotSpot(TM) 64-Bit Server VM (15.0.2+7-27, mixed mode, sharing, tiered, compressed oops, g1 gc, windows-amd64)
# Problematic frame:
# C  [awt.dll+0xd2896]
#
# No core dump will be written. Minidumps are not enabled by default on client versions of Windows
#
# If you would like to submit a bug report, please visit:
#   https://bugreport.java.com/bugreport/crash.jsp
# The crash happened outside the Java Virtual Machine in native code.
# See problematic frame for where to report the bug.
#

---------------  S U M M A R Y ------------

Command Line: -Dfile.encoding=Cp1252 -XX:+ShowCodeDetailsInExceptionMessages Karangpawitan.PetaDigitalKarangpawitan

Host: Intel(R) Core(TM) i5-8250U CPU @ 1.60GHz, 8 cores, 7G,  Windows 10 , 64 bit Build 19041 (10.0.19041.928)
Time: Sun May  9 15:35:42 2021 SE Asia Standard Time elapsed time: 2071.364312 seconds (0d 0h 34m 31s)

---------------  T H R E A D  ---------------

Current thread (0x0000015d52f9ddc0):  JavaThread "AWT-EventQueue-0" [_thread_in_native, id=7072, stack(0x00000002eb900000,0x00000002eba00000)]

Stack: [0x00000002eb900000,0x00000002eba00000],  sp=0x00000002eb9fe770,  free space=1017k
Native frames: (J=compiled Java code, j=interpreted, Vv=VM code, C=native code)
C  [awt.dll+0xd2896]

Java frames: (J=compiled Java code, j=interpreted, Vv=VM code)
j  sun.awt.Win32GraphicsDevice.initNativeScale(I)V+0 java.desktop@15.0.2
j  sun.awt.Win32GraphicsDevice.initScaleFactors()V+60 java.desktop@15.0.2
j  sun.awt.Win32GraphicsDevice.displayChanged()V+16 java.desktop@15.0.2
j  sun.awt.Win32GraphicsEnvironment.displayChanged()V+271 java.desktop@15.0.2
j  sun.awt.windows.WToolkit.lambda$displayChanged$4()V+15 java.desktop@15.0.2
j  sun.awt.windows.WToolkit$$Lambda$124+0x0000000800c27b88.run()V+0 java.desktop@15.0.2
j  java.awt.event.InvocationEvent.dispatch()V+47 java.desktop@15.0.2
j  java.awt.EventQueue.dispatchEventImpl(Ljava/awt/AWTEvent;Ljava/lang/Object;)V+21 java.desktop@15.0.2
j  java.awt.EventQueue$4.run()Ljava/lang/Void;+32 java.desktop@15.0.2
J 846 c1 java.awt.EventQueue.dispatchEvent(Ljava/awt/AWTEvent;)V java.desktop@15.0.2 (80 bytes) @ 0x0000015d3b024e14 [0x0000015d3b024860+0x00000000000005b4]
j  java.awt.EventDispatchThread.pumpOneEventForFilters(I)V+78 java.desktop@15.0.2
j  java.awt.EventDispatchThread.pumpEventsForFilter(ILjava/awt/Conditional;Ljava/awt/EventFilter;)V+35 java.desktop@15.0.2
j  java.awt.EventDispatchThread.pumpEventsForHierarchy(ILjava/awt/Conditional;Ljava/awt/Component;)V+11 java.desktop@15.0.2
j  java.awt.EventDispatchThread.pumpEvents(ILjava/awt/Conditional;)V+4 java.desktop@15.0.2
j  java.awt.EventDispatchThread.pumpEvents(Ljava/awt/Conditional;)V+3 java.desktop@15.0.2
j  java.awt.EventDispatchThread.run()V+9 java.desktop@15.0.2
v  ~StubRoutines::call_stub

siginfo: EXCEPTION_ACCESS_VIOLATION (0xc0000005), reading address 0x0000000100000026


Register to memory mapping:

RIP=0x00007ff882782896 awt.dll
RAX=0x00000002eb9fe798 is pointing into the stack for thread: 0x0000015d52f9ddc0
RBX=
[error occurred during error reporting (printing register info), id 0xc0000005, EXCEPTION_ACCESS_VIOLATION (0xc0000005) at pc=0x00007ff86a208322]

Registers:
RAX=0x00000002eb9fe798, RBX=0x00000000fffffffe, RCX=0x00000000fffffffe, RDX=0x0000000000000000
RSP=0x00000002eb9fe770, RBP=0x00000002eb9fe850, RSI=0x0000000000000000, RDI=0x0000000000000000
R8 =0x0000000000000001, R9 =0x00000000000000dd, R10=0x0000015d3a94f148, R11=0x0000000000000100
R12=0x0000000000000000, R13=0x0000015d51497928, R14=0x00000002eb9fe878, R15=0x0000015d52f9ddc0
RIP=0x00007ff882782896, EFLAGS=0x0000000000010202

Top of Stack: (sp=0x00000002eb9fe770)
0x00000002eb9fe770:   0000015d51bcdff0 00000000000003d8
0x00000002eb9fe780:   0000015d51f1b360 0000000000000000
0x00000002eb9fe790:   0000015d51f1b360 00007ff882783bbe
0x00000002eb9fe7a0:   00007ff8bf800000 0000015d51497928
0x00000002eb9fe7b0:   00000002eb9fe938 0000015d3a949f00
0x00000002eb9fe7c0:   0000015d3a949f00 0000015d3a94f177
0x00000002eb9fe7d0:   0000015d51497928 0000015d52f9ddc0
0x00000002eb9fe7e0:   00000002eb9fe928 00007ff86a542c29
0x00000002eb9fe7f0:   00000002eb9fe938 00007ff86a542bc4
0x00000002eb9fe800:   0000015d518ac390 00000002eb9fe808
0x00000002eb9fe810:   0000000000000000 00000002eb9fe878
0x00000002eb9fe820:   0000015d5149a480 0000000000000000
0x00000002eb9fe830:   0000000089327910 0000015d51497928
0x00000002eb9fe840:   0000000000000000 00000002eb9fe870
0x00000002eb9fe850:   00000002eb9fe8c8 0000015d3a94a1aa
0x00000002eb9fe860:   0000000000000000 0000015d3a94c218 

Instructions: (pc=0x00007ff882782896)
0x00007ff882782796:   8b c8 e8 33 5b f5 ff 48 8b 48 08 33 ff 48 85 c9
0x00007ff8827827a6:   74 07 48 8b b9 08 0c 00 00 48 8b cb e8 99 5c f5
0x00007ff8827827b6:   ff 90 48 8b c7 48 8b 5c 24 30 48 83 c4 20 5f c3
0x00007ff8827827c6:   cc cc f3 0f 10 41 48 c3 cc cc f3 0f 10 41 4c c3
0x00007ff8827827d6:   cc cc 48 89 5c 24 08 48 89 74 24 18 57 48 83 ec
0x00007ff8827827e6:   20 48 8b f1 ba 02 00 01 00 48 8b 0d 02 66 06 00
0x00007ff8827827f6:   e8 58 ec 00 00 48 8b d8 e8 4d 5b f5 ff 48 85 c0
0x00007ff882782806:   75 08 48 8b cb e8 20 5d f5 ff e8 3b 5b f5 ff 48
0x00007ff882782816:   8b d8 48 89 44 24 38 33 ff 39 78 0c 7e 27 41 b8
0x00007ff882782826:   01 00 00 00 8b d7 48 8b cb e8 9c 5a f5 ff 48 8b
0x00007ff882782836:   50 28 48 8b ce e8 08 f7 ff ff 85 c0 75 0d ff c7
0x00007ff882782846:   3b 7b 0c 7c d9 8b 3d ff 6a 06 00 48 8b cb e8 f7
0x00007ff882782856:   5b f5 ff 90 8b c7 48 8b 5c 24 30 48 8b 74 24 40
0x00007ff882782866:   48 83 c4 20 5f c3 48 8b 41 08 48 8b 80 18 0c 00
0x00007ff882782876:   00 c3 48 8b 41 08 48 05 00 04 00 00 c3 cc 48 8b
0x00007ff882782886:   c4 53 48 83 ec 20 48 8b d9 c7 40 08 00 00 80 bf
0x00007ff882782896:   48 8b 49 28 4c 8d 40 10 48 8d 50 08 c7 40 10 00
0x00007ff8827828a6:   00 80 bf e8 b6 cc 00 00 f3 0f 10 54 24 30 0f 57
0x00007ff8827828b6:   c0 0f 2f d0 76 25 f3 0f 10 4c 24 38 0f 2f c8 76
0x00007ff8827828c6:   1a f3 0f 5e 15 e5 83 02 00 f3 0f 5e 0d dd 83 02
0x00007ff8827828d6:   00 f3 0f 11 53 48 f3 0f 11 4b 4c 48 83 c4 20 5b
0x00007ff8827828e6:   c3 cc 48 89 5c 24 10 48 89 74 24 18 57 41 54 41
0x00007ff8827828f6:   56 48 83 ec 40 48 8b d9 48 8b 41 18 33 ff 48 85
0x00007ff882782906:   c0 75 18 b9 28 04 00 00 e8 ed 87 00 00 48 89 43
0x00007ff882782916:   18 c7 00 28 00 00 00 48 8b 43 18 66 89 78 0e 48
0x00007ff882782926:   8b 4b 28 e8 2a 03 00 00 48 8b f0 41 bc 01 00 00
0x00007ff882782936:   00 45 8b c4 41 8b d4 48 8b c8 ff 15 9a 2b 06 00
0x00007ff882782946:   4c 8b f0 89 7c 24 30 48 8b 4b 18 48 89 4c 24 28
0x00007ff882782956:   48 89 7c 24 20 45 8b cc 45 33 c0 48 8b d0 48 8b
0x00007ff882782966:   ce ff 15 5b 2c 06 00 48 8b 0b 48 8b 53 30 45 8d
0x00007ff882782976:   44 24 07 44 39 41 04 0f 8e ca 01 00 00 44 84 62
0x00007ff882782986:   24 74 09 89 3d c5 69 06 00 48 8b 0b 48 8b 43 18 


Stack slot to memory mapping:
stack at sp + 0 slots: 0x0000015d51bcdff0 points into unknown readable memory: 0x0000015d52b2c68c | 8c c6 b2 52 5d 01 00 00
stack at sp + 1 slots: 0x00000000000003d8 is an unknown value
stack at sp + 2 slots: 0x0000015d51f1b360 points into unknown readable memory: 0x0000015d52d152e0 | e0 52 d1 52 5d 01 00 00
stack at sp + 3 slots: 0x0 is NULL
stack at sp + 4 slots: 0x0000015d51f1b360 points into unknown readable memory: 0x0000015d52d152e0 | e0 52 d1 52 5d 01 00 00
stack at sp + 5 slots: 0x00007ff882783bbe awt.dll
stack at sp + 6 slots: 0x00007ff8bf800000 is an unknown value
stack at sp + 7 slots: {method} {0x0000015d51497930} 'initNativeScale' '(I)V' in 'sun/awt/Win32GraphicsDevice'


---------------  P R O C E S S  ---------------

Threads class SMR info:
_java_thread_list=0x0000015d52f68cd0, length=15, elements={
0x0000015d511ef7d0, 0x0000015d511f02b0, 0x0000015d51209700, 0x0000015d5120bfd0,
0x0000015d5120c990, 0x0000015d5120e740, 0x0000015d51212240, 0x0000015d51213320,
0x0000015d51c4d840, 0x0000015d51c59d50, 0x0000015d51e4b900, 0x0000015d51e4c3e0,
0x0000015d51e93490, 0x0000015d52f9ddc0, 0x0000015d326fee10
}

Java Threads: ( => current thread )
  0x0000015d511ef7d0 JavaThread "Reference Handler" daemon [_thread_blocked, id=1492, stack(0x00000002ea700000,0x00000002ea800000)]
  0x0000015d511f02b0 JavaThread "Finalizer" daemon [_thread_blocked, id=8336, stack(0x00000002ea800000,0x00000002ea900000)]
  0x0000015d51209700 JavaThread "Signal Dispatcher" daemon [_thread_blocked, id=6964, stack(0x00000002ea900000,0x00000002eaa00000)]
  0x0000015d5120bfd0 JavaThread "Attach Listener" daemon [_thread_blocked, id=2440, stack(0x00000002eaa00000,0x00000002eab00000)]
  0x0000015d5120c990 JavaThread "Service Thread" daemon [_thread_blocked, id=9748, stack(0x00000002eab00000,0x00000002eac00000)]
  0x0000015d5120e740 JavaThread "C2 CompilerThread0" daemon [_thread_blocked, id=13804, stack(0x00000002eac00000,0x00000002ead00000)]
  0x0000015d51212240 JavaThread "C1 CompilerThread0" daemon [_thread_blocked, id=6632, stack(0x00000002ead00000,0x00000002eae00000)]
  0x0000015d51213320 JavaThread "Sweeper thread" daemon [_thread_blocked, id=7344, stack(0x00000002eae00000,0x00000002eaf00000)]
  0x0000015d51c4d840 JavaThread "Notification Thread" daemon [_thread_blocked, id=8684, stack(0x00000002eaf00000,0x00000002eb000000)]
  0x0000015d51c59d50 JavaThread "Common-Cleaner" daemon [_thread_blocked, id=15164, stack(0x00000002eb100000,0x00000002eb200000)]
  0x0000015d51e4b900 JavaThread "Java2D Disposer" daemon [_thread_blocked, id=3688, stack(0x00000002eb200000,0x00000002eb300000)]
  0x0000015d51e4c3e0 JavaThread "AWT-Shutdown" [_thread_blocked, id=6496, stack(0x00000002eb300000,0x00000002eb400000)]
  0x0000015d51e93490 JavaThread "AWT-Windows" daemon [_thread_in_native, id=4596, stack(0x00000002eb400000,0x00000002eb500000)]
=>0x0000015d52f9ddc0 JavaThread "AWT-EventQueue-0" [_thread_in_native, id=7072, stack(0x00000002eb900000,0x00000002eba00000)]
  0x0000015d326fee10 JavaThread "DestroyJavaVM" [_thread_blocked, id=7384, stack(0x00000002ea000000,0x00000002ea100000)]

Other Threads:
  0x0000015d511ee040 VMThread "VM Thread" [stack: 0x00000002ea600000,0x00000002ea700000] [id=8428]
  0x0000015d51c5e310 WatcherThread [stack: 0x00000002eb000000,0x00000002eb100000] [id=1060]
  0x0000015d32740260 GCTaskThread "GC Thread#0" [stack: 0x00000002ea100000,0x00000002ea200000] [id=8916]
  0x0000015d32752930 ConcurrentGCThread "G1 Main Marker" [stack: 0x00000002ea200000,0x00000002ea300000] [id=15888]
  0x0000015d32754440 ConcurrentGCThread "G1 Conc#0" [stack: 0x00000002ea300000,0x00000002ea400000] [id=2932]
  0x0000015d327dddc0 ConcurrentGCThread "G1 Refine#0" [stack: 0x00000002ea400000,0x00000002ea500000] [id=6052]
  0x0000015d327de770 ConcurrentGCThread "G1 Young RemSet Sampling" [stack: 0x00000002ea500000,0x00000002ea600000] [id=8672]

Threads with active compile tasks:

VM state: not at safepoint (normal execution)

VM Mutex/Monitor currently owned by a thread: None

Heap address: 0x0000000081600000, size: 2026 MB, Compressed Oops mode: 32-bit
CDS archive(s) mapped at: [0x0000000800000000-0x0000000800b50000-0x0000000800b50000), size 11862016, SharedBaseAddress: 0x0000000800000000, ArchiveRelocationMode: 0.
Compressed class space mapped at: 0x0000000800b50000-0x0000000840b50000, size: 1073741824
Narrow klass base: 0x0000000800000000, Narrow klass shift: 3, Narrow klass range: 0x100000000

GC Precious Log:
 CPUs: 8 total, 8 available
 Memory: 8102M
 Large Page Support: Disabled
 NUMA Support: Disabled
 Compressed Oops: Enabled (32-bit)
 Heap Region Size: 1M
 Heap Min Capacity: 8M
 Heap Initial Capacity: 128M
 Heap Max Capacity: 2026M
 Pre-touch: Disabled
 Parallel Workers: 8
 Concurrent Workers: 2
 Concurrent Refinement Workers: 8
 Periodic GC: Disabled

Heap:
 garbage-first heap   total 131072K, used 40960K [0x0000000081600000, 0x0000000100000000)
  region size 1024K, 16 young (16384K), 0 survivors (0K)
 Metaspace       used 7146K, capacity 7255K, committed 7552K, reserved 1056768K
  class space    used 777K, capacity 833K, committed 896K, reserved 1048576K

Heap Regions: E=young(eden), S=young(survivor), O=old, HS=humongous(starts), HC=humongous(continues), CS=collection set, F=free, OA=open archive, CA=closed archive, TAMS=top-at-mark-start (previous, next)
|   0|0x0000000081600000, 0x0000000081700000, 0x0000000081700000|100%|HS|  |TAMS 0x0000000081600000, 0x0000000081600000| Complete 
|   1|0x0000000081700000, 0x0000000081800000, 0x0000000081800000|100%|HC|  |TAMS 0x0000000081700000, 0x0000000081700000| Complete 
|   2|0x0000000081800000, 0x0000000081900000, 0x0000000081900000|100%|HS|  |TAMS 0x0000000081800000, 0x0000000081800000| Complete 
|   3|0x0000000081900000, 0x0000000081a00000, 0x0000000081a00000|100%|HC|  |TAMS 0x0000000081900000, 0x0000000081900000| Complete 
|   4|0x0000000081a00000, 0x0000000081b00000, 0x0000000081b00000|100%|HC|  |TAMS 0x0000000081a00000, 0x0000000081a00000| Complete 
|   5|0x0000000081b00000, 0x0000000081c00000, 0x0000000081c00000|100%|HS|  |TAMS 0x0000000081b00000, 0x0000000081b00000| Complete 
|   6|0x0000000081c00000, 0x0000000081d00000, 0x0000000081d00000|100%|HC|  |TAMS 0x0000000081c00000, 0x0000000081c00000| Complete 
|   7|0x0000000081d00000, 0x0000000081e00000, 0x0000000081e00000|100%|HC|  |TAMS 0x0000000081d00000, 0x0000000081d00000| Complete 
|   8|0x0000000081e00000, 0x0000000081f00000, 0x0000000081f00000|100%|HS|  |TAMS 0x0000000081e00000, 0x0000000081e00000| Complete 
|   9|0x0000000081f00000, 0x0000000082000000, 0x0000000082000000|100%|HC|  |TAMS 0x0000000081f00000, 0x0000000081f00000| Complete 
|  10|0x0000000082000000, 0x0000000082100000, 0x0000000082100000|100%|HS|  |TAMS 0x0000000082000000, 0x0000000082000000| Complete 
|  11|0x0000000082100000, 0x0000000082200000, 0x0000000082200000|100%|HC|  |TAMS 0x0000000082100000, 0x0000000082100000| Complete 
|  12|0x0000000082200000, 0x0000000082300000, 0x0000000082300000|100%|HC|  |TAMS 0x0000000082200000, 0x0000000082200000| Complete 
|  13|0x0000000082300000, 0x0000000082400000, 0x0000000082400000|100%|HC|  |TAMS 0x0000000082300000, 0x0000000082300000| Complete 
|  14|0x0000000082400000, 0x0000000082500000, 0x0000000082500000|100%|HC|  |TAMS 0x0000000082400000, 0x0000000082400000| Complete 
|  15|0x0000000082500000, 0x0000000082600000, 0x0000000082600000|100%|HC|  |TAMS 0x0000000082500000, 0x0000000082500000| Complete 
|  16|0x0000000082600000, 0x0000000082700000, 0x0000000082700000|100%|HC|  |TAMS 0x0000000082600000, 0x0000000082600000| Complete 
|  17|0x0000000082700000, 0x0000000082800000, 0x0000000082800000|100%|HC|  |TAMS 0x0000000082700000, 0x0000000082700000| Complete 
|  18|0x0000000082800000, 0x0000000082900000, 0x0000000082900000|100%|HS|  |TAMS 0x0000000082800000, 0x0000000082800000| Complete 
|  19|0x0000000082900000, 0x0000000082a00000, 0x0000000082a00000|100%|HC|  |TAMS 0x0000000082900000, 0x0000000082900000| Complete 
|  20|0x0000000082a00000, 0x0000000082b00000, 0x0000000082b00000|100%|HC|  |TAMS 0x0000000082a00000, 0x0000000082a00000| Complete 
|  21|0x0000000082b00000, 0x0000000082c00000, 0x0000000082c00000|100%|HC|  |TAMS 0x0000000082b00000, 0x0000000082b00000| Complete 
|  22|0x0000000082c00000, 0x0000000082d00000, 0x0000000082d00000|100%|HC|  |TAMS 0x0000000082c00000, 0x0000000082c00000| Complete 
|  23|0x0000000082d00000, 0x0000000082e00000, 0x0000000082e00000|100%|HC|  |TAMS 0x0000000082d00000, 0x0000000082d00000| Complete 
|  24|0x0000000082e00000, 0x0000000082f00000, 0x0000000082f00000|100%|HC|  |TAMS 0x0000000082e00000, 0x0000000082e00000| Complete 
|  25|0x0000000082f00000, 0x0000000083000000, 0x0000000083000000|100%|HC|  |TAMS 0x0000000082f00000, 0x0000000082f00000| Complete 
|  26|0x0000000083000000, 0x0000000083000000, 0x0000000083100000|  0%| F|  |TAMS 0x0000000083000000, 0x0000000083000000| Untracked 
|  27|0x0000000083100000, 0x0000000083100000, 0x0000000083200000|  0%| F|  |TAMS 0x0000000083100000, 0x0000000083100000| Untracked 
|  28|0x0000000083200000, 0x0000000083200000, 0x0000000083300000|  0%| F|  |TAMS 0x0000000083200000, 0x0000000083200000| Untracked 
|  29|0x0000000083300000, 0x0000000083300000, 0x0000000083400000|  0%| F|  |TAMS 0x0000000083300000, 0x0000000083300000| Untracked 
|  30|0x0000000083400000, 0x0000000083400000, 0x0000000083500000|  0%| F|  |TAMS 0x0000000083400000, 0x0000000083400000| Untracked 
|  31|0x0000000083500000, 0x0000000083500000, 0x0000000083600000|  0%| F|  |TAMS 0x0000000083500000, 0x0000000083500000| Untracked 
|  32|0x0000000083600000, 0x0000000083600000, 0x0000000083700000|  0%| F|  |TAMS 0x0000000083600000, 0x0000000083600000| Untracked 
|  33|0x0000000083700000, 0x0000000083700000, 0x0000000083800000|  0%| F|  |TAMS 0x0000000083700000, 0x0000000083700000| Untracked 
|  34|0x0000000083800000, 0x0000000083800000, 0x0000000083900000|  0%| F|  |TAMS 0x0000000083800000, 0x0000000083800000| Untracked 
|  35|0x0000000083900000, 0x0000000083900000, 0x0000000083a00000|  0%| F|  |TAMS 0x0000000083900000, 0x0000000083900000| Untracked 
|  36|0x0000000083a00000, 0x0000000083a00000, 0x0000000083b00000|  0%| F|  |TAMS 0x0000000083a00000, 0x0000000083a00000| Untracked 
|  37|0x0000000083b00000, 0x0000000083b00000, 0x0000000083c00000|  0%| F|  |TAMS 0x0000000083b00000, 0x0000000083b00000| Untracked 
|  38|0x0000000083c00000, 0x0000000083c00000, 0x0000000083d00000|  0%| F|  |TAMS 0x0000000083c00000, 0x0000000083c00000| Untracked 
|  39|0x0000000083d00000, 0x0000000083d00000, 0x0000000083e00000|  0%| F|  |TAMS 0x0000000083d00000, 0x0000000083d00000| Untracked 
|  40|0x0000000083e00000, 0x0000000083e00000, 0x0000000083f00000|  0%| F|  |TAMS 0x0000000083e00000, 0x0000000083e00000| Untracked 
|  41|0x0000000083f00000, 0x0000000083f00000, 0x0000000084000000|  0%| F|  |TAMS 0x0000000083f00000, 0x0000000083f00000| Untracked 
|  42|0x0000000084000000, 0x0000000084000000, 0x0000000084100000|  0%| F|  |TAMS 0x0000000084000000, 0x0000000084000000| Untracked 
|  43|0x0000000084100000, 0x0000000084100000, 0x0000000084200000|  0%| F|  |TAMS 0x0000000084100000, 0x0000000084100000| Untracked 
|  44|0x0000000084200000, 0x0000000084200000, 0x0000000084300000|  0%| F|  |TAMS 0x0000000084200000, 0x0000000084200000| Untracked 
|  45|0x0000000084300000, 0x0000000084300000, 0x0000000084400000|  0%| F|  |TAMS 0x0000000084300000, 0x0000000084300000| Untracked 
|  46|0x0000000084400000, 0x0000000084400000, 0x0000000084500000|  0%| F|  |TAMS 0x0000000084400000, 0x0000000084400000| Untracked 
|  47|0x0000000084500000, 0x0000000084500000, 0x0000000084600000|  0%| F|  |TAMS 0x0000000084500000, 0x0000000084500000| Untracked 
|  48|0x0000000084600000, 0x0000000084600000, 0x0000000084700000|  0%| F|  |TAMS 0x0000000084600000, 0x0000000084600000| Untracked 
|  49|0x0000000084700000, 0x0000000084700000, 0x0000000084800000|  0%| F|  |TAMS 0x0000000084700000, 0x0000000084700000| Untracked 
|  50|0x0000000084800000, 0x0000000084800000, 0x0000000084900000|  0%| F|  |TAMS 0x0000000084800000, 0x0000000084800000| Untracked 
|  51|0x0000000084900000, 0x0000000084900000, 0x0000000084a00000|  0%| F|  |TAMS 0x0000000084900000, 0x0000000084900000| Untracked 
|  52|0x0000000084a00000, 0x0000000084a00000, 0x0000000084b00000|  0%| F|  |TAMS 0x0000000084a00000, 0x0000000084a00000| Untracked 
|  53|0x0000000084b00000, 0x0000000084b00000, 0x0000000084c00000|  0%| F|  |TAMS 0x0000000084b00000, 0x0000000084b00000| Untracked 
|  54|0x0000000084c00000, 0x0000000084c00000, 0x0000000084d00000|  0%| F|  |TAMS 0x0000000084c00000, 0x0000000084c00000| Untracked 
|  55|0x0000000084d00000, 0x0000000084d00000, 0x0000000084e00000|  0%| F|  |TAMS 0x0000000084d00000, 0x0000000084d00000| Untracked 
|  56|0x0000000084e00000, 0x0000000084e00000, 0x0000000084f00000|  0%| F|  |TAMS 0x0000000084e00000, 0x0000000084e00000| Untracked 
|  57|0x0000000084f00000, 0x0000000084f00000, 0x0000000085000000|  0%| F|  |TAMS 0x0000000084f00000, 0x0000000084f00000| Untracked 
|  58|0x0000000085000000, 0x0000000085000000, 0x0000000085100000|  0%| F|  |TAMS 0x0000000085000000, 0x0000000085000000| Untracked 
|  59|0x0000000085100000, 0x0000000085100000, 0x0000000085200000|  0%| F|  |TAMS 0x0000000085100000, 0x0000000085100000| Untracked 
|  60|0x0000000085200000, 0x0000000085200000, 0x0000000085300000|  0%| F|  |TAMS 0x0000000085200000, 0x0000000085200000| Untracked 
|  61|0x0000000085300000, 0x0000000085300000, 0x0000000085400000|  0%| F|  |TAMS 0x0000000085300000, 0x0000000085300000| Untracked 
|  62|0x0000000085400000, 0x0000000085400000, 0x0000000085500000|  0%| F|  |TAMS 0x0000000085400000, 0x0000000085400000| Untracked 
|  63|0x0000000085500000, 0x0000000085500000, 0x0000000085600000|  0%| F|  |TAMS 0x0000000085500000, 0x0000000085500000| Untracked 
|  64|0x0000000085600000, 0x0000000085600000, 0x0000000085700000|  0%| F|  |TAMS 0x0000000085600000, 0x0000000085600000| Untracked 
|  65|0x0000000085700000, 0x0000000085700000, 0x0000000085800000|  0%| F|  |TAMS 0x0000000085700000, 0x0000000085700000| Untracked 
|  66|0x0000000085800000, 0x0000000085800000, 0x0000000085900000|  0%| F|  |TAMS 0x0000000085800000, 0x0000000085800000| Untracked 
|  67|0x0000000085900000, 0x0000000085900000, 0x0000000085a00000|  0%| F|  |TAMS 0x0000000085900000, 0x0000000085900000| Untracked 
|  68|0x0000000085a00000, 0x0000000085a00000, 0x0000000085b00000|  0%| F|  |TAMS 0x0000000085a00000, 0x0000000085a00000| Untracked 
|  69|0x0000000085b00000, 0x0000000085b00000, 0x0000000085c00000|  0%| F|  |TAMS 0x0000000085b00000, 0x0000000085b00000| Untracked 
|  70|0x0000000085c00000, 0x0000000085c00000, 0x0000000085d00000|  0%| F|  |TAMS 0x0000000085c00000, 0x0000000085c00000| Untracked 
|  71|0x0000000085d00000, 0x0000000085d00000, 0x0000000085e00000|  0%| F|  |TAMS 0x0000000085d00000, 0x0000000085d00000| Untracked 
|  72|0x0000000085e00000, 0x0000000085e00000, 0x0000000085f00000|  0%| F|  |TAMS 0x0000000085e00000, 0x0000000085e00000| Untracked 
|  73|0x0000000085f00000, 0x0000000085f00000, 0x0000000086000000|  0%| F|  |TAMS 0x0000000085f00000, 0x0000000085f00000| Untracked 
|  74|0x0000000086000000, 0x0000000086000000, 0x0000000086100000|  0%| F|  |TAMS 0x0000000086000000, 0x0000000086000000| Untracked 
|  75|0x0000000086100000, 0x0000000086100000, 0x0000000086200000|  0%| F|  |TAMS 0x0000000086100000, 0x0000000086100000| Untracked 
|  76|0x0000000086200000, 0x0000000086200000, 0x0000000086300000|  0%| F|  |TAMS 0x0000000086200000, 0x0000000086200000| Untracked 
|  77|0x0000000086300000, 0x0000000086300000, 0x0000000086400000|  0%| F|  |TAMS 0x0000000086300000, 0x0000000086300000| Untracked 
|  78|0x0000000086400000, 0x0000000086400000, 0x0000000086500000|  0%| F|  |TAMS 0x0000000086400000, 0x0000000086400000| Untracked 
|  79|0x0000000086500000, 0x0000000086500000, 0x0000000086600000|  0%| F|  |TAMS 0x0000000086500000, 0x0000000086500000| Untracked 
|  80|0x0000000086600000, 0x0000000086600000, 0x0000000086700000|  0%| F|  |TAMS 0x0000000086600000, 0x0000000086600000| Untracked 
|  81|0x0000000086700000, 0x0000000086700000, 0x0000000086800000|  0%| F|  |TAMS 0x0000000086700000, 0x0000000086700000| Untracked 
|  82|0x0000000086800000, 0x0000000086800000, 0x0000000086900000|  0%| F|  |TAMS 0x0000000086800000, 0x0000000086800000| Untracked 
|  83|0x0000000086900000, 0x0000000086900000, 0x0000000086a00000|  0%| F|  |TAMS 0x0000000086900000, 0x0000000086900000| Untracked 
|  84|0x0000000086a00000, 0x0000000086a00000, 0x0000000086b00000|  0%| F|  |TAMS 0x0000000086a00000, 0x0000000086a00000| Untracked 
|  85|0x0000000086b00000, 0x0000000086b00000, 0x0000000086c00000|  0%| F|  |TAMS 0x0000000086b00000, 0x0000000086b00000| Untracked 
|  86|0x0000000086c00000, 0x0000000086c00000, 0x0000000086d00000|  0%| F|  |TAMS 0x0000000086c00000, 0x0000000086c00000| Untracked 
|  87|0x0000000086d00000, 0x0000000086d00000, 0x0000000086e00000|  0%| F|  |TAMS 0x0000000086d00000, 0x0000000086d00000| Untracked 
|  88|0x0000000086e00000, 0x0000000086e00000, 0x0000000086f00000|  0%| F|  |TAMS 0x0000000086e00000, 0x0000000086e00000| Untracked 
|  89|0x0000000086f00000, 0x0000000086f00000, 0x0000000087000000|  0%| F|  |TAMS 0x0000000086f00000, 0x0000000086f00000| Untracked 
|  90|0x0000000087000000, 0x0000000087000000, 0x0000000087100000|  0%| F|  |TAMS 0x0000000087000000, 0x0000000087000000| Untracked 
|  91|0x0000000087100000, 0x0000000087100000, 0x0000000087200000|  0%| F|  |TAMS 0x0000000087100000, 0x0000000087100000| Untracked 
|  92|0x0000000087200000, 0x0000000087200000, 0x0000000087300000|  0%| F|  |TAMS 0x0000000087200000, 0x0000000087200000| Untracked 
|  93|0x0000000087300000, 0x0000000087300000, 0x0000000087400000|  0%| F|  |TAMS 0x0000000087300000, 0x0000000087300000| Untracked 
|  94|0x0000000087400000, 0x0000000087400000, 0x0000000087500000|  0%| F|  |TAMS 0x0000000087400000, 0x0000000087400000| Untracked 
|  95|0x0000000087500000, 0x0000000087500000, 0x0000000087600000|  0%| F|  |TAMS 0x0000000087500000, 0x0000000087500000| Untracked 
|  96|0x0000000087600000, 0x0000000087600000, 0x0000000087700000|  0%| F|  |TAMS 0x0000000087600000, 0x0000000087600000| Untracked 
|  97|0x0000000087700000, 0x0000000087700000, 0x0000000087800000|  0%| F|  |TAMS 0x0000000087700000, 0x0000000087700000| Untracked 
|  98|0x0000000087800000, 0x0000000087800000, 0x0000000087900000|  0%| F|  |TAMS 0x0000000087800000, 0x0000000087800000| Untracked 
|  99|0x0000000087900000, 0x0000000087900000, 0x0000000087a00000|  0%| F|  |TAMS 0x0000000087900000, 0x0000000087900000| Untracked 
| 100|0x0000000087a00000, 0x0000000087a00000, 0x0000000087b00000|  0%| F|  |TAMS 0x0000000087a00000, 0x0000000087a00000| Untracked 
| 101|0x0000000087b00000, 0x0000000087b00000, 0x0000000087c00000|  0%| F|  |TAMS 0x0000000087b00000, 0x0000000087b00000| Untracked 
| 102|0x0000000087c00000, 0x0000000087c00000, 0x0000000087d00000|  0%| F|  |TAMS 0x0000000087c00000, 0x0000000087c00000| Untracked 
| 103|0x0000000087d00000, 0x0000000087d00000, 0x0000000087e00000|  0%| F|  |TAMS 0x0000000087d00000, 0x0000000087d00000| Untracked 
| 104|0x0000000087e00000, 0x0000000087e00000, 0x0000000087f00000|  0%| F|  |TAMS 0x0000000087e00000, 0x0000000087e00000| Untracked 
| 105|0x0000000087f00000, 0x0000000087f00000, 0x0000000088000000|  0%| F|  |TAMS 0x0000000087f00000, 0x0000000087f00000| Untracked 
| 106|0x0000000088000000, 0x0000000088000000, 0x0000000088100000|  0%| F|  |TAMS 0x0000000088000000, 0x0000000088000000| Untracked 
| 107|0x0000000088100000, 0x0000000088100000, 0x0000000088200000|  0%| F|  |TAMS 0x0000000088100000, 0x0000000088100000| Untracked 
| 108|0x0000000088200000, 0x0000000088200000, 0x0000000088300000|  0%| F|  |TAMS 0x0000000088200000, 0x0000000088200000| Untracked 
| 109|0x0000000088300000, 0x0000000088300000, 0x0000000088400000|  0%| F|  |TAMS 0x0000000088300000, 0x0000000088300000| Untracked 
| 110|0x0000000088400000, 0x0000000088400000, 0x0000000088500000|  0%| F|  |TAMS 0x0000000088400000, 0x0000000088400000| Untracked 
| 111|0x0000000088500000, 0x0000000088500000, 0x0000000088600000|  0%| F|  |TAMS 0x0000000088500000, 0x0000000088500000| Untracked 
| 112|0x0000000088600000, 0x0000000088676440, 0x0000000088700000| 46%| E|  |TAMS 0x0000000088600000, 0x0000000088600000| Complete 
| 113|0x0000000088700000, 0x0000000088800000, 0x0000000088800000|100%| E|CS|TAMS 0x0000000088700000, 0x0000000088700000| Complete 
| 114|0x0000000088800000, 0x0000000088900000, 0x0000000088900000|100%| E|CS|TAMS 0x0000000088800000, 0x0000000088800000| Complete 
| 115|0x0000000088900000, 0x0000000088a00000, 0x0000000088a00000|100%| E|CS|TAMS 0x0000000088900000, 0x0000000088900000| Complete 
| 116|0x0000000088a00000, 0x0000000088b00000, 0x0000000088b00000|100%| E|CS|TAMS 0x0000000088a00000, 0x0000000088a00000| Complete 
| 117|0x0000000088b00000, 0x0000000088c00000, 0x0000000088c00000|100%| E|CS|TAMS 0x0000000088b00000, 0x0000000088b00000| Complete 
| 118|0x0000000088c00000, 0x0000000088d00000, 0x0000000088d00000|100%| E|CS|TAMS 0x0000000088c00000, 0x0000000088c00000| Complete 
| 119|0x0000000088d00000, 0x0000000088e00000, 0x0000000088e00000|100%| E|  |TAMS 0x0000000088d00000, 0x0000000088d00000| Complete 
| 120|0x0000000088e00000, 0x0000000088f00000, 0x0000000088f00000|100%| E|CS|TAMS 0x0000000088e00000, 0x0000000088e00000| Complete 
| 121|0x0000000088f00000, 0x0000000089000000, 0x0000000089000000|100%| E|CS|TAMS 0x0000000088f00000, 0x0000000088f00000| Complete 
| 122|0x0000000089000000, 0x0000000089100000, 0x0000000089100000|100%| E|CS|TAMS 0x0000000089000000, 0x0000000089000000| Complete 
| 123|0x0000000089100000, 0x0000000089200000, 0x0000000089200000|100%| E|CS|TAMS 0x0000000089100000, 0x0000000089100000| Complete 
| 124|0x0000000089200000, 0x0000000089300000, 0x0000000089300000|100%| E|CS|TAMS 0x0000000089200000, 0x0000000089200000| Complete 
| 125|0x0000000089300000, 0x0000000089400000, 0x0000000089400000|100%| E|CS|TAMS 0x0000000089300000, 0x0000000089300000| Complete 
| 126|0x0000000089400000, 0x0000000089500000, 0x0000000089500000|100%| E|CS|TAMS 0x0000000089400000, 0x0000000089400000| Complete 
| 127|0x0000000089500000, 0x0000000089600000, 0x0000000089600000|100%| E|CS|TAMS 0x0000000089500000, 0x0000000089500000| Complete 

Card table byte_map: [0x0000015d4a070000,0x0000015d4a470000] _byte_map_base: 0x0000015d49c65000

Marking Bits (Prev, Next): (CMBitMap*) 0x0000015d327419f0, (CMBitMap*) 0x0000015d32741a30
 Prev Bits: [0x0000015d4a870000, 0x0000015d4c818000)
 Next Bits: [0x0000015d4c820000, 0x0000015d4e7c8000)

Polling page: 0x0000015d306d0000

Metaspace:

Usage:
  Non-class:      6.27 MB capacity,     6.22 MB (>99%) used,    42.07 KB ( <1%) free+waste,    10.25 KB ( <1%) overhead. 
      Class:    833.00 KB capacity,   777.22 KB ( 93%) used,    51.22 KB (  6%) free+waste,     4.56 KB ( <1%) overhead. 
       Both:      7.08 MB capacity,     6.98 MB ( 99%) used,    93.29 KB (  1%) free+waste,    14.81 KB ( <1%) overhead. 

Virtual space:
  Non-class space:        8.00 MB reserved,       6.50 MB ( 81%) committed 
      Class space:        1.00 GB reserved,     896.00 KB ( <1%) committed 
             Both:        1.01 GB reserved,       7.38 MB ( <1%) committed 

Chunk freelists:
   Non-Class:  42.00 KB
       Class:  31.00 KB
        Both:  73.00 KB

MaxMetaspaceSize: 17179869184.00 GB
CompressedClassSpaceSize: 1.00 GB

CodeHeap 'non-profiled nmethods': size=120000Kb used=328Kb max_used=328Kb free=119671Kb
 bounds [0x0000015d42410000, 0x0000015d42680000, 0x0000015d49940000]
CodeHeap 'profiled nmethods': size=120000Kb used=1312Kb max_used=1312Kb free=118687Kb
 bounds [0x0000015d3aee0000, 0x0000015d3b150000, 0x0000015d42410000]
CodeHeap 'non-nmethods': size=5760Kb used=1257Kb max_used=1271Kb free=4503Kb
 bounds [0x0000015d3a940000, 0x0000015d3abb0000, 0x0000015d3aee0000]
 total_blobs=1393 nmethods=851 adapters=455
 compilation: enabled
              stopped_count=0, restarted_count=0
 full_count=0

Compilation events (20 events):
Event: 1.801 Thread 0x0000015d5120e740 nmethod 838 0x0000015d42461690 code [0x0000015d42461800, 0x0000015d424618d8]
Event: 1.802 Thread 0x0000015d51212240 nmethod 841 0x0000015d3b021a90 code [0x0000015d3b021c80, 0x0000015d3b022028]
Event: 1.805 Thread 0x0000015d51212240  842       1       java.awt.event.InvocationEvent::getWhen (5 bytes)
Event: 1.805 Thread 0x0000015d51212240 nmethod 842 0x0000015d42461a10 code [0x0000015d42461ba0, 0x0000015d42461c58]
Event: 1.811 Thread 0x0000015d51212240  843       3       java.lang.Math::max (12 bytes)
Event: 1.811 Thread 0x0000015d51212240 nmethod 843 0x0000015d3b022210 code [0x0000015d3b0223a0, 0x0000015d3b0224d8]
Event: 1.813 Thread 0x0000015d51212240  844   !   3       java.awt.EventQueue::setCurrentEventAndMostRecentTimeImpl (191 bytes)
Event: 1.814 Thread 0x0000015d51212240 nmethod 844 0x0000015d3b022590 code [0x0000015d3b022840, 0x0000015d3b023fd8]
Event: 1.815 Thread 0x0000015d51212240  846       3       java.awt.EventQueue::dispatchEvent (80 bytes)
Event: 1.816 Thread 0x0000015d51212240 nmethod 846 0x0000015d3b024510 code [0x0000015d3b024860, 0x0000015d3b0259d8]
Event: 1.816 Thread 0x0000015d51212240  847       3       java.awt.EventQueue$4::<init> (20 bytes)
Event: 1.816 Thread 0x0000015d51212240 nmethod 847 0x0000015d3b026090 code [0x0000015d3b026240, 0x0000015d3b0264b8]
Event: 1.816 Thread 0x0000015d51212240  848       3       java.awt.AWTEvent::getAccessControlContext (22 bytes)
Event: 1.816 Thread 0x0000015d51212240 nmethod 848 0x0000015d3b026590 code [0x0000015d3b026740, 0x0000015d3b026908]
Event: 1.816 Thread 0x0000015d51212240  850       3       java.security.AccessControlContext::<init> (63 bytes)
Event: 1.816 Thread 0x0000015d51212240 nmethod 850 0x0000015d3b026a10 code [0x0000015d3b026be0, 0x0000015d3b0270a8]
Event: 1.816 Thread 0x0000015d51212240  849       3       sun.awt.windows.WGlobalCursorManager::getCursorManager (20 bytes)
Event: 1.817 Thread 0x0000015d51212240 nmethod 849 0x0000015d3b027210 code [0x0000015d3b027400, 0x0000015d3b027a18]
Event: 1.817 Thread 0x0000015d51212240  851       3       java.awt.event.MouseEvent::getModifiersEx (29 bytes)
Event: 1.817 Thread 0x0000015d51212240 nmethod 851 0x0000015d3b027c10 code [0x0000015d3b027de0, 0x0000015d3b028218]

GC Heap History (0 events):
No events

Deoptimization events (20 events):
Event: 0.667 Thread 0x0000015d51eef310 Uncommon trap: trap_request=0xffffffbe fr.pc=0x0000015d42446c7c relative=0x0000000000000f3c
Event: 0.667 Thread 0x0000015d51eef310 Uncommon trap: reason=profile_predicate action=maybe_recompile pc=0x0000015d42446c7c method=java.awt.image.AreaAveragingScaleFilter.accumPixels(IIIILjava/awt/image/ColorModel;Ljava/lang/Object;II)V @ 164 c2
Event: 0.667 Thread 0x0000015d51eef310 DEOPT PACKING pc=0x0000015d42446c7c sp=0x00000002eb5fde70
Event: 0.667 Thread 0x0000015d51eef310 DEOPT UNPACKING pc=0x0000015d3a98e42f sp=0x00000002eb5fdda8 mode 2
Event: 0.668 Thread 0x0000015d51eef310 Uncommon trap: trap_request=0xffffffbe fr.pc=0x0000015d42446c7c relative=0x0000000000000f3c
Event: 0.668 Thread 0x0000015d51eef310 Uncommon trap: reason=profile_predicate action=maybe_recompile pc=0x0000015d42446c7c method=java.awt.image.AreaAveragingScaleFilter.accumPixels(IIIILjava/awt/image/ColorModel;Ljava/lang/Object;II)V @ 164 c2
Event: 0.668 Thread 0x0000015d51eef310 DEOPT PACKING pc=0x0000015d42446c7c sp=0x00000002eb5fde70
Event: 0.668 Thread 0x0000015d51eef310 DEOPT UNPACKING pc=0x0000015d3a98e42f sp=0x00000002eb5fdda8 mode 2
Event: 0.668 Thread 0x0000015d51eef310 Uncommon trap: trap_request=0xffffffbe fr.pc=0x0000015d42446c7c relative=0x0000000000000f3c
Event: 0.668 Thread 0x0000015d51eef310 Uncommon trap: reason=profile_predicate action=maybe_recompile pc=0x0000015d42446c7c method=java.awt.image.AreaAveragingScaleFilter.accumPixels(IIIILjava/awt/image/ColorModel;Ljava/lang/Object;II)V @ 164 c2
Event: 0.668 Thread 0x0000015d51eef310 DEOPT PACKING pc=0x0000015d42446c7c sp=0x00000002eb5fde70
Event: 0.668 Thread 0x0000015d51eef310 DEOPT UNPACKING pc=0x0000015d3a98e42f sp=0x00000002eb5fdda8 mode 2
Event: 0.745 Thread 0x0000015d326fee10 Uncommon trap: trap_request=0xffffffe5 fr.pc=0x0000015d4242a240 relative=0x00000000000001a0
Event: 0.745 Thread 0x0000015d326fee10 Uncommon trap: reason=range_check action=reinterpret pc=0x0000015d4242a240 method=java.lang.StringLatin1.indexOf([BII)I @ 13 c2
Event: 0.745 Thread 0x0000015d326fee10 DEOPT PACKING pc=0x0000015d4242a240 sp=0x00000002ea0fca60
Event: 0.745 Thread 0x0000015d326fee10 DEOPT UNPACKING pc=0x0000015d3a98e42f sp=0x00000002ea0fc9e0 mode 2
Event: 0.825 Thread 0x0000015d326fee10 Uncommon trap: trap_request=0xffffff45 fr.pc=0x0000015d42458a08 relative=0x00000000000004c8
Event: 0.825 Thread 0x0000015d326fee10 Uncommon trap: reason=unstable_if action=reinterpret pc=0x0000015d42458a08 method=java.lang.StringLatin1.replace([BCC)Ljava/lang/String; @ 19 c2
Event: 0.825 Thread 0x0000015d326fee10 DEOPT PACKING pc=0x0000015d42458a08 sp=0x00000002ea0fe680
Event: 0.825 Thread 0x0000015d326fee10 DEOPT UNPACKING pc=0x0000015d3a98e42f sp=0x00000002ea0fe600 mode 2

Classes unloaded (0 events):
No events

Classes redefined (0 events):
No events

Internal exceptions (13 events):
Event: 0.071 Thread 0x0000015d326fee10 Exception <a 'java/lang/NoSuchMethodError'{0x0000000089422d90}: 'void java.lang.invoke.DirectMethodHandle$Holder.invokeSpecial(java.lang.Object, java.lang.Object, java.lang.Object)'> (0x0000000089422d90) 
thrown [./open/src/hotspot/share/interpreter/linkResolver.cpp, line 782]
Event: 0.087 Thread 0x0000015d326fee10 Exception <a 'java/lang/ClassNotFoundException'{0x0000000089442890}: sun/awt/resources/spi/awtProvider> (0x0000000089442890) 
thrown [./open/src/hotspot/share/classfile/systemDictionary.cpp, line 295]
Event: 0.114 Thread 0x0000015d326fee10 Exception <a 'java/io/FileNotFoundException'{0x000000008949e500}> (0x000000008949e500) 
thrown [./open/src/hotspot/share/prims/jni.cpp, line 578]
Event: 0.123 Thread 0x0000015d326fee10 Exception <a 'java/io/FileNotFoundException'{0x00000000894ccd90}> (0x00000000894ccd90) 
thrown [./open/src/hotspot/share/prims/jni.cpp, line 578]
Event: 0.124 Thread 0x0000015d326fee10 Exception <a 'java/lang/NoSuchMethodError'{0x00000000894cdf88}: 'java.lang.Object java.lang.invoke.DirectMethodHandle$Holder.invokeStatic(java.lang.Object)'> (0x00000000894cdf88) 
thrown [./open/src/hotspot/share/interpreter/linkResolver.cpp, line 782]
Event: 0.167 Thread 0x0000015d326fee10 Exception <a 'java/lang/NoSuchMethodError'{0x000000008932a048}: 'java.lang.Object java.lang.invoke.DirectMethodHandle$Holder.invokeStaticInit(java.lang.Object)'> (0x000000008932a048) 
thrown [./open/src/hotspot/share/interpreter/linkResolver.cpp, line 782]
Event: 0.221 Thread 0x0000015d326fee10 Exception <a 'java/lang/NoSuchMethodError'{0x0000000089212320}: 'java.lang.Object java.lang.invoke.DirectMethodHandle$Holder.newInvokeSpecial(java.lang.Object, java.lang.Object, java.lang.Object, java.lang.Object, java.lang.Object)'> (0x0000000089212320) 
thrown [./open/src/hotspot/share/interpreter/linkResolver.cpp, line 782]
Event: 0.223 Thread 0x0000015d326fee10 Exception <a 'java/lang/NoSuchMethodError'{0x000000008921ddb0}: 'java.lang.Object java.lang.invoke.DirectMethodHandle$Holder.invokeStatic(java.lang.Object, int, java.lang.Object, java.lang.Object, java.lang.Object, java.lang.Object)'> (0x000000008921ddb0) 
thrown [./open/src/hotspot/share/interpreter/linkResolver.cpp, line 782]
Event: 0.229 Thread 0x0000015d326fee10 Exception <a 'java/lang/NoSuchMethodError'{0x0000000089244058}: 'java.lang.Object java.lang.invoke.DirectMethodHandle$Holder.invokeStatic(java.lang.Object, int, java.lang.Object)'> (0x0000000089244058) 
thrown [./open/src/hotspot/share/interpreter/linkResolver.cpp, line 782]
Event: 0.265 Thread 0x0000015d326fee10 Exception <a 'java/lang/ClassNotFoundException'{0x00000000892fd6c0}: com/sun/swing/internal/plaf/metal/resources/spi/metalProvider> (0x00000000892fd6c0) 
thrown [./open/src/hotspot/share/classfile/systemDictionary.cpp, line 295]
Event: 0.266 Thread 0x0000015d326fee10 Exception <a 'java/lang/ClassNotFoundException'{0x0000000089101f00}: com/sun/swing/internal/plaf/basic/resources/spi/basicProvider> (0x0000000089101f00) 
thrown [./open/src/hotspot/share/classfile/systemDictionary.cpp, line 295]
Event: 0.294 Thread 0x0000015d51eef310 Exception <a 'java/lang/NoSuchMethodError'{0x00000000891982d0}: 'java.lang.Object java.lang.invoke.DirectMethodHandle$Holder.newInvokeSpecial(java.lang.Object, java.lang.Object, java.lang.Object, int, int, int, int, int)'> (0x00000000891982d0) 
thrown [./open/src/hotspot/share/interpreter/linkResolver.cpp, line 782]
Event: 0.713 Thread 0x0000015d326fee10 Exception <a 'java/lang/NoSuchMethodError'{0x000000008914e1d0}: 'void java.lang.invoke.DirectMethodHandle$Holder.invokeStaticInit(java.lang.Object)'> (0x000000008914e1d0) 
thrown [./open/src/hotspot/share/interpreter/linkResolver.cpp, line 782]

Events (20 events):
Event: 0.899 loading class java/awt/Toolkit$SelectiveAWTEventListener
Event: 0.899 loading class java/awt/Toolkit$SelectiveAWTEventListener done
Event: 0.899 loading class java/awt/Toolkit$ToolkitEventMulticaster
Event: 0.899 loading class java/awt/Toolkit$ToolkitEventMulticaster done
Event: 0.899 loading class java/awt/event/MouseWheelEvent
Event: 0.899 loading class java/awt/event/MouseWheelEvent done
Event: 0.900 loading class javax/swing/RepaintManager$3
Event: 0.900 loading class javax/swing/RepaintManager$3 done
Event: 1.658 Thread 0x0000015d51f39030 Thread exited: 0x0000015d51f39030
Event: 1.760 Loaded shared library C:\Program Files\Java\jdk-15.0.2\bin\java.dll
Event: 1.811 Executing VM operation: HandshakeAllThreads
Event: 1.811 Executing VM operation: HandshakeAllThreads done
Event: 1.817 loading class java/awt/LightweightDispatcher$2
Event: 1.817 loading class java/awt/LightweightDispatcher$2 done
Event: 2.529 loading class java/awt/KeyboardFocusManager$2
Event: 2.529 loading class java/awt/KeyboardFocusManager$2 done
Event: 2.529 loading class sun/awt/SunToolkit$1
Event: 2.529 loading class sun/awt/SunToolkit$1 done
Event: 5.678 Thread 0x0000015d53284220 Thread exited: 0x0000015d53284220
Event: 5.678 Thread 0x0000015d51eef310 Thread exited: 0x0000015d51eef310


Dynamic libraries:
0x00007ff7ccfd0000 - 0x00007ff7ccfdf000 	C:\Program Files\Java\jdk-15.0.2\bin\javaw.exe
0x00007ff8b9f10000 - 0x00007ff8ba105000 	C:\WINDOWS\SYSTEM32\ntdll.dll
0x00007ff8b9ce0000 - 0x00007ff8b9d9d000 	C:\WINDOWS\System32\KERNEL32.DLL
0x00007ff8b7c20000 - 0x00007ff8b7ee8000 	C:\WINDOWS\System32\KERNELBASE.dll
0x00007ff8b7960000 - 0x00007ff8b7a60000 	C:\WINDOWS\System32\ucrtbase.dll
0x00007ff899920000 - 0x00007ff899938000 	C:\Program Files\Java\jdk-15.0.2\bin\jli.dll
0x00007ff899940000 - 0x00007ff899959000 	C:\Program Files\Java\jdk-15.0.2\bin\VCRUNTIME140.dll
0x00007ff8b8dc0000 - 0x00007ff8b8e6c000 	C:\WINDOWS\System32\ADVAPI32.dll
0x00007ff8b9da0000 - 0x00007ff8b9e3e000 	C:\WINDOWS\System32\msvcrt.dll
0x00007ff8b93f0000 - 0x00007ff8b948b000 	C:\WINDOWS\System32\sechost.dll
0x00007ff8b91b0000 - 0x00007ff8b92db000 	C:\WINDOWS\System32\RPCRT4.dll
0x00007ff8b87a0000 - 0x00007ff8b8940000 	C:\WINDOWS\System32\USER32.dll
0x00007ff8b7930000 - 0x00007ff8b7952000 	C:\WINDOWS\System32\win32u.dll
0x00007ff89f610000 - 0x00007ff89f8aa000 	C:\WINDOWS\WinSxS\amd64_microsoft.windows.common-controls_6595b64144ccf1df_6.0.19041.844_none_ca00b6081b84eb1d\COMCTL32.dll
0x00007ff8b8770000 - 0x00007ff8b879a000 	C:\WINDOWS\System32\GDI32.dll
0x00007ff8b76a0000 - 0x00007ff8b77ab000 	C:\WINDOWS\System32\gdi32full.dll
0x00007ff8b7860000 - 0x00007ff8b78fd000 	C:\WINDOWS\System32\msvcp_win.dll
0x00007ff8af540000 - 0x00007ff8af54a000 	C:\WINDOWS\SYSTEM32\VERSION.dll
0x00007ff8b9cb0000 - 0x00007ff8b9ce0000 	C:\WINDOWS\System32\IMM32.DLL
0x00007ff8a8660000 - 0x00007ff8a866c000 	C:\Program Files\Java\jdk-15.0.2\bin\vcruntime140_1.dll
0x00007ff888e80000 - 0x00007ff888f11000 	C:\Program Files\Java\jdk-15.0.2\bin\msvcp140.dll
0x00007ff869f60000 - 0x00007ff86aabe000 	C:\Program Files\Java\jdk-15.0.2\bin\server\jvm.dll
0x00007ff8b8db0000 - 0x00007ff8b8db8000 	C:\WINDOWS\System32\PSAPI.DLL
0x00007ff8acb00000 - 0x00007ff8acb27000 	C:\WINDOWS\SYSTEM32\WINMM.dll
0x00007ff8b18b0000 - 0x00007ff8b18b9000 	C:\WINDOWS\SYSTEM32\WSOCK32.dll
0x00007ff8b9000000 - 0x00007ff8b906b000 	C:\WINDOWS\System32\WS2_32.dll
0x00007ff8b5620000 - 0x00007ff8b5632000 	C:\WINDOWS\SYSTEM32\kernel.appcore.dll
0x00007ff8b30c0000 - 0x00007ff8b30ca000 	C:\Program Files\Java\jdk-15.0.2\bin\jimage.dll
0x00007ff8b5330000 - 0x00007ff8b5514000 	C:\WINDOWS\SYSTEM32\DBGHELP.DLL
0x00007ff8b0520000 - 0x00007ff8b054c000 	C:\WINDOWS\SYSTEM32\dbgcore.DLL
0x00007ff8b7ef0000 - 0x00007ff8b7f70000 	C:\WINDOWS\System32\bcryptPrimitives.dll
0x00007ff8998e0000 - 0x00007ff899905000 	C:\Program Files\Java\jdk-15.0.2\bin\java.dll
0x00007ff8b9490000 - 0x00007ff8b9bd2000 	C:\WINDOWS\System32\SHELL32.dll
0x00007ff8b5790000 - 0x00007ff8b5f21000 	C:\WINDOWS\SYSTEM32\windows.storage.dll
0x00007ff8b8410000 - 0x00007ff8b8765000 	C:\WINDOWS\System32\combase.dll
0x00007ff8b7070000 - 0x00007ff8b709c000 	C:\WINDOWS\SYSTEM32\Wldp.dll
0x00007ff8b8130000 - 0x00007ff8b81de000 	C:\WINDOWS\System32\SHCORE.dll
0x00007ff8b81e0000 - 0x00007ff8b8235000 	C:\WINDOWS\System32\shlwapi.dll
0x00007ff8b7590000 - 0x00007ff8b75af000 	C:\WINDOWS\SYSTEM32\profapi.dll
0x00007ff8826b0000 - 0x00007ff882830000 	C:\Program Files\Java\jdk-15.0.2\bin\awt.dll
0x00007ff8b9be0000 - 0x00007ff8b9cad000 	C:\WINDOWS\System32\OLEAUT32.dll
0x00007ff8b49f0000 - 0x00007ff8b4a80000 	C:\WINDOWS\SYSTEM32\apphelp.dll
0x00007ff8b5120000 - 0x00007ff8b514f000 	C:\WINDOWS\system32\DWMAPI.DLL
0x00007ff8b4ef0000 - 0x00007ff8b4f8e000 	C:\WINDOWS\system32\uxtheme.dll
0x00007ff89a440000 - 0x00007ff89a566000 	C:\WINDOWS\system32\opengl32.dll
0x00007ff8a7640000 - 0x00007ff8a766c000 	C:\WINDOWS\SYSTEM32\GLU32.dll
0x00007ff8b9070000 - 0x00007ff8b9185000 	C:\WINDOWS\System32\MSCTF.dll
0x00007ff8b8ed0000 - 0x00007ff8b8ffa000 	C:\WINDOWS\System32\ole32.dll
0x00007ff8a9060000 - 0x00007ff8a9078000 	C:\Program Files\Java\jdk-15.0.2\bin\zip.dll
0x00007ff891c30000 - 0x00007ff891c5d000 	C:\Program Files\Java\jdk-15.0.2\bin\javajpeg.dll
0x00007ff888a20000 - 0x00007ff888aa5000 	C:\Program Files\Java\jdk-15.0.2\bin\freetype.dll
0x00007ff887430000 - 0x00007ff8874d9000 	C:\Program Files\Java\jdk-15.0.2\bin\fontmanager.dll
0x00007ff8ac490000 - 0x00007ff8ac589000 	C:\WINDOWS\SYSTEM32\textinputframework.dll
0x00007ff8b4230000 - 0x00007ff8b458e000 	C:\WINDOWS\System32\CoreUIComponents.dll
0x00007ff8b47c0000 - 0x00007ff8b48b2000 	C:\WINDOWS\System32\CoreMessaging.dll
0x00007ff8b63d0000 - 0x00007ff8b6403000 	C:\WINDOWS\SYSTEM32\ntmarta.dll
0x00007ff8b40d0000 - 0x00007ff8b4224000 	C:\WINDOWS\SYSTEM32\wintypes.dll
0x00007ff8aeb50000 - 0x00007ff8aeb69000 	C:\Program Files\Java\jdk-15.0.2\bin\net.dll
0x00007ff8b07b0000 - 0x00007ff8b08bb000 	C:\WINDOWS\SYSTEM32\WINHTTP.dll
0x00007ff8b6dc0000 - 0x00007ff8b6e2a000 	C:\WINDOWS\system32\mswsock.dll
0x00007ff8ab1a0000 - 0x00007ff8ab1b2000 	C:\Program Files\Java\jdk-15.0.2\bin\nio.dll

dbghelp: loaded successfully - version: 4.0.5 - missing functions: none
symbol engine: initialized successfully - sym options: 0x614 - pdb path: .;C:\Program Files\Java\jdk-15.0.2\bin;C:\WINDOWS\SYSTEM32;C:\WINDOWS\WinSxS\amd64_microsoft.windows.common-controls_6595b64144ccf1df_6.0.19041.844_none_ca00b6081b84eb1d;C:\Program Files\Java\jdk-15.0.2\bin\server

VM Arguments:
jvm_args: -Dfile.encoding=Cp1252 -XX:+ShowCodeDetailsInExceptionMessages 
java_command: Karangpawitan.PetaDigitalKarangpawitan
java_class_path (initial): D:\Eclipse Workspace\Petadigitalfix\bin
Launcher Type: SUN_STANDARD

[Global flags]
     intx CICompilerCount                          = 4                                         {product} {ergonomic}
     uint ConcGCThreads                            = 2                                         {product} {ergonomic}
     uint G1ConcRefinementThreads                  = 8                                         {product} {ergonomic}
   size_t G1HeapRegionSize                         = 1048576                                   {product} {ergonomic}
    uintx GCDrainStackTargetSize                   = 64                                        {product} {ergonomic}
   size_t InitialHeapSize                          = 134217728                                 {product} {ergonomic}
   size_t MarkStackSize                            = 4194304                                   {product} {ergonomic}
   size_t MaxHeapSize                              = 2124414976                                {product} {ergonomic}
   size_t MaxNewSize                               = 1274019840                                {product} {ergonomic}
   size_t MinHeapDeltaBytes                        = 1048576                                   {product} {ergonomic}
   size_t MinHeapSize                              = 8388608                                   {product} {ergonomic}
    uintx NonNMethodCodeHeapSize                   = 5839372                                {pd product} {ergonomic}
    uintx NonProfiledCodeHeapSize                  = 122909434                              {pd product} {ergonomic}
    uintx ProfiledCodeHeapSize                     = 122909434                              {pd product} {ergonomic}
    uintx ReservedCodeCacheSize                    = 251658240                              {pd product} {ergonomic}
     bool SegmentedCodeCache                       = true                                      {product} {ergonomic}
     bool ShowCodeDetailsInExceptionMessages       = true                                   {manageable} {command line}
   size_t SoftMaxHeapSize                          = 2124414976                             {manageable} {ergonomic}
     bool UseCompressedClassPointers               = true                                 {lp64_product} {ergonomic}
     bool UseCompressedOops                        = true                                 {lp64_product} {ergonomic}
     bool UseG1GC                                  = true                                      {product} {ergonomic}
     bool UseLargePagesIndividualAllocation        = false                                  {pd product} {ergonomic}

Logging:
Log output configuration:
 #0: stdout all=warning uptime,level,tags
 #1: stderr all=off uptime,level,tags

Environment Variables:
PATH=C:/Program Files/Java/jdk-15.0.2/bin/server;C:/Program Files/Java/jdk-15.0.2/bin;C:\Program Files\Common Files\Oracle\Java\javapath;C:\Windows\system32;C:\Windows;C:\Windows\System32\Wbem;C:\Windows\System32\WindowsPowerShell\v1.0\;C:\Program Files (x86)\NVIDIA Corporation\PhysX\Common;C:\Program Files\NVIDIA Corporation\NVIDIA NvDLISR;C:\WINDOWS\system32;C:\WINDOWS;C:\WINDOWS\System32\Wbem;C:\WINDOWS\System32\WindowsPowerShell\v1.0\;C:\WINDOWS\System32\OpenSSH\;C:\Program Files\Java\jdk-15.0.2\bin;C:\Users\Asus\AppData\Local\Microsoft\WindowsApps;;C:\Users\Asus\Desktop;
USERNAME=Asus
OS=Windows_NT
PROCESSOR_IDENTIFIER=Intel64 Family 6 Model 142 Stepping 10, GenuineIntel



---------------  S Y S T E M  ---------------

OS:
 Windows 10 , 64 bit Build 19041 (10.0.19041.928)
OS uptime: 2 days 21:10 hours

CPU: total 8 (initial active 8) (4 cores per cpu, 2 threads per core) family 6 model 142 stepping 10 microcode 0xe0, cmov, cx8, fxsr, mmx, sse, sse2, sse3, ssse3, sse4.1, sse4.2, popcnt, vzeroupper, avx, avx2, clmul, erms, 3dnowpref, lzcnt, ht, tsc, tscinvbit, bmi1, bmi2, adx, fma, clflush, clflushopt

Memory: 4k page, system-wide physical 8102M (819M free)
TotalPageFile size 20462M (AvailPageFile size 7M)
current process WorkingSet (physical memory assigned to process): 69M, peak: 99M
current process commit charge ("private bytes"): 228M, peak: 237M

vm_info: Java HotSpot(TM) 64-Bit Server VM (15.0.2+7-27) for windows-amd64 JRE (15.0.2+7-27), built on Dec  7 2020 20:07:01 by "mach5one" with unknown MS VC++:1925

END.
