#
# A fatal error has been detected by the Java Runtime Environment:
#
#  EXCEPTION_ACCESS_VIOLATION (0xc0000005) at pc=0x00007ff882782ea1, pid=4752, tid=13544
#
# JRE version: Java(TM) SE Runtime Environment (15.0.2+7) (build 15.0.2+7-27)
# Java VM: Java HotSpot(TM) 64-Bit Server VM (15.0.2+7-27, mixed mode, sharing, tiered, compressed oops, g1 gc, windows-amd64)
# Problematic frame:
# C  [awt.dll+0xd2ea1]
#
# No core dump will be written. Minidumps are not enabled by default on client versions of Windows
#
# If you would like to submit a bug report, please visit:
#   https://bugreport.java.com/bugreport/crash.jsp
# The crash happened outside the Java Virtual Machine in native code.
# See problematic frame for where to report the bug.
#

---------------  S U M M A R Y ------------

Command Line: -Dfile.encoding=Cp1252 -XX:+ShowCodeDetailsInExceptionMessages Karangpawitan.PetaDigitalKarangpawitan

Host: Intel(R) Core(TM) i5-8250U CPU @ 1.60GHz, 8 cores, 7G,  Windows 10 , 64 bit Build 19041 (10.0.19041.928)
Time: Sun May  9 15:35:48 2021 SE Asia Standard Time elapsed time: 11.543834 seconds (0d 0h 0m 11s)

---------------  T H R E A D  ---------------

Current thread (0x00000217499a4480):  JavaThread "AWT-Windows" daemon [_thread_in_native, id=13544, stack(0x00000017add00000,0x00000017ade00000)]

Stack: [0x00000017add00000,0x00000017ade00000],  sp=0x00000017addfe8b0,  free space=1018k
Native frames: (J=compiled Java code, j=interpreted, Vv=VM code, C=native code)
C  [awt.dll+0xd2ea1]

Java frames: (J=compiled Java code, j=interpreted, Vv=VM code)
j  sun.awt.windows.WToolkit.eventLoop()V+0 java.desktop@15.0.2
j  sun.awt.windows.WToolkit.run()V+50 java.desktop@15.0.2
j  java.lang.Thread.run()V+11 java.base@15.0.2
v  ~StubRoutines::call_stub

siginfo: EXCEPTION_ACCESS_VIOLATION (0xc0000005), reading address 0x0000000000000008


Register to memory mapping:

RIP=0x00007ff882782ea1 awt.dll
RAX=0x0 is NULL
RBX=0x000002174a5eb970 points into unknown readable memory: 0x000002174a79ac70 | 70 ac 79 4a 17 02 00 00
RCX=0x0 is NULL
RDX=0x0 is NULL
RSP=0x00000017addfe8b0 is pointing into the stack for thread: 0x00000217499a4480
RBP=0x00000017addfe9b9 is pointing into the stack for thread: 0x00000217499a4480
RSI=0xffffffffb201251e is an unknown value
RDI=0x0 is NULL
R8 =0x0000000000000001 is an unknown value
R9 =0x00000017addfe9b9 is pointing into the stack for thread: 0x00000217499a4480
R10=0x0 is NULL
R11=0x0000000000000246 is an unknown value
R12=0x0000000000000001 is an unknown value
R13=0x0000000000000310 is an unknown value
R14=0x0000000000000310 is an unknown value
R15=0x0 is NULL


Registers:
RAX=0x0000000000000000, RBX=0x000002174a5eb970, RCX=0x0000000000000000, RDX=0x0000000000000000
RSP=0x00000017addfe8b0, RBP=0x00000017addfe9b9, RSI=0xffffffffb201251e, RDI=0x0000000000000000
R8 =0x0000000000000001, R9 =0x00000017addfe9b9, R10=0x0000000000000000, R11=0x0000000000000246
R12=0x0000000000000001, R13=0x0000000000000310, R14=0x0000000000000310, R15=0x0000000000000000
RIP=0x00007ff882782ea1, EFLAGS=0x0000000000010246

Top of Stack: (sp=0x00000017addfe8b0)
0x00000017addfe8b0:   00007ff8827dc838 ffffffffb201251e
0x00000017addfe8c0:   0000000000010001 0000000000020dd6
0x00000017addfe8d0:   0000021749a97560 00007ff8827437d0
0x00000017addfe8e0:   ffffffffb201251e 0000000000000000
0x00000017addfe8f0:   000002174a5eb970 00007ff8b87ae4ee
0x00000017addfe900:   0000021749a97560 00007ff882743842
0x00000017addfe910:   0000000000000002 0000000000000000
0x00000017addfe920:   0000000000000000 0000000000000000
0x00000017addfe930:   0000021749a97560 00007ff882741766
0x00000017addfe940:   0000021749a97560 0000000000000000
0x00000017addfe950:   0000000000000000 00000017addfeca0
0x00000017addfe960:   000000000000c29c 00000017addfeb18
0x00000017addfe970:   0000000000000000 00000217280ccd40
0x00000017addfe980:   0000000000000000 00007ff800000001
0x00000017addfe990:   0000000000000001 0000000000000000
0x00000017addfe9a0:   00000017addfea60 00000017addfea90 

Instructions: (pc=0x00007ff882782ea1)
0x00007ff882782da1:   c0 74 54 e8 a7 55 f5 ff 48 8b d8 48 89 44 24 30
0x00007ff882782db1:   8b 68 0c 85 ed 7e 37 41 b8 01 00 00 00 8b d6 48
0x00007ff882782dc1:   8b cb e8 08 55 f5 ff 48 8b 78 28 41 b8 01 00 00
0x00007ff882782dd1:   00 8b d6 48 8b cb e8 f4 54 f5 ff 48 8b 50 30 48
0x00007ff882782de1:   8b cf ff 15 97 2e 06 00 ff c6 3b f5 7c c9 48 8b
0x00007ff882782df1:   cb e8 59 56 f5 ff 90 48 8b 5c 24 38 48 8b 6c 24
0x00007ff882782e01:   40 48 8b 74 24 48 48 83 c4 20 5f c3 cc cc cc 66
0x00007ff882782e11:   0f 6e c2 0f 5b c0 f3 0f 5e 41 48 0f 5a c0 e9 00
0x00007ff882782e21:   f2 ff ff 66 0f 6e c2 0f 5b c0 f3 0f 5e 41 4c 0f
0x00007ff882782e31:   5a c0 e9 ec f1 ff ff 66 0f 6e c2 0f 5b c0 f3 0f
0x00007ff882782e41:   59 41 48 0f 5a c0 e9 d8 f1 ff ff 66 0f 6e c2 0f
0x00007ff882782e51:   5b c0 f3 0f 59 41 4c 0f 5a c0 e9 c4 f1 ff ff 48
0x00007ff882782e61:   8b 49 08 48 85 c9 0f 85 93 9c fe ff 33 c0 c3 48
0x00007ff882782e71:   89 5c 24 08 48 89 74 24 10 57 48 83 ec 20 8b fa
0x00007ff882782e81:   48 8b f1 e8 c7 54 f5 ff 48 8b d8 48 89 44 24 40
0x00007ff882782e91:   41 b8 01 00 00 00 8b d7 48 8b c8 e8 2f 54 f5 ff
0x00007ff882782ea1:   48 8b 48 08 33 ff 48 85 c9 74 0b 48 8b d6 e8 4c
0x00007ff882782eb1:   9c fe ff 48 8b f8 48 8b cb e8 91 55 f5 ff 90 48
0x00007ff882782ec1:   8b c7 48 8b 5c 24 30 48 8b 74 24 38 48 83 c4 20
0x00007ff882782ed1:   5f c3 cc 48 8b 01 89 10 c3 cc cc 48 89 5c 24 10
0x00007ff882782ee1:   48 89 6c 24 18 48 89 74 24 20 57 41 54 41 55 41
0x00007ff882782ef1:   56 41 57 48 83 ec 20 48 83 79 38 00 48 8b f9 0f
0x00007ff882782f01:   84 c9 01 00 00 48 8b 0d eb 5e 06 00 ba 02 00 01
0x00007ff882782f11:   00 e8 3c e5 00 00 4c 8b 05 4a 64 06 00 48 8b c8
0x00007ff882782f21:   48 8b 57 38 48 8b d8 4c 8b 08 41 ff 91 f8 02 00
0x00007ff882782f31:   00 48 8b f0 48 85 c0 0f 84 91 01 00 00 4c 8b 0b
0x00007ff882782f41:   48 8b d0 4c 8b 05 0d 64 06 00 48 8b cb 41 ff 91
0x00007ff882782f51:   00 01 00 00 84 c0 0f 84 72 01 00 00 48 8b 7f 08
0x00007ff882782f61:   48 8b d6 48 8b 03 48 8b cb 4c 8b 05 ff 63 06 00
0x00007ff882782f71:   48 81 c7 00 04 00 00 ff 90 f8 02 00 00 4c 8b 0b
0x00007ff882782f81:   48 8b d6 4c 8b 05 ed 63 06 00 48 8b cb 4c 8b f8
0x00007ff882782f91:   41 ff 91 f8 02 00 00 48 8b e8 4d 85 ff 0f 84 1c 


Stack slot to memory mapping:
stack at sp + 0 slots: 0x00007ff8827dc838 awt.dll
stack at sp + 1 slots: 0xffffffffb201251e is an unknown value
stack at sp + 2 slots: 0x0000000000010001 is an unknown value
stack at sp + 3 slots: 0x0000000000020dd6 is an unknown value
stack at sp + 4 slots: 0x0000021749a97560 points into unknown readable memory: 0x00007ff8827b17f0 | f0 17 7b 82 f8 7f 00 00
stack at sp + 5 slots: 0x00007ff8827437d0 awt.dll
stack at sp + 6 slots: 0xffffffffb201251e is an unknown value
stack at sp + 7 slots: 0x0 is NULL


---------------  P R O C E S S  ---------------

Threads class SMR info:
_java_thread_list=0x000002174a6920d0, length=15, elements={
0x0000021748d2cd70, 0x0000021748d2d940, 0x0000021748d47e90, 0x0000021748d48850,
0x0000021748d49300, 0x0000021748d55110, 0x0000021748d591b0, 0x0000021748d667c0,
0x000002174977b720, 0x0000021749787340, 0x00000217499a38a0, 0x00000217499a3d70,
0x00000217499a4480, 0x0000021749a97800, 0x000002172a24cfc0
}

Java Threads: ( => current thread )
  0x0000021748d2cd70 JavaThread "Reference Handler" daemon [_thread_blocked, id=12876, stack(0x00000017ad000000,0x00000017ad100000)]
  0x0000021748d2d940 JavaThread "Finalizer" daemon [_thread_blocked, id=18220, stack(0x00000017ad100000,0x00000017ad200000)]
  0x0000021748d47e90 JavaThread "Signal Dispatcher" daemon [_thread_blocked, id=7644, stack(0x00000017ad200000,0x00000017ad300000)]
  0x0000021748d48850 JavaThread "Attach Listener" daemon [_thread_blocked, id=13812, stack(0x00000017ad300000,0x00000017ad400000)]
  0x0000021748d49300 JavaThread "Service Thread" daemon [_thread_blocked, id=17584, stack(0x00000017ad400000,0x00000017ad500000)]
  0x0000021748d55110 JavaThread "C2 CompilerThread0" daemon [_thread_blocked, id=2100, stack(0x00000017ad500000,0x00000017ad600000)]
  0x0000021748d591b0 JavaThread "C1 CompilerThread0" daemon [_thread_blocked, id=18196, stack(0x00000017ad600000,0x00000017ad700000)]
  0x0000021748d667c0 JavaThread "Sweeper thread" daemon [_thread_blocked, id=8168, stack(0x00000017ad700000,0x00000017ad800000)]
  0x000002174977b720 JavaThread "Notification Thread" daemon [_thread_blocked, id=1428, stack(0x00000017ad800000,0x00000017ad900000)]
  0x0000021749787340 JavaThread "Common-Cleaner" daemon [_thread_blocked, id=12348, stack(0x00000017ada00000,0x00000017adb00000)]
  0x00000217499a38a0 JavaThread "Java2D Disposer" daemon [_thread_blocked, id=10232, stack(0x00000017adb00000,0x00000017adc00000)]
  0x00000217499a3d70 JavaThread "AWT-Shutdown" [_thread_blocked, id=17528, stack(0x00000017adc00000,0x00000017add00000)]
=>0x00000217499a4480 JavaThread "AWT-Windows" daemon [_thread_in_native, id=13544, stack(0x00000017add00000,0x00000017ade00000)]
  0x0000021749a97800 JavaThread "AWT-EventQueue-0" [_thread_in_native, id=4912, stack(0x00000017ae000000,0x00000017ae100000)]
  0x000002172a24cfc0 JavaThread "DestroyJavaVM" [_thread_blocked, id=11888, stack(0x00000017ac900000,0x00000017aca00000)]

Other Threads:
  0x0000021748d2b4f0 VMThread "VM Thread" [stack: 0x00000017acf00000,0x00000017ad000000] [id=6132]
  0x0000021749783020 WatcherThread [stack: 0x00000017ad900000,0x00000017ada00000] [id=4000]
  0x000002172a28ea60 GCTaskThread "GC Thread#0" [stack: 0x00000017aca00000,0x00000017acb00000] [id=6848]
  0x000002172a2a1de0 ConcurrentGCThread "G1 Main Marker" [stack: 0x00000017acb00000,0x00000017acc00000] [id=13984]
  0x000002172a2a2710 ConcurrentGCThread "G1 Conc#0" [stack: 0x00000017acc00000,0x00000017acd00000] [id=18592]
  0x000002172a32ea70 ConcurrentGCThread "G1 Refine#0" [stack: 0x00000017acd00000,0x00000017ace00000] [id=19228]
  0x0000021748ba0470 ConcurrentGCThread "G1 Young RemSet Sampling" [stack: 0x00000017ace00000,0x00000017acf00000] [id=8832]

Threads with active compile tasks:

VM state: not at safepoint (normal execution)

VM Mutex/Monitor currently owned by a thread: None

Heap address: 0x0000000081600000, size: 2026 MB, Compressed Oops mode: 32-bit
CDS archive(s) mapped at: [0x0000000800000000-0x0000000800b50000-0x0000000800b50000), size 11862016, SharedBaseAddress: 0x0000000800000000, ArchiveRelocationMode: 0.
Compressed class space mapped at: 0x0000000800b50000-0x0000000840b50000, size: 1073741824
Narrow klass base: 0x0000000800000000, Narrow klass shift: 3, Narrow klass range: 0x100000000

GC Precious Log:
 CPUs: 8 total, 8 available
 Memory: 8102M
 Large Page Support: Disabled
 NUMA Support: Disabled
 Compressed Oops: Enabled (32-bit)
 Heap Region Size: 1M
 Heap Min Capacity: 8M
 Heap Initial Capacity: 128M
 Heap Max Capacity: 2026M
 Pre-touch: Disabled
 Parallel Workers: 8
 Concurrent Workers: 2
 Concurrent Refinement Workers: 8
 Periodic GC: Disabled

Heap:
 garbage-first heap   total 131072K, used 32768K [0x0000000081600000, 0x0000000100000000)
  region size 1024K, 16 young (16384K), 0 survivors (0K)
 Metaspace       used 6932K, capacity 7067K, committed 7296K, reserved 1056768K
  class space    used 757K, capacity 833K, committed 896K, reserved 1048576K

Heap Regions: E=young(eden), S=young(survivor), O=old, HS=humongous(starts), HC=humongous(continues), CS=collection set, F=free, OA=open archive, CA=closed archive, TAMS=top-at-mark-start (previous, next)
|   0|0x0000000081600000, 0x0000000081700000, 0x0000000081700000|100%|HS|  |TAMS 0x0000000081600000, 0x0000000081600000| Complete 
|   1|0x0000000081700000, 0x0000000081800000, 0x0000000081800000|100%|HC|  |TAMS 0x0000000081700000, 0x0000000081700000| Complete 
|   2|0x0000000081800000, 0x0000000081900000, 0x0000000081900000|100%|HS|  |TAMS 0x0000000081800000, 0x0000000081800000| Complete 
|   3|0x0000000081900000, 0x0000000081a00000, 0x0000000081a00000|100%|HC|  |TAMS 0x0000000081900000, 0x0000000081900000| Complete 
|   4|0x0000000081a00000, 0x0000000081b00000, 0x0000000081b00000|100%|HC|  |TAMS 0x0000000081a00000, 0x0000000081a00000| Complete 
|   5|0x0000000081b00000, 0x0000000081c00000, 0x0000000081c00000|100%|HS|  |TAMS 0x0000000081b00000, 0x0000000081b00000| Complete 
|   6|0x0000000081c00000, 0x0000000081d00000, 0x0000000081d00000|100%|HC|  |TAMS 0x0000000081c00000, 0x0000000081c00000| Complete 
|   7|0x0000000081d00000, 0x0000000081e00000, 0x0000000081e00000|100%|HC|  |TAMS 0x0000000081d00000, 0x0000000081d00000| Complete 
|   8|0x0000000081e00000, 0x0000000081f00000, 0x0000000081f00000|100%|HS|  |TAMS 0x0000000081e00000, 0x0000000081e00000| Complete 
|   9|0x0000000081f00000, 0x0000000082000000, 0x0000000082000000|100%|HC|  |TAMS 0x0000000081f00000, 0x0000000081f00000| Complete 
|  10|0x0000000082000000, 0x0000000082100000, 0x0000000082100000|100%|HS|  |TAMS 0x0000000082000000, 0x0000000082000000| Complete 
|  11|0x0000000082100000, 0x0000000082200000, 0x0000000082200000|100%|HC|  |TAMS 0x0000000082100000, 0x0000000082100000| Complete 
|  12|0x0000000082200000, 0x0000000082300000, 0x0000000082300000|100%|HC|  |TAMS 0x0000000082200000, 0x0000000082200000| Complete 
|  13|0x0000000082300000, 0x0000000082400000, 0x0000000082400000|100%|HC|  |TAMS 0x0000000082300000, 0x0000000082300000| Complete 
|  14|0x0000000082400000, 0x0000000082500000, 0x0000000082500000|100%|HC|  |TAMS 0x0000000082400000, 0x0000000082400000| Complete 
|  15|0x0000000082500000, 0x0000000082600000, 0x0000000082600000|100%|HC|  |TAMS 0x0000000082500000, 0x0000000082500000| Complete 
|  16|0x0000000082600000, 0x0000000082700000, 0x0000000082700000|100%|HC|  |TAMS 0x0000000082600000, 0x0000000082600000| Complete 
|  17|0x0000000082700000, 0x0000000082800000, 0x0000000082800000|100%|HC|  |TAMS 0x0000000082700000, 0x0000000082700000| Complete 
|  18|0x0000000082800000, 0x0000000082800000, 0x0000000082900000|  0%| F|  |TAMS 0x0000000082800000, 0x0000000082800000| Untracked 
|  19|0x0000000082900000, 0x0000000082900000, 0x0000000082a00000|  0%| F|  |TAMS 0x0000000082900000, 0x0000000082900000| Untracked 
|  20|0x0000000082a00000, 0x0000000082a00000, 0x0000000082b00000|  0%| F|  |TAMS 0x0000000082a00000, 0x0000000082a00000| Untracked 
|  21|0x0000000082b00000, 0x0000000082b00000, 0x0000000082c00000|  0%| F|  |TAMS 0x0000000082b00000, 0x0000000082b00000| Untracked 
|  22|0x0000000082c00000, 0x0000000082c00000, 0x0000000082d00000|  0%| F|  |TAMS 0x0000000082c00000, 0x0000000082c00000| Untracked 
|  23|0x0000000082d00000, 0x0000000082d00000, 0x0000000082e00000|  0%| F|  |TAMS 0x0000000082d00000, 0x0000000082d00000| Untracked 
|  24|0x0000000082e00000, 0x0000000082e00000, 0x0000000082f00000|  0%| F|  |TAMS 0x0000000082e00000, 0x0000000082e00000| Untracked 
|  25|0x0000000082f00000, 0x0000000082f00000, 0x0000000083000000|  0%| F|  |TAMS 0x0000000082f00000, 0x0000000082f00000| Untracked 
|  26|0x0000000083000000, 0x0000000083000000, 0x0000000083100000|  0%| F|  |TAMS 0x0000000083000000, 0x0000000083000000| Untracked 
|  27|0x0000000083100000, 0x0000000083100000, 0x0000000083200000|  0%| F|  |TAMS 0x0000000083100000, 0x0000000083100000| Untracked 
|  28|0x0000000083200000, 0x0000000083200000, 0x0000000083300000|  0%| F|  |TAMS 0x0000000083200000, 0x0000000083200000| Untracked 
|  29|0x0000000083300000, 0x0000000083300000, 0x0000000083400000|  0%| F|  |TAMS 0x0000000083300000, 0x0000000083300000| Untracked 
|  30|0x0000000083400000, 0x0000000083400000, 0x0000000083500000|  0%| F|  |TAMS 0x0000000083400000, 0x0000000083400000| Untracked 
|  31|0x0000000083500000, 0x0000000083500000, 0x0000000083600000|  0%| F|  |TAMS 0x0000000083500000, 0x0000000083500000| Untracked 
|  32|0x0000000083600000, 0x0000000083600000, 0x0000000083700000|  0%| F|  |TAMS 0x0000000083600000, 0x0000000083600000| Untracked 
|  33|0x0000000083700000, 0x0000000083700000, 0x0000000083800000|  0%| F|  |TAMS 0x0000000083700000, 0x0000000083700000| Untracked 
|  34|0x0000000083800000, 0x0000000083800000, 0x0000000083900000|  0%| F|  |TAMS 0x0000000083800000, 0x0000000083800000| Untracked 
|  35|0x0000000083900000, 0x0000000083900000, 0x0000000083a00000|  0%| F|  |TAMS 0x0000000083900000, 0x0000000083900000| Untracked 
|  36|0x0000000083a00000, 0x0000000083a00000, 0x0000000083b00000|  0%| F|  |TAMS 0x0000000083a00000, 0x0000000083a00000| Untracked 
|  37|0x0000000083b00000, 0x0000000083b00000, 0x0000000083c00000|  0%| F|  |TAMS 0x0000000083b00000, 0x0000000083b00000| Untracked 
|  38|0x0000000083c00000, 0x0000000083c00000, 0x0000000083d00000|  0%| F|  |TAMS 0x0000000083c00000, 0x0000000083c00000| Untracked 
|  39|0x0000000083d00000, 0x0000000083d00000, 0x0000000083e00000|  0%| F|  |TAMS 0x0000000083d00000, 0x0000000083d00000| Untracked 
|  40|0x0000000083e00000, 0x0000000083e00000, 0x0000000083f00000|  0%| F|  |TAMS 0x0000000083e00000, 0x0000000083e00000| Untracked 
|  41|0x0000000083f00000, 0x0000000083f00000, 0x0000000084000000|  0%| F|  |TAMS 0x0000000083f00000, 0x0000000083f00000| Untracked 
|  42|0x0000000084000000, 0x0000000084000000, 0x0000000084100000|  0%| F|  |TAMS 0x0000000084000000, 0x0000000084000000| Untracked 
|  43|0x0000000084100000, 0x0000000084100000, 0x0000000084200000|  0%| F|  |TAMS 0x0000000084100000, 0x0000000084100000| Untracked 
|  44|0x0000000084200000, 0x0000000084200000, 0x0000000084300000|  0%| F|  |TAMS 0x0000000084200000, 0x0000000084200000| Untracked 
|  45|0x0000000084300000, 0x0000000084300000, 0x0000000084400000|  0%| F|  |TAMS 0x0000000084300000, 0x0000000084300000| Untracked 
|  46|0x0000000084400000, 0x0000000084400000, 0x0000000084500000|  0%| F|  |TAMS 0x0000000084400000, 0x0000000084400000| Untracked 
|  47|0x0000000084500000, 0x0000000084500000, 0x0000000084600000|  0%| F|  |TAMS 0x0000000084500000, 0x0000000084500000| Untracked 
|  48|0x0000000084600000, 0x0000000084600000, 0x0000000084700000|  0%| F|  |TAMS 0x0000000084600000, 0x0000000084600000| Untracked 
|  49|0x0000000084700000, 0x0000000084700000, 0x0000000084800000|  0%| F|  |TAMS 0x0000000084700000, 0x0000000084700000| Untracked 
|  50|0x0000000084800000, 0x0000000084800000, 0x0000000084900000|  0%| F|  |TAMS 0x0000000084800000, 0x0000000084800000| Untracked 
|  51|0x0000000084900000, 0x0000000084900000, 0x0000000084a00000|  0%| F|  |TAMS 0x0000000084900000, 0x0000000084900000| Untracked 
|  52|0x0000000084a00000, 0x0000000084a00000, 0x0000000084b00000|  0%| F|  |TAMS 0x0000000084a00000, 0x0000000084a00000| Untracked 
|  53|0x0000000084b00000, 0x0000000084b00000, 0x0000000084c00000|  0%| F|  |TAMS 0x0000000084b00000, 0x0000000084b00000| Untracked 
|  54|0x0000000084c00000, 0x0000000084c00000, 0x0000000084d00000|  0%| F|  |TAMS 0x0000000084c00000, 0x0000000084c00000| Untracked 
|  55|0x0000000084d00000, 0x0000000084d00000, 0x0000000084e00000|  0%| F|  |TAMS 0x0000000084d00000, 0x0000000084d00000| Untracked 
|  56|0x0000000084e00000, 0x0000000084e00000, 0x0000000084f00000|  0%| F|  |TAMS 0x0000000084e00000, 0x0000000084e00000| Untracked 
|  57|0x0000000084f00000, 0x0000000084f00000, 0x0000000085000000|  0%| F|  |TAMS 0x0000000084f00000, 0x0000000084f00000| Untracked 
|  58|0x0000000085000000, 0x0000000085000000, 0x0000000085100000|  0%| F|  |TAMS 0x0000000085000000, 0x0000000085000000| Untracked 
|  59|0x0000000085100000, 0x0000000085100000, 0x0000000085200000|  0%| F|  |TAMS 0x0000000085100000, 0x0000000085100000| Untracked 
|  60|0x0000000085200000, 0x0000000085200000, 0x0000000085300000|  0%| F|  |TAMS 0x0000000085200000, 0x0000000085200000| Untracked 
|  61|0x0000000085300000, 0x0000000085300000, 0x0000000085400000|  0%| F|  |TAMS 0x0000000085300000, 0x0000000085300000| Untracked 
|  62|0x0000000085400000, 0x0000000085400000, 0x0000000085500000|  0%| F|  |TAMS 0x0000000085400000, 0x0000000085400000| Untracked 
|  63|0x0000000085500000, 0x0000000085500000, 0x0000000085600000|  0%| F|  |TAMS 0x0000000085500000, 0x0000000085500000| Untracked 
|  64|0x0000000085600000, 0x0000000085600000, 0x0000000085700000|  0%| F|  |TAMS 0x0000000085600000, 0x0000000085600000| Untracked 
|  65|0x0000000085700000, 0x0000000085700000, 0x0000000085800000|  0%| F|  |TAMS 0x0000000085700000, 0x0000000085700000| Untracked 
|  66|0x0000000085800000, 0x0000000085800000, 0x0000000085900000|  0%| F|  |TAMS 0x0000000085800000, 0x0000000085800000| Untracked 
|  67|0x0000000085900000, 0x0000000085900000, 0x0000000085a00000|  0%| F|  |TAMS 0x0000000085900000, 0x0000000085900000| Untracked 
|  68|0x0000000085a00000, 0x0000000085a00000, 0x0000000085b00000|  0%| F|  |TAMS 0x0000000085a00000, 0x0000000085a00000| Untracked 
|  69|0x0000000085b00000, 0x0000000085b00000, 0x0000000085c00000|  0%| F|  |TAMS 0x0000000085b00000, 0x0000000085b00000| Untracked 
|  70|0x0000000085c00000, 0x0000000085c00000, 0x0000000085d00000|  0%| F|  |TAMS 0x0000000085c00000, 0x0000000085c00000| Untracked 
|  71|0x0000000085d00000, 0x0000000085d00000, 0x0000000085e00000|  0%| F|  |TAMS 0x0000000085d00000, 0x0000000085d00000| Untracked 
|  72|0x0000000085e00000, 0x0000000085e00000, 0x0000000085f00000|  0%| F|  |TAMS 0x0000000085e00000, 0x0000000085e00000| Untracked 
|  73|0x0000000085f00000, 0x0000000085f00000, 0x0000000086000000|  0%| F|  |TAMS 0x0000000085f00000, 0x0000000085f00000| Untracked 
|  74|0x0000000086000000, 0x0000000086000000, 0x0000000086100000|  0%| F|  |TAMS 0x0000000086000000, 0x0000000086000000| Untracked 
|  75|0x0000000086100000, 0x0000000086100000, 0x0000000086200000|  0%| F|  |TAMS 0x0000000086100000, 0x0000000086100000| Untracked 
|  76|0x0000000086200000, 0x0000000086200000, 0x0000000086300000|  0%| F|  |TAMS 0x0000000086200000, 0x0000000086200000| Untracked 
|  77|0x0000000086300000, 0x0000000086300000, 0x0000000086400000|  0%| F|  |TAMS 0x0000000086300000, 0x0000000086300000| Untracked 
|  78|0x0000000086400000, 0x0000000086400000, 0x0000000086500000|  0%| F|  |TAMS 0x0000000086400000, 0x0000000086400000| Untracked 
|  79|0x0000000086500000, 0x0000000086500000, 0x0000000086600000|  0%| F|  |TAMS 0x0000000086500000, 0x0000000086500000| Untracked 
|  80|0x0000000086600000, 0x0000000086600000, 0x0000000086700000|  0%| F|  |TAMS 0x0000000086600000, 0x0000000086600000| Untracked 
|  81|0x0000000086700000, 0x0000000086700000, 0x0000000086800000|  0%| F|  |TAMS 0x0000000086700000, 0x0000000086700000| Untracked 
|  82|0x0000000086800000, 0x0000000086800000, 0x0000000086900000|  0%| F|  |TAMS 0x0000000086800000, 0x0000000086800000| Untracked 
|  83|0x0000000086900000, 0x0000000086900000, 0x0000000086a00000|  0%| F|  |TAMS 0x0000000086900000, 0x0000000086900000| Untracked 
|  84|0x0000000086a00000, 0x0000000086a00000, 0x0000000086b00000|  0%| F|  |TAMS 0x0000000086a00000, 0x0000000086a00000| Untracked 
|  85|0x0000000086b00000, 0x0000000086b00000, 0x0000000086c00000|  0%| F|  |TAMS 0x0000000086b00000, 0x0000000086b00000| Untracked 
|  86|0x0000000086c00000, 0x0000000086c00000, 0x0000000086d00000|  0%| F|  |TAMS 0x0000000086c00000, 0x0000000086c00000| Untracked 
|  87|0x0000000086d00000, 0x0000000086d00000, 0x0000000086e00000|  0%| F|  |TAMS 0x0000000086d00000, 0x0000000086d00000| Untracked 
|  88|0x0000000086e00000, 0x0000000086e00000, 0x0000000086f00000|  0%| F|  |TAMS 0x0000000086e00000, 0x0000000086e00000| Untracked 
|  89|0x0000000086f00000, 0x0000000086f00000, 0x0000000087000000|  0%| F|  |TAMS 0x0000000086f00000, 0x0000000086f00000| Untracked 
|  90|0x0000000087000000, 0x0000000087000000, 0x0000000087100000|  0%| F|  |TAMS 0x0000000087000000, 0x0000000087000000| Untracked 
|  91|0x0000000087100000, 0x0000000087100000, 0x0000000087200000|  0%| F|  |TAMS 0x0000000087100000, 0x0000000087100000| Untracked 
|  92|0x0000000087200000, 0x0000000087200000, 0x0000000087300000|  0%| F|  |TAMS 0x0000000087200000, 0x0000000087200000| Untracked 
|  93|0x0000000087300000, 0x0000000087300000, 0x0000000087400000|  0%| F|  |TAMS 0x0000000087300000, 0x0000000087300000| Untracked 
|  94|0x0000000087400000, 0x0000000087400000, 0x0000000087500000|  0%| F|  |TAMS 0x0000000087400000, 0x0000000087400000| Untracked 
|  95|0x0000000087500000, 0x0000000087500000, 0x0000000087600000|  0%| F|  |TAMS 0x0000000087500000, 0x0000000087500000| Untracked 
|  96|0x0000000087600000, 0x0000000087600000, 0x0000000087700000|  0%| F|  |TAMS 0x0000000087600000, 0x0000000087600000| Untracked 
|  97|0x0000000087700000, 0x0000000087700000, 0x0000000087800000|  0%| F|  |TAMS 0x0000000087700000, 0x0000000087700000| Untracked 
|  98|0x0000000087800000, 0x0000000087800000, 0x0000000087900000|  0%| F|  |TAMS 0x0000000087800000, 0x0000000087800000| Untracked 
|  99|0x0000000087900000, 0x0000000087900000, 0x0000000087a00000|  0%| F|  |TAMS 0x0000000087900000, 0x0000000087900000| Untracked 
| 100|0x0000000087a00000, 0x0000000087a00000, 0x0000000087b00000|  0%| F|  |TAMS 0x0000000087a00000, 0x0000000087a00000| Untracked 
| 101|0x0000000087b00000, 0x0000000087b00000, 0x0000000087c00000|  0%| F|  |TAMS 0x0000000087b00000, 0x0000000087b00000| Untracked 
| 102|0x0000000087c00000, 0x0000000087c00000, 0x0000000087d00000|  0%| F|  |TAMS 0x0000000087c00000, 0x0000000087c00000| Untracked 
| 103|0x0000000087d00000, 0x0000000087d00000, 0x0000000087e00000|  0%| F|  |TAMS 0x0000000087d00000, 0x0000000087d00000| Untracked 
| 104|0x0000000087e00000, 0x0000000087e00000, 0x0000000087f00000|  0%| F|  |TAMS 0x0000000087e00000, 0x0000000087e00000| Untracked 
| 105|0x0000000087f00000, 0x0000000087f00000, 0x0000000088000000|  0%| F|  |TAMS 0x0000000087f00000, 0x0000000087f00000| Untracked 
| 106|0x0000000088000000, 0x0000000088000000, 0x0000000088100000|  0%| F|  |TAMS 0x0000000088000000, 0x0000000088000000| Untracked 
| 107|0x0000000088100000, 0x0000000088100000, 0x0000000088200000|  0%| F|  |TAMS 0x0000000088100000, 0x0000000088100000| Untracked 
| 108|0x0000000088200000, 0x0000000088200000, 0x0000000088300000|  0%| F|  |TAMS 0x0000000088200000, 0x0000000088200000| Untracked 
| 109|0x0000000088300000, 0x0000000088300000, 0x0000000088400000|  0%| F|  |TAMS 0x0000000088300000, 0x0000000088300000| Untracked 
| 110|0x0000000088400000, 0x0000000088400000, 0x0000000088500000|  0%| F|  |TAMS 0x0000000088400000, 0x0000000088400000| Untracked 
| 111|0x0000000088500000, 0x0000000088500000, 0x0000000088600000|  0%| F|  |TAMS 0x0000000088500000, 0x0000000088500000| Untracked 
| 112|0x0000000088600000, 0x00000000886ec1f0, 0x0000000088700000| 92%| E|  |TAMS 0x0000000088600000, 0x0000000088600000| Complete 
| 113|0x0000000088700000, 0x0000000088800000, 0x0000000088800000|100%| E|CS|TAMS 0x0000000088700000, 0x0000000088700000| Complete 
| 114|0x0000000088800000, 0x0000000088900000, 0x0000000088900000|100%| E|CS|TAMS 0x0000000088800000, 0x0000000088800000| Complete 
| 115|0x0000000088900000, 0x0000000088a00000, 0x0000000088a00000|100%| E|CS|TAMS 0x0000000088900000, 0x0000000088900000| Complete 
| 116|0x0000000088a00000, 0x0000000088b00000, 0x0000000088b00000|100%| E|CS|TAMS 0x0000000088a00000, 0x0000000088a00000| Complete 
| 117|0x0000000088b00000, 0x0000000088c00000, 0x0000000088c00000|100%| E|CS|TAMS 0x0000000088b00000, 0x0000000088b00000| Complete 
| 118|0x0000000088c00000, 0x0000000088d00000, 0x0000000088d00000|100%| E|CS|TAMS 0x0000000088c00000, 0x0000000088c00000| Complete 
| 119|0x0000000088d00000, 0x0000000088e00000, 0x0000000088e00000|100%| E|  |TAMS 0x0000000088d00000, 0x0000000088d00000| Complete 
| 120|0x0000000088e00000, 0x0000000088f00000, 0x0000000088f00000|100%| E|CS|TAMS 0x0000000088e00000, 0x0000000088e00000| Complete 
| 121|0x0000000088f00000, 0x0000000089000000, 0x0000000089000000|100%| E|CS|TAMS 0x0000000088f00000, 0x0000000088f00000| Complete 
| 122|0x0000000089000000, 0x0000000089100000, 0x0000000089100000|100%| E|CS|TAMS 0x0000000089000000, 0x0000000089000000| Complete 
| 123|0x0000000089100000, 0x0000000089200000, 0x0000000089200000|100%| E|CS|TAMS 0x0000000089100000, 0x0000000089100000| Complete 
| 124|0x0000000089200000, 0x0000000089300000, 0x0000000089300000|100%| E|CS|TAMS 0x0000000089200000, 0x0000000089200000| Complete 
| 125|0x0000000089300000, 0x0000000089400000, 0x0000000089400000|100%| E|CS|TAMS 0x0000000089300000, 0x0000000089300000| Complete 
| 126|0x0000000089400000, 0x0000000089500000, 0x0000000089500000|100%| E|CS|TAMS 0x0000000089400000, 0x0000000089400000| Complete 
| 127|0x0000000089500000, 0x0000000089600000, 0x0000000089600000|100%| E|CS|TAMS 0x0000000089500000, 0x0000000089500000| Complete 

Card table byte_map: [0x0000021741bc0000,0x0000021741fc0000] _byte_map_base: 0x00000217417b5000

Marking Bits (Prev, Next): (CMBitMap*) 0x000002172a290fa0, (CMBitMap*) 0x000002172a290fe0
 Prev Bits: [0x00000217423c0000, 0x0000021744368000)
 Next Bits: [0x0000021744370000, 0x0000021746318000)

Polling page: 0x00000217281c0000

Metaspace:

Usage:
  Non-class:      6.09 MB capacity,     6.03 MB (>99%) used,    48.48 KB ( <1%) free+waste,    10.12 KB ( <1%) overhead. 
      Class:    833.00 KB capacity,   757.53 KB ( 91%) used,    70.91 KB (  9%) free+waste,     4.56 KB ( <1%) overhead. 
       Both:      6.90 MB capacity,     6.77 MB ( 98%) used,   119.39 KB (  2%) free+waste,    14.69 KB ( <1%) overhead. 

Virtual space:
  Non-class space:        8.00 MB reserved,       6.25 MB ( 78%) committed 
      Class space:        1.00 GB reserved,     896.00 KB ( <1%) committed 
             Both:        1.01 GB reserved,       7.12 MB ( <1%) committed 

Chunk freelists:
   Non-Class:  38.00 KB
       Class:  31.00 KB
        Both:  69.00 KB

MaxMetaspaceSize: 17179869184.00 GB
CompressedClassSpaceSize: 1.00 GB

CodeHeap 'non-profiled nmethods': size=120000Kb used=318Kb max_used=318Kb free=119681Kb
 bounds [0x0000021739f60000, 0x000002173a1d0000, 0x0000021741490000]
CodeHeap 'profiled nmethods': size=120000Kb used=1164Kb max_used=1164Kb free=118835Kb
 bounds [0x0000021732a30000, 0x0000021732ca0000, 0x0000021739f60000]
CodeHeap 'non-nmethods': size=5760Kb used=1255Kb max_used=1268Kb free=4504Kb
 bounds [0x0000021732490000, 0x0000021732700000, 0x0000021732a30000]
 total_blobs=1289 nmethods=749 adapters=453
 compilation: enabled
              stopped_count=0, restarted_count=0
 full_count=0

Compilation events (20 events):
Event: 1.030 Thread 0x0000021748d591b0  739       1       java.nio.DirectByteBuffer::isReadOnly (2 bytes)
Event: 1.030 Thread 0x0000021748d591b0 nmethod 739 0x0000021739fae610 code [0x0000021739fae7a0, 0x0000021739fae858]
Event: 1.034 Thread 0x0000021748d591b0  741       3       java.security.AccessController::doPrivileged (9 bytes)
Event: 1.034 Thread 0x0000021748d591b0 nmethod 741 0x0000021732b51f10 code [0x0000021732b520e0, 0x0000021732b52418]
Event: 1.034 Thread 0x0000021748d591b0  742       3       javax.swing.UIManager::getDefaults (10 bytes)
Event: 1.035 Thread 0x0000021748d591b0 nmethod 742 0x0000021732b52590 code [0x0000021732b52740, 0x0000021732b52878]
Event: 1.035 Thread 0x0000021748d591b0  743       1       java.awt.Color::getRGB (5 bytes)
Event: 1.035 Thread 0x0000021748d591b0 nmethod 743 0x0000021739fae910 code [0x0000021739faeaa0, 0x0000021739faeb58]
Event: 1.035 Thread 0x0000021748d55110  744       4       java.util.Arrays::binarySearch0 (95 bytes)
Event: 1.039 Thread 0x0000021748d55110 nmethod 744 0x0000021739faec10 code [0x0000021739faeda0, 0x0000021739faefb8]
Event: 1.446 Thread 0x0000021748d591b0  745       1       java.util.concurrent.locks.AbstractOwnableSynchronizer::setExclusiveOwnerThread (6 bytes)
Event: 1.446 Thread 0x0000021748d591b0 nmethod 745 0x0000021739faf190 code [0x0000021739faf320, 0x0000021739faf418]
Event: 1.446 Thread 0x0000021748d591b0  746       3       java.awt.Component::getParent (5 bytes)
Event: 1.446 Thread 0x0000021748d591b0 nmethod 746 0x0000021732b52990 code [0x0000021732b52b20, 0x0000021732b52c38]
Event: 1.446 Thread 0x0000021748d591b0  747       1       java.util.EventObject::getSource (5 bytes)
Event: 1.447 Thread 0x0000021748d591b0 nmethod 747 0x0000021739faf490 code [0x0000021739faf620, 0x0000021739faf6d8]
Event: 1.447 Thread 0x0000021748d591b0  748       1       java.awt.AWTEvent::getID (5 bytes)
Event: 1.447 Thread 0x0000021748d591b0 nmethod 748 0x0000021739faf790 code [0x0000021739faf920, 0x0000021739faf9d8]
Event: 2.276 Thread 0x0000021748d591b0  749       3       sun.util.locale.LocaleUtils::isUpper (18 bytes)
Event: 2.277 Thread 0x0000021748d591b0 nmethod 749 0x0000021732b52d10 code [0x0000021732b52ea0, 0x0000021732b53018]

GC Heap History (0 events):
No events

Deoptimization events (20 events):
Event: 0.744 Thread 0x0000021749a523c0 Uncommon trap: trap_request=0xffffffbe fr.pc=0x0000021739f98af8 relative=0x0000000000000f38
Event: 0.744 Thread 0x0000021749a523c0 Uncommon trap: reason=profile_predicate action=maybe_recompile pc=0x0000021739f98af8 method=java.awt.image.AreaAveragingScaleFilter.accumPixels(IIIILjava/awt/image/ColorModel;Ljava/lang/Object;II)V @ 164 c2
Event: 0.744 Thread 0x0000021749a523c0 DEOPT PACKING pc=0x0000021739f98af8 sp=0x00000017adefe300
Event: 0.744 Thread 0x0000021749a523c0 DEOPT UNPACKING pc=0x00000217324de42f sp=0x00000017adefe238 mode 2
Event: 0.745 Thread 0x0000021749a523c0 Uncommon trap: trap_request=0xffffffbe fr.pc=0x0000021739f98af8 relative=0x0000000000000f38
Event: 0.745 Thread 0x0000021749a523c0 Uncommon trap: reason=profile_predicate action=maybe_recompile pc=0x0000021739f98af8 method=java.awt.image.AreaAveragingScaleFilter.accumPixels(IIIILjava/awt/image/ColorModel;Ljava/lang/Object;II)V @ 164 c2
Event: 0.745 Thread 0x0000021749a523c0 DEOPT PACKING pc=0x0000021739f98af8 sp=0x00000017adefe300
Event: 0.745 Thread 0x0000021749a523c0 DEOPT UNPACKING pc=0x00000217324de42f sp=0x00000017adefe238 mode 2
Event: 0.745 Thread 0x0000021749a523c0 Uncommon trap: trap_request=0xffffffbe fr.pc=0x0000021739f98af8 relative=0x0000000000000f38
Event: 0.745 Thread 0x0000021749a523c0 Uncommon trap: reason=profile_predicate action=maybe_recompile pc=0x0000021739f98af8 method=java.awt.image.AreaAveragingScaleFilter.accumPixels(IIIILjava/awt/image/ColorModel;Ljava/lang/Object;II)V @ 164 c2
Event: 0.745 Thread 0x0000021749a523c0 DEOPT PACKING pc=0x0000021739f98af8 sp=0x00000017adefe300
Event: 0.745 Thread 0x0000021749a523c0 DEOPT UNPACKING pc=0x00000217324de42f sp=0x00000017adefe238 mode 2
Event: 0.832 Thread 0x000002172a24cfc0 Uncommon trap: trap_request=0xffffffe5 fr.pc=0x0000021739f7b5c0 relative=0x00000000000001a0
Event: 0.832 Thread 0x000002172a24cfc0 Uncommon trap: reason=range_check action=reinterpret pc=0x0000021739f7b5c0 method=java.lang.StringLatin1.indexOf([BII)I @ 13 c2
Event: 0.832 Thread 0x000002172a24cfc0 DEOPT PACKING pc=0x0000021739f7b5c0 sp=0x00000017ac9fc4c0
Event: 0.832 Thread 0x000002172a24cfc0 DEOPT UNPACKING pc=0x00000217324de42f sp=0x00000017ac9fc440 mode 2
Event: 0.984 Thread 0x000002172a24cfc0 Uncommon trap: trap_request=0xffffff45 fr.pc=0x0000021739faa808 relative=0x00000000000004c8
Event: 0.984 Thread 0x000002172a24cfc0 Uncommon trap: reason=unstable_if action=reinterpret pc=0x0000021739faa808 method=java.lang.StringLatin1.replace([BCC)Ljava/lang/String; @ 19 c2
Event: 0.984 Thread 0x000002172a24cfc0 DEOPT PACKING pc=0x0000021739faa808 sp=0x00000017ac9fe0e0
Event: 0.984 Thread 0x000002172a24cfc0 DEOPT UNPACKING pc=0x00000217324de42f sp=0x00000017ac9fe060 mode 2

Classes unloaded (0 events):
No events

Classes redefined (0 events):
No events

Internal exceptions (13 events):
Event: 0.091 Thread 0x000002172a24cfc0 Exception <a 'java/lang/NoSuchMethodError'{0x0000000089422d30}: 'void java.lang.invoke.DirectMethodHandle$Holder.invokeSpecial(java.lang.Object, java.lang.Object, java.lang.Object)'> (0x0000000089422d30) 
thrown [./open/src/hotspot/share/interpreter/linkResolver.cpp, line 782]
Event: 0.106 Thread 0x000002172a24cfc0 Exception <a 'java/lang/ClassNotFoundException'{0x00000000894428b8}: sun/awt/resources/spi/awtProvider> (0x00000000894428b8) 
thrown [./open/src/hotspot/share/classfile/systemDictionary.cpp, line 295]
Event: 0.144 Thread 0x000002172a24cfc0 Exception <a 'java/io/FileNotFoundException'{0x000000008949e500}> (0x000000008949e500) 
thrown [./open/src/hotspot/share/prims/jni.cpp, line 578]
Event: 0.161 Thread 0x000002172a24cfc0 Exception <a 'java/io/FileNotFoundException'{0x00000000894ccd90}> (0x00000000894ccd90) 
thrown [./open/src/hotspot/share/prims/jni.cpp, line 578]
Event: 0.161 Thread 0x000002172a24cfc0 Exception <a 'java/lang/NoSuchMethodError'{0x00000000894cdf88}: 'java.lang.Object java.lang.invoke.DirectMethodHandle$Holder.invokeStatic(java.lang.Object)'> (0x00000000894cdf88) 
thrown [./open/src/hotspot/share/interpreter/linkResolver.cpp, line 782]
Event: 0.214 Thread 0x000002172a24cfc0 Exception <a 'java/lang/NoSuchMethodError'{0x000000008932a048}: 'java.lang.Object java.lang.invoke.DirectMethodHandle$Holder.invokeStaticInit(java.lang.Object)'> (0x000000008932a048) 
thrown [./open/src/hotspot/share/interpreter/linkResolver.cpp, line 782]
Event: 0.279 Thread 0x000002172a24cfc0 Exception <a 'java/lang/NoSuchMethodError'{0x0000000089212320}: 'java.lang.Object java.lang.invoke.DirectMethodHandle$Holder.newInvokeSpecial(java.lang.Object, java.lang.Object, java.lang.Object, java.lang.Object, java.lang.Object)'> (0x0000000089212320) 
thrown [./open/src/hotspot/share/interpreter/linkResolver.cpp, line 782]
Event: 0.281 Thread 0x000002172a24cfc0 Exception <a 'java/lang/NoSuchMethodError'{0x000000008921ddb0}: 'java.lang.Object java.lang.invoke.DirectMethodHandle$Holder.invokeStatic(java.lang.Object, int, java.lang.Object, java.lang.Object, java.lang.Object, java.lang.Object)'> (0x000000008921ddb0) 
thrown [./open/src/hotspot/share/interpreter/linkResolver.cpp, line 782]
Event: 0.286 Thread 0x000002172a24cfc0 Exception <a 'java/lang/NoSuchMethodError'{0x0000000089244058}: 'java.lang.Object java.lang.invoke.DirectMethodHandle$Holder.invokeStatic(java.lang.Object, int, java.lang.Object)'> (0x0000000089244058) 
thrown [./open/src/hotspot/share/interpreter/linkResolver.cpp, line 782]
Event: 0.321 Thread 0x000002172a24cfc0 Exception <a 'java/lang/ClassNotFoundException'{0x00000000892fd578}: com/sun/swing/internal/plaf/metal/resources/spi/metalProvider> (0x00000000892fd578) 
thrown [./open/src/hotspot/share/classfile/systemDictionary.cpp, line 295]
Event: 0.323 Thread 0x000002172a24cfc0 Exception <a 'java/lang/ClassNotFoundException'{0x0000000089101dc0}: com/sun/swing/internal/plaf/basic/resources/spi/basicProvider> (0x0000000089101dc0) 
thrown [./open/src/hotspot/share/classfile/systemDictionary.cpp, line 295]
Event: 0.347 Thread 0x0000021749a523c0 Exception <a 'java/lang/NoSuchMethodError'{0x00000000891982d0}: 'java.lang.Object java.lang.invoke.DirectMethodHandle$Holder.newInvokeSpecial(java.lang.Object, java.lang.Object, java.lang.Object, int, int, int, int, int)'> (0x00000000891982d0) 
thrown [./open/src/hotspot/share/interpreter/linkResolver.cpp, line 782]
Event: 0.797 Thread 0x000002172a24cfc0 Exception <a 'java/lang/NoSuchMethodError'{0x000000008914e090}: 'void java.lang.invoke.DirectMethodHandle$Holder.invokeStaticInit(java.lang.Object)'> (0x000000008914e090) 
thrown [./open/src/hotspot/share/interpreter/linkResolver.cpp, line 782]

Events (20 events):
Event: 1.447 loading class java/awt/im/InputContext
Event: 1.447 loading class java/awt/im/InputContext done
Event: 1.447 loading class sun/awt/im/InputMethodContext
Event: 1.447 loading class java/awt/im/spi/InputMethodContext
Event: 1.447 loading class java/awt/im/InputMethodRequests
Event: 1.447 loading class java/awt/im/InputMethodRequests done
Event: 1.448 loading class java/awt/im/spi/InputMethodContext done
Event: 1.448 loading class sun/awt/im/InputContext
Event: 1.448 loading class sun/awt/im/InputContext done
Event: 1.448 loading class sun/awt/im/InputMethodContext done
Event: 1.448 loading class sun/awt/windows/WInputMethod
Event: 1.449 loading class sun/awt/im/InputMethodAdapter
Event: 1.449 loading class java/awt/im/spi/InputMethod
Event: 1.449 loading class java/awt/im/spi/InputMethod done
Event: 1.449 loading class sun/awt/im/InputMethodAdapter done
Event: 1.449 loading class sun/awt/windows/WInputMethod done
Event: 1.832 Executing VM operation: HandshakeAllThreads
Event: 1.832 Executing VM operation: HandshakeAllThreads done
Event: 5.757 Thread 0x0000021749a523c0 Thread exited: 0x0000021749a523c0
Event: 5.757 Thread 0x000002174a99afa0 Thread exited: 0x000002174a99afa0


Dynamic libraries:
0x00007ff7ccfd0000 - 0x00007ff7ccfdf000 	C:\Program Files\Java\jdk-15.0.2\bin\javaw.exe
0x00007ff8b9f10000 - 0x00007ff8ba105000 	C:\WINDOWS\SYSTEM32\ntdll.dll
0x00007ff8b9ce0000 - 0x00007ff8b9d9d000 	C:\WINDOWS\System32\KERNEL32.DLL
0x00007ff8b7c20000 - 0x00007ff8b7ee8000 	C:\WINDOWS\System32\KERNELBASE.dll
0x00007ff8b7960000 - 0x00007ff8b7a60000 	C:\WINDOWS\System32\ucrtbase.dll
0x00007ff899940000 - 0x00007ff899959000 	C:\Program Files\Java\jdk-15.0.2\bin\VCRUNTIME140.dll
0x00007ff899920000 - 0x00007ff899938000 	C:\Program Files\Java\jdk-15.0.2\bin\jli.dll
0x00007ff8b8dc0000 - 0x00007ff8b8e6c000 	C:\WINDOWS\System32\ADVAPI32.dll
0x00007ff8b9da0000 - 0x00007ff8b9e3e000 	C:\WINDOWS\System32\msvcrt.dll
0x00007ff8b93f0000 - 0x00007ff8b948b000 	C:\WINDOWS\System32\sechost.dll
0x00007ff8b91b0000 - 0x00007ff8b92db000 	C:\WINDOWS\System32\RPCRT4.dll
0x00007ff8b87a0000 - 0x00007ff8b8940000 	C:\WINDOWS\System32\USER32.dll
0x00007ff8b7930000 - 0x00007ff8b7952000 	C:\WINDOWS\System32\win32u.dll
0x00007ff89f610000 - 0x00007ff89f8aa000 	C:\WINDOWS\WinSxS\amd64_microsoft.windows.common-controls_6595b64144ccf1df_6.0.19041.844_none_ca00b6081b84eb1d\COMCTL32.dll
0x00007ff8b8770000 - 0x00007ff8b879a000 	C:\WINDOWS\System32\GDI32.dll
0x00007ff8b76a0000 - 0x00007ff8b77ab000 	C:\WINDOWS\System32\gdi32full.dll
0x00007ff8b7860000 - 0x00007ff8b78fd000 	C:\WINDOWS\System32\msvcp_win.dll
0x00007ff8af540000 - 0x00007ff8af54a000 	C:\WINDOWS\SYSTEM32\VERSION.dll
0x00007ff8b9cb0000 - 0x00007ff8b9ce0000 	C:\WINDOWS\System32\IMM32.DLL
0x00007ff8a8660000 - 0x00007ff8a866c000 	C:\Program Files\Java\jdk-15.0.2\bin\vcruntime140_1.dll
0x00007ff888e80000 - 0x00007ff888f11000 	C:\Program Files\Java\jdk-15.0.2\bin\msvcp140.dll
0x00007ff869f60000 - 0x00007ff86aabe000 	C:\Program Files\Java\jdk-15.0.2\bin\server\jvm.dll
0x00007ff8b8db0000 - 0x00007ff8b8db8000 	C:\WINDOWS\System32\PSAPI.DLL
0x00007ff8b18b0000 - 0x00007ff8b18b9000 	C:\WINDOWS\SYSTEM32\WSOCK32.dll
0x00007ff8acb00000 - 0x00007ff8acb27000 	C:\WINDOWS\SYSTEM32\WINMM.dll
0x00007ff8b9000000 - 0x00007ff8b906b000 	C:\WINDOWS\System32\WS2_32.dll
0x00007ff8b5620000 - 0x00007ff8b5632000 	C:\WINDOWS\SYSTEM32\kernel.appcore.dll
0x00007ff8b30c0000 - 0x00007ff8b30ca000 	C:\Program Files\Java\jdk-15.0.2\bin\jimage.dll
0x00007ff8b5330000 - 0x00007ff8b5514000 	C:\WINDOWS\SYSTEM32\DBGHELP.DLL
0x00007ff8b0520000 - 0x00007ff8b054c000 	C:\WINDOWS\SYSTEM32\dbgcore.DLL
0x00007ff8b7ef0000 - 0x00007ff8b7f70000 	C:\WINDOWS\System32\bcryptPrimitives.dll
0x00007ff8998e0000 - 0x00007ff899905000 	C:\Program Files\Java\jdk-15.0.2\bin\java.dll
0x00007ff8b9490000 - 0x00007ff8b9bd2000 	C:\WINDOWS\System32\SHELL32.dll
0x00007ff8b5790000 - 0x00007ff8b5f21000 	C:\WINDOWS\SYSTEM32\windows.storage.dll
0x00007ff8b8410000 - 0x00007ff8b8765000 	C:\WINDOWS\System32\combase.dll
0x00007ff8b7070000 - 0x00007ff8b709c000 	C:\WINDOWS\SYSTEM32\Wldp.dll
0x00007ff8b8130000 - 0x00007ff8b81de000 	C:\WINDOWS\System32\SHCORE.dll
0x00007ff8b81e0000 - 0x00007ff8b8235000 	C:\WINDOWS\System32\shlwapi.dll
0x00007ff8b7590000 - 0x00007ff8b75af000 	C:\WINDOWS\SYSTEM32\profapi.dll
0x00007ff8826b0000 - 0x00007ff882830000 	C:\Program Files\Java\jdk-15.0.2\bin\awt.dll
0x00007ff8b9be0000 - 0x00007ff8b9cad000 	C:\WINDOWS\System32\OLEAUT32.dll
0x00007ff8b49f0000 - 0x00007ff8b4a80000 	C:\WINDOWS\SYSTEM32\apphelp.dll
0x00007ff8b5120000 - 0x00007ff8b514f000 	C:\WINDOWS\system32\DWMAPI.DLL
0x00007ff8b4ef0000 - 0x00007ff8b4f8e000 	C:\WINDOWS\system32\uxtheme.dll
0x00007ff89a440000 - 0x00007ff89a566000 	C:\WINDOWS\system32\opengl32.dll
0x00007ff8a7640000 - 0x00007ff8a766c000 	C:\WINDOWS\SYSTEM32\GLU32.dll
0x00007ff8b9070000 - 0x00007ff8b9185000 	C:\WINDOWS\System32\MSCTF.dll
0x00007ff8b8ed0000 - 0x00007ff8b8ffa000 	C:\WINDOWS\System32\ole32.dll
0x00007ff8a9060000 - 0x00007ff8a9078000 	C:\Program Files\Java\jdk-15.0.2\bin\zip.dll
0x00007ff891c30000 - 0x00007ff891c5d000 	C:\Program Files\Java\jdk-15.0.2\bin\javajpeg.dll
0x00007ff888a20000 - 0x00007ff888aa5000 	C:\Program Files\Java\jdk-15.0.2\bin\freetype.dll
0x00007ff887430000 - 0x00007ff8874d9000 	C:\Program Files\Java\jdk-15.0.2\bin\fontmanager.dll
0x00007ff8ac490000 - 0x00007ff8ac589000 	C:\WINDOWS\SYSTEM32\textinputframework.dll
0x00007ff8b4230000 - 0x00007ff8b458e000 	C:\WINDOWS\System32\CoreUIComponents.dll
0x00007ff8b47c0000 - 0x00007ff8b48b2000 	C:\WINDOWS\System32\CoreMessaging.dll
0x00007ff8b63d0000 - 0x00007ff8b6403000 	C:\WINDOWS\SYSTEM32\ntmarta.dll
0x00007ff8b40d0000 - 0x00007ff8b4224000 	C:\WINDOWS\SYSTEM32\wintypes.dll
0x00007ff8aeb50000 - 0x00007ff8aeb69000 	C:\Program Files\Java\jdk-15.0.2\bin\net.dll
0x00007ff8b07b0000 - 0x00007ff8b08bb000 	C:\WINDOWS\SYSTEM32\WINHTTP.dll
0x00007ff8b6dc0000 - 0x00007ff8b6e2a000 	C:\WINDOWS\system32\mswsock.dll
0x00007ff8ab1a0000 - 0x00007ff8ab1b2000 	C:\Program Files\Java\jdk-15.0.2\bin\nio.dll

dbghelp: loaded successfully - version: 4.0.5 - missing functions: none
symbol engine: initialized successfully - sym options: 0x614 - pdb path: .;C:\Program Files\Java\jdk-15.0.2\bin;C:\WINDOWS\SYSTEM32;C:\WINDOWS\WinSxS\amd64_microsoft.windows.common-controls_6595b64144ccf1df_6.0.19041.844_none_ca00b6081b84eb1d;C:\Program Files\Java\jdk-15.0.2\bin\server

VM Arguments:
jvm_args: -Dfile.encoding=Cp1252 -XX:+ShowCodeDetailsInExceptionMessages 
java_command: Karangpawitan.PetaDigitalKarangpawitan
java_class_path (initial): D:\Eclipse Workspace\Petadigitalfix\bin
Launcher Type: SUN_STANDARD

[Global flags]
     intx CICompilerCount                          = 4                                         {product} {ergonomic}
     uint ConcGCThreads                            = 2                                         {product} {ergonomic}
     uint G1ConcRefinementThreads                  = 8                                         {product} {ergonomic}
   size_t G1HeapRegionSize                         = 1048576                                   {product} {ergonomic}
    uintx GCDrainStackTargetSize                   = 64                                        {product} {ergonomic}
   size_t InitialHeapSize                          = 134217728                                 {product} {ergonomic}
   size_t MarkStackSize                            = 4194304                                   {product} {ergonomic}
   size_t MaxHeapSize                              = 2124414976                                {product} {ergonomic}
   size_t MaxNewSize                               = 1274019840                                {product} {ergonomic}
   size_t MinHeapDeltaBytes                        = 1048576                                   {product} {ergonomic}
   size_t MinHeapSize                              = 8388608                                   {product} {ergonomic}
    uintx NonNMethodCodeHeapSize                   = 5839372                                {pd product} {ergonomic}
    uintx NonProfiledCodeHeapSize                  = 122909434                              {pd product} {ergonomic}
    uintx ProfiledCodeHeapSize                     = 122909434                              {pd product} {ergonomic}
    uintx ReservedCodeCacheSize                    = 251658240                              {pd product} {ergonomic}
     bool SegmentedCodeCache                       = true                                      {product} {ergonomic}
     bool ShowCodeDetailsInExceptionMessages       = true                                   {manageable} {command line}
   size_t SoftMaxHeapSize                          = 2124414976                             {manageable} {ergonomic}
     bool UseCompressedClassPointers               = true                                 {lp64_product} {ergonomic}
     bool UseCompressedOops                        = true                                 {lp64_product} {ergonomic}
     bool UseG1GC                                  = true                                      {product} {ergonomic}
     bool UseLargePagesIndividualAllocation        = false                                  {pd product} {ergonomic}

Logging:
Log output configuration:
 #0: stdout all=warning uptime,level,tags
 #1: stderr all=off uptime,level,tags

Environment Variables:
PATH=C:/Program Files/Java/jdk-15.0.2/bin/server;C:/Program Files/Java/jdk-15.0.2/bin;C:\Program Files\Common Files\Oracle\Java\javapath;C:\Windows\system32;C:\Windows;C:\Windows\System32\Wbem;C:\Windows\System32\WindowsPowerShell\v1.0\;C:\Program Files (x86)\NVIDIA Corporation\PhysX\Common;C:\Program Files\NVIDIA Corporation\NVIDIA NvDLISR;C:\WINDOWS\system32;C:\WINDOWS;C:\WINDOWS\System32\Wbem;C:\WINDOWS\System32\WindowsPowerShell\v1.0\;C:\WINDOWS\System32\OpenSSH\;C:\Program Files\Java\jdk-15.0.2\bin;C:\Users\Asus\AppData\Local\Microsoft\WindowsApps;;C:\Users\Asus\Desktop;
USERNAME=Asus
OS=Windows_NT
PROCESSOR_IDENTIFIER=Intel64 Family 6 Model 142 Stepping 10, GenuineIntel



---------------  S Y S T E M  ---------------

OS:
 Windows 10 , 64 bit Build 19041 (10.0.19041.928)
OS uptime: 2 days 21:10 hours

CPU: total 8 (initial active 8) (4 cores per cpu, 2 threads per core) family 6 model 142 stepping 10 microcode 0xe0, cmov, cx8, fxsr, mmx, sse, sse2, sse3, ssse3, sse4.1, sse4.2, popcnt, vzeroupper, avx, avx2, clmul, erms, 3dnowpref, lzcnt, ht, tsc, tscinvbit, bmi1, bmi2, adx, fma, clflush, clflushopt

Memory: 4k page, system-wide physical 8102M (827M free)
TotalPageFile size 20462M (AvailPageFile size 1M)
current process WorkingSet (physical memory assigned to process): 75M, peak: 84M
current process commit charge ("private bytes"): 221M, peak: 236M

vm_info: Java HotSpot(TM) 64-Bit Server VM (15.0.2+7-27) for windows-amd64 JRE (15.0.2+7-27), built on Dec  7 2020 20:07:01 by "mach5one" with unknown MS VC++:1925

END.
