#
# There is insufficient memory for the Java Runtime Environment to continue.
# Native memory allocation (malloc) failed to allocate 32744 bytes for ChunkPool::allocate
# Possible reasons:
#   The system is out of physical RAM or swap space
#   The process is running with CompressedOops enabled, and the Java Heap may be blocking the growth of the native heap
# Possible solutions:
#   Reduce memory load on the system
#   Increase physical memory or swap space
#   Check if swap backing store is full
#   Decrease Java heap size (-Xmx/-Xms)
#   Decrease number of Java threads
#   Decrease Java thread stack sizes (-Xss)
#   Set larger code cache with -XX:ReservedCodeCacheSize=
#   JVM is running with Unscaled Compressed Oops mode in which the Java heap is
#     placed in the first 4GB address space. The Java Heap base address is the
#     maximum limit for the native heap growth. Please use -XX:HeapBaseMinAddress
#     to set the Java Heap base and to place the Java Heap above 4GB virtual address.
# This output file may be truncated or incomplete.
#
#  Out of Memory Error (./open/src/hotspot/share/memory/arena.cpp:79), pid=7280, tid=11796
#
# JRE version: Java(TM) SE Runtime Environment (15.0.2+7) (build 15.0.2+7-27)
# Java VM: Java HotSpot(TM) 64-Bit Server VM (15.0.2+7-27, mixed mode, sharing, tiered, compressed oops, g1 gc, windows-amd64)
# No core dump will be written. Minidumps are not enabled by default on client versions of Windows
#

---------------  S U M M A R Y ------------

Command Line: -Dfile.encoding=Cp1252 -XX:+ShowCodeDetailsInExceptionMessages Petadigitalfix.PetaDigital

Host: Intel(R) Core(TM) i5-8250U CPU @ 1.60GHz, 8 cores, 7G,  Windows 10 , 64 bit Build 19041 (10.0.19041.804)
Time: Mon Apr  5 05:21:26 2021 SE Asia Standard Time elapsed time: 849.636003 seconds (0d 0h 14m 9s)

---------------  T H R E A D  ---------------

Current thread (0x0000025ea3235870):  JavaThread "C1 CompilerThread0" daemon [_thread_in_native, id=11796, stack(0x0000008f63800000,0x0000008f63900000)]


Current CompileTask:
C1: 849636  801       3       sun.invoke.util.VerifyAccess::isMemberAccessible (338 bytes)

Stack: [0x0000008f63800000,0x0000008f63900000]
Native frames: (J=compiled Java code, j=interpreted, Vv=VM code, C=native code)
V  [jvm.dll+0x62ae9a]
V  [jvm.dll+0x7817a9]
V  [jvm.dll+0x782f03]
V  [jvm.dll+0x783563]
V  [jvm.dll+0x216325]
V  [jvm.dll+0x982cf]
V  [jvm.dll+0x9861c]
V  [jvm.dll+0x12735a]
V  [jvm.dll+0x1261a7]
V  [jvm.dll+0x10f5e4]
V  [jvm.dll+0x10f890]
V  [jvm.dll+0x10fb54]
V  [jvm.dll+0x10ee92]
V  [jvm.dll+0x110d2c]
V  [jvm.dll+0x1f9225]
V  [jvm.dll+0x1f72cc]
V  [jvm.dll+0x74495d]
V  [jvm.dll+0x73d75a]
V  [jvm.dll+0x629c56]
C  [ucrtbase.dll+0x21bb2]
C  [KERNEL32.DLL+0x17034]
C  [ntdll.dll+0x52651]


---------------  P R O C E S S  ---------------

Threads class SMR info:
_java_thread_list=0x0000025ea4ae2630, length=15, elements={
0x0000025ea320c160, 0x0000025ea320d3e0, 0x0000025ea3225e20, 0x0000025ea32287f0,
0x0000025ea322b990, 0x0000025ea322a4f0, 0x0000025ea3235870, 0x0000025ea323e940,
0x0000025ea3c5b3a0, 0x0000025ea3c85b70, 0x0000025ea3ea0460, 0x0000025ea3eab400,
0x0000025ea3eb05e0, 0x0000025ea3f38e20, 0x0000025e8274d1b0
}

Java Threads: ( => current thread )
  0x0000025ea320c160 JavaThread "Reference Handler" daemon [_thread_blocked, id=8612, stack(0x0000008f63200000,0x0000008f63300000)]
  0x0000025ea320d3e0 JavaThread "Finalizer" daemon [_thread_blocked, id=17856, stack(0x0000008f63300000,0x0000008f63400000)]
  0x0000025ea3225e20 JavaThread "Signal Dispatcher" daemon [_thread_blocked, id=15996, stack(0x0000008f63400000,0x0000008f63500000)]
  0x0000025ea32287f0 JavaThread "Attach Listener" daemon [_thread_blocked, id=11864, stack(0x0000008f63500000,0x0000008f63600000)]
  0x0000025ea322b990 JavaThread "Service Thread" daemon [_thread_blocked, id=1760, stack(0x0000008f63600000,0x0000008f63700000)]
  0x0000025ea322a4f0 JavaThread "C2 CompilerThread0" daemon [_thread_blocked, id=12628, stack(0x0000008f63700000,0x0000008f63800000)]
=>0x0000025ea3235870 JavaThread "C1 CompilerThread0" daemon [_thread_in_native, id=11796, stack(0x0000008f63800000,0x0000008f63900000)]
  0x0000025ea323e940 JavaThread "Sweeper thread" daemon [_thread_blocked, id=8708, stack(0x0000008f63900000,0x0000008f63a00000)]
  0x0000025ea3c5b3a0 JavaThread "Notification Thread" daemon [_thread_blocked, id=7608, stack(0x0000008f63a00000,0x0000008f63b00000)]
  0x0000025ea3c85b70 JavaThread "Common-Cleaner" daemon [_thread_blocked, id=17464, stack(0x0000008f63c00000,0x0000008f63d00000)]
  0x0000025ea3ea0460 JavaThread "Java2D Disposer" daemon [_thread_blocked, id=920, stack(0x0000008f63d00000,0x0000008f63e00000)]
  0x0000025ea3eab400 JavaThread "AWT-Shutdown" [_thread_blocked, id=14324, stack(0x0000008f63e00000,0x0000008f63f00000)]
  0x0000025ea3eb05e0 JavaThread "AWT-Windows" daemon [_thread_in_native, id=19356, stack(0x0000008f63f00000,0x0000008f64000000)]
  0x0000025ea3f38e20 JavaThread "AWT-EventQueue-0" [_thread_blocked, id=5876, stack(0x0000008f64400000,0x0000008f64500000)]
  0x0000025e8274d1b0 JavaThread "DestroyJavaVM" [_thread_blocked, id=4896, stack(0x0000008f62b00000,0x0000008f62c00000)]

Other Threads:
  0x0000025ea320a230 VMThread "VM Thread" [stack: 0x0000008f63100000,0x0000008f63200000] [id=812]
  0x0000025ea3c61890 WatcherThread [stack: 0x0000008f63b00000,0x0000008f63c00000] [id=17580]
  0x0000025e8278e580 GCTaskThread "GC Thread#0" [stack: 0x0000008f62c00000,0x0000008f62d00000] [id=18436]
  0x0000025e827a04b0 ConcurrentGCThread "G1 Main Marker" [stack: 0x0000008f62d00000,0x0000008f62e00000] [id=11732]
  0x0000025e827a2760 ConcurrentGCThread "G1 Conc#0" [stack: 0x0000008f62e00000,0x0000008f62f00000] [id=4640]
  0x0000025e8282c9e0 ConcurrentGCThread "G1 Refine#0" [stack: 0x0000008f62f00000,0x0000008f63000000] [id=12596]
  0x0000025e8282e3a0 ConcurrentGCThread "G1 Young RemSet Sampling" [stack: 0x0000008f63000000,0x0000008f63100000] [id=2660]

Threads with active compile tasks:
C1 CompilerThread0   851691  801       3       sun.invoke.util.VerifyAccess::isMemberAccessible (338 bytes)

VM state: not at safepoint (normal execution)

VM Mutex/Monitor currently owned by a thread: None

Heap address: 0x0000000081600000, size: 2026 MB, Compressed Oops mode: 32-bit
CDS archive(s) mapped at: [0x0000000800000000-0x0000000800b50000-0x0000000800b50000), size 11862016, SharedBaseAddress: 0x0000000800000000, ArchiveRelocationMode: 0.
Compressed class space mapped at: 0x0000000800b50000-0x0000000840b50000, size: 1073741824
Narrow klass base: 0x0000000800000000, Narrow klass shift: 3, Narrow klass range: 0x100000000

GC Precious Log:
 CPUs: 8 total, 8 available
 Memory: 8102M
 Large Page Support: Disabled
 NUMA Support: Disabled
 Compressed Oops: Enabled (32-bit)
 Heap Region Size: 1M
 Heap Min Capacity: 8M
 Heap Initial Capacity: 128M
 Heap Max Capacity: 2026M
 Pre-touch: Disabled
 Parallel Workers: 8
 Concurrent Workers: 2
 Concurrent Refinement Workers: 8
 Periodic GC: Disabled

Heap:
 garbage-first heap   total 131072K, used 39936K [0x0000000081600000, 0x0000000100000000)
  region size 1024K, 17 young (17408K), 0 survivors (0K)
 Metaspace       used 7047K, capacity 7194K, committed 7296K, reserved 1056768K
  class space    used 765K, capacity 834K, committed 896K, reserved 1048576K

Heap Regions: E=young(eden), S=young(survivor), O=old, HS=humongous(starts), HC=humongous(continues), CS=collection set, F=free, OA=open archive, CA=closed archive, TAMS=top-at-mark-start (previous, next)
|   0|0x0000000081600000, 0x0000000081700000, 0x0000000081700000|100%|HS|  |TAMS 0x0000000081600000, 0x0000000081600000| Complete 
|   1|0x0000000081700000, 0x0000000081800000, 0x0000000081800000|100%|HC|  |TAMS 0x0000000081700000, 0x0000000081700000| Complete 
|   2|0x0000000081800000, 0x0000000081900000, 0x0000000081900000|100%|HS|  |TAMS 0x0000000081800000, 0x0000000081800000| Complete 
|   3|0x0000000081900000, 0x0000000081a00000, 0x0000000081a00000|100%|HC|  |TAMS 0x0000000081900000, 0x0000000081900000| Complete 
|   4|0x0000000081a00000, 0x0000000081b00000, 0x0000000081b00000|100%|HC|  |TAMS 0x0000000081a00000, 0x0000000081a00000| Complete 
|   5|0x0000000081b00000, 0x0000000081c00000, 0x0000000081c00000|100%|HS|  |TAMS 0x0000000081b00000, 0x0000000081b00000| Complete 
|   6|0x0000000081c00000, 0x0000000081d00000, 0x0000000081d00000|100%|HC|  |TAMS 0x0000000081c00000, 0x0000000081c00000| Complete 
|   7|0x0000000081d00000, 0x0000000081e00000, 0x0000000081e00000|100%|HC|  |TAMS 0x0000000081d00000, 0x0000000081d00000| Complete 
|   8|0x0000000081e00000, 0x0000000081f00000, 0x0000000081f00000|100%|HC|  |TAMS 0x0000000081e00000, 0x0000000081e00000| Complete 
|   9|0x0000000081f00000, 0x0000000082000000, 0x0000000082000000|100%|HS|  |TAMS 0x0000000081f00000, 0x0000000081f00000| Complete 
|  10|0x0000000082000000, 0x0000000082100000, 0x0000000082100000|100%|HC|  |TAMS 0x0000000082000000, 0x0000000082000000| Complete 
|  11|0x0000000082100000, 0x0000000082200000, 0x0000000082200000|100%|HC|  |TAMS 0x0000000082100000, 0x0000000082100000| Complete 
|  12|0x0000000082200000, 0x0000000082300000, 0x0000000082300000|100%|HS|  |TAMS 0x0000000082200000, 0x0000000082200000| Complete 
|  13|0x0000000082300000, 0x0000000082400000, 0x0000000082400000|100%|HC|  |TAMS 0x0000000082300000, 0x0000000082300000| Complete 
|  14|0x0000000082400000, 0x0000000082500000, 0x0000000082500000|100%|HC|  |TAMS 0x0000000082400000, 0x0000000082400000| Complete 
|  15|0x0000000082500000, 0x0000000082600000, 0x0000000082600000|100%|HS|  |TAMS 0x0000000082500000, 0x0000000082500000| Complete 
|  16|0x0000000082600000, 0x0000000082700000, 0x0000000082700000|100%|HC|  |TAMS 0x0000000082600000, 0x0000000082600000| Complete 
|  17|0x0000000082700000, 0x0000000082800000, 0x0000000082800000|100%|HC|  |TAMS 0x0000000082700000, 0x0000000082700000| Complete 
|  18|0x0000000082800000, 0x0000000082900000, 0x0000000082900000|100%|HC|  |TAMS 0x0000000082800000, 0x0000000082800000| Complete 
|  19|0x0000000082900000, 0x0000000082a00000, 0x0000000082a00000|100%|HC|  |TAMS 0x0000000082900000, 0x0000000082900000| Complete 
|  20|0x0000000082a00000, 0x0000000082b00000, 0x0000000082b00000|100%|HC|  |TAMS 0x0000000082a00000, 0x0000000082a00000| Complete 
|  21|0x0000000082b00000, 0x0000000082c00000, 0x0000000082c00000|100%|HC|  |TAMS 0x0000000082b00000, 0x0000000082b00000| Complete 
|  22|0x0000000082c00000, 0x0000000082d00000, 0x0000000082d00000|100%|HC|  |TAMS 0x0000000082c00000, 0x0000000082c00000| Complete 
|  23|0x0000000082d00000, 0x0000000082d00000, 0x0000000082e00000|  0%| F|  |TAMS 0x0000000082d00000, 0x0000000082d00000| Untracked 
|  24|0x0000000082e00000, 0x0000000082e00000, 0x0000000082f00000|  0%| F|  |TAMS 0x0000000082e00000, 0x0000000082e00000| Untracked 
|  25|0x0000000082f00000, 0x0000000082f00000, 0x0000000083000000|  0%| F|  |TAMS 0x0000000082f00000, 0x0000000082f00000| Untracked 
|  26|0x0000000083000000, 0x0000000083000000, 0x0000000083100000|  0%| F|  |TAMS 0x0000000083000000, 0x0000000083000000| Untracked 
|  27|0x0000000083100000, 0x0000000083100000, 0x0000000083200000|  0%| F|  |TAMS 0x0000000083100000, 0x0000000083100000| Untracked 
|  28|0x0000000083200000, 0x0000000083200000, 0x0000000083300000|  0%| F|  |TAMS 0x0000000083200000, 0x0000000083200000| Untracked 
|  29|0x0000000083300000, 0x0000000083300000, 0x0000000083400000|  0%| F|  |TAMS 0x0000000083300000, 0x0000000083300000| Untracked 
|  30|0x0000000083400000, 0x0000000083400000, 0x0000000083500000|  0%| F|  |TAMS 0x0000000083400000, 0x0000000083400000| Untracked 
|  31|0x0000000083500000, 0x0000000083500000, 0x0000000083600000|  0%| F|  |TAMS 0x0000000083500000, 0x0000000083500000| Untracked 
|  32|0x0000000083600000, 0x0000000083600000, 0x0000000083700000|  0%| F|  |TAMS 0x0000000083600000, 0x0000000083600000| Untracked 
|  33|0x0000000083700000, 0x0000000083700000, 0x0000000083800000|  0%| F|  |TAMS 0x0000000083700000, 0x0000000083700000| Untracked 
|  34|0x0000000083800000, 0x0000000083800000, 0x0000000083900000|  0%| F|  |TAMS 0x0000000083800000, 0x0000000083800000| Untracked 
|  35|0x0000000083900000, 0x0000000083900000, 0x0000000083a00000|  0%| F|  |TAMS 0x0000000083900000, 0x0000000083900000| Untracked 
|  36|0x0000000083a00000, 0x0000000083a00000, 0x0000000083b00000|  0%| F|  |TAMS 0x0000000083a00000, 0x0000000083a00000| Untracked 
|  37|0x0000000083b00000, 0x0000000083b00000, 0x0000000083c00000|  0%| F|  |TAMS 0x0000000083b00000, 0x0000000083b00000| Untracked 
|  38|0x0000000083c00000, 0x0000000083c00000, 0x0000000083d00000|  0%| F|  |TAMS 0x0000000083c00000, 0x0000000083c00000| Untracked 
|  39|0x0000000083d00000, 0x0000000083d00000, 0x0000000083e00000|  0%| F|  |TAMS 0x0000000083d00000, 0x0000000083d00000| Untracked 
|  40|0x0000000083e00000, 0x0000000083e00000, 0x0000000083f00000|  0%| F|  |TAMS 0x0000000083e00000, 0x0000000083e00000| Untracked 
|  41|0x0000000083f00000, 0x0000000083f00000, 0x0000000084000000|  0%| F|  |TAMS 0x0000000083f00000, 0x0000000083f00000| Untracked 
|  42|0x0000000084000000, 0x0000000084000000, 0x0000000084100000|  0%| F|  |TAMS 0x0000000084000000, 0x0000000084000000| Untracked 
|  43|0x0000000084100000, 0x0000000084100000, 0x0000000084200000|  0%| F|  |TAMS 0x0000000084100000, 0x0000000084100000| Untracked 
|  44|0x0000000084200000, 0x0000000084200000, 0x0000000084300000|  0%| F|  |TAMS 0x0000000084200000, 0x0000000084200000| Untracked 
|  45|0x0000000084300000, 0x0000000084300000, 0x0000000084400000|  0%| F|  |TAMS 0x0000000084300000, 0x0000000084300000| Untracked 
|  46|0x0000000084400000, 0x0000000084400000, 0x0000000084500000|  0%| F|  |TAMS 0x0000000084400000, 0x0000000084400000| Untracked 
|  47|0x0000000084500000, 0x0000000084500000, 0x0000000084600000|  0%| F|  |TAMS 0x0000000084500000, 0x0000000084500000| Untracked 
|  48|0x0000000084600000, 0x0000000084600000, 0x0000000084700000|  0%| F|  |TAMS 0x0000000084600000, 0x0000000084600000| Untracked 
|  49|0x0000000084700000, 0x0000000084700000, 0x0000000084800000|  0%| F|  |TAMS 0x0000000084700000, 0x0000000084700000| Untracked 
|  50|0x0000000084800000, 0x0000000084800000, 0x0000000084900000|  0%| F|  |TAMS 0x0000000084800000, 0x0000000084800000| Untracked 
|  51|0x0000000084900000, 0x0000000084900000, 0x0000000084a00000|  0%| F|  |TAMS 0x0000000084900000, 0x0000000084900000| Untracked 
|  52|0x0000000084a00000, 0x0000000084a00000, 0x0000000084b00000|  0%| F|  |TAMS 0x0000000084a00000, 0x0000000084a00000| Untracked 
|  53|0x0000000084b00000, 0x0000000084b00000, 0x0000000084c00000|  0%| F|  |TAMS 0x0000000084b00000, 0x0000000084b00000| Untracked 
|  54|0x0000000084c00000, 0x0000000084c00000, 0x0000000084d00000|  0%| F|  |TAMS 0x0000000084c00000, 0x0000000084c00000| Untracked 
|  55|0x0000000084d00000, 0x0000000084d00000, 0x0000000084e00000|  0%| F|  |TAMS 0x0000000084d00000, 0x0000000084d00000| Untracked 
|  56|0x0000000084e00000, 0x0000000084e00000, 0x0000000084f00000|  0%| F|  |TAMS 0x0000000084e00000, 0x0000000084e00000| Untracked 
|  57|0x0000000084f00000, 0x0000000084f00000, 0x0000000085000000|  0%| F|  |TAMS 0x0000000084f00000, 0x0000000084f00000| Untracked 
|  58|0x0000000085000000, 0x0000000085000000, 0x0000000085100000|  0%| F|  |TAMS 0x0000000085000000, 0x0000000085000000| Untracked 
|  59|0x0000000085100000, 0x0000000085100000, 0x0000000085200000|  0%| F|  |TAMS 0x0000000085100000, 0x0000000085100000| Untracked 
|  60|0x0000000085200000, 0x0000000085200000, 0x0000000085300000|  0%| F|  |TAMS 0x0000000085200000, 0x0000000085200000| Untracked 
|  61|0x0000000085300000, 0x0000000085300000, 0x0000000085400000|  0%| F|  |TAMS 0x0000000085300000, 0x0000000085300000| Untracked 
|  62|0x0000000085400000, 0x0000000085400000, 0x0000000085500000|  0%| F|  |TAMS 0x0000000085400000, 0x0000000085400000| Untracked 
|  63|0x0000000085500000, 0x0000000085500000, 0x0000000085600000|  0%| F|  |TAMS 0x0000000085500000, 0x0000000085500000| Untracked 
|  64|0x0000000085600000, 0x0000000085600000, 0x0000000085700000|  0%| F|  |TAMS 0x0000000085600000, 0x0000000085600000| Untracked 
|  65|0x0000000085700000, 0x0000000085700000, 0x0000000085800000|  0%| F|  |TAMS 0x0000000085700000, 0x0000000085700000| Untracked 
|  66|0x0000000085800000, 0x0000000085800000, 0x0000000085900000|  0%| F|  |TAMS 0x0000000085800000, 0x0000000085800000| Untracked 
|  67|0x0000000085900000, 0x0000000085900000, 0x0000000085a00000|  0%| F|  |TAMS 0x0000000085900000, 0x0000000085900000| Untracked 
|  68|0x0000000085a00000, 0x0000000085a00000, 0x0000000085b00000|  0%| F|  |TAMS 0x0000000085a00000, 0x0000000085a00000| Untracked 
|  69|0x0000000085b00000, 0x0000000085b00000, 0x0000000085c00000|  0%| F|  |TAMS 0x0000000085b00000, 0x0000000085b00000| Untracked 
|  70|0x0000000085c00000, 0x0000000085c00000, 0x0000000085d00000|  0%| F|  |TAMS 0x0000000085c00000, 0x0000000085c00000| Untracked 
|  71|0x0000000085d00000, 0x0000000085d00000, 0x0000000085e00000|  0%| F|  |TAMS 0x0000000085d00000, 0x0000000085d00000| Untracked 
|  72|0x0000000085e00000, 0x0000000085e00000, 0x0000000085f00000|  0%| F|  |TAMS 0x0000000085e00000, 0x0000000085e00000| Untracked 
|  73|0x0000000085f00000, 0x0000000085f00000, 0x0000000086000000|  0%| F|  |TAMS 0x0000000085f00000, 0x0000000085f00000| Untracked 
|  74|0x0000000086000000, 0x0000000086000000, 0x0000000086100000|  0%| F|  |TAMS 0x0000000086000000, 0x0000000086000000| Untracked 
|  75|0x0000000086100000, 0x0000000086100000, 0x0000000086200000|  0%| F|  |TAMS 0x0000000086100000, 0x0000000086100000| Untracked 
|  76|0x0000000086200000, 0x0000000086200000, 0x0000000086300000|  0%| F|  |TAMS 0x0000000086200000, 0x0000000086200000| Untracked 
|  77|0x0000000086300000, 0x0000000086300000, 0x0000000086400000|  0%| F|  |TAMS 0x0000000086300000, 0x0000000086300000| Untracked 
|  78|0x0000000086400000, 0x0000000086400000, 0x0000000086500000|  0%| F|  |TAMS 0x0000000086400000, 0x0000000086400000| Untracked 
|  79|0x0000000086500000, 0x0000000086500000, 0x0000000086600000|  0%| F|  |TAMS 0x0000000086500000, 0x0000000086500000| Untracked 
|  80|0x0000000086600000, 0x0000000086600000, 0x0000000086700000|  0%| F|  |TAMS 0x0000000086600000, 0x0000000086600000| Untracked 
|  81|0x0000000086700000, 0x0000000086700000, 0x0000000086800000|  0%| F|  |TAMS 0x0000000086700000, 0x0000000086700000| Untracked 
|  82|0x0000000086800000, 0x0000000086800000, 0x0000000086900000|  0%| F|  |TAMS 0x0000000086800000, 0x0000000086800000| Untracked 
|  83|0x0000000086900000, 0x0000000086900000, 0x0000000086a00000|  0%| F|  |TAMS 0x0000000086900000, 0x0000000086900000| Untracked 
|  84|0x0000000086a00000, 0x0000000086a00000, 0x0000000086b00000|  0%| F|  |TAMS 0x0000000086a00000, 0x0000000086a00000| Untracked 
|  85|0x0000000086b00000, 0x0000000086b00000, 0x0000000086c00000|  0%| F|  |TAMS 0x0000000086b00000, 0x0000000086b00000| Untracked 
|  86|0x0000000086c00000, 0x0000000086c00000, 0x0000000086d00000|  0%| F|  |TAMS 0x0000000086c00000, 0x0000000086c00000| Untracked 
|  87|0x0000000086d00000, 0x0000000086d00000, 0x0000000086e00000|  0%| F|  |TAMS 0x0000000086d00000, 0x0000000086d00000| Untracked 
|  88|0x0000000086e00000, 0x0000000086e00000, 0x0000000086f00000|  0%| F|  |TAMS 0x0000000086e00000, 0x0000000086e00000| Untracked 
|  89|0x0000000086f00000, 0x0000000086f00000, 0x0000000087000000|  0%| F|  |TAMS 0x0000000086f00000, 0x0000000086f00000| Untracked 
|  90|0x0000000087000000, 0x0000000087000000, 0x0000000087100000|  0%| F|  |TAMS 0x0000000087000000, 0x0000000087000000| Untracked 
|  91|0x0000000087100000, 0x0000000087100000, 0x0000000087200000|  0%| F|  |TAMS 0x0000000087100000, 0x0000000087100000| Untracked 
|  92|0x0000000087200000, 0x0000000087200000, 0x0000000087300000|  0%| F|  |TAMS 0x0000000087200000, 0x0000000087200000| Untracked 
|  93|0x0000000087300000, 0x0000000087300000, 0x0000000087400000|  0%| F|  |TAMS 0x0000000087300000, 0x0000000087300000| Untracked 
|  94|0x0000000087400000, 0x0000000087400000, 0x0000000087500000|  0%| F|  |TAMS 0x0000000087400000, 0x0000000087400000| Untracked 
|  95|0x0000000087500000, 0x0000000087500000, 0x0000000087600000|  0%| F|  |TAMS 0x0000000087500000, 0x0000000087500000| Untracked 
|  96|0x0000000087600000, 0x0000000087600000, 0x0000000087700000|  0%| F|  |TAMS 0x0000000087600000, 0x0000000087600000| Untracked 
|  97|0x0000000087700000, 0x0000000087700000, 0x0000000087800000|  0%| F|  |TAMS 0x0000000087700000, 0x0000000087700000| Untracked 
|  98|0x0000000087800000, 0x0000000087800000, 0x0000000087900000|  0%| F|  |TAMS 0x0000000087800000, 0x0000000087800000| Untracked 
|  99|0x0000000087900000, 0x0000000087900000, 0x0000000087a00000|  0%| F|  |TAMS 0x0000000087900000, 0x0000000087900000| Untracked 
| 100|0x0000000087a00000, 0x0000000087a00000, 0x0000000087b00000|  0%| F|  |TAMS 0x0000000087a00000, 0x0000000087a00000| Untracked 
| 101|0x0000000087b00000, 0x0000000087b00000, 0x0000000087c00000|  0%| F|  |TAMS 0x0000000087b00000, 0x0000000087b00000| Untracked 
| 102|0x0000000087c00000, 0x0000000087c00000, 0x0000000087d00000|  0%| F|  |TAMS 0x0000000087c00000, 0x0000000087c00000| Untracked 
| 103|0x0000000087d00000, 0x0000000087d00000, 0x0000000087e00000|  0%| F|  |TAMS 0x0000000087d00000, 0x0000000087d00000| Untracked 
| 104|0x0000000087e00000, 0x0000000087e00000, 0x0000000087f00000|  0%| F|  |TAMS 0x0000000087e00000, 0x0000000087e00000| Untracked 
| 105|0x0000000087f00000, 0x0000000087f00000, 0x0000000088000000|  0%| F|  |TAMS 0x0000000087f00000, 0x0000000087f00000| Untracked 
| 106|0x0000000088000000, 0x0000000088000000, 0x0000000088100000|  0%| F|  |TAMS 0x0000000088000000, 0x0000000088000000| Untracked 
| 107|0x0000000088100000, 0x0000000088100000, 0x0000000088200000|  0%| F|  |TAMS 0x0000000088100000, 0x0000000088100000| Untracked 
| 108|0x0000000088200000, 0x0000000088200000, 0x0000000088300000|  0%| F|  |TAMS 0x0000000088200000, 0x0000000088200000| Untracked 
| 109|0x0000000088300000, 0x0000000088300000, 0x0000000088400000|  0%| F|  |TAMS 0x0000000088300000, 0x0000000088300000| Untracked 
| 110|0x0000000088400000, 0x0000000088400000, 0x0000000088500000|  0%| F|  |TAMS 0x0000000088400000, 0x0000000088400000| Untracked 
| 111|0x0000000088500000, 0x0000000088576468, 0x0000000088600000| 46%| E|  |TAMS 0x0000000088500000, 0x0000000088500000| Complete 
| 112|0x0000000088600000, 0x0000000088700000, 0x0000000088700000|100%| E|CS|TAMS 0x0000000088600000, 0x0000000088600000| Complete 
| 113|0x0000000088700000, 0x0000000088800000, 0x0000000088800000|100%| E|CS|TAMS 0x0000000088700000, 0x0000000088700000| Complete 
| 114|0x0000000088800000, 0x0000000088900000, 0x0000000088900000|100%| E|CS|TAMS 0x0000000088800000, 0x0000000088800000| Complete 
| 115|0x0000000088900000, 0x0000000088a00000, 0x0000000088a00000|100%| E|CS|TAMS 0x0000000088900000, 0x0000000088900000| Complete 
| 116|0x0000000088a00000, 0x0000000088b00000, 0x0000000088b00000|100%| E|CS|TAMS 0x0000000088a00000, 0x0000000088a00000| Complete 
| 117|0x0000000088b00000, 0x0000000088c00000, 0x0000000088c00000|100%| E|CS|TAMS 0x0000000088b00000, 0x0000000088b00000| Complete 
| 118|0x0000000088c00000, 0x0000000088d00000, 0x0000000088d00000|100%| E|CS|TAMS 0x0000000088c00000, 0x0000000088c00000| Complete 
| 119|0x0000000088d00000, 0x0000000088e00000, 0x0000000088e00000|100%| E|CS|TAMS 0x0000000088d00000, 0x0000000088d00000| Complete 
| 120|0x0000000088e00000, 0x0000000088f00000, 0x0000000088f00000|100%| E|CS|TAMS 0x0000000088e00000, 0x0000000088e00000| Complete 
| 121|0x0000000088f00000, 0x0000000089000000, 0x0000000089000000|100%| E|CS|TAMS 0x0000000088f00000, 0x0000000088f00000| Complete 
| 122|0x0000000089000000, 0x0000000089100000, 0x0000000089100000|100%| E|CS|TAMS 0x0000000089000000, 0x0000000089000000| Complete 
| 123|0x0000000089100000, 0x0000000089200000, 0x0000000089200000|100%| E|CS|TAMS 0x0000000089100000, 0x0000000089100000| Complete 
| 124|0x0000000089200000, 0x0000000089300000, 0x0000000089300000|100%| E|CS|TAMS 0x0000000089200000, 0x0000000089200000| Complete 
| 125|0x0000000089300000, 0x0000000089400000, 0x0000000089400000|100%| E|CS|TAMS 0x0000000089300000, 0x0000000089300000| Complete 
| 126|0x0000000089400000, 0x0000000089500000, 0x0000000089500000|100%| E|CS|TAMS 0x0000000089400000, 0x0000000089400000| Complete 
| 127|0x0000000089500000, 0x0000000089600000, 0x0000000089600000|100%| E|CS|TAMS 0x0000000089500000, 0x0000000089500000| Complete 

Card table byte_map: [0x0000025e9c000000,0x0000025e9c400000] _byte_map_base: 0x0000025e9bbf5000

Marking Bits (Prev, Next): (CMBitMap*) 0x0000025e8278fd10, (CMBitMap*) 0x0000025e8278fd50
 Prev Bits: [0x0000025e9c800000, 0x0000025e9e7a8000)
 Next Bits: [0x0000025e9e7b0000, 0x0000025ea0758000)

Polling page: 0x0000025e82830000

Metaspace:

Usage:
  Non-class:      6.21 MB capacity,     6.14 MB ( 99%) used,    66.72 KB (  1%) free+waste,    10.31 KB ( <1%) overhead. 
      Class:    834.00 KB capacity,   765.02 KB ( 92%) used,    64.36 KB (  8%) free+waste,     4.62 KB ( <1%) overhead. 
       Both:      7.03 MB capacity,     6.88 MB ( 98%) used,   131.08 KB (  2%) free+waste,    14.94 KB ( <1%) overhead. 

Virtual space:
  Non-class space:        8.00 MB reserved,       6.25 MB ( 78%) committed 
      Class space:        1.00 GB reserved,     896.00 KB ( <1%) committed 
             Both:        1.01 GB reserved,       7.12 MB ( <1%) committed 

Chunk freelists:
   Non-Class:  40.00 KB
       Class:  30.00 KB
        Both:  70.00 KB

MaxMetaspaceSize: 17179869184.00 GB
CompressedClassSpaceSize: 1.00 GB

CodeHeap 'non-profiled nmethods': size=120000Kb used=312Kb max_used=312Kb free=119687Kb
 bounds [0x0000025e93c70000, 0x0000025e93ee0000, 0x0000025e9b1a0000]
CodeHeap 'profiled nmethods': size=120000Kb used=1160Kb max_used=1160Kb free=118839Kb
 bounds [0x0000025e8c740000, 0x0000025e8c9b0000, 0x0000025e93c70000]
CodeHeap 'non-nmethods': size=5760Kb used=1251Kb max_used=1267Kb free=4508Kb
 bounds [0x0000025e8c1a0000, 0x0000025e8c410000, 0x0000025e8c740000]
 total_blobs=1338 nmethods=802 adapters=449
 compilation: enabled
              stopped_count=0, restarted_count=0
 full_count=0

Compilation events (20 events):
Event: 1.814 Thread 0x0000025ea3235870 nmethod 790 0x0000025e8c85f490 code [0x0000025e8c85f640, 0x0000025e8c85f8f8]
Event: 2.400 Thread 0x0000025ea322a4f0  792       4       java.awt.Component::getTreeLock (4 bytes)
Event: 2.400 Thread 0x0000025ea322a4f0 nmethod 792 0x0000025e93cbd090 code [0x0000025e93cbd200, 0x0000025e93cbd278]
Event: 2.423 Thread 0x0000025ea3235870  793  s    3       java.awt.KeyboardFocusManager::getCurrentKeyboardFocusManager (32 bytes)
Event: 2.423 Thread 0x0000025ea3235870 nmethod 793 0x0000025e8c85fa10 code [0x0000025e8c85fbe0, 0x0000025e8c85ffe8]
Event: 2.423 Thread 0x0000025ea3235870  794       3       java.awt.KeyboardFocusManager::getCurrentKeyboardFocusManager (7 bytes)
Event: 2.424 Thread 0x0000025ea3235870 nmethod 794 0x0000025e8c860110 code [0x0000025e8c860300, 0x0000025e8c8607b8]
Event: 476.858 Thread 0x0000025ea3235870  795       3       java.util.HashMap$EntryIterator::next (5 bytes)
Event: 476.858 Thread 0x0000025ea322a4f0  797       4       java.util.HashMap::hash (20 bytes)
Event: 476.858 Thread 0x0000025ea3235870 nmethod 795 0x0000025e8c860a10 code [0x0000025e8c860bc0, 0x0000025e8c860d48]
Event: 476.858 Thread 0x0000025ea3235870  796       3       java.util.HashMap$EntryIterator::next (5 bytes)
Event: 476.858 Thread 0x0000025ea3235870 nmethod 796 0x0000025e8c860e10 code [0x0000025e8c860fc0, 0x0000025e8c8610e8]
Event: 476.859 Thread 0x0000025ea322a4f0 nmethod 797 0x0000025e93cbd390 code [0x0000025e93cbd500, 0x0000025e93cbd5d8]
Event: 476.859 Thread 0x0000025ea3235870  798       3       java.util.HashMap$KeyIterator::next (8 bytes)
Event: 476.859 Thread 0x0000025ea3235870 nmethod 798 0x0000025e8c861190 code [0x0000025e8c861340, 0x0000025e8c861468]
Event: 476.859 Thread 0x0000025ea3235870  800       3       java.beans.PropertyChangeSupport::firePropertyChange (35 bytes)
Event: 476.860 Thread 0x0000025ea3235870 nmethod 800 0x0000025e8c861510 code [0x0000025e8c861720, 0x0000025e8c861ec8]
Event: 476.860 Thread 0x0000025ea3235870  799       1       java.awt.Color::getRGB (5 bytes)
Event: 476.860 Thread 0x0000025ea3235870 nmethod 799 0x0000025e93cbd690 code [0x0000025e93cbd820, 0x0000025e93cbd8d8]
Event: 849.204 Thread 0x0000025ea3235870  801       3       sun.invoke.util.VerifyAccess::isMemberAccessible (338 bytes)

GC Heap History (0 events):
No events

Deoptimization events (20 events):
Event: 0.767 Thread 0x0000025ea3f33010 DEOPT PACKING pc=0x0000025e8c80c114 sp=0x0000008f640feeb0
Event: 0.767 Thread 0x0000025ea3f33010 DEOPT UNPACKING pc=0x0000025e8c1ee23f sp=0x0000008f640fe3a0 mode 0
Event: 0.767 Thread 0x0000025ea3f33010 DEOPT PACKING pc=0x0000025e8c80c114 sp=0x0000008f640feeb0
Event: 0.767 Thread 0x0000025ea3f33010 DEOPT UNPACKING pc=0x0000025e8c1ee23f sp=0x0000008f640fe3a0 mode 0
Event: 0.767 Thread 0x0000025ea3f33010 DEOPT PACKING pc=0x0000025e8c80c114 sp=0x0000008f640feeb0
Event: 0.767 Thread 0x0000025ea3f33010 DEOPT UNPACKING pc=0x0000025e8c1ee23f sp=0x0000008f640fe3a0 mode 0
Event: 0.767 Thread 0x0000025ea3f33010 DEOPT PACKING pc=0x0000025e8c80c114 sp=0x0000008f640feeb0
Event: 0.767 Thread 0x0000025ea3f33010 DEOPT UNPACKING pc=0x0000025e8c1ee23f sp=0x0000008f640fe3a0 mode 0
Event: 0.767 Thread 0x0000025ea3f33010 Uncommon trap: trap_request=0xffffff45 fr.pc=0x0000025e93caf258 relative=0x00000000000003b8
Event: 0.767 Thread 0x0000025ea3f33010 Uncommon trap: reason=unstable_if action=reinterpret pc=0x0000025e93caf258 method=sun.awt.image.ImageRepresentation.getOpaqueRGBImage()Ljava/awt/image/BufferedImage; @ 57 c2
Event: 0.767 Thread 0x0000025ea3f33010 DEOPT PACKING pc=0x0000025e93caf258 sp=0x0000008f640fef10
Event: 0.767 Thread 0x0000025ea3f33010 DEOPT UNPACKING pc=0x0000025e8c1ee42f sp=0x0000008f640feea0 mode 2
Event: 0.830 Thread 0x0000025e8274d1b0 Uncommon trap: trap_request=0xffffffe5 fr.pc=0x0000025e93c8aac0 relative=0x00000000000001a0
Event: 0.830 Thread 0x0000025e8274d1b0 Uncommon trap: reason=range_check action=reinterpret pc=0x0000025e93c8aac0 method=java.lang.StringLatin1.indexOf([BII)I @ 13 c2
Event: 0.830 Thread 0x0000025e8274d1b0 DEOPT PACKING pc=0x0000025e93c8aac0 sp=0x0000008f62bfc6c0
Event: 0.830 Thread 0x0000025e8274d1b0 DEOPT UNPACKING pc=0x0000025e8c1ee42f sp=0x0000008f62bfc640 mode 2
Event: 0.884 Thread 0x0000025e8274d1b0 Uncommon trap: trap_request=0xffffff45 fr.pc=0x0000025e93cb5e08 relative=0x00000000000004c8
Event: 0.884 Thread 0x0000025e8274d1b0 Uncommon trap: reason=unstable_if action=reinterpret pc=0x0000025e93cb5e08 method=java.lang.StringLatin1.replace([BCC)Ljava/lang/String; @ 19 c2
Event: 0.884 Thread 0x0000025e8274d1b0 DEOPT PACKING pc=0x0000025e93cb5e08 sp=0x0000008f62bfe2d0
Event: 0.884 Thread 0x0000025e8274d1b0 DEOPT UNPACKING pc=0x0000025e8c1ee42f sp=0x0000008f62bfe250 mode 2

Classes unloaded (0 events):
No events

Classes redefined (0 events):
No events

Internal exceptions (13 events):
Event: 0.077 Thread 0x0000025e8274d1b0 Exception <a 'java/lang/NoSuchMethodError'{0x0000000089422e38}: 'void java.lang.invoke.DirectMethodHandle$Holder.invokeSpecial(java.lang.Object, java.lang.Object, java.lang.Object)'> (0x0000000089422e38) 
thrown [./open/src/hotspot/share/interpreter/linkResolver.cpp, line 782]
Event: 0.092 Thread 0x0000025e8274d1b0 Exception <a 'java/lang/ClassNotFoundException'{0x0000000089442938}: sun/awt/resources/spi/awtProvider> (0x0000000089442938) 
thrown [./open/src/hotspot/share/classfile/systemDictionary.cpp, line 295]
Event: 0.122 Thread 0x0000025e8274d1b0 Exception <a 'java/io/FileNotFoundException'{0x000000008949e598}> (0x000000008949e598) 
thrown [./open/src/hotspot/share/prims/jni.cpp, line 578]
Event: 0.133 Thread 0x0000025e8274d1b0 Exception <a 'java/io/FileNotFoundException'{0x00000000894cce28}> (0x00000000894cce28) 
thrown [./open/src/hotspot/share/prims/jni.cpp, line 578]
Event: 0.134 Thread 0x0000025e8274d1b0 Exception <a 'java/lang/NoSuchMethodError'{0x00000000894ce020}: 'java.lang.Object java.lang.invoke.DirectMethodHandle$Holder.invokeStatic(java.lang.Object)'> (0x00000000894ce020) 
thrown [./open/src/hotspot/share/interpreter/linkResolver.cpp, line 782]
Event: 0.182 Thread 0x0000025e8274d1b0 Exception <a 'java/lang/NoSuchMethodError'{0x000000008932a0f8}: 'java.lang.Object java.lang.invoke.DirectMethodHandle$Holder.invokeStaticInit(java.lang.Object)'> (0x000000008932a0f8) 
thrown [./open/src/hotspot/share/interpreter/linkResolver.cpp, line 782]
Event: 0.242 Thread 0x0000025e8274d1b0 Exception <a 'java/lang/NoSuchMethodError'{0x0000000089212298}: 'java.lang.Object java.lang.invoke.DirectMethodHandle$Holder.newInvokeSpecial(java.lang.Object, java.lang.Object, java.lang.Object, java.lang.Object, java.lang.Object)'> (0x0000000089212298) 
thrown [./open/src/hotspot/share/interpreter/linkResolver.cpp, line 782]
Event: 0.244 Thread 0x0000025e8274d1b0 Exception <a 'java/lang/NoSuchMethodError'{0x000000008921dd28}: 'java.lang.Object java.lang.invoke.DirectMethodHandle$Holder.invokeStatic(java.lang.Object, int, java.lang.Object, java.lang.Object, java.lang.Object, java.lang.Object)'> (0x000000008921dd28) 
thrown [./open/src/hotspot/share/interpreter/linkResolver.cpp, line 782]
Event: 0.251 Thread 0x0000025e8274d1b0 Exception <a 'java/lang/NoSuchMethodError'{0x0000000089243fd0}: 'java.lang.Object java.lang.invoke.DirectMethodHandle$Holder.invokeStatic(java.lang.Object, int, java.lang.Object)'> (0x0000000089243fd0) 
thrown [./open/src/hotspot/share/interpreter/linkResolver.cpp, line 782]
Event: 0.285 Thread 0x0000025e8274d1b0 Exception <a 'java/lang/ClassNotFoundException'{0x00000000892fd6c8}: com/sun/swing/internal/plaf/metal/resources/spi/metalProvider> (0x00000000892fd6c8) 
thrown [./open/src/hotspot/share/classfile/systemDictionary.cpp, line 295]
Event: 0.286 Thread 0x0000025e8274d1b0 Exception <a 'java/lang/ClassNotFoundException'{0x0000000089101f00}: com/sun/swing/internal/plaf/basic/resources/spi/basicProvider> (0x0000000089101f00) 
thrown [./open/src/hotspot/share/classfile/systemDictionary.cpp, line 295]
Event: 0.306 Thread 0x0000025ea3f33010 Exception <a 'java/lang/NoSuchMethodError'{0x0000000089182328}: 'java.lang.Object java.lang.invoke.DirectMethodHandle$Holder.newInvokeSpecial(java.lang.Object, java.lang.Object, java.lang.Object, int, int, int, int, int)'> (0x0000000089182328) 
thrown [./open/src/hotspot/share/interpreter/linkResolver.cpp, line 782]
Event: 0.805 Thread 0x0000025e8274d1b0 Exception <a 'java/lang/NoSuchMethodError'{0x0000000089150318}: 'void java.lang.invoke.DirectMethodHandle$Holder.invokeStaticInit(java.lang.Object)'> (0x0000000089150318) 
thrown [./open/src/hotspot/share/interpreter/linkResolver.cpp, line 782]

Events (20 events):
Event: 0.972 loading class java/text/AttributedString$AttributedStringIterator
Event: 0.972 loading class java/text/AttributedCharacterIterator
Event: 0.972 loading class java/text/CharacterIterator
Event: 0.972 loading class java/text/CharacterIterator done
Event: 0.972 loading class java/text/AttributedCharacterIterator done
Event: 0.972 loading class java/text/AttributedString$AttributedStringIterator done
Event: 1.720 Thread 0x0000025ea3f538e0 Thread exited: 0x0000025ea3f538e0
Event: 1.813 loading class java/awt/LightweightDispatcher$2
Event: 1.813 loading class java/awt/LightweightDispatcher$2 done
Event: 1.882 Executing VM operation: HandshakeAllThreads
Event: 1.882 Executing VM operation: HandshakeAllThreads done
Event: 2.400 loading class java/awt/KeyboardFocusManager$2
Event: 2.400 loading class java/awt/KeyboardFocusManager$2 done
Event: 2.400 loading class sun/awt/SunToolkit$1
Event: 2.400 loading class sun/awt/SunToolkit$1 done
Event: 5.581 Thread 0x0000025ea3f7e8c0 Thread exited: 0x0000025ea3f7e8c0
Event: 5.769 Thread 0x0000025ea3f33010 Thread exited: 0x0000025ea3f33010
Event: 477.426 Executing VM operation: HandshakeAllThreads
Event: 477.426 Executing VM operation: HandshakeAllThreads done
Event: 849.219 loading class java/util/WeakHashMap$KeyIterator


Dynamic libraries:
0x00007ff7a4060000 - 0x00007ff7a406f000 	C:\Program Files\Java\jdk-15.0.2\bin\javaw.exe
0x00007ffd5a3f0000 - 0x00007ffd5a5e5000 	C:\WINDOWS\SYSTEM32\ntdll.dll
0x00007ffd59ad0000 - 0x00007ffd59b8d000 	C:\WINDOWS\System32\KERNEL32.DLL
0x00007ffd57b90000 - 0x00007ffd57e59000 	C:\WINDOWS\System32\KERNELBASE.dll
0x00007ffd582e0000 - 0x00007ffd583e0000 	C:\WINDOWS\System32\ucrtbase.dll
0x00007ffd4c680000 - 0x00007ffd4c698000 	C:\Program Files\Java\jdk-15.0.2\bin\jli.dll
0x00007ffd59500000 - 0x00007ffd595ac000 	C:\WINDOWS\System32\ADVAPI32.dll
0x00007ffd43db0000 - 0x00007ffd43dc9000 	C:\Program Files\Java\jdk-15.0.2\bin\VCRUNTIME140.dll
0x00007ffd59250000 - 0x00007ffd592ee000 	C:\WINDOWS\System32\msvcrt.dll
0x00007ffd59080000 - 0x00007ffd5911c000 	C:\WINDOWS\System32\sechost.dll
0x00007ffd58630000 - 0x00007ffd5875b000 	C:\WINDOWS\System32\RPCRT4.dll
0x00007ffd58da0000 - 0x00007ffd58f40000 	C:\WINDOWS\System32\USER32.dll
0x00007ffd583e0000 - 0x00007ffd58402000 	C:\WINDOWS\System32\win32u.dll
0x00007ffd440b0000 - 0x00007ffd4434a000 	C:\WINDOWS\WinSxS\amd64_microsoft.windows.common-controls_6595b64144ccf1df_6.0.19041.844_none_ca00b6081b84eb1d\COMCTL32.dll
0x00007ffd5a380000 - 0x00007ffd5a3aa000 	C:\WINDOWS\System32\GDI32.dll
0x00007ffd57e60000 - 0x00007ffd57f6b000 	C:\WINDOWS\System32\gdi32full.dll
0x00007ffd58410000 - 0x00007ffd584ad000 	C:\WINDOWS\System32\msvcp_win.dll
0x00007ffd4f110000 - 0x00007ffd4f11a000 	C:\WINDOWS\SYSTEM32\VERSION.dll
0x00007ffd59120000 - 0x00007ffd59150000 	C:\WINDOWS\System32\IMM32.DLL
0x00007ffd51b30000 - 0x00007ffd51b3c000 	C:\Program Files\Java\jdk-15.0.2\bin\vcruntime140_1.dll
0x00007ffd39800000 - 0x00007ffd39891000 	C:\Program Files\Java\jdk-15.0.2\bin\msvcp140.dll
0x00007ffd11dd0000 - 0x00007ffd1292e000 	C:\Program Files\Java\jdk-15.0.2\bin\server\jvm.dll
0x00007ffd59b90000 - 0x00007ffd59b98000 	C:\WINDOWS\System32\PSAPI.DLL
0x00007ffd54530000 - 0x00007ffd54539000 	C:\WINDOWS\SYSTEM32\WSOCK32.dll
0x00007ffd4d3a0000 - 0x00007ffd4d3c7000 	C:\WINDOWS\SYSTEM32\WINMM.dll
0x00007ffd59010000 - 0x00007ffd5907b000 	C:\WINDOWS\System32\WS2_32.dll
0x00007ffd56820000 - 0x00007ffd56832000 	C:\WINDOWS\SYSTEM32\kernel.appcore.dll
0x00007ffd47870000 - 0x00007ffd4787a000 	C:\Program Files\Java\jdk-15.0.2\bin\jimage.dll
0x00007ffd56180000 - 0x00007ffd56364000 	C:\WINDOWS\SYSTEM32\DBGHELP.DLL
0x00007ffd522e0000 - 0x00007ffd5230c000 	C:\WINDOWS\SYSTEM32\dbgcore.DLL
0x00007ffd58020000 - 0x00007ffd580a0000 	C:\WINDOWS\System32\bcryptPrimitives.dll
0x00007ffd29a50000 - 0x00007ffd29a75000 	C:\Program Files\Java\jdk-15.0.2\bin\java.dll
0x00007ffd59ba0000 - 0x00007ffd5a2e2000 	C:\WINDOWS\System32\SHELL32.dll
0x00007ffd55920000 - 0x00007ffd560b0000 	C:\WINDOWS\SYSTEM32\windows.storage.dll
0x00007ffd58760000 - 0x00007ffd58ab5000 	C:\WINDOWS\System32\combase.dll
0x00007ffd57530000 - 0x00007ffd5755c000 	C:\WINDOWS\SYSTEM32\Wldp.dll
0x00007ffd58f40000 - 0x00007ffd58fee000 	C:\WINDOWS\System32\SHCORE.dll
0x00007ffd594a0000 - 0x00007ffd594f5000 	C:\WINDOWS\System32\shlwapi.dll
0x00007ffd57ad0000 - 0x00007ffd57aef000 	C:\WINDOWS\SYSTEM32\profapi.dll
0x00007ffd25b80000 - 0x00007ffd25d00000 	C:\Program Files\Java\jdk-15.0.2\bin\awt.dll
0x00007ffd58ba0000 - 0x00007ffd58c6d000 	C:\WINDOWS\System32\OLEAUT32.dll
0x00007ffd54b40000 - 0x00007ffd54bd0000 	C:\WINDOWS\SYSTEM32\apphelp.dll
0x00007ffd55460000 - 0x00007ffd5548f000 	C:\WINDOWS\system32\DWMAPI.DLL
0x00007ffd54c10000 - 0x00007ffd54cae000 	C:\WINDOWS\system32\uxtheme.dll
0x00007ffd37e90000 - 0x00007ffd37fb6000 	C:\WINDOWS\system32\opengl32.dll
0x00007ffd4b920000 - 0x00007ffd4b94c000 	C:\WINDOWS\SYSTEM32\GLU32.dll
0x00007ffd584b0000 - 0x00007ffd585c5000 	C:\WINDOWS\System32\MSCTF.dll
0x00007ffd58c70000 - 0x00007ffd58d9a000 	C:\WINDOWS\System32\ole32.dll
0x00007ffd397d0000 - 0x00007ffd397fd000 	C:\Program Files\Java\jdk-15.0.2\bin\javajpeg.dll
0x00007ffd29aa0000 - 0x00007ffd29ab8000 	C:\Program Files\Java\jdk-15.0.2\bin\zip.dll
0x00007ffd29b10000 - 0x00007ffd29b95000 	C:\Program Files\Java\jdk-15.0.2\bin\freetype.dll
0x00007ffd27a60000 - 0x00007ffd27b09000 	C:\Program Files\Java\jdk-15.0.2\bin\fontmanager.dll
0x00007ffd4d280000 - 0x00007ffd4d37b000 	C:\WINDOWS\SYSTEM32\textinputframework.dll
0x00007ffd547b0000 - 0x00007ffd54b0e000 	C:\WINDOWS\System32\CoreUIComponents.dll
0x00007ffd545b0000 - 0x00007ffd546a2000 	C:\WINDOWS\System32\CoreMessaging.dll
0x00007ffd568b0000 - 0x00007ffd568e3000 	C:\WINDOWS\SYSTEM32\ntmarta.dll
0x00007ffd54370000 - 0x00007ffd544c4000 	C:\WINDOWS\SYSTEM32\wintypes.dll
0x00007ffd29ae0000 - 0x00007ffd29af9000 	C:\Program Files\Java\jdk-15.0.2\bin\net.dll
0x00007ffd4b390000 - 0x00007ffd4b49c000 	C:\WINDOWS\SYSTEM32\WINHTTP.dll
0x00007ffd572b0000 - 0x00007ffd5731a000 	C:\WINDOWS\system32\mswsock.dll
0x00007ffd29ac0000 - 0x00007ffd29ad2000 	C:\Program Files\Java\jdk-15.0.2\bin\nio.dll

dbghelp: loaded successfully - version: 4.0.5 - missing functions: none
symbol engine: initialized successfully - sym options: 0x614 - pdb path: .;C:\Program Files\Java\jdk-15.0.2\bin;C:\WINDOWS\SYSTEM32;C:\WINDOWS\WinSxS\amd64_microsoft.windows.common-controls_6595b64144ccf1df_6.0.19041.844_none_ca00b6081b84eb1d;C:\Program Files\Java\jdk-15.0.2\bin\server

VM Arguments:
jvm_args: -Dfile.encoding=Cp1252 -XX:+ShowCodeDetailsInExceptionMessages 
java_command: Petadigitalfix.PetaDigital
java_class_path (initial): D:\Eclipse Workspace\Petadigitalfix\bin
Launcher Type: SUN_STANDARD

[Global flags]
     intx CICompilerCount                          = 4                                         {product} {ergonomic}
     uint ConcGCThreads                            = 2                                         {product} {ergonomic}
     uint G1ConcRefinementThreads                  = 8                                         {product} {ergonomic}
   size_t G1HeapRegionSize                         = 1048576                                   {product} {ergonomic}
    uintx GCDrainStackTargetSize                   = 64                                        {product} {ergonomic}
   size_t InitialHeapSize                          = 134217728                                 {product} {ergonomic}
   size_t MarkStackSize                            = 4194304                                   {product} {ergonomic}
   size_t MaxHeapSize                              = 2124414976                                {product} {ergonomic}
   size_t MaxNewSize                               = 1274019840                                {product} {ergonomic}
   size_t MinHeapDeltaBytes                        = 1048576                                   {product} {ergonomic}
   size_t MinHeapSize                              = 8388608                                   {product} {ergonomic}
    uintx NonNMethodCodeHeapSize                   = 5839372                                {pd product} {ergonomic}
    uintx NonProfiledCodeHeapSize                  = 122909434                              {pd product} {ergonomic}
    uintx ProfiledCodeHeapSize                     = 122909434                              {pd product} {ergonomic}
    uintx ReservedCodeCacheSize                    = 251658240                              {pd product} {ergonomic}
     bool SegmentedCodeCache                       = true                                      {product} {ergonomic}
     bool ShowCodeDetailsInExceptionMessages       = true                                   {manageable} {command line}
   size_t SoftMaxHeapSize                          = 2124414976                             {manageable} {ergonomic}
     bool UseCompressedClassPointers               = true                                 {lp64_product} {ergonomic}
     bool UseCompressedOops                        = true                                 {lp64_product} {ergonomic}
     bool UseG1GC                                  = true                                      {product} {ergonomic}
     bool UseLargePagesIndividualAllocation        = false                                  {pd product} {ergonomic}

Logging:
Log output configuration:
 #0: stdout all=warning uptime,level,tags
 #1: stderr all=off uptime,level,tags

Environment Variables:
PATH=C:/Program Files/Java/jdk-15.0.2/bin/server;C:/Program Files/Java/jdk-15.0.2/bin;C:\Program Files\Common Files\Oracle\Java\javapath;C:\Windows\system32;C:\Windows;C:\Windows\System32\Wbem;C:\Windows\System32\WindowsPowerShell\v1.0\;C:\Program Files (x86)\NVIDIA Corporation\PhysX\Common;C:\Program Files\NVIDIA Corporation\NVIDIA NvDLISR;C:\WINDOWS\system32;C:\WINDOWS;C:\WINDOWS\System32\Wbem;C:\WINDOWS\System32\WindowsPowerShell\v1.0\;C:\WINDOWS\System32\OpenSSH\;C:\Program Files\Java\jdk-15.0.2\bin;C:\Users\Asus\AppData\Local\Microsoft\WindowsApps;;C:\Users\Asus\Desktop;
USERNAME=Asus
OS=Windows_NT
PROCESSOR_IDENTIFIER=Intel64 Family 6 Model 142 Stepping 10, GenuineIntel



---------------  S Y S T E M  ---------------

OS:
 Windows 10 , 64 bit Build 19041 (10.0.19041.804)
OS uptime: 3 days 18:44 hours

CPU: total 8 (initial active 8) (4 cores per cpu, 2 threads per core) family 6 model 142 stepping 10 microcode 0xe0, cmov, cx8, fxsr, mmx, sse, sse2, sse3, ssse3, sse4.1, sse4.2, popcnt, vzeroupper, avx, avx2, clmul, erms, 3dnowpref, lzcnt, ht, tsc, tscinvbit, bmi1, bmi2, adx, fma, clflush, clflushopt

Memory: 4k page, system-wide physical 8102M (342M free)
TotalPageFile size 20462M (AvailPageFile size 12M)
current process WorkingSet (physical memory assigned to process): 89M, peak: 96M
current process commit charge ("private bytes"): 232M, peak: 236M

vm_info: Java HotSpot(TM) 64-Bit Server VM (15.0.2+7-27) for windows-amd64 JRE (15.0.2+7-27), built on Dec  7 2020 20:07:01 by "mach5one" with unknown MS VC++:1925

END.
