#
# There is insufficient memory for the Java Runtime Environment to continue.
# Native memory allocation (mmap) failed to map 134217728 bytes for G1 virtual space
# Possible reasons:
#   The system is out of physical RAM or swap space
#   The process is running with CompressedOops enabled, and the Java Heap may be blocking the growth of the native heap
# Possible solutions:
#   Reduce memory load on the system
#   Increase physical memory or swap space
#   Check if swap backing store is full
#   Decrease Java heap size (-Xmx/-Xms)
#   Decrease number of Java threads
#   Decrease Java thread stack sizes (-Xss)
#   Set larger code cache with -XX:ReservedCodeCacheSize=
#   JVM is running with Unscaled Compressed Oops mode in which the Java heap is
#     placed in the first 4GB address space. The Java Heap base address is the
#     maximum limit for the native heap growth. Please use -XX:HeapBaseMinAddress
#     to set the Java Heap base and to place the Java Heap above 4GB virtual address.
# This output file may be truncated or incomplete.
#
#  Out of Memory Error (./open/src/hotspot/os/windows/os_windows.cpp:3321), pid=16172, tid=18420
#
# JRE version:  (15.0.2+7) (build )
# Java VM: Java HotSpot(TM) 64-Bit Server VM (15.0.2+7-27, mixed mode, sharing, tiered, compressed oops, g1 gc, windows-amd64)
# No core dump will be written. Minidumps are not enabled by default on client versions of Windows
#

---------------  S U M M A R Y ------------

Command Line: -Dfile.encoding=Cp1252 -XX:+ShowCodeDetailsInExceptionMessages Petadigitalfix.Situhapa

Host: Intel(R) Core(TM) i5-8250U CPU @ 1.60GHz, 8 cores, 7G,  Windows 10 , 64 bit Build 19041 (10.0.19041.804)
Time: Sun Mar 28 18:11:38 2021 SE Asia Standard Time elapsed time: 0.010348 seconds (0d 0h 0m 0s)

---------------  T H R E A D  ---------------

Current thread (0x000001d151ce1700):  JavaThread "Unknown thread" [_thread_in_vm, id=18420, stack(0x0000000100600000,0x0000000100700000)]

Stack: [0x0000000100600000,0x0000000100700000]
Native frames: (J=compiled Java code, j=interpreted, Vv=VM code, C=native code)
V  [jvm.dll+0x62ae9a]
V  [jvm.dll+0x7817a9]
V  [jvm.dll+0x782f03]
V  [jvm.dll+0x783563]
V  [jvm.dll+0x216325]
V  [jvm.dll+0x6281d9]
V  [jvm.dll+0x61cf55]
V  [jvm.dll+0x2cffdd]
V  [jvm.dll+0x2cfe42]
V  [jvm.dll+0x2d5e1c]
V  [jvm.dll+0x32590a]
V  [jvm.dll+0x324fd4]
V  [jvm.dll+0x2a6f5a]
V  [jvm.dll+0x2a80f8]
V  [jvm.dll+0x75e241]
V  [jvm.dll+0x3341c4]
V  [jvm.dll+0x73e926]
V  [jvm.dll+0x3b7557]
V  [jvm.dll+0x3b8fe1]
C  [jli.dll+0x52fb]
C  [ucrtbase.dll+0x21bb2]
C  [KERNEL32.DLL+0x17034]
C  [ntdll.dll+0x52651]


---------------  P R O C E S S  ---------------

Threads class SMR info:
_java_thread_list=0x00007ffdef3f4ff0, length=0, elements={
}

Java Threads: ( => current thread )

Other Threads:
  0x000001d151d1cb10 GCTaskThread "GC Thread#0" [stack: 0x0000000100700000,0x0000000100800000] [id=18424]
  0x000001d151d2fa50 ConcurrentGCThread "G1 Main Marker" [stack: 0x0000000100800000,0x0000000100900000] [id=17456]
  0x000001d151d31d00 ConcurrentGCThread "G1 Conc#0" [stack: 0x0000000100900000,0x0000000100a00000] [id=17448]

[error occurred during error reporting (printing all threads), id 0xc0000005, EXCEPTION_ACCESS_VIOLATION (0xc0000005) at pc=0x00007ffdeebe7e27]

VM state: not at safepoint (not fully initialized)

VM Mutex/Monitor currently owned by a thread:  ([mutex/lock_event])
[0x000001d151cdeed0] Heap_lock - owner thread: 0x000001d151ce1700

Heap address: 0x0000000081600000, size: 2026 MB, Compressed Oops mode: 32-bit
CDS archive(s) mapped at: [0x0000000000000000-0x0000000000000000-0x0000000000000000), size 0, SharedBaseAddress: 0x0000000800000000, ArchiveRelocationMode: 0.
Narrow klass base: 0x0000000000000000, Narrow klass shift: 0, Narrow klass range: 0x0

Heap:
 garbage-first heap   total 131072K, used 0K [0x0000000081600000, 0x0000000100000000)
  region size 1024K, 0 young (0K), 0 survivors (0K)
 Metaspace       used 0K, capacity 0K, committed 0K, reserved 0K
  class space    used 0K, capacity 0K, committed 0K, reserved 0K

Heap Regions: E=young(eden), S=young(survivor), O=old, HS=humongous(starts), HC=humongous(continues), CS=collection set, F=free, OA=open archive, CA=closed archive, TAMS=top-at-mark-start (previous, next)

Card table byte_map: [0x000001d169650000,0x000001d169a50000] _byte_map_base: 0x000001d169245000

Marking Bits (Prev, Next): (CMBitMap*) 0x000001d151d1f2b0, (CMBitMap*) 0x000001d151d1f2f0
 Prev Bits: [0x000001d169e50000, 0x000001d16bdf8000)
 Next Bits: [0x000001d16be00000, 0x000001d16dda8000)

GC Heap History (0 events):
No events

Deoptimization events (0 events):
No events

Classes unloaded (0 events):
No events

Classes redefined (0 events):
No events

Internal exceptions (0 events):
No events

Events (1 events):
Event: 0.007 Loaded shared library C:\Program Files\Java\jdk-15.0.2\bin\java.dll


Dynamic libraries:
0x00007ff77a2b0000 - 0x00007ff77a2bf000 	C:\Program Files\Java\jdk-15.0.2\bin\javaw.exe
0x00007ffe29830000 - 0x00007ffe29a25000 	C:\WINDOWS\SYSTEM32\ntdll.dll
0x00007ffe289b0000 - 0x00007ffe28a6d000 	C:\WINDOWS\System32\KERNEL32.DLL
0x00007ffe27310000 - 0x00007ffe275d9000 	C:\WINDOWS\System32\KERNELBASE.dll
0x00007ffe27740000 - 0x00007ffe27840000 	C:\WINDOWS\System32\ucrtbase.dll
0x00007ffe205c0000 - 0x00007ffe205d8000 	C:\Program Files\Java\jdk-15.0.2\bin\jli.dll
0x00007ffe205a0000 - 0x00007ffe205b9000 	C:\Program Files\Java\jdk-15.0.2\bin\VCRUNTIME140.dll
0x00007ffe294b0000 - 0x00007ffe2955c000 	C:\WINDOWS\System32\ADVAPI32.dll
0x00007ffe291c0000 - 0x00007ffe2925e000 	C:\WINDOWS\System32\msvcrt.dll
0x00007ffe29120000 - 0x00007ffe291bc000 	C:\WINDOWS\System32\sechost.dll
0x00007ffe296c0000 - 0x00007ffe297eb000 	C:\WINDOWS\System32\RPCRT4.dll
0x00007ffe29310000 - 0x00007ffe294b0000 	C:\WINDOWS\System32\USER32.dll
0x00007ffe275e0000 - 0x00007ffe27602000 	C:\WINDOWS\System32\win32u.dll
0x00007ffe123a0000 - 0x00007ffe1263a000 	C:\WINDOWS\WinSxS\amd64_microsoft.windows.common-controls_6595b64144ccf1df_6.0.19041.844_none_ca00b6081b84eb1d\COMCTL32.dll
0x00007ffe29690000 - 0x00007ffe296ba000 	C:\WINDOWS\System32\GDI32.dll
0x00007ffe27840000 - 0x00007ffe2794b000 	C:\WINDOWS\System32\gdi32full.dll
0x00007ffe271c0000 - 0x00007ffe2725d000 	C:\WINDOWS\System32\msvcp_win.dll
0x00007ffe1ed10000 - 0x00007ffe1ed1a000 	C:\WINDOWS\SYSTEM32\VERSION.dll
0x00007ffe28850000 - 0x00007ffe28880000 	C:\WINDOWS\System32\IMM32.DLL
0x00007ffe202e0000 - 0x00007ffe202ec000 	C:\Program Files\Java\jdk-15.0.2\bin\vcruntime140_1.dll
0x00007ffdfd1a0000 - 0x00007ffdfd231000 	C:\Program Files\Java\jdk-15.0.2\bin\msvcp140.dll
0x00007ffdee930000 - 0x00007ffdef48e000 	C:\Program Files\Java\jdk-15.0.2\bin\server\jvm.dll
0x00007ffe28610000 - 0x00007ffe28618000 	C:\WINDOWS\System32\PSAPI.DLL
0x00007ffe21080000 - 0x00007ffe21089000 	C:\WINDOWS\SYSTEM32\WSOCK32.dll
0x00007ffe1b5d0000 - 0x00007ffe1b5f7000 	C:\WINDOWS\SYSTEM32\WINMM.dll
0x00007ffe29030000 - 0x00007ffe2909b000 	C:\WINDOWS\System32\WS2_32.dll
0x00007ffe25cf0000 - 0x00007ffe25d02000 	C:\WINDOWS\SYSTEM32\kernel.appcore.dll
0x00007ffe201f0000 - 0x00007ffe201fa000 	C:\Program Files\Java\jdk-15.0.2\bin\jimage.dll
0x00007ffe24eb0000 - 0x00007ffe25094000 	C:\WINDOWS\SYSTEM32\DBGHELP.DLL
0x00007ffe1ff00000 - 0x00007ffe1ff2c000 	C:\WINDOWS\SYSTEM32\dbgcore.DLL
0x00007ffe27610000 - 0x00007ffe27690000 	C:\WINDOWS\System32\bcryptPrimitives.dll
0x00007ffe1abc0000 - 0x00007ffe1abe5000 	C:\Program Files\Java\jdk-15.0.2\bin\java.dll

dbghelp: loaded successfully - version: 4.0.5 - missing functions: none
symbol engine: initialized successfully - sym options: 0x614 - pdb path: .;C:\Program Files\Java\jdk-15.0.2\bin;C:\WINDOWS\SYSTEM32;C:\WINDOWS\WinSxS\amd64_microsoft.windows.common-controls_6595b64144ccf1df_6.0.19041.844_none_ca00b6081b84eb1d;C:\Program Files\Java\jdk-15.0.2\bin\server

VM Arguments:
jvm_args: -Dfile.encoding=Cp1252 -XX:+ShowCodeDetailsInExceptionMessages 
java_command: Petadigitalfix.Situhapa
java_class_path (initial): D:\Eclipse Workspace\Petadigitalfix\bin
Launcher Type: SUN_STANDARD

[Global flags]
     intx CICompilerCount                          = 4                                         {product} {ergonomic}
     uint ConcGCThreads                            = 2                                         {product} {ergonomic}
     uint G1ConcRefinementThreads                  = 8                                         {product} {ergonomic}
   size_t G1HeapRegionSize                         = 1048576                                   {product} {ergonomic}
    uintx GCDrainStackTargetSize                   = 64                                        {product} {ergonomic}
   size_t InitialHeapSize                          = 134217728                                 {product} {ergonomic}
   size_t MarkStackSize                            = 4194304                                   {product} {ergonomic}
   size_t MaxHeapSize                              = 2124414976                                {product} {ergonomic}
   size_t MinHeapDeltaBytes                        = 1048576                                   {product} {ergonomic}
   size_t MinHeapSize                              = 8388608                                   {product} {ergonomic}
    uintx NonNMethodCodeHeapSize                   = 5839372                                {pd product} {ergonomic}
    uintx NonProfiledCodeHeapSize                  = 122909434                              {pd product} {ergonomic}
    uintx ProfiledCodeHeapSize                     = 122909434                              {pd product} {ergonomic}
    uintx ReservedCodeCacheSize                    = 251658240                              {pd product} {ergonomic}
     bool SegmentedCodeCache                       = true                                      {product} {ergonomic}
     bool ShowCodeDetailsInExceptionMessages       = true                                   {manageable} {command line}
   size_t SoftMaxHeapSize                          = 2124414976                             {manageable} {ergonomic}
     bool UseCompressedClassPointers               = true                                 {lp64_product} {ergonomic}
     bool UseCompressedOops                        = true                                 {lp64_product} {ergonomic}
     bool UseG1GC                                  = true                                      {product} {ergonomic}
     bool UseLargePagesIndividualAllocation        = false                                  {pd product} {ergonomic}

Logging:
Log output configuration:
 #0: stdout all=warning uptime,level,tags
 #1: stderr all=off uptime,level,tags

Environment Variables:
PATH=C:/Program Files/Java/jdk-15.0.2/bin/server;C:/Program Files/Java/jdk-15.0.2/bin;C:\Program Files\Common Files\Oracle\Java\javapath;C:\Windows\system32;C:\Windows;C:\Windows\System32\Wbem;C:\Windows\System32\WindowsPowerShell\v1.0\;C:\Program Files (x86)\NVIDIA Corporation\PhysX\Common;C:\Program Files\NVIDIA Corporation\NVIDIA NvDLISR;C:\WINDOWS\system32;C:\WINDOWS;C:\WINDOWS\System32\Wbem;C:\WINDOWS\System32\WindowsPowerShell\v1.0\;C:\WINDOWS\System32\OpenSSH\;C:\Program Files\Java\jdk-15.0.2\bin;C:\Users\Asus\AppData\Local\Microsoft\WindowsApps;;C:\Users\Asus\Desktop;
USERNAME=Asus
OS=Windows_NT
PROCESSOR_IDENTIFIER=Intel64 Family 6 Model 142 Stepping 10, GenuineIntel



---------------  S Y S T E M  ---------------

OS:
 Windows 10 , 64 bit Build 19041 (10.0.19041.804)
OS uptime: 14 days 2:20 hours

CPU: total 8 (initial active 8) (4 cores per cpu, 2 threads per core) family 6 model 142 stepping 10 microcode 0xb4, cmov, cx8, fxsr, mmx, sse, sse2, sse3, ssse3, sse4.1, sse4.2, popcnt, vzeroupper, avx, avx2, clmul, erms, 3dnowpref, lzcnt, ht, tsc, tscinvbit, bmi1, bmi2, adx, fma, clflush, clflushopt

Memory: 4k page, system-wide physical 8102M (867M free)
TotalPageFile size 20462M (AvailPageFile size 22M)
current process WorkingSet (physical memory assigned to process): 10M, peak: 10M
current process commit charge ("private bytes"): 60M, peak: 188M

vm_info: Java HotSpot(TM) 64-Bit Server VM (15.0.2+7-27) for windows-amd64 JRE (15.0.2+7-27), built on Dec  7 2020 20:07:01 by "mach5one" with unknown MS VC++:1925

END.
