#
# There is insufficient memory for the Java Runtime Environment to continue.
# Native memory allocation (malloc) failed to allocate 32744 bytes for ChunkPool::allocate
# Possible reasons:
#   The system is out of physical RAM or swap space
#   The process is running with CompressedOops enabled, and the Java Heap may be blocking the growth of the native heap
# Possible solutions:
#   Reduce memory load on the system
#   Increase physical memory or swap space
#   Check if swap backing store is full
#   Decrease Java heap size (-Xmx/-Xms)
#   Decrease number of Java threads
#   Decrease Java thread stack sizes (-Xss)
#   Set larger code cache with -XX:ReservedCodeCacheSize=
#   JVM is running with Unscaled Compressed Oops mode in which the Java heap is
#     placed in the first 4GB address space. The Java Heap base address is the
#     maximum limit for the native heap growth. Please use -XX:HeapBaseMinAddress
#     to set the Java Heap base and to place the Java Heap above 4GB virtual address.
# This output file may be truncated or incomplete.
#
#  Out of Memory Error (./open/src/hotspot/share/memory/arena.cpp:79), pid=18036, tid=18284
#
# JRE version: Java(TM) SE Runtime Environment (15.0.2+7) (build 15.0.2+7-27)
# Java VM: Java HotSpot(TM) 64-Bit Server VM (15.0.2+7-27, mixed mode, sharing, tiered, compressed oops, g1 gc, windows-amd64)
# No core dump will be written. Minidumps are not enabled by default on client versions of Windows
#

---------------  S U M M A R Y ------------

Command Line: -Dfile.encoding=Cp1252 -XX:+ShowCodeDetailsInExceptionMessages Petadigitalfix.PetaDigital

Host: Intel(R) Core(TM) i5-8250U CPU @ 1.60GHz, 8 cores, 7G,  Windows 10 , 64 bit Build 19041 (10.0.19041.928)
Time: Sun May  9 15:35:42 2021 SE Asia Standard Time elapsed time: 860.759088 seconds (0d 0h 14m 20s)

---------------  T H R E A D  ---------------

Current thread (0x0000018f2ff56d90):  JavaThread "C1 CompilerThread0" daemon [_thread_in_native, id=18284, stack(0x0000007e41b00000,0x0000007e41c00000)]


Current CompileTask:
C1: 860759 1237       3       sun.invoke.util.VerifyAccess::isMemberAccessible (338 bytes)

Stack: [0x0000007e41b00000,0x0000007e41c00000]
Native frames: (J=compiled Java code, j=interpreted, Vv=VM code, C=native code)
V  [jvm.dll+0x62ae9a]
V  [jvm.dll+0x7817a9]
V  [jvm.dll+0x782f03]
V  [jvm.dll+0x783563]
V  [jvm.dll+0x216325]
V  [jvm.dll+0x982cf]
V  [jvm.dll+0x9861c]
V  [jvm.dll+0x1206f3]
V  [jvm.dll+0x113ed1]
V  [jvm.dll+0x123d32]
V  [jvm.dll+0x10f510]
V  [jvm.dll+0x10f890]
V  [jvm.dll+0x10fb54]
V  [jvm.dll+0x10ee92]
V  [jvm.dll+0x110d2c]
V  [jvm.dll+0x1f9225]
V  [jvm.dll+0x1f72cc]
V  [jvm.dll+0x74495d]
V  [jvm.dll+0x73d75a]
V  [jvm.dll+0x629c56]
C  [ucrtbase.dll+0x21bb2]
C  [KERNEL32.DLL+0x17034]
C  [ntdll.dll+0x52651]


---------------  P R O C E S S  ---------------

Threads class SMR info:
_java_thread_list=0x0000018f318aed90, length=15, elements={
0x0000018f2ff20450, 0x0000018f2ff21020, 0x0000018f2ff3a560, 0x0000018f2ff3d020,
0x0000018f2ff3fde0, 0x0000018f2ff49ae0, 0x0000018f2ff56d90, 0x0000018f2ff87f50,
0x0000018f3099c7f0, 0x0000018f309a7810, 0x0000018f30bdb130, 0x0000018f30bde0c0,
0x0000018f30be7cf0, 0x0000018f30c854f0, 0x0000018f1143d9a0
}

Java Threads: ( => current thread )
  0x0000018f2ff20450 JavaThread "Reference Handler" daemon [_thread_blocked, id=13620, stack(0x0000007e41500000,0x0000007e41600000)]
  0x0000018f2ff21020 JavaThread "Finalizer" daemon [_thread_blocked, id=18752, stack(0x0000007e41600000,0x0000007e41700000)]
  0x0000018f2ff3a560 JavaThread "Signal Dispatcher" daemon [_thread_blocked, id=17744, stack(0x0000007e41700000,0x0000007e41800000)]
  0x0000018f2ff3d020 JavaThread "Attach Listener" daemon [_thread_blocked, id=18456, stack(0x0000007e41800000,0x0000007e41900000)]
  0x0000018f2ff3fde0 JavaThread "Service Thread" daemon [_thread_blocked, id=18452, stack(0x0000007e41900000,0x0000007e41a00000)]
  0x0000018f2ff49ae0 JavaThread "C2 CompilerThread0" daemon [_thread_blocked, id=18104, stack(0x0000007e41a00000,0x0000007e41b00000)]
=>0x0000018f2ff56d90 JavaThread "C1 CompilerThread0" daemon [_thread_in_native, id=18284, stack(0x0000007e41b00000,0x0000007e41c00000)]
  0x0000018f2ff87f50 JavaThread "Sweeper thread" daemon [_thread_blocked, id=18332, stack(0x0000007e41c00000,0x0000007e41d00000)]
  0x0000018f3099c7f0 JavaThread "Notification Thread" daemon [_thread_blocked, id=15380, stack(0x0000007e41d00000,0x0000007e41e00000)]
  0x0000018f309a7810 JavaThread "Common-Cleaner" daemon [_thread_blocked, id=19268, stack(0x0000007e41f00000,0x0000007e42000000)]
  0x0000018f30bdb130 JavaThread "Java2D Disposer" daemon [_thread_blocked, id=19328, stack(0x0000007e42000000,0x0000007e42100000)]
  0x0000018f30bde0c0 JavaThread "AWT-Shutdown" [_thread_blocked, id=14084, stack(0x0000007e42100000,0x0000007e42200000)]
  0x0000018f30be7cf0 JavaThread "AWT-Windows" daemon [_thread_in_native, id=18572, stack(0x0000007e42200000,0x0000007e42300000)]
  0x0000018f30c854f0 JavaThread "AWT-EventQueue-0" [_thread_blocked, id=17496, stack(0x0000007e42500000,0x0000007e42600000)]
  0x0000018f1143d9a0 JavaThread "DestroyJavaVM" [_thread_blocked, id=18728, stack(0x0000007e40e00000,0x0000007e40f00000)]

Other Threads:
  0x0000018f2ff1abb0 VMThread "VM Thread" [stack: 0x0000007e41400000,0x0000007e41500000] [id=18448]
  0x0000018f309a34f0 WatcherThread [stack: 0x0000007e41e00000,0x0000007e41f00000] [id=19452]
  0x0000018f1147e890 GCTaskThread "GC Thread#0" [stack: 0x0000007e40f00000,0x0000007e41000000] [id=18680]
  0x0000018f31d33370 GCTaskThread "GC Thread#1" [stack: 0x0000007e42400000,0x0000007e42500000] [id=18480]
  0x0000018f31d31390 GCTaskThread "GC Thread#2" [stack: 0x0000007e42600000,0x0000007e42700000] [id=10568]
  0x0000018f31d336a0 GCTaskThread "GC Thread#3" [stack: 0x0000007e42700000,0x0000007e42800000] [id=1828]
  0x0000018f31d32380 GCTaskThread "GC Thread#4" [stack: 0x0000007e42800000,0x0000007e42900000] [id=18488]
  0x0000018f31d32050 GCTaskThread "GC Thread#5" [stack: 0x0000007e42900000,0x0000007e42a00000] [id=18484]
  0x0000018f11491050 ConcurrentGCThread "G1 Main Marker" [stack: 0x0000007e41000000,0x0000007e41100000] [id=18580]
  0x0000018f11492c50 ConcurrentGCThread "G1 Conc#0" [stack: 0x0000007e41100000,0x0000007e41200000] [id=18724]
  0x0000018f31d316c0 ConcurrentGCThread "G1 Conc#1" [stack: 0x0000007e42a00000,0x0000007e42b00000] [id=17696]
  0x0000018f1151dfa0 ConcurrentGCThread "G1 Refine#0" [stack: 0x0000007e41200000,0x0000007e41300000] [id=18716]
  0x0000018f1151e8e0 ConcurrentGCThread "G1 Young RemSet Sampling" [stack: 0x0000007e41300000,0x0000007e41400000] [id=18108]

Threads with active compile tasks:
C1 CompilerThread0   875741 1237       3       sun.invoke.util.VerifyAccess::isMemberAccessible (338 bytes)

VM state: not at safepoint (normal execution)

VM Mutex/Monitor currently owned by a thread: None

Heap address: 0x0000000081600000, size: 2026 MB, Compressed Oops mode: 32-bit
CDS archive(s) mapped at: [0x0000000800000000-0x0000000800b50000-0x0000000800b50000), size 11862016, SharedBaseAddress: 0x0000000800000000, ArchiveRelocationMode: 0.
Compressed class space mapped at: 0x0000000800b50000-0x0000000840b50000, size: 1073741824
Narrow klass base: 0x0000000800000000, Narrow klass shift: 3, Narrow klass range: 0x100000000

GC Precious Log:
 CPUs: 8 total, 8 available
 Memory: 8102M
 Large Page Support: Disabled
 NUMA Support: Disabled
 Compressed Oops: Enabled (32-bit)
 Heap Region Size: 1M
 Heap Min Capacity: 8M
 Heap Initial Capacity: 128M
 Heap Max Capacity: 2026M
 Pre-touch: Disabled
 Parallel Workers: 8
 Concurrent Workers: 2
 Concurrent Refinement Workers: 8
 Periodic GC: Disabled

Heap:
 garbage-first heap   total 131072K, used 69856K [0x0000000081600000, 0x0000000100000000)
  region size 1024K, 12 young (12288K), 3 survivors (3072K)
 Metaspace       used 7631K, capacity 7815K, committed 8064K, reserved 1056768K
  class space    used 803K, capacity 869K, committed 896K, reserved 1048576K

Heap Regions: E=young(eden), S=young(survivor), O=old, HS=humongous(starts), HC=humongous(continues), CS=collection set, F=free, OA=open archive, CA=closed archive, TAMS=top-at-mark-start (previous, next)
|   0|0x0000000081600000, 0x0000000081700000, 0x0000000081700000|100%|HS|  |TAMS 0x0000000081700000, 0x0000000081600000| Complete 
|   1|0x0000000081700000, 0x0000000081800000, 0x0000000081800000|100%|HC|  |TAMS 0x0000000081800000, 0x0000000081700000| Complete 
|   2|0x0000000081800000, 0x0000000081900000, 0x0000000081900000|100%|HS|  |TAMS 0x0000000081900000, 0x0000000081800000| Complete 
|   3|0x0000000081900000, 0x0000000081a00000, 0x0000000081a00000|100%|HC|  |TAMS 0x0000000081a00000, 0x0000000081900000| Complete 
|   4|0x0000000081a00000, 0x0000000081b00000, 0x0000000081b00000|100%|HC|  |TAMS 0x0000000081b00000, 0x0000000081a00000| Complete 
|   5|0x0000000081b00000, 0x0000000081c00000, 0x0000000081c00000|100%|HS|  |TAMS 0x0000000081c00000, 0x0000000081b00000| Complete 
|   6|0x0000000081c00000, 0x0000000081d00000, 0x0000000081d00000|100%|HC|  |TAMS 0x0000000081d00000, 0x0000000081c00000| Complete 
|   7|0x0000000081d00000, 0x0000000081e00000, 0x0000000081e00000|100%|HC|  |TAMS 0x0000000081e00000, 0x0000000081d00000| Complete 
|   8|0x0000000081e00000, 0x0000000081f00000, 0x0000000081f00000|100%|HC|  |TAMS 0x0000000081f00000, 0x0000000081e00000| Complete 
|   9|0x0000000081f00000, 0x0000000082000000, 0x0000000082000000|100%|HS|  |TAMS 0x0000000082000000, 0x0000000081f00000| Complete 
|  10|0x0000000082000000, 0x0000000082100000, 0x0000000082100000|100%|HC|  |TAMS 0x0000000082100000, 0x0000000082000000| Complete 
|  11|0x0000000082100000, 0x0000000082200000, 0x0000000082200000|100%|HC|  |TAMS 0x0000000082200000, 0x0000000082100000| Complete 
|  12|0x0000000082200000, 0x0000000082300000, 0x0000000082300000|100%|HS|  |TAMS 0x0000000082300000, 0x0000000082200000| Complete 
|  13|0x0000000082300000, 0x0000000082400000, 0x0000000082400000|100%|HC|  |TAMS 0x0000000082400000, 0x0000000082300000| Complete 
|  14|0x0000000082400000, 0x0000000082500000, 0x0000000082500000|100%|HC|  |TAMS 0x0000000082500000, 0x0000000082400000| Complete 
|  15|0x0000000082500000, 0x0000000082600000, 0x0000000082600000|100%|HS|  |TAMS 0x0000000082500000, 0x0000000082500000| Complete 
|  16|0x0000000082600000, 0x0000000082700000, 0x0000000082700000|100%|HC|  |TAMS 0x0000000082600000, 0x0000000082600000| Complete 
|  17|0x0000000082700000, 0x0000000082800000, 0x0000000082800000|100%|HC|  |TAMS 0x0000000082700000, 0x0000000082700000| Complete 
|  18|0x0000000082800000, 0x0000000082900000, 0x0000000082900000|100%|HS|  |TAMS 0x0000000082800000, 0x0000000082800000| Complete 
|  19|0x0000000082900000, 0x0000000082a00000, 0x0000000082a00000|100%|HC|  |TAMS 0x0000000082900000, 0x0000000082900000| Complete 
|  20|0x0000000082a00000, 0x0000000082b00000, 0x0000000082b00000|100%|HC|  |TAMS 0x0000000082a00000, 0x0000000082a00000| Complete 
|  21|0x0000000082b00000, 0x0000000082b00000, 0x0000000082c00000|  0%| F|  |TAMS 0x0000000082b00000, 0x0000000082b00000| Untracked 
|  22|0x0000000082c00000, 0x0000000082c00000, 0x0000000082d00000|  0%| F|  |TAMS 0x0000000082c00000, 0x0000000082c00000| Untracked 
|  23|0x0000000082d00000, 0x0000000082e00000, 0x0000000082e00000|100%|HS|  |TAMS 0x0000000082e00000, 0x0000000082d00000| Complete 
|  24|0x0000000082e00000, 0x0000000082f00000, 0x0000000082f00000|100%|HC|  |TAMS 0x0000000082f00000, 0x0000000082e00000| Complete 
|  25|0x0000000082f00000, 0x0000000083000000, 0x0000000083000000|100%|HC|  |TAMS 0x0000000083000000, 0x0000000082f00000| Complete 
|  26|0x0000000083000000, 0x0000000083100000, 0x0000000083100000|100%|HC|  |TAMS 0x0000000083100000, 0x0000000083000000| Complete 
|  27|0x0000000083100000, 0x0000000083200000, 0x0000000083200000|100%|HC|  |TAMS 0x0000000083200000, 0x0000000083100000| Complete 
|  28|0x0000000083200000, 0x0000000083300000, 0x0000000083300000|100%|HC|  |TAMS 0x0000000083300000, 0x0000000083200000| Complete 
|  29|0x0000000083300000, 0x0000000083400000, 0x0000000083400000|100%|HC|  |TAMS 0x0000000083400000, 0x0000000083300000| Complete 
|  30|0x0000000083400000, 0x0000000083500000, 0x0000000083500000|100%|HC|  |TAMS 0x0000000083500000, 0x0000000083400000| Complete 
|  31|0x0000000083500000, 0x0000000083600000, 0x0000000083600000|100%|HS|  |TAMS 0x0000000083600000, 0x0000000083500000| Complete 
|  32|0x0000000083600000, 0x0000000083700000, 0x0000000083700000|100%|HC|  |TAMS 0x0000000083700000, 0x0000000083600000| Complete 
|  33|0x0000000083700000, 0x0000000083800000, 0x0000000083800000|100%|HC|  |TAMS 0x0000000083800000, 0x0000000083700000| Complete 
|  34|0x0000000083800000, 0x0000000083900000, 0x0000000083900000|100%|HC|  |TAMS 0x0000000083900000, 0x0000000083800000| Complete 
|  35|0x0000000083900000, 0x0000000083a00000, 0x0000000083a00000|100%|HC|  |TAMS 0x0000000083a00000, 0x0000000083900000| Complete 
|  36|0x0000000083a00000, 0x0000000083b00000, 0x0000000083b00000|100%|HC|  |TAMS 0x0000000083b00000, 0x0000000083a00000| Complete 
|  37|0x0000000083b00000, 0x0000000083c00000, 0x0000000083c00000|100%|HC|  |TAMS 0x0000000083c00000, 0x0000000083b00000| Complete 
|  38|0x0000000083c00000, 0x0000000083d00000, 0x0000000083d00000|100%|HC|  |TAMS 0x0000000083d00000, 0x0000000083c00000| Complete 
|  39|0x0000000083d00000, 0x0000000083e00000, 0x0000000083e00000|100%|HC|  |TAMS 0x0000000083e00000, 0x0000000083d00000| Complete 
|  40|0x0000000083e00000, 0x0000000083f00000, 0x0000000083f00000|100%|HC|  |TAMS 0x0000000083f00000, 0x0000000083e00000| Complete 
|  41|0x0000000083f00000, 0x0000000084000000, 0x0000000084000000|100%|HC|  |TAMS 0x0000000084000000, 0x0000000083f00000| Complete 
|  42|0x0000000084000000, 0x0000000084100000, 0x0000000084100000|100%|HC|  |TAMS 0x0000000084100000, 0x0000000084000000| Complete 
|  43|0x0000000084100000, 0x0000000084200000, 0x0000000084200000|100%|HC|  |TAMS 0x0000000084200000, 0x0000000084100000| Complete 
|  44|0x0000000084200000, 0x0000000084300000, 0x0000000084300000|100%|HC|  |TAMS 0x0000000084300000, 0x0000000084200000| Complete 
|  45|0x0000000084300000, 0x0000000084400000, 0x0000000084400000|100%|HC|  |TAMS 0x0000000084400000, 0x0000000084300000| Complete 
|  46|0x0000000084400000, 0x0000000084500000, 0x0000000084500000|100%|HC|  |TAMS 0x0000000084500000, 0x0000000084400000| Complete 
|  47|0x0000000084500000, 0x0000000084600000, 0x0000000084600000|100%|HC|  |TAMS 0x0000000084600000, 0x0000000084500000| Complete 
|  48|0x0000000084600000, 0x0000000084700000, 0x0000000084700000|100%|HC|  |TAMS 0x0000000084700000, 0x0000000084600000| Complete 
|  49|0x0000000084700000, 0x0000000084800000, 0x0000000084800000|100%|HC|  |TAMS 0x0000000084800000, 0x0000000084700000| Complete 
|  50|0x0000000084800000, 0x0000000084900000, 0x0000000084900000|100%|HC|  |TAMS 0x0000000084900000, 0x0000000084800000| Complete 
|  51|0x0000000084900000, 0x0000000084a00000, 0x0000000084a00000|100%|HC|  |TAMS 0x0000000084a00000, 0x0000000084900000| Complete 
|  52|0x0000000084a00000, 0x0000000084b00000, 0x0000000084b00000|100%|HC|  |TAMS 0x0000000084b00000, 0x0000000084a00000| Complete 
|  53|0x0000000084b00000, 0x0000000084c00000, 0x0000000084c00000|100%|HC|  |TAMS 0x0000000084c00000, 0x0000000084b00000| Complete 
|  54|0x0000000084c00000, 0x0000000084d00000, 0x0000000084d00000|100%|HC|  |TAMS 0x0000000084d00000, 0x0000000084c00000| Complete 
|  55|0x0000000084d00000, 0x0000000084e00000, 0x0000000084e00000|100%|HC|  |TAMS 0x0000000084e00000, 0x0000000084d00000| Complete 
|  56|0x0000000084e00000, 0x0000000084f00000, 0x0000000084f00000|100%|HC|  |TAMS 0x0000000084f00000, 0x0000000084e00000| Complete 
|  57|0x0000000084f00000, 0x0000000085000000, 0x0000000085000000|100%|HS|  |TAMS 0x0000000084f00000, 0x0000000084f00000| Complete 
|  58|0x0000000085000000, 0x0000000085100000, 0x0000000085100000|100%|HC|  |TAMS 0x0000000085000000, 0x0000000085000000| Complete 
|  59|0x0000000085100000, 0x0000000085200000, 0x0000000085200000|100%|HC|  |TAMS 0x0000000085100000, 0x0000000085100000| Complete 
|  60|0x0000000085200000, 0x0000000085200000, 0x0000000085300000|  0%| F|  |TAMS 0x0000000085200000, 0x0000000085200000| Untracked 
|  61|0x0000000085300000, 0x0000000085300000, 0x0000000085400000|  0%| F|  |TAMS 0x0000000085300000, 0x0000000085300000| Untracked 
|  62|0x0000000085400000, 0x0000000085400000, 0x0000000085500000|  0%| F|  |TAMS 0x0000000085400000, 0x0000000085400000| Untracked 
|  63|0x0000000085500000, 0x0000000085500000, 0x0000000085600000|  0%| F|  |TAMS 0x0000000085500000, 0x0000000085500000| Untracked 
|  64|0x0000000085600000, 0x0000000085600000, 0x0000000085700000|  0%| F|  |TAMS 0x0000000085600000, 0x0000000085600000| Untracked 
|  65|0x0000000085700000, 0x0000000085700000, 0x0000000085800000|  0%| F|  |TAMS 0x0000000085700000, 0x0000000085700000| Untracked 
|  66|0x0000000085800000, 0x0000000085800000, 0x0000000085900000|  0%| F|  |TAMS 0x0000000085800000, 0x0000000085800000| Untracked 
|  67|0x0000000085900000, 0x0000000085900000, 0x0000000085a00000|  0%| F|  |TAMS 0x0000000085900000, 0x0000000085900000| Untracked 
|  68|0x0000000085a00000, 0x0000000085a00000, 0x0000000085b00000|  0%| F|  |TAMS 0x0000000085a00000, 0x0000000085a00000| Untracked 
|  69|0x0000000085b00000, 0x0000000085b00000, 0x0000000085c00000|  0%| F|  |TAMS 0x0000000085b00000, 0x0000000085b00000| Untracked 
|  70|0x0000000085c00000, 0x0000000085c00000, 0x0000000085d00000|  0%| F|  |TAMS 0x0000000085c00000, 0x0000000085c00000| Untracked 
|  71|0x0000000085d00000, 0x0000000085d00000, 0x0000000085e00000|  0%| F|  |TAMS 0x0000000085d00000, 0x0000000085d00000| Untracked 
|  72|0x0000000085e00000, 0x0000000085e00000, 0x0000000085f00000|  0%| F|  |TAMS 0x0000000085e00000, 0x0000000085e00000| Untracked 
|  73|0x0000000085f00000, 0x0000000085f00000, 0x0000000086000000|  0%| F|  |TAMS 0x0000000085f00000, 0x0000000085f00000| Untracked 
|  74|0x0000000086000000, 0x0000000086000000, 0x0000000086100000|  0%| F|  |TAMS 0x0000000086000000, 0x0000000086000000| Untracked 
|  75|0x0000000086100000, 0x0000000086100000, 0x0000000086200000|  0%| F|  |TAMS 0x0000000086100000, 0x0000000086100000| Untracked 
|  76|0x0000000086200000, 0x0000000086200000, 0x0000000086300000|  0%| F|  |TAMS 0x0000000086200000, 0x0000000086200000| Untracked 
|  77|0x0000000086300000, 0x0000000086300000, 0x0000000086400000|  0%| F|  |TAMS 0x0000000086300000, 0x0000000086300000| Untracked 
|  78|0x0000000086400000, 0x0000000086400000, 0x0000000086500000|  0%| F|  |TAMS 0x0000000086400000, 0x0000000086400000| Untracked 
|  79|0x0000000086500000, 0x0000000086500000, 0x0000000086600000|  0%| F|  |TAMS 0x0000000086500000, 0x0000000086500000| Untracked 
|  80|0x0000000086600000, 0x0000000086600000, 0x0000000086700000|  0%| F|  |TAMS 0x0000000086600000, 0x0000000086600000| Untracked 
|  81|0x0000000086700000, 0x0000000086700000, 0x0000000086800000|  0%| F|  |TAMS 0x0000000086700000, 0x0000000086700000| Untracked 
|  82|0x0000000086800000, 0x0000000086800000, 0x0000000086900000|  0%| F|  |TAMS 0x0000000086800000, 0x0000000086800000| Untracked 
|  83|0x0000000086900000, 0x0000000086900000, 0x0000000086a00000|  0%| F|  |TAMS 0x0000000086900000, 0x0000000086900000| Untracked 
|  84|0x0000000086a00000, 0x0000000086a00000, 0x0000000086b00000|  0%| F|  |TAMS 0x0000000086a00000, 0x0000000086a00000| Untracked 
|  85|0x0000000086b00000, 0x0000000086b00000, 0x0000000086c00000|  0%| F|  |TAMS 0x0000000086b00000, 0x0000000086b00000| Untracked 
|  86|0x0000000086c00000, 0x0000000086c00000, 0x0000000086d00000|  0%| F|  |TAMS 0x0000000086c00000, 0x0000000086c00000| Untracked 
|  87|0x0000000086d00000, 0x0000000086d00000, 0x0000000086e00000|  0%| F|  |TAMS 0x0000000086d00000, 0x0000000086d00000| Untracked 
|  88|0x0000000086e00000, 0x0000000086e00000, 0x0000000086f00000|  0%| F|  |TAMS 0x0000000086e00000, 0x0000000086e00000| Untracked 
|  89|0x0000000086f00000, 0x0000000086f00000, 0x0000000087000000|  0%| F|  |TAMS 0x0000000086f00000, 0x0000000086f00000| Untracked 
|  90|0x0000000087000000, 0x0000000087000000, 0x0000000087100000|  0%| F|  |TAMS 0x0000000087000000, 0x0000000087000000| Untracked 
|  91|0x0000000087100000, 0x0000000087100000, 0x0000000087200000|  0%| F|  |TAMS 0x0000000087100000, 0x0000000087100000| Untracked 
|  92|0x0000000087200000, 0x0000000087200000, 0x0000000087300000|  0%| F|  |TAMS 0x0000000087200000, 0x0000000087200000| Untracked 
|  93|0x0000000087300000, 0x0000000087300000, 0x0000000087400000|  0%| F|  |TAMS 0x0000000087300000, 0x0000000087300000| Untracked 
|  94|0x0000000087400000, 0x0000000087400000, 0x0000000087500000|  0%| F|  |TAMS 0x0000000087400000, 0x0000000087400000| Untracked 
|  95|0x0000000087500000, 0x0000000087500000, 0x0000000087600000|  0%| F|  |TAMS 0x0000000087500000, 0x0000000087500000| Untracked 
|  96|0x0000000087600000, 0x0000000087600000, 0x0000000087700000|  0%| F|  |TAMS 0x0000000087600000, 0x0000000087600000| Untracked 
|  97|0x0000000087700000, 0x0000000087700000, 0x0000000087800000|  0%| F|  |TAMS 0x0000000087700000, 0x0000000087700000| Untracked 
|  98|0x0000000087800000, 0x00000000878381d0, 0x0000000087900000| 21%| S|CS|TAMS 0x0000000087800000, 0x0000000087800000| Complete 
|  99|0x0000000087900000, 0x0000000087a00000, 0x0000000087a00000|100%| S|CS|TAMS 0x0000000087900000, 0x0000000087900000| Complete 
| 100|0x0000000087a00000, 0x0000000087b00000, 0x0000000087b00000|100%| S|CS|TAMS 0x0000000087a00000, 0x0000000087a00000| Complete 
| 101|0x0000000087b00000, 0x0000000087b00000, 0x0000000087c00000|  0%| F|  |TAMS 0x0000000087b00000, 0x0000000087b00000| Untracked 
| 102|0x0000000087c00000, 0x0000000087c00000, 0x0000000087d00000|  0%| F|  |TAMS 0x0000000087c00000, 0x0000000087c00000| Untracked 
| 103|0x0000000087d00000, 0x0000000087d00000, 0x0000000087e00000|  0%| F|  |TAMS 0x0000000087d00000, 0x0000000087d00000| Untracked 
| 104|0x0000000087e00000, 0x0000000087e00000, 0x0000000087f00000|  0%| F|  |TAMS 0x0000000087e00000, 0x0000000087e00000| Untracked 
| 105|0x0000000087f00000, 0x0000000087f00000, 0x0000000088000000|  0%| F|  |TAMS 0x0000000087f00000, 0x0000000087f00000| Untracked 
| 106|0x0000000088000000, 0x0000000088000000, 0x0000000088100000|  0%| F|  |TAMS 0x0000000088000000, 0x0000000088000000| Untracked 
| 107|0x0000000088100000, 0x0000000088100000, 0x0000000088200000|  0%| F|  |TAMS 0x0000000088100000, 0x0000000088100000| Untracked 
| 108|0x0000000088200000, 0x0000000088200000, 0x0000000088300000|  0%| F|  |TAMS 0x0000000088200000, 0x0000000088200000| Untracked 
| 109|0x0000000088300000, 0x0000000088300000, 0x0000000088400000|  0%| F|  |TAMS 0x0000000088300000, 0x0000000088300000| Untracked 
| 110|0x0000000088400000, 0x0000000088400000, 0x0000000088500000|  0%| F|  |TAMS 0x0000000088400000, 0x0000000088400000| Untracked 
| 111|0x0000000088500000, 0x0000000088500000, 0x0000000088600000|  0%| F|  |TAMS 0x0000000088500000, 0x0000000088500000| Untracked 
| 112|0x0000000088600000, 0x0000000088600000, 0x0000000088700000|  0%| F|  |TAMS 0x0000000088600000, 0x0000000088600000| Untracked 
| 113|0x0000000088700000, 0x0000000088700000, 0x0000000088800000|  0%| F|  |TAMS 0x0000000088700000, 0x0000000088700000| Untracked 
| 114|0x0000000088800000, 0x0000000088800000, 0x0000000088900000|  0%| F|  |TAMS 0x0000000088800000, 0x0000000088800000| Untracked 
| 115|0x0000000088900000, 0x0000000088900000, 0x0000000088a00000|  0%| F|  |TAMS 0x0000000088900000, 0x0000000088900000| Untracked 
| 116|0x0000000088a00000, 0x0000000088a00000, 0x0000000088b00000|  0%| F|  |TAMS 0x0000000088a00000, 0x0000000088a00000| Untracked 
| 117|0x0000000088b00000, 0x0000000088b00000, 0x0000000088c00000|  0%| F|  |TAMS 0x0000000088b00000, 0x0000000088b00000| Untracked 
| 118|0x0000000088c00000, 0x0000000088c00000, 0x0000000088d00000|  0%| F|  |TAMS 0x0000000088c00000, 0x0000000088c00000| Untracked 
| 119|0x0000000088d00000, 0x0000000088e00000, 0x0000000088e00000|100%| E|  |TAMS 0x0000000088d00000, 0x0000000088d00000| Complete 
| 120|0x0000000088e00000, 0x0000000088f00000, 0x0000000088f00000|100%| E|CS|TAMS 0x0000000088e00000, 0x0000000088e00000| Complete 
| 121|0x0000000088f00000, 0x0000000089000000, 0x0000000089000000|100%| E|CS|TAMS 0x0000000088f00000, 0x0000000088f00000| Complete 
| 122|0x0000000089000000, 0x0000000089100000, 0x0000000089100000|100%| E|CS|TAMS 0x0000000089000000, 0x0000000089000000| Complete 
| 123|0x0000000089100000, 0x0000000089200000, 0x0000000089200000|100%| E|CS|TAMS 0x0000000089100000, 0x0000000089100000| Complete 
| 124|0x0000000089200000, 0x0000000089300000, 0x0000000089300000|100%| E|CS|TAMS 0x0000000089200000, 0x0000000089200000| Complete 
| 125|0x0000000089300000, 0x0000000089400000, 0x0000000089400000|100%| E|CS|TAMS 0x0000000089300000, 0x0000000089300000| Complete 
| 126|0x0000000089400000, 0x0000000089500000, 0x0000000089500000|100%| E|CS|TAMS 0x0000000089400000, 0x0000000089400000| Complete 
| 127|0x0000000089500000, 0x0000000089600000, 0x0000000089600000|100%| E|CS|TAMS 0x0000000089500000, 0x0000000089500000| Complete 

Card table byte_map: [0x0000018f28db0000,0x0000018f291b0000] _byte_map_base: 0x0000018f289a5000

Marking Bits (Prev, Next): (CMBitMap*) 0x0000018f1147f140, (CMBitMap*) 0x0000018f1147f100
 Prev Bits: [0x0000018f2b560000, 0x0000018f2d508000)
 Next Bits: [0x0000018f295b0000, 0x0000018f2b558000)

Polling page: 0x0000018f0f2d0000

Metaspace:

Usage:
  Non-class:      6.78 MB capacity,     6.67 MB ( 98%) used,   106.55 KB (  2%) free+waste,    11.31 KB ( <1%) overhead. 
      Class:    869.00 KB capacity,   803.03 KB ( 92%) used,    61.09 KB (  7%) free+waste,     4.88 KB ( <1%) overhead. 
       Both:      7.63 MB capacity,     7.45 MB ( 98%) used,   167.65 KB (  2%) free+waste,    16.19 KB ( <1%) overhead. 

Virtual space:
  Non-class space:        8.00 MB reserved,       7.00 MB ( 88%) committed 
      Class space:        1.00 GB reserved,     896.00 KB ( <1%) committed 
             Both:        1.01 GB reserved,       7.88 MB ( <1%) committed 

Chunk freelists:
   Non-Class:  30.00 KB
       Class:  27.00 KB
        Both:  57.00 KB

MaxMetaspaceSize: 17179869184.00 GB
CompressedClassSpaceSize: 1.00 GB

CodeHeap 'non-profiled nmethods': size=120000Kb used=618Kb max_used=618Kb free=119381Kb
 bounds [0x0000018f21150000, 0x0000018f213c0000, 0x0000018f28680000]
CodeHeap 'profiled nmethods': size=120000Kb used=2082Kb max_used=2082Kb free=117917Kb
 bounds [0x0000018f19c20000, 0x0000018f19e90000, 0x0000018f21150000]
CodeHeap 'non-nmethods': size=5760Kb used=1259Kb max_used=1324Kb free=4500Kb
 bounds [0x0000018f19680000, 0x0000018f198f0000, 0x0000018f19c20000]
 total_blobs=1781 nmethods=1235 adapters=459
 compilation: enabled
              stopped_count=0, restarted_count=0
 full_count=0

Compilation events (20 events):
Event: 10.081 Thread 0x0000018f2ff49ae0 nmethod 1226 0x0000018f211dd810 code [0x0000018f211dd9a0, 0x0000018f211dde78]
Event: 10.217 Thread 0x0000018f2ff49ae0 1227       4       jdk.internal.misc.Unsafe::putIntOpaque (9 bytes)
Event: 10.218 Thread 0x0000018f2ff49ae0 nmethod 1227 0x0000018f211de110 code [0x0000018f211de280, 0x0000018f211de2f8]
Event: 10.218 Thread 0x0000018f2ff49ae0 1228       4       java.util.concurrent.locks.AbstractQueuedSynchronizer$Node::setStatusRelaxed (12 bytes)
Event: 10.219 Thread 0x0000018f2ff49ae0 nmethod 1228 0x0000018f211de410 code [0x0000018f211de580, 0x0000018f211de5d8]
Event: 10.516 Thread 0x0000018f2ff49ae0 1229       4       java.security.AccessControlContext::<init> (63 bytes)
Event: 10.521 Thread 0x0000018f2ff49ae0 nmethod 1229 0x0000018f211de710 code [0x0000018f211de880, 0x0000018f211deb58]
Event: 11.141 Thread 0x0000018f2ff49ae0 1230       4       java.security.AccessController::getContext (23 bytes)
Event: 11.147 Thread 0x0000018f2ff49ae0 nmethod 1230 0x0000018f211dec10 code [0x0000018f211dedc0, 0x0000018f211df0f8]
Event: 11.147 Thread 0x0000018f2ff49ae0 1231       4       java.awt.AWTEvent::<init> (81 bytes)
Event: 11.158 Thread 0x0000018f2ff49ae0 nmethod 1231 0x0000018f211df510 code [0x0000018f211df6c0, 0x0000018f211dfd58]
Event: 11.228 Thread 0x0000018f2ff56d90 1232       3       java.lang.Math::round (70 bytes)
Event: 11.228 Thread 0x0000018f2ff56d90 nmethod 1232 0x0000018f19e27f10 code [0x0000018f19e280c0, 0x0000018f19e282f8]
Event: 11.325 Thread 0x0000018f2ff56d90 1233       3       sun.java2d.pipe.Region::clipScale (41 bytes)
Event: 11.325 Thread 0x0000018f2ff56d90 nmethod 1233 0x0000018f19e28390 code [0x0000018f19e28560, 0x0000018f19e287e8]
Event: 11.372 Thread 0x0000018f2ff49ae0 1234   !   4       sun.awt.PostEventQueue::flush (168 bytes)
Event: 11.546 Thread 0x0000018f2ff49ae0 nmethod 1234 0x0000018f211e0290 code [0x0000018f211e0700, 0x0000018f211e7458]
Event: 11.546 Thread 0x0000018f2ff49ae0 1235       4       java.security.ProtectionDomain$JavaSecurityAccessImpl::getCombinedACC (30 bytes)
Event: 11.552 Thread 0x0000018f2ff49ae0 nmethod 1235 0x0000018f211e9e90 code [0x0000018f211ea020, 0x0000018f211ea4b8]
Event: 859.436 Thread 0x0000018f2ff56d90 1237       3       sun.invoke.util.VerifyAccess::isMemberAccessible (338 bytes)

GC Heap History (4 events):
Event: 7.662 GC heap before
{Heap before GC invocations=0 (full 0):
 garbage-first heap   total 131072K, used 80896K [0x0000000081600000, 0x0000000100000000)
  region size 1024K, 23 young (23552K), 0 survivors (0K)
 Metaspace       used 7409K, capacity 7579K, committed 7808K, reserved 1056768K
  class space    used 779K, capacity 833K, committed 896K, reserved 1048576K
}
Event: 7.668 GC heap after
{Heap after GC invocations=1 (full 0):
 garbage-first heap   total 131072K, used 57442K [0x0000000081600000, 0x0000000100000000)
  region size 1024K, 3 young (3072K), 3 survivors (3072K)
 Metaspace       used 7409K, capacity 7579K, committed 7808K, reserved 1056768K
  class space    used 779K, capacity 833K, committed 896K, reserved 1048576K
}
Event: 7.794 GC heap before
{Heap before GC invocations=1 (full 0):
 garbage-first heap   total 131072K, used 84066K [0x0000000081600000, 0x0000000100000000)
  region size 1024K, 27 young (27648K), 3 survivors (3072K)
 Metaspace       used 7411K, capacity 7579K, committed 7808K, reserved 1056768K
  class space    used 779K, capacity 833K, committed 896K, reserved 1048576K
}
Event: 7.798 GC heap after
{Heap after GC invocations=2 (full 0):
 garbage-first heap   total 131072K, used 52448K [0x0000000081600000, 0x0000000100000000)
  region size 1024K, 3 young (3072K), 3 survivors (3072K)
 Metaspace       used 7411K, capacity 7579K, committed 7808K, reserved 1056768K
  class space    used 779K, capacity 833K, committed 896K, reserved 1048576K
}

Deoptimization events (20 events):
Event: 8.211 Thread 0x0000018f30c854f0 Uncommon trap: trap_request=0xffffff45 fr.pc=0x0000018f211b324c relative=0x00000000000000ac
Event: 8.211 Thread 0x0000018f30c854f0 Uncommon trap: reason=unstable_if action=reinterpret pc=0x0000018f211b324c method=java.awt.EventQueue.eventToCacheIndex(Ljava/awt/AWTEvent;)I @ 4 c2
Event: 8.211 Thread 0x0000018f30c854f0 DEOPT PACKING pc=0x0000018f211b324c sp=0x0000007e425fd8e0
Event: 8.211 Thread 0x0000018f30c854f0 DEOPT UNPACKING pc=0x0000018f196ce42f sp=0x0000007e425fd878 mode 2
Event: 9.326 Thread 0x0000018f30c452d0 DEOPT PACKING pc=0x0000018f19df0cdd sp=0x0000007e423fdf20
Event: 9.326 Thread 0x0000018f30c452d0 DEOPT UNPACKING pc=0x0000018f196ce23f sp=0x0000007e423fd418 mode 0
Event: 9.411 Thread 0x0000018f30c452d0 DEOPT PACKING pc=0x0000018f19cfcdc0 sp=0x0000007e423fed90
Event: 9.411 Thread 0x0000018f30c452d0 DEOPT UNPACKING pc=0x0000018f196ce23f sp=0x0000007e423fe260 mode 0
Event: 9.412 Thread 0x0000018f30c452d0 Uncommon trap: trap_request=0xffffffe4 fr.pc=0x0000018f211c20d8 relative=0x0000000000001598
Event: 9.412 Thread 0x0000018f30c452d0 Uncommon trap: reason=range_check action=make_not_entrant pc=0x0000018f211c20d8 method=java.awt.image.DirectColorModel.setFields()V @ 6 c2
Event: 9.412 Thread 0x0000018f30c452d0 DEOPT PACKING pc=0x0000018f211c20d8 sp=0x0000007e423fedb0
Event: 9.412 Thread 0x0000018f30c452d0 DEOPT UNPACKING pc=0x0000018f196ce42f sp=0x0000007e423febe8 mode 2
Event: 12.167 Thread 0x0000018f30c854f0 Uncommon trap: trap_request=0xffffff45 fr.pc=0x0000018f211e3ee8 relative=0x00000000000037e8
Event: 12.167 Thread 0x0000018f30c854f0 Uncommon trap: reason=unstable_if action=reinterpret pc=0x0000018f211e3ee8 method=java.awt.EventQueue.getPriority(Ljava/awt/AWTEvent;)I @ 4 c2
Event: 12.167 Thread 0x0000018f30c854f0 DEOPT PACKING pc=0x0000018f211e3ee8 sp=0x0000007e425fec50
Event: 12.168 Thread 0x0000018f30c854f0 DEOPT UNPACKING pc=0x0000018f196ce42f sp=0x0000007e425feb18 mode 2
Event: 12.168 Thread 0x0000018f30c854f0 Uncommon trap: trap_request=0xffffff45 fr.pc=0x0000018f211ddd5c relative=0x00000000000003bc
Event: 12.168 Thread 0x0000018f30c854f0 Uncommon trap: reason=unstable_if action=reinterpret pc=0x0000018f211ddd5c method=java.awt.EventQueue.eventToCacheIndex(Ljava/awt/AWTEvent;)I @ 71 c2
Event: 12.168 Thread 0x0000018f30c854f0 DEOPT PACKING pc=0x0000018f211ddd5c sp=0x0000007e425fecf0
Event: 12.168 Thread 0x0000018f30c854f0 DEOPT UNPACKING pc=0x0000018f196ce42f sp=0x0000007e425febc0 mode 2

Classes unloaded (0 events):
No events

Classes redefined (0 events):
No events

Internal exceptions (16 events):
Event: 0.101 Thread 0x0000018f1143d9a0 Exception <a 'java/lang/NoSuchMethodError'{0x0000000089423110}: 'void java.lang.invoke.DirectMethodHandle$Holder.invokeSpecial(java.lang.Object, java.lang.Object, java.lang.Object)'> (0x0000000089423110) 
thrown [./open/src/hotspot/share/interpreter/linkResolver.cpp, line 782]
Event: 0.115 Thread 0x0000018f1143d9a0 Exception <a 'java/lang/ClassNotFoundException'{0x0000000089442c10}: sun/awt/resources/spi/awtProvider> (0x0000000089442c10) 
thrown [./open/src/hotspot/share/classfile/systemDictionary.cpp, line 295]
Event: 0.143 Thread 0x0000018f1143d9a0 Exception <a 'java/io/FileNotFoundException'{0x000000008949e858}> (0x000000008949e858) 
thrown [./open/src/hotspot/share/prims/jni.cpp, line 578]
Event: 0.152 Thread 0x0000018f1143d9a0 Exception <a 'java/io/FileNotFoundException'{0x00000000894cd0e8}> (0x00000000894cd0e8) 
thrown [./open/src/hotspot/share/prims/jni.cpp, line 578]
Event: 0.153 Thread 0x0000018f1143d9a0 Exception <a 'java/lang/NoSuchMethodError'{0x00000000894ce2e0}: 'java.lang.Object java.lang.invoke.DirectMethodHandle$Holder.invokeStatic(java.lang.Object)'> (0x00000000894ce2e0) 
thrown [./open/src/hotspot/share/interpreter/linkResolver.cpp, line 782]
Event: 0.195 Thread 0x0000018f1143d9a0 Exception <a 'java/lang/NoSuchMethodError'{0x000000008932a2e8}: 'java.lang.Object java.lang.invoke.DirectMethodHandle$Holder.invokeStaticInit(java.lang.Object)'> (0x000000008932a2e8) 
thrown [./open/src/hotspot/share/interpreter/linkResolver.cpp, line 782]
Event: 0.246 Thread 0x0000018f1143d9a0 Exception <a 'java/lang/NoSuchMethodError'{0x0000000089212570}: 'java.lang.Object java.lang.invoke.DirectMethodHandle$Holder.newInvokeSpecial(java.lang.Object, java.lang.Object, java.lang.Object, java.lang.Object, java.lang.Object)'> (0x0000000089212570) 
thrown [./open/src/hotspot/share/interpreter/linkResolver.cpp, line 782]
Event: 0.248 Thread 0x0000018f1143d9a0 Exception <a 'java/lang/NoSuchMethodError'{0x000000008921e000}: 'java.lang.Object java.lang.invoke.DirectMethodHandle$Holder.invokeStatic(java.lang.Object, int, java.lang.Object, java.lang.Object, java.lang.Object, java.lang.Object)'> (0x000000008921e000) 
thrown [./open/src/hotspot/share/interpreter/linkResolver.cpp, line 782]
Event: 0.253 Thread 0x0000018f1143d9a0 Exception <a 'java/lang/NoSuchMethodError'{0x00000000892442a8}: 'java.lang.Object java.lang.invoke.DirectMethodHandle$Holder.invokeStatic(java.lang.Object, int, java.lang.Object)'> (0x00000000892442a8) 
thrown [./open/src/hotspot/share/interpreter/linkResolver.cpp, line 782]
Event: 0.281 Thread 0x0000018f1143d9a0 Exception <a 'java/lang/ClassNotFoundException'{0x00000000892fd6d0}: com/sun/swing/internal/plaf/metal/resources/spi/metalProvider> (0x00000000892fd6d0) 
thrown [./open/src/hotspot/share/classfile/systemDictionary.cpp, line 295]
Event: 0.282 Thread 0x0000018f1143d9a0 Exception <a 'java/lang/ClassNotFoundException'{0x0000000089101f38}: com/sun/swing/internal/plaf/basic/resources/spi/basicProvider> (0x0000000089101f38) 
thrown [./open/src/hotspot/share/classfile/systemDictionary.cpp, line 295]
Event: 0.302 Thread 0x0000018f30c452d0 Exception <a 'java/lang/NoSuchMethodError'{0x0000000089182348}: 'java.lang.Object java.lang.invoke.DirectMethodHandle$Holder.newInvokeSpecial(java.lang.Object, java.lang.Object, java.lang.Object, int, int, int, int, int)'> (0x0000000089182348) 
thrown [./open/src/hotspot/share/interpreter/linkResolver.cpp, line 782]
Event: 1.106 Thread 0x0000018f1143d9a0 Exception <a 'java/lang/NoSuchMethodError'{0x0000000089150410}: 'void java.lang.invoke.DirectMethodHandle$Holder.invokeStaticInit(java.lang.Object)'> (0x0000000089150410) 
thrown [./open/src/hotspot/share/interpreter/linkResolver.cpp, line 782]
Event: 7.496 Thread 0x0000018f30c854f0 Implicit null exception at 0x0000018f211b2960 to 0x0000018f211b2ba2
Event: 7.497 Thread 0x0000018f30c452d0 Implicit null exception at 0x0000018f21186486 to 0x0000018f211865e8
Event: 859.435 Thread 0x0000018f30c854f0 Exception <a 'java/lang/NoSuchMethodError'{0x0000000088de21f0}: 'void java.lang.invoke.DirectMethodHandle$Holder.invokeVirtual(java.lang.Object, java.lang.Object)'> (0x0000000088de21f0) 
thrown [./open/src/hotspot/share/interpreter/linkResolver.cpp, line 782]

Events (20 events):
Event: 8.805 Executing VM operation: HandshakeAllThreads done
Event: 9.122 loading class javax/swing/ClientPropertyKey
Event: 9.148 loading class javax/swing/ClientPropertyKey done
Event: 9.148 loading class javax/swing/ClientPropertyKey$1
Event: 9.148 loading class sun/awt/AWTAccessor$ClientPropertyKeyAccessor
Event: 9.148 loading class sun/awt/AWTAccessor$ClientPropertyKeyAccessor done
Event: 9.148 loading class javax/swing/ClientPropertyKey$1 done
Event: 9.806 Executing VM operation: HandshakeAllThreads
Event: 9.806 Executing VM operation: HandshakeAllThreads done
Event: 10.401 loading class java/security/DomainCombiner
Event: 10.516 loading class java/security/DomainCombiner done
Event: 12.148 loading class sun/awt/SunToolkit$1
Event: 12.148 loading class sun/awt/SunToolkit$1 done
Event: 14.423 Thread 0x0000018f30c452d0 Thread exited: 0x0000018f30c452d0
Event: 858.050 loading class java/util/WeakHashMap$KeyIterator
Event: 859.434 loading class java/util/WeakHashMap$HashIterator
Event: 859.435 loading class java/util/WeakHashMap$HashIterator done
Event: 859.435 loading class java/util/WeakHashMap$KeyIterator done
Event: 859.436 loading class javax/swing/RepaintManager$DisplayChangedRunnable
Event: 859.437 loading class javax/swing/RepaintManager$DisplayChangedRunnable done


Dynamic libraries:
0x00007ff7ccfd0000 - 0x00007ff7ccfdf000 	C:\Program Files\Java\jdk-15.0.2\bin\javaw.exe
0x00007ff8b9f10000 - 0x00007ff8ba105000 	C:\WINDOWS\SYSTEM32\ntdll.dll
0x00007ff8b9ce0000 - 0x00007ff8b9d9d000 	C:\WINDOWS\System32\KERNEL32.DLL
0x00007ff8b7c20000 - 0x00007ff8b7ee8000 	C:\WINDOWS\System32\KERNELBASE.dll
0x00007ff8b7960000 - 0x00007ff8b7a60000 	C:\WINDOWS\System32\ucrtbase.dll
0x00007ff899920000 - 0x00007ff899938000 	C:\Program Files\Java\jdk-15.0.2\bin\jli.dll
0x00007ff899940000 - 0x00007ff899959000 	C:\Program Files\Java\jdk-15.0.2\bin\VCRUNTIME140.dll
0x00007ff8b8dc0000 - 0x00007ff8b8e6c000 	C:\WINDOWS\System32\ADVAPI32.dll
0x00007ff8b9da0000 - 0x00007ff8b9e3e000 	C:\WINDOWS\System32\msvcrt.dll
0x00007ff8b93f0000 - 0x00007ff8b948b000 	C:\WINDOWS\System32\sechost.dll
0x00007ff8b91b0000 - 0x00007ff8b92db000 	C:\WINDOWS\System32\RPCRT4.dll
0x00007ff8b87a0000 - 0x00007ff8b8940000 	C:\WINDOWS\System32\USER32.dll
0x00007ff89f610000 - 0x00007ff89f8aa000 	C:\WINDOWS\WinSxS\amd64_microsoft.windows.common-controls_6595b64144ccf1df_6.0.19041.844_none_ca00b6081b84eb1d\COMCTL32.dll
0x00007ff8b7930000 - 0x00007ff8b7952000 	C:\WINDOWS\System32\win32u.dll
0x00007ff8b8770000 - 0x00007ff8b879a000 	C:\WINDOWS\System32\GDI32.dll
0x00007ff8b76a0000 - 0x00007ff8b77ab000 	C:\WINDOWS\System32\gdi32full.dll
0x00007ff8b7860000 - 0x00007ff8b78fd000 	C:\WINDOWS\System32\msvcp_win.dll
0x00007ff8af540000 - 0x00007ff8af54a000 	C:\WINDOWS\SYSTEM32\VERSION.dll
0x00007ff8b9cb0000 - 0x00007ff8b9ce0000 	C:\WINDOWS\System32\IMM32.DLL
0x00007ff8a8660000 - 0x00007ff8a866c000 	C:\Program Files\Java\jdk-15.0.2\bin\vcruntime140_1.dll
0x00007ff888e80000 - 0x00007ff888f11000 	C:\Program Files\Java\jdk-15.0.2\bin\msvcp140.dll
0x00007ff869f60000 - 0x00007ff86aabe000 	C:\Program Files\Java\jdk-15.0.2\bin\server\jvm.dll
0x00007ff8b8db0000 - 0x00007ff8b8db8000 	C:\WINDOWS\System32\PSAPI.DLL
0x00007ff8b18b0000 - 0x00007ff8b18b9000 	C:\WINDOWS\SYSTEM32\WSOCK32.dll
0x00007ff8b9000000 - 0x00007ff8b906b000 	C:\WINDOWS\System32\WS2_32.dll
0x00007ff8acb00000 - 0x00007ff8acb27000 	C:\WINDOWS\SYSTEM32\WINMM.dll
0x00007ff8b5620000 - 0x00007ff8b5632000 	C:\WINDOWS\SYSTEM32\kernel.appcore.dll
0x00007ff8b30c0000 - 0x00007ff8b30ca000 	C:\Program Files\Java\jdk-15.0.2\bin\jimage.dll
0x00007ff8b5330000 - 0x00007ff8b5514000 	C:\WINDOWS\SYSTEM32\DBGHELP.DLL
0x00007ff8b0520000 - 0x00007ff8b054c000 	C:\WINDOWS\SYSTEM32\dbgcore.DLL
0x00007ff8b7ef0000 - 0x00007ff8b7f70000 	C:\WINDOWS\System32\bcryptPrimitives.dll
0x00007ff8998e0000 - 0x00007ff899905000 	C:\Program Files\Java\jdk-15.0.2\bin\java.dll
0x00007ff8b9490000 - 0x00007ff8b9bd2000 	C:\WINDOWS\System32\SHELL32.dll
0x00007ff8b5790000 - 0x00007ff8b5f21000 	C:\WINDOWS\SYSTEM32\windows.storage.dll
0x00007ff8b8410000 - 0x00007ff8b8765000 	C:\WINDOWS\System32\combase.dll
0x00007ff8b7070000 - 0x00007ff8b709c000 	C:\WINDOWS\SYSTEM32\Wldp.dll
0x00007ff8b8130000 - 0x00007ff8b81de000 	C:\WINDOWS\System32\SHCORE.dll
0x00007ff8b81e0000 - 0x00007ff8b8235000 	C:\WINDOWS\System32\shlwapi.dll
0x00007ff8b7590000 - 0x00007ff8b75af000 	C:\WINDOWS\SYSTEM32\profapi.dll
0x00007ff8826b0000 - 0x00007ff882830000 	C:\Program Files\Java\jdk-15.0.2\bin\awt.dll
0x00007ff8b9be0000 - 0x00007ff8b9cad000 	C:\WINDOWS\System32\OLEAUT32.dll
0x00007ff8b49f0000 - 0x00007ff8b4a80000 	C:\WINDOWS\SYSTEM32\apphelp.dll
0x00007ff8b5120000 - 0x00007ff8b514f000 	C:\WINDOWS\system32\DWMAPI.DLL
0x00007ff8b4ef0000 - 0x00007ff8b4f8e000 	C:\WINDOWS\system32\uxtheme.dll
0x00007ff89a440000 - 0x00007ff89a566000 	C:\WINDOWS\system32\opengl32.dll
0x00007ff8a7640000 - 0x00007ff8a766c000 	C:\WINDOWS\SYSTEM32\GLU32.dll
0x00007ff8b9070000 - 0x00007ff8b9185000 	C:\WINDOWS\System32\MSCTF.dll
0x00007ff8b8ed0000 - 0x00007ff8b8ffa000 	C:\WINDOWS\System32\ole32.dll
0x00007ff891c30000 - 0x00007ff891c5d000 	C:\Program Files\Java\jdk-15.0.2\bin\javajpeg.dll
0x00007ff8a9060000 - 0x00007ff8a9078000 	C:\Program Files\Java\jdk-15.0.2\bin\zip.dll
0x00007ff888a20000 - 0x00007ff888aa5000 	C:\Program Files\Java\jdk-15.0.2\bin\freetype.dll
0x00007ff887430000 - 0x00007ff8874d9000 	C:\Program Files\Java\jdk-15.0.2\bin\fontmanager.dll
0x00007ff8ac490000 - 0x00007ff8ac589000 	C:\WINDOWS\SYSTEM32\textinputframework.dll
0x00007ff8b4230000 - 0x00007ff8b458e000 	C:\WINDOWS\System32\CoreUIComponents.dll
0x00007ff8b47c0000 - 0x00007ff8b48b2000 	C:\WINDOWS\System32\CoreMessaging.dll
0x00007ff8b63d0000 - 0x00007ff8b6403000 	C:\WINDOWS\SYSTEM32\ntmarta.dll
0x00007ff8b40d0000 - 0x00007ff8b4224000 	C:\WINDOWS\SYSTEM32\wintypes.dll
0x00007ff8aeb50000 - 0x00007ff8aeb69000 	C:\Program Files\Java\jdk-15.0.2\bin\net.dll
0x00007ff8b07b0000 - 0x00007ff8b08bb000 	C:\WINDOWS\SYSTEM32\WINHTTP.dll
0x00007ff8b6dc0000 - 0x00007ff8b6e2a000 	C:\WINDOWS\system32\mswsock.dll
0x00007ff8ab1a0000 - 0x00007ff8ab1b2000 	C:\Program Files\Java\jdk-15.0.2\bin\nio.dll

dbghelp: loaded successfully - version: 4.0.5 - missing functions: none
symbol engine: initialized successfully - sym options: 0x614 - pdb path: .;C:\Program Files\Java\jdk-15.0.2\bin;C:\WINDOWS\SYSTEM32;C:\WINDOWS\WinSxS\amd64_microsoft.windows.common-controls_6595b64144ccf1df_6.0.19041.844_none_ca00b6081b84eb1d;C:\Program Files\Java\jdk-15.0.2\bin\server

VM Arguments:
jvm_args: -Dfile.encoding=Cp1252 -XX:+ShowCodeDetailsInExceptionMessages 
java_command: Petadigitalfix.PetaDigital
java_class_path (initial): D:\Eclipse Workspace\Petadigitalfix\bin
Launcher Type: SUN_STANDARD

[Global flags]
     intx CICompilerCount                          = 4                                         {product} {ergonomic}
     uint ConcGCThreads                            = 2                                         {product} {ergonomic}
     uint G1ConcRefinementThreads                  = 8                                         {product} {ergonomic}
   size_t G1HeapRegionSize                         = 1048576                                   {product} {ergonomic}
    uintx GCDrainStackTargetSize                   = 64                                        {product} {ergonomic}
   size_t InitialHeapSize                          = 134217728                                 {product} {ergonomic}
   size_t MarkStackSize                            = 4194304                                   {product} {ergonomic}
   size_t MaxHeapSize                              = 2124414976                                {product} {ergonomic}
   size_t MaxNewSize                               = 1274019840                                {product} {ergonomic}
   size_t MinHeapDeltaBytes                        = 1048576                                   {product} {ergonomic}
   size_t MinHeapSize                              = 8388608                                   {product} {ergonomic}
    uintx NonNMethodCodeHeapSize                   = 5839372                                {pd product} {ergonomic}
    uintx NonProfiledCodeHeapSize                  = 122909434                              {pd product} {ergonomic}
    uintx ProfiledCodeHeapSize                     = 122909434                              {pd product} {ergonomic}
    uintx ReservedCodeCacheSize                    = 251658240                              {pd product} {ergonomic}
     bool SegmentedCodeCache                       = true                                      {product} {ergonomic}
     bool ShowCodeDetailsInExceptionMessages       = true                                   {manageable} {command line}
   size_t SoftMaxHeapSize                          = 2124414976                             {manageable} {ergonomic}
     bool UseCompressedClassPointers               = true                                 {lp64_product} {ergonomic}
     bool UseCompressedOops                        = true                                 {lp64_product} {ergonomic}
     bool UseG1GC                                  = true                                      {product} {ergonomic}
     bool UseLargePagesIndividualAllocation        = false                                  {pd product} {ergonomic}

Logging:
Log output configuration:
 #0: stdout all=warning uptime,level,tags
 #1: stderr all=off uptime,level,tags

Environment Variables:
PATH=C:/Program Files/Java/jdk-15.0.2/bin/server;C:/Program Files/Java/jdk-15.0.2/bin;C:\Program Files\Common Files\Oracle\Java\javapath;C:\Windows\system32;C:\Windows;C:\Windows\System32\Wbem;C:\Windows\System32\WindowsPowerShell\v1.0\;C:\Program Files (x86)\NVIDIA Corporation\PhysX\Common;C:\Program Files\NVIDIA Corporation\NVIDIA NvDLISR;C:\WINDOWS\system32;C:\WINDOWS;C:\WINDOWS\System32\Wbem;C:\WINDOWS\System32\WindowsPowerShell\v1.0\;C:\WINDOWS\System32\OpenSSH\;C:\Program Files\Java\jdk-15.0.2\bin;C:\Users\Asus\AppData\Local\Microsoft\WindowsApps;;C:\Users\Asus\Desktop;
USERNAME=Asus
OS=Windows_NT
PROCESSOR_IDENTIFIER=Intel64 Family 6 Model 142 Stepping 10, GenuineIntel



---------------  S Y S T E M  ---------------

OS:
 Windows 10 , 64 bit Build 19041 (10.0.19041.928)
OS uptime: 2 days 21:10 hours

CPU: total 8 (initial active 8) (4 cores per cpu, 2 threads per core) family 6 model 142 stepping 10 microcode 0xe0, cmov, cx8, fxsr, mmx, sse, sse2, sse3, ssse3, sse4.1, sse4.2, popcnt, vzeroupper, avx, avx2, clmul, erms, 3dnowpref, lzcnt, ht, tsc, tscinvbit, bmi1, bmi2, adx, fma, clflush, clflushopt

Memory: 4k page, system-wide physical 8102M (864M free)
TotalPageFile size 20462M (AvailPageFile size 84M)
current process WorkingSet (physical memory assigned to process): 157M, peak: 171M
current process commit charge ("private bytes"): 244M, peak: 258M

vm_info: Java HotSpot(TM) 64-Bit Server VM (15.0.2+7-27) for windows-amd64 JRE (15.0.2+7-27), built on Dec  7 2020 20:07:01 by "mach5one" with unknown MS VC++:1925

END.
